FRAME	XCENTER	YCENTER	BRIGHTNESS	BERR	MSKY	NITER	SHARP	CHI	ERR	
0	334.525	29.963	3854.78357666	0.97543874044	171.4872	4	-0.473	0.840	0	
0	827.981	40.587	1806.34208317	0.963829023624	172.3684	4	0.077	0.634	0	
0	344.514	42.422	10308.6074006	0.978137704323	176.4768	4	-0.613	1.496	0	
0	364.496	43.619	9427.57508527	0.978137704323	186.5612	4	-0.531	1.319	0	
0	368.555	45.911	8226.21393883	0.974540741766	180.3114	4	-0.667	1.402	0	
0	842.248	44.456	3538.34356815	0.978137704323	173.3354	4	-0.375	0.673	0	
0	374.403	53.660	9638.29023624	0.979941161096	183.8106	4	-0.535	1.197	0	
0	1189.142	63.647	7488.58907522	0.98174794302	169.1354	4	0.216	0.995	0	
0	358.753	65.062	2934.94522227	0.949729657362	196.0166	4	-1.318	1.368	0	
0	351.207	69.545	7481.69500511	0.970063133784	190.759	4	-0.903	1.653	0	
0	370.457	73.375	13829.293698	0.977237220956	197.6926	4	-0.615	1.830	0	
0	394.984	74.870	1627.79608639	0.949729657362	179.4489	4	0.338	0.668	0	
0	55.968	74.890	4357.12480503	0.983558056227	170.1611	4	-0.065	0.588	0	
0	25.676	82.277	1618.82536264	0.957634976969	176.2604	4	-0.758	0.691	0	
0	38.087	83.894	8128.30516164	0.986279485631	178.3809	4	0.019	0.787	0	
0	1187.609	90.378	8928.94196065	0.979039017448	173.0339	4	-0.284	1.347	0	
0	423.207	154.687	859.805066661	0.903649473722	194.7921	4	0.769	0.688	0	
0	412.157	164.163	1415.14193293	0.941889596523	191.0273	4	-1.003	0.786	0	
0	29.729	109.756	779.112191113	0.90032643106	175.9334	4	-1.534	0.861	0	
0	836.022	121.610	8363.72991584	0.98446436398	180.0555	4	-0.345	0.897	0	
0	1104.864	136.167	4677.35141287	0.979941161096	173.7158	4	0.032	0.754	0	
0	73.924	141.342	9727.47223777	0.988097953941	173.4333	4	-0.069	0.741	0	
0	100.800	142.095	5011.87233627	0.979039017448	172.3558	4	0.366	0.863	0	
0	6.496	148.570	1794.73362683	0.958517397686	171.2694	4	-0.899	0.766	0	
0	457.263	159.228	6680.36204679	0.958517397686	185.255	4	-1.238	2.177	0	
0	788.753	162.318	7092.51070556	0.98265258283	189.1785	4	-0.260	0.914	0	
0	752.358	165.357	2657.05167036	0.94710907947	177.7961	4	0.670	0.794	0	
0	1110.197	169.907	1617.3350558	0.954113410282	174.8047	4	-0.642	0.766	0	
0	799.211	181.530	2075.8692705	0.954113410282	202.3097	4	-1.001	0.913	0	
0	835.864	232.962	2635.11758986	0.856643255582	226.0963	4	-0.002	0.886	0	
0	20.408	192.379	9204.49571753	0.983558056227	176.1674	4	-0.370	1.045	0	
0	439.470	193.161	8717.66146602	0.974540741766	196.0971	4	-0.800	1.583	0	
0	448.786	201.886	2197.85987278	0.955872571885	196.3955	4	-0.230	0.897	0	
0	431.953	201.663	2091.22133016	0.948855326728	194.1188	4	-1.166	0.977	0	
0	69.955	201.888	1302.56678614	0.937562006926	176.2337	4	-1.263	0.882	0	
0	1152.395	203.047	6309.5734448	0.976337566583	182.6512	4	0.384	1.155	0	
0	471.575	203.445	9479.81801011	0.97543874044	185.5364	4	-0.636	1.436	0	
0	475.577	204.613	6148.93638513	0.962941712972	182.601	4	-0.621	1.333	0	
0	476.789	208.201	7627.81234069	0.966495864314	181.6166	4	-0.742	1.495	0	
0	461.453	206.259	1317.0431382	0.934975003089	194.0622	4	-0.871	0.749	0	
0	15.139	215.217	5576.99172376	0.969170083947	181.5081	4	-0.900	1.418	0	
0	63.760	217.690	8098.41447326	0.983558056227	182.2289	4	-0.104	0.845	0	
0	454.263	226.261	1485.93564229	0.906149802232	185.8717	4	-0.828	0.849	0	
0	451.267	226.755	8371.43674435	0.979039017448	185.698	4	-0.296	0.866	0	
0	33.472	236.579	2511.88643151	0.915377008362	181.4212	4	2.077	2.223	0	
0	835.846	249.491	6867.52106149	0.979039017448	193.2608	4	-0.434	1.013	0	
0	845.707	253.539	4073.80277804	0.966495864314	187.5376	4	-0.681	1.113	0	
0	100.669	258.924	1166.27240508	0.949729657362	180.6906	4	-0.445	0.613	0	
0	842.809	262.692	5561.60319598	0.977237220956	181.3882	4	0.527	0.931	0	
0	1295.031	266.986	1834.84760776	0.940156168804	180.4886	4	-1.098	1.155	0	
0	934.464	273.089	8287.05077907	0.983558056227	176.3841	4	0.019	0.962	0	
0	69.962	299.317	7406.27783668	0.974540741766	188.739	4	-0.697	1.430	0	
0	129.145	306.316	7461.05085193	0.98174794302	176.5939	4	-0.213	1.010	0	
0	119.257	308.894	8879.73489326	0.979039017448	185.5447	4	-0.606	1.213	0	
0	84.083	310.261	1214.50693772	0.941022483527	194.1978	4	0.005	0.723	0	
0	1335.008	318.322	3538.34356815	0.976337566583	175.2709	4	-0.414	0.728	0	
0	125.918	320.679	5937.45047302	0.978137704323	191.0947	4	-0.526	0.900	0	
0	970.634	323.733	1437.47400587	0.925550244763	208.4498	4	-1.644	1.095	0	
0	67.091	345.983	4409.60816451	0.953235043921	201.4108	4	-1.206	1.542	0	
0	96.853	342.320	1560.27086869	0.889610704409	205.1806	4	-1.232	1.043	0	
0	115.777	326.392	7040.4432147	0.974540741766	200.4989	4	-0.522	1.261	0	
0	649.983	329.690	5011.87233627	0.958517397686	179.5863	4	-1.101	1.800	0	
0	116.187	350.046	8410.07754069	0.977237220956	194.531	4	-0.650	1.386	0	
0	1336.894	350.980	6070.15806341	0.98446436398	175.9791	4	0.044	0.696	0	
0	1050.078	354.087	3515.60440528	0.958517397686	191.3478	4	0.876	1.295	0	
0	1237.440	355.730	6643.54681976	0.962941712972	199.9384	4	-0.915	1.887	0	
0	1316.846	356.399	7748.18532776	0.976337566583	181.3766	4	-0.489	1.319	0	
0	596.380	356.770	9011.5604434	0.987188301068	183.9921	4	-0.121	0.752	0	
0	1306.222	360.555	2744.10041826	0.969170083947	177.5594	4	-0.255	0.723	0	
0	1355.286	366.083	6245.97152533	0.969170083947	186.9169	4	-0.546	1.522	0	
0	1241.097	373.038	6982.32404077	0.969170083947	202.1689	4	-0.734	1.544	0	
0	1247.316	373.369	1334.1356829	0.946237161366	204.5861	4	-0.221	0.682	0	
0	1333.409	373.980	6280.58358813	0.963829023624	200.417	4	-0.941	1.735	0	
0	680.479	376.657	7943.28234724	0.98265258283	197.362	4	-0.251	0.961	0	
0	1311.243	377.610	4724.9802768	0.963829023624	199.9031	4	-0.843	1.443	0	
0	1231.160	380.209	6729.76656284	0.974540741766	202.7147	4	-0.412	1.203	0	
0	297.941	381.015	1583.43412391	0.950604793656	182.4852	4	-0.948	0.766	0	
0	1209.594	381.440	6137.62005165	0.972747223777	192.2768	4	-0.594	1.294	0	
0	641.209	385.796	7204.43620415	0.979039017448	197.3868	4	-0.518	1.073	0	
0	716.063	391.795	2800.27059501	0.956753368618	185.4306	4	0.354	0.683	0	
0	722.198	392.155	3369.76798584	0.926403100736	181.9169	4	-0.327	0.731	0	
0	728.060	427.797	2095.07705237	0.924698173938	204.1597	4	0.048	0.773	0	
0	727.267	424.842	3203.31760085	0.952357486192	230.543	4	0.149	0.699	0	
0	724.247	433.993	1503.83434796	0.947981801011	199.4247	4	0.062	0.724	0	
0	731.442	434.154	1933.7485453	0.950604793656	199.4078	4	-0.703	0.845	0	
0	706.236	394.315	2045.50243111	0.94710907947	192.9504	4	-1.117	0.911	0	
0	701.917	400.984	4520.64079649	0.966495864314	207.8092	4	-0.480	1.102	0	
0	696.695	399.060	5166.54242567	0.977237220956	213.1084	4	-0.063	0.842	0	
0	1235.983	394.375	1037.52841582	0.934114255736	181.0279	4	-0.118	0.705	0	
0	676.318	395.051	8332.97348634	0.977237220956	210.3996	4	-0.611	1.339	0	
0	314.582	397.723	7138.38553602	0.967386449969	196.2373	4	-0.929	1.737	0	
0	656.132	403.606	7474.80728176	0.94710907947	207.722	4	-0.665	1.423	0	
0	651.068	408.558	5440.01378247	0.970063133784	198.5179	4	-0.686	1.168	0	
0	618.682	402.974	3677.90070422	0.970957006529	183.5663	4	-0.622	0.945	0	
0	303.609	403.092	4149.54042634	0.962055219186	193.8994	4	-0.977	1.286	0	
0	324.952	404.604	4429.961991	0.962941712972	183.33	4	-0.846	1.275	0	
0	330.128	405.644	8847.08092871	0.976337566583	181.6475	4	-0.691	1.414	0	
0	312.835	408.925	1843.31687951	0.961169541516	198.6138	4	-0.465	0.600	0	
0	1337.029	415.162	1568.91711261	0.938425931237	185.9467	4	-0.778	0.971	0	
0	92.550	415.166	1926.63745952	0.951480736352	182.3092	4	-1.102	0.958	0	
0	674.769	419.987	2226.38362955	0.967386449969	218.5301	4	-0.279	0.653	0	
0	630.819	430.090	2463.76907672	0.954113410282	189.5115	4	-0.992	1.098	0	
0	343.335	434.170	8765.97040321	0.983558056227	185.0146	4	-0.431	0.992	0	
0	297.777	439.928	1930.18972763	0.968277856261	200.8656	4	-0.015	0.549	0	
0	324.418	441.174	3293.06270175	0.969170083947	206.0299	4	-0.751	0.883	0	
0	87.167	444.847	8542.79529905	0.988097953941	182.2483	4	0.137	0.652	0	
0	781.108	444.871	4043.89620508	0.960284679209	184.1056	4	-0.944	1.399	0	
0	116.515	445.625	1907.21652059	0.964717151896	181.4261	4	-0.298	0.667	0	
0	40.263	446.450	1513.56124844	0.962055219186	173.9599	4	-0.494	0.585	0	
0	156.888	448.029	4720.63041264	0.894540483779	177.3271	4	0.477	0.923	0	
0	640.327	450.264	7433.61389655	0.980844136031	191.0157	4	-0.052	1.004	0	
0	649.706	454.272	8945.40483779	0.98265258283	193.8136	4	-0.322	1.019	0	
0	70.378	458.423	2615.77268272	0.973643569799	178.8431	4	-0.346	0.638	0	
0	539.660	459.064	6438.72682901	0.962055219186	181.161	4	-1.095	1.936	0	
0	860.335	459.118	1131.35786412	0.939290651618	177.4183	4	-0.920	0.742	0	
0	317.702	460.594	4579.30953152	0.972747223777	213.838	4	-0.574	0.913	0	
0	324.562	464.201	4149.54042634	0.957634976969	209.9283	4	-1.136	1.415	0	
0	326.696	498.820	3798.39390155	0.943626220277	198.8843	4	-0.382	1.032	0	
0	301.982	478.747	5743.80913496	0.976337566583	298.7319	4	-0.097	0.855	0	
0	319.617	506.015	4329.12374503	0.967386449969	200.5128	4	-0.780	1.114	0	
0	305.728	508.046	3413.50072949	0.969170083947	202.551	4	-0.713	0.853	0	
0	652.656	464.657	1481.83551752	0.947981801011	190.5804	4	-1.140	0.703	0	
0	123.670	474.311	8782.13279898	0.977237220956	181.3201	4	-0.668	1.442	0	
0	71.972	477.028	2684.10808355	0.948855326728	177.2224	4	1.343	1.353	0	
0	545.790	490.373	3003.30887868	0.952357486192	183.2513	4	-1.246	1.371	0	
0	553.991	494.089	4301.30263382	0.970957006529	184.8641	4	-0.692	1.039	0	
0	567.393	495.300	8024.16776309	0.979941161096	191.083	4	-0.427	1.123	0	
0	619.486	497.735	7085.98126917	0.977237220956	184.8815	4	-0.508	1.213	0	
0	658.323	501.386	6798.29490455	0.979941161096	185.54	4	-0.109	1.020	0	
0	586.733	504.700	5460.09249754	0.974540741766	197.6393	4	-0.501	1.089	0	
0	961.219	515.414	6492.32123143	0.976337566583	200.8829	4	-0.240	1.145	0	
0	611.137	515.942	1635.30965174	0.912010839356	200.5815	4	0.197	0.728	0	
0	613.573	518.881	7537.02576688	0.98265258283	198.3849	4	-0.014	0.758	0	
0	622.764	529.626	1287.06357625	0.861390345772	185.5549	4	-0.885	0.808	0	
0	604.286	535.196	8348.33753724	0.966495864314	232.7859	4	0.019	0.909	0	
0	623.805	542.199	4187.93565118	0.904482149048	197.8291	4	-0.262	0.759	0	
0	625.123	544.101	1725.04329725	0.78922348479	179.9505	4	-0.542	0.755	0	
0	597.938	544.476	3017.1715226	0.963829023624	205.7012	4	-0.149	0.921	0	
0	600.337	521.167	2774.59755988	0.961169541516	213.5232	4	-0.380	0.866	0	
0	625.275	560.212	1318.25673856	0.815079555612	199.3583	4	-0.196	0.659	0	
0	1000.201	529.637	6528.29844159	0.979039017448	185.4136	4	-0.346	1.037	0	
0	676.550	524.181	1951.64130029	0.947981801011	184.5032	4	-0.110	0.634	0	
0	679.465	525.026	1173.81593248	0.917064749115	185.0132	4	-0.166	0.650	0	
0	674.406	527.455	1191.24200803	0.944495732508	184.1735	4	-0.573	0.609	0	
0	978.132	545.073	3438.74522229	0.945366045958	211.3101	4	-0.727	1.171	0	
0	976.751	548.444	1638.32477963	0.834833753724	212.6535	4	-0.784	1.221	0	
0	581.489	536.357	9204.49571753	0.983558056227	186.5917	4	-0.035	1.033	0	
0	791.737	544.612	2108.62814993	0.962941712972	187.3915	4	-0.601	0.740	0	
0	1008.527	544.635	1379.11346902	0.944495732508	178.6177	4	0.050	0.692	0	
0	612.023	559.549	1855.23957555	0.967386449969	202.7372	4	-0.352	0.523	0	
0	585.193	555.103	7712.58564989	0.98446436398	182.8857	4	-0.096	0.846	0	
0	726.810	556.935	1192.33968789	0.94710907947	186.8974	4	-0.885	0.651	0	
0	310.258	558.298	7224.37032436	0.976337566583	184.8768	4	-0.062	1.257	0	
0	327.485	561.784	7138.38553602	0.968277856261	192.955	4	-0.648	1.311	0	
0	325.149	564.151	4345.10224172	0.956753368618	191.7956	4	-0.704	1.166	0	
0	345.430	567.155	2674.23765709	0.967386449969	182.1584	4	-0.595	0.797	0	
0	342.375	574.207	7899.50721336	0.978137704323	183.6374	4	-0.557	1.210	0	
0	626.088	570.644	5592.42283041	0.985371506859	191.0369	4	-0.038	0.587	0	
0	825.595	601.035	1481.83551752	0.912851219331	187.05	4	-0.235	0.693	0	
0	333.743	600.429	3624.098559	0.979941161096	180.0583	4	-0.271	0.636	0	
0	688.298	601.224	6297.9614793	0.976337566583	179.7989	4	0.568	1.146	0	
0	783.667	620.760	6058.98671139	0.983558056227	184.9463	4	0.230	0.765	0	
0	810.149	626.541	6619.11611941	0.983558056227	186.1749	4	-0.102	0.791	0	
0	667.112	636.686	3742.82912241	0.972747223777	181.3461	4	-0.474	0.880	0	
0	653.170	640.494	8248.97523935	0.98265258283	183.2867	4	-0.161	0.999	0	
0	720.546	657.509	1112.75614173	0.941889596523	177.8069	4	-0.489	0.702	0	
0	457.368	728.517	9136.92373681	0.980844136031	182.7856	4	-0.303	1.191	0	
0	444.211	733.432	3351.19731968	0.968277856261	185.8767	4	-0.674	0.887	0	
0	1264.415	742.093	1189.04967899	0.941022483527	174.9977	4	-0.926	0.756	0	
0	1243.505	745.716	4956.78406594	0.963829023624	179.3746	4	0.798	1.564	0	
0	446.668	752.643	3354.28530833	0.962941712972	189.9498	4	-0.924	1.135	0	
0	439.235	768.181	7244.35960075	0.970957006529	191.8449	4	-0.542	1.573	0	
0	404.436	785.639	8090.95899178	0.979941161096	194.1072	4	-0.514	1.099	0	
0	415.321	789.555	7291.21659995	0.97543874044	194.2341	4	-0.456	1.303	0	
0	397.521	785.465	5551.36777435	0.968277856261	187.5645	4	-0.891	1.391	0	
0	465.008	794.303	7092.51070556	0.973643569799	180.9929	4	-0.529	1.441	0	
0	384.725	843.833	7578.79220916	0.645059833285	196.4967	4	0.213	1.789	0	
0	1289.677	814.742	2240.78402679	0.945366045958	177.2182	4	-0.714	1.014	0	
0	413.174	819.860	4915.86559157	0.978137704323	189.27	4	-0.252	0.856	0	
0	704.063	851.665	7244.35960075	0.980844136031	189.6638	4	0.115	1.001	0	
0	1110.466	853.583	1081.4339513	0.941022483527	185.8468	4	-0.731	0.670	0	
0	712.138	855.300	1644.37172321	0.960284679209	196.1282	4	-0.424	0.560	0	
0	719.053	858.301	5062.90758346	0.97543874044	217.0659	4	-0.064	0.766	0	
0	718.552	865.588	3194.47872421	0.943626220277	214.1375	4	-0.522	0.897	0	
0	712.227	865.255	2060.62991327	0.759976214361	209.4099	4	0.703	0.802	0	
0	719.690	870.427	4337.105635	0.970063133784	213.0017	4	-0.570	0.891	0	
0	715.785	871.604	3000.54400244	0.957634976969	207.7289	4	-0.448	0.961	0	
0	740.992	868.039	1590.74292375	0.907820530178	214.1029	4	1.122	1.189	0	
0	407.466	866.322	7237.69037075	0.98265258283	187.2292	4	-0.084	0.898	0	
0	263.320	871.923	1291.814039	0.951480736352	175.107	4	-0.538	0.660	0	
0	421.438	875.458	2558.58588691	0.705992357894	178.9684	4	-0.694	0.813	0	
0	1177.185	880.066	2553.87713578	0.960284679209	198.0381	4	0.119	0.935	0	
0	770.510	881.983	4604.68578379	0.974540741766	182.1666	4	0.225	0.978	0	
0	937.078	906.158	6600.85207002	0.835603018231	185.1986	4	-0.334	1.910	0	
0	1262.442	892.733	2329.16363021	0.938425931237	195.3864	4	0.320	0.719	0	
0	1265.208	892.862	1879.3168168	0.89949758153	195.0347	4	-0.020	0.723	0	
0	1116.192	892.960	744.731973906	0.91453430312	187.1506	4	-1.165	0.691	0	
0	1183.265	901.484	4608.92880981	0.961169541516	203.9321	4	-0.826	1.516	0	
0	1155.938	903.718	2390.01155148	0.942757508527	195.9787	4	-0.847	1.122	0	
0	1158.082	906.795	1307.37447016	0.918755601666	195.4744	4	-0.513	0.924	0	
0	302.420	904.460	2280.342072	0.962941712972	183.9318	4	-0.780	0.801	0	
0	894.345	904.533	6546.36174067	0.974540741766	192.5458	4	-0.399	1.260	0	
0	877.071	910.622	3780.94186683	0.957634976969	186.5872	4	-0.419	1.229	0	
0	1236.896	948.932	2528.13347983	0.853493071614	284.6848	4	0.049	0.989	0	
0	1240.265	937.283	3388.44156139	0.91033239968	266.412	4	0.993	1.457	0	
0	913.167	913.396	5970.35286584	0.964717151896	195.0268	4	-0.710	1.673	0	
0	306.753	915.721	8693.60692509	0.972747223777	182.5386	4	-0.748	1.658	0	
0	263.139	920.123	10519.6187382	0.976337566583	185.88	4	-0.567	1.538	0	
0	273.691	920.209	8363.72991584	0.969170083947	184.333	4	-0.815	1.775	0	
0	902.412	921.238	6397.34835483	0.963829023624	192.9818	4	-0.782	1.725	0	
0	1160.142	923.589	1737.80082875	0.961169541516	194.593	4	0.243	0.658	0	
0	1208.399	927.015	4122.87340723	0.958517397686	207.9855	4	-0.090	1.037	0	
0	1209.826	930.284	3840.60815726	0.950604793656	211.0665	4	0.531	1.222	0	
0	1071.802	937.869	3081.76841661	0.961169541516	182.4814	4	-0.371	1.120	0	
0	842.290	942.108	6492.32123143	0.970957006529	184.8141	4	-0.144	1.459	0	
0	1063.181	947.958	4541.50712633	0.970063133784	189.1825	4	-0.424	1.118	0	
0	1177.225	951.548	5613.06407675	0.960284679209	190.1688	4	-0.797	1.814	0	
0	1082.794	963.918	7014.5529842	0.969170083947	179.5337	4	-0.388	1.668	0	
0	1361.386	967.727	2669.31606362	0.946237161366	179.3342	4	-1.060	1.397	0	
0	1056.226	968.963	1495.54677274	0.941889596523	195.0562	4	-1.092	0.878	0	
0	772.812	993.235	816.582371359	0.922146665124	179.7002	4	-1.207	0.707	0	
0	965.275	1004.795	3369.76798584	0.965606098542	186.0176	4	0.016	0.997	0	
0	349.578	32.326	6338.69711257	0.974540741766	175.0782	5	-0.680	1.195	0	
0	1080.760	49.357	5649.36974812	0.986279485631	169.1979	5	0.137	0.579	0	
0	14.369	63.108	7819.87840389	0.983558056227	170.2865	5	-0.379	0.915	0	
0	369.712	81.745	7085.98126917	0.960284679209	195.3649	5	-1.186	1.840	0	
0	1089.654	94.457	6143.27561271	0.978137704323	171.545	5	0.501	1.062	0	
0	361.333	100.010	8871.56012038	0.979941161096	182.8531	5	-0.506	1.207	0	
0	412.627	113.986	1726.63285274	0.92896638678	178.396	5	-1.058	0.968	0	
0	417.748	140.562	6835.96766838	0.950604793656	213.3351	5	-0.486	1.053	0	
0	423.197	137.014	6674.21203858	0.917064749115	194.5245	5	-0.383	0.941	0	
0	421.644	149.314	5520.77439281	0.887156012038	198.1881	5	0.131	0.613	0	
0	421.083	151.093	5123.89238665	0.887973489326	200.3055	5	0.078	0.541	0	
0	416.320	156.501	1808.00655211	0.89784217091	196.2919	5	-0.965	0.927	0	
0	51.315	111.327	7863.21227458	0.985371506859	174.1723	5	-0.196	0.837	0	
0	438.289	126.885	9772.37220956	0.98446436398	175.6826	5	-0.324	1.028	0	
0	91.762	132.587	8566.43255582	0.98174794302	173.7539	5	0.100	1.063	0	
0	895.246	134.415	7131.8138668	0.979039017448	173.2654	5	-0.556	1.138	0	
0	823.070	147.853	8558.54621221	0.977237220956	189.6458	5	-0.502	1.370	0	
0	781.817	149.858	3101.70149948	0.967386449969	183.1857	5	0.448	0.900	0	
0	1115.235	154.427	1583.43412391	0.960284679209	174.5296	5	0.176	0.634	0	
0	804.586	158.962	4998.04313578	0.974540741766	198.3513	5	-0.560	1.024	0	
0	464.159	164.488	7906.78628	0.979039017448	183.6888	5	-0.474	1.127	0	
0	860.760	171.233	8621.84081073	0.986279485631	179.5537	5	-0.246	0.832	0	
0	538.127	177.108	1057.7913225	0.943626220277	173.3868	5	-0.906	0.631	0	
0	422.408	177.561	9754.3874044	0.986279485631	192.2644	5	-0.174	0.869	0	
0	1170.141	182.613	7184.55708793	0.97543874044	177.3869	5	0.352	1.358	0	
0	841.207	226.172	5380.21957189	0.941889596523	217.3947	5	-0.091	0.643	0	
0	780.430	188.007	4429.961991	0.970957006529	184.6023	5	-0.598	1.040	0	
0	773.492	189.172	8317.63771103	0.987188301068	184.3066	5	-0.154	0.696	0	
0	77.983	195.894	3200.36859459	0.967386449969	174.5646	5	-0.769	0.958	0	
0	41.219	198.075	2615.77268272	0.934975003089	180.6763	5	1.318	1.579	0	
0	45.234	198.228	1962.45632417	0.929822390585	179.9834	5	0.953	1.336	0	
0	118.760	219.729	3241.90287823	0.94710907947	175.6248	5	1.205	1.662	0	
0	106.353	222.326	1561.70859327	0.957634976969	177.8281	5	-0.748	0.665	0	
0	1276.963	223.199	2008.16780418	0.972747223777	171.8382	5	-0.103	0.531	0	
0	883.675	227.434	8113.34605228	0.987188301068	176.2788	5	0.066	0.687	0	
0	1199.961	229.168	7284.50423292	0.865366342956	181.9318	5	-0.523	1.249	0	
0	864.201	230.968	4984.25209404	0.979039017448	184.2493	5	0.379	0.819	0	
0	856.616	244.144	7972.60045367	0.980844136031	184.7948	5	-0.216	1.053	0	
0	113.511	247.385	2847.0821598	0.974540741766	178.8388	5	-0.453	0.641	0	
0	1258.953	252.376	1165.19872303	0.954113410282	187.1388	5	-0.142	0.536	0	
0	12.648	260.730	8105.87682465	0.987188301068	175.4665	5	-0.255	0.738	0	
0	1253.256	286.774	4643.01407282	0.938425931237	198.2683	5	0.058	0.673	0	
0	1225.506	284.518	3056.32828037	0.681710526306	267.9979	5	-1.053	1.629	0	
0	1222.287	303.335	3087.45047559	0.847227414141	257.4569	5	-0.578	1.023	0	
0	933.064	265.111	2813.1960568	0.978137704323	175.0181	5	-0.183	0.489	0	
0	1263.114	266.407	6070.15806341	0.970063133784	192.3431	5	-0.677	1.413	0	
0	1285.027	278.889	6692.67906936	0.976337566583	186.0044	5	-0.383	1.209	0	
0	1307.545	294.466	4345.10224172	0.979039017448	177.407	5	0.027	0.762	0	
0	934.299	292.751	7812.67934552	0.97543874044	199.7096	5	-0.425	1.341	0	
0	939.974	293.197	7345.13868157	0.969170083947	202.4074	5	-0.657	1.656	0	
0	961.464	297.760	2488.85731828	0.925550244763	194.4128	5	-1.869	1.785	0	
0	929.764	300.616	8503.54472	0.966495864314	198.53	5	-0.746	1.771	0	
0	985.013	303.471	4812.82421868	0.97185170294	184.578	5	-0.483	1.155	0	
0	949.141	308.087	1007.39548481	0.891250938134	205.3192	5	-1.946	1.074	0	
0	944.396	310.672	7365.4621147	0.973643569799	199.7586	5	-0.557	1.371	0	
0	39.897	311.260	3116.01830311	0.970957006529	183.1498	5	-0.504	0.814	0	
0	1193.149	318.772	7641.87623963	0.979941161096	188.8102	5	-0.152	1.102	0	
0	1024.126	319.846	3265.87832172	0.964717151896	177.9994	5	-0.114	0.952	0	
0	1042.852	336.773	2739.05025129	0.921297727669	185.4545	5	-0.916	1.022	0	
0	1021.248	351.366	10299.1171934	0.972747223777	214.4169	5	-0.260	1.351	0	
0	1000.732	357.533	2589.40510574	0.943626220277	227.7129	5	0.426	1.037	0	
0	1033.222	354.621	3840.60815726	0.958517397686	211.9776	5	-0.905	1.306	0	
0	993.857	346.794	5654.57540688	0.966495864314	208.3246	5	-0.251	1.141	0	
0	1030.976	360.347	1330.45441798	0.89536476555	194.4561	5	-0.579	1.171	0	
0	982.913	359.694	7297.93515214	0.934975003089	196.3354	5	-0.535	1.559	0	
0	985.580	359.983	6668.06769214	0.927256742581	197.7514	5	-0.607	1.640	0	
0	1028.342	362.712	4134.28108047	0.958517397686	179.8651	5	-0.219	1.221	0	
0	978.628	322.247	4285.48520397	0.969170083947	205.2472	5	-0.592	1.085	0	
0	82.674	334.481	7171.33482658	0.945366045958	207.1108	5	-0.139	0.741	0	
0	1072.292	328.437	1538.86314982	0.959400631516	186.3483	5	-0.337	0.623	0	
0	947.091	332.481	8211.07464085	0.968277856261	191.9985	5	-0.709	1.830	0	
0	15.135	332.225	5195.17283011	0.98265258283	175.6541	5	-0.054	0.717	0	
0	603.627	334.233	8195.96320482	0.986279485631	180.077	5	0.158	0.765	0	
0	1090.025	336.325	6165.95001861	0.977237220956	182.9433	5	-0.454	1.049	0	
0	1196.026	342.651	7118.68867262	0.977237220956	192.2578	5	-0.393	1.194	0	
0	1274.542	342.713	2253.20133563	0.953235043921	183.674	5	-1.047	1.035	0	
0	1260.970	345.722	4397.44078447	0.959400631516	195.8914	5	-1.016	1.493	0	
0	607.186	353.130	4265.79518802	0.941022483527	187.9349	5	0.135	0.617	0	
0	647.945	355.606	7994.6600252	0.98174794302	189.374	5	-0.223	1.040	0	
0	973.403	357.103	2452.44908607	0.958517397686	193.5451	5	-0.541	0.860	0	
0	1248.136	357.415	891.250938134	0.881454704447	201.8631	5	-2.692	1.102	0	
0	952.919	360.027	3118.88958409	0.940156168804	185.1361	5	0.474	0.997	0	
0	1218.306	361.672	1323.12233311	0.954992586021	199.7261	5	0.260	0.593	0	
0	643.534	369.078	8256.57632621	0.966495864314	196.0219	5	-0.879	1.818	0	
0	121.272	367.360	8264.18441716	0.977237220956	177.4832	5	-0.661	1.323	0	
0	1323.474	385.712	5866.78266402	0.963829023624	199.2253	5	-0.988	1.583	0	
0	650.636	389.154	2077.7820975	0.948855326728	206.1738	5	-0.907	0.948	0	
0	667.335	397.190	7641.87623963	0.968277856261	213.0147	5	-0.851	1.531	0	
0	1340.671	400.692	6081.35001279	0.969170083947	192.7693	5	-0.741	1.473	0	
0	1308.992	407.912	5812.99567725	0.97543874044	181.5095	5	-0.214	1.116	0	
0	1217.359	407.614	2075.8692705	0.962055219186	180.9833	5	0.718	0.784	0	
0	1347.279	418.145	2784.83840781	0.964717151896	183.1019	5	-0.593	0.897	0	
0	690.897	435.569	7965.26079784	0.98446436398	205.3479	5	-0.169	0.848	0	
0	567.484	444.671	8143.29185209	0.980844136031	180.767	5	0.411	1.079	0	
0	686.867	447.909	7726.80585096	0.979941161096	195.7154	5	-0.438	1.042	0	
0	339.759	456.256	6315.38745374	0.98174794302	193.8809	5	0.082	0.828	0	
0	756.282	457.251	1024.23591412	0.936698877952	193.3832	5	-0.360	0.675	0	
0	305.670	459.776	1958.84467351	0.91453430312	207.6548	5	-0.076	0.636	0	
0	304.527	462.279	5044.28945952	0.963829023624	208.4098	5	-0.162	0.633	0	
0	308.216	463.631	4021.61044334	0.961169541516	210.2441	5	-0.721	1.040	0	
0	297.621	464.617	2826.18117981	0.962941712972	207.5602	5	-0.684	0.913	0	
0	334.457	468.256	4254.02462944	0.945366045958	199.9258	5	0.314	0.733	0	
0	287.620	496.035	1926.63745952	0.929822390585	185.4575	5	-0.051	0.714	0	
0	146.332	497.554	9036.49473722	0.985371506859	180.558	5	-0.320	0.884	0	
0	981.890	502.802	874.983775227	0.894540483779	178.1395	5	-0.498	0.984	0	
0	981.280	507.480	7516.22894018	0.978137704323	179.2862	5	-0.299	1.136	0	
0	328.894	511.259	5633.78150851	0.983558056227	187.7098	5	-0.054	0.661	0	
0	724.896	521.151	8061.20563864	0.979039017448	191.8724	5	-0.292	1.190	0	
0	302.348	523.597	8879.73489326	0.985371506859	187.3059	5	-0.334	0.830	0	
0	705.540	526.514	1351.45005412	0.94710907947	190.9636	5	-0.962	0.739	0	
0	156.932	528.146	2698.98207347	0.956753368618	178.0419	5	0.897	1.131	0	
0	946.030	554.488	767.008187694	0.84255837534	221.9418	5	0.711	0.785	0	
0	954.377	565.206	1734.60262788	0.931536765239	187.1909	5	-0.058	0.932	0	
0	791.564	535.872	6003.43758733	0.976337566583	185.9483	5	-0.343	1.101	0	
0	741.600	536.460	7297.93515214	0.98265258283	190.3815	5	-0.154	0.896	0	
0	748.476	541.498	2894.67626418	0.974540741766	189.0079	5	-0.020	0.608	0	
0	995.030	541.783	1189.04967899	0.912851219331	197.7703	5	-0.794	0.928	0	
0	601.687	553.532	3590.87262369	0.970063133784	199.4479	5	0.112	0.857	0	
0	606.915	556.083	1249.68339721	0.939290651618	208.1917	5	-0.327	0.701	0	
0	1335.902	554.592	1045.20144146	0.934975003089	171.0831	5	0.081	0.767	0	
0	702.897	561.166	6779.53644924	0.986279485631	183.5335	5	-0.027	0.686	0	
0	979.157	562.775	1246.23516049	0.906149802232	186.371	5	1.142	1.174	0	
0	839.483	586.096	4866.31256073	0.980844136031	181.6298	5	0.046	0.742	0	
0	1005.307	589.323	5717.41872918	0.978137704323	180.1183	5	-0.182	0.978	0	
0	805.419	592.108	6600.85207002	0.98174794302	189.5285	5	0.064	0.880	0	
0	146.731	595.523	3780.94186683	0.91453430312	175.9417	5	0.395	0.797	0	
0	148.440	597.167	2689.05695003	0.879832499442	175.9388	5	0.360	0.831	0	
0	655.336	613.687	4100.15240507	0.966495864314	185.168	5	-0.789	1.188	0	
0	214.965	626.103	6154.60237371	0.980844136031	177.0303	5	-0.049	0.905	0	
0	818.336	641.042	2452.44908607	0.918755601666	183.2547	5	2.179	2.046	0	
0	1158.222	727.877	979.941161096	0.941889596523	177.1411	5	-0.353	0.583	0	
0	462.563	754.232	4385.30697775	0.979039017448	182.3726	5	-0.310	0.752	0	
0	430.371	756.413	3739.38343643	0.966495864314	190.6886	5	0.011	1.053	0	
0	383.064	812.246	3691.47558165	0.917909786057	207.516	5	-0.038	0.892	0	
0	385.750	829.667	2973.03484968	0.737904230129	225.9851	5	-0.127	0.843	0	
0	387.400	834.203	8629.78547767	0.976337566583	202.049	5	-0.506	1.044	0	
0	365.889	845.130	4417.7384489	0.905315591648	210.2966	5	-0.542	1.339	0	
0	354.364	845.229	2661.95065115	0.943626220277	195.6175	5	-1.004	1.197	0	
0	431.382	802.074	1138.67556195	0.947981801011	189.5706	5	-0.004	0.610	0	
0	398.391	816.805	4884.27378423	0.965606098542	202.9623	5	0.702	1.276	0	
0	398.335	822.266	5551.36777435	0.97185170294	197.2426	5	0.113	1.062	0	
0	399.885	826.688	4651.57470302	0.970063133784	190.9934	5	0.022	0.982	0	
0	438.872	819.771	3571.08345808	0.973643569799	183.6708	5	-0.281	0.835	0	
0	1178.444	830.767	6075.75146106	0.968277856261	192.8364	5	-0.653	1.387	0	
0	1179.205	835.082	1029.91171934	0.882266928218	194.7089	5	-0.270	1.224	0	
0	744.368	882.316	5335.80561846	0.953235043921	193.7037	5	-0.169	0.926	0	
0	335.722	858.517	8945.40483779	0.983558056227	184.8105	5	-0.213	0.997	0	
0	1207.699	860.451	2438.93373028	0.929822390585	198.8173	5	1.719	1.707	0	
0	1113.820	869.417	6754.60566634	0.974540741766	186.9246	5	-0.449	1.201	0	
0	1114.846	873.498	1007.39548481	0.884708092871	187.6699	5	0.397	1.130	0	
0	356.967	870.079	1833.15842867	0.948855326728	186.3118	5	0.944	0.939	0	
0	665.667	871.625	5296.63443892	0.98446436398	182.4904	5	0.104	0.657	0	
0	684.391	878.305	6486.34433548	0.970957006529	199.6641	5	-0.693	1.443	0	
0	1325.092	881.612	1816.35193118	0.941889596523	173.9869	5	-1.205	1.104	0	
0	726.320	882.385	3087.45047559	0.967386449969	198.4019	5	0.222	0.843	0	
0	958.693	885.422	5053.58994753	0.976337566583	177.8309	5	0.074	1.006	0	
0	935.557	890.211	5749.10181568	0.837143674435	191.8217	5	-0.627	1.406	0	
0	917.104	885.782	4975.07921351	0.976337566583	183.0817	5	-0.024	0.972	0	
0	380.257	889.518	4483.32270433	0.973643569799	182.713	5	-0.637	1.019	0	
0	1286.605	890.393	3812.41351104	0.962941712972	180.8896	5	-0.612	1.265	0	
0	323.340	899.329	3147.7483141	0.959400631516	182.8345	5	-0.953	1.190	0	
0	695.860	900.851	7385.84178121	0.976337566583	193.9904	5	-0.283	1.277	0	
0	1134.738	905.913	4040.17335373	0.97185170294	187.4065	5	0.416	0.981	0	
0	877.450	906.799	4021.61044334	0.962055219186	185.6254	5	-0.727	1.096	0	
0	1253.940	927.563	1995.26231497	0.91453430312	199.0529	5	-1.690	1.484	0	
0	1235.016	973.488	2259.43577022	0.916220490122	201.02	5	-1.961	1.546	0	
0	1247.458	981.618	1744.21493156	0.858222705054	195.311	5	-1.601	1.502	0	
0	922.867	917.258	6711.19719698	0.970957006529	191.0231	5	-0.517	1.434	0	
0	1191.066	921.762	6194.41075077	0.969170083947	203.1006	5	-0.467	1.462	0	
0	1350.526	922.035	6115.04982517	0.965606098542	180.7825	5	-0.731	1.679	0	
0	276.508	929.366	4211.14310436	0.941022483527	180.1261	5	-0.887	1.309	0	
0	273.824	931.091	8717.66146602	0.963829023624	179.1443	5	-0.591	1.465	0	
0	1276.355	938.511	2900.01336905	0.960284679209	185.0517	5	-0.290	1.082	0	
0	1353.902	952.307	5415.01918953	0.964717151896	180.5494	5	-0.695	1.555	0	
0	880.389	956.395	6456.54229035	0.970063133784	186.1962	5	-0.380	1.403	0	
0	885.662	960.020	7358.68139651	0.976337566583	181.2783	5	-0.303	1.235	0	
0	881.415	961.063	480.83934845	0.791407205399	183.2318	5	-1.968	1.072	0	
0	825.773	958.497	2357.21936365	0.961169541516	183.1268	5	0.011	0.885	0	
0	1068.945	976.247	3400.94806512	0.953235043921	187.6523	5	-0.943	1.467	0	
0	1036.994	980.684	3445.08546287	0.942757508527	208.3462	5	-0.360	1.107	0	
0	1013.008	1005.904	4289.43409997	0.921297727669	218.0069	5	-0.011	0.648	0	
0	1007.540	1006.786	4100.15240507	0.912010839356	196.6553	5	-0.223	0.722	0	
0	957.282	982.026	981.74794302	0.936698877952	180.2624	5	-0.934	0.658	0	
0	1194.044	992.250	4047.62248688	0.954992586021	185.7433	5	-0.850	1.592	0	
0	122.075	9.741	4729.33414919	0.89371696085	170.9451	6	-0.287	0.902	0	
0	832.595	44.239	3124.64008581	0.976337566583	173.3658	6	0.007	0.627	0	
0	392.393	77.109	2041.73794467	0.957634976969	180.1775	6	0.492	0.783	0	
0	402.100	117.741	5067.57284177	0.959400631516	199.4912	6	-0.058	0.975	0	
0	410.694	118.318	2584.63963577	0.940156168804	195.8353	6	-0.235	0.834	0	
0	407.813	123.128	3819.4427084	0.877404787957	241.8971	6	0.022	1.007	0	
0	405.553	123.153	5030.37081085	0.886339287328	243.3347	6	-0.320	1.060	0	
0	410.333	129.165	3701.68961033	0.931536765239	284.503	6	0.273	1.018	0	
0	410.301	136.332	1710.8029876	0.738584178121	267.6053	6	0.059	0.609	0	
0	404.094	138.495	8165.82371359	0.962941712972	215.2496	6	-0.012	0.782	0	
0	401.687	140.262	8822.66928218	0.961169541516	205.2993	6	0.050	0.696	0	
0	404.021	141.485	6625.21535903	0.935836543584	217.2708	6	-0.030	0.825	0	
0	32.849	113.774	6143.27561271	0.973643569799	175.3439	6	-0.658	1.234	0	
0	754.139	167.862	2081.61304092	0.963829023624	178.6427	6	0.494	0.573	0	
0	809.333	196.170	1181.40825192	0.715813689911	199.135	6	-1.792	1.151	0	
0	842.475	199.338	3883.29157005	0.948855326728	193.9117	6	-0.974	1.456	0	
0	806.897	201.453	5571.85748932	0.959400631516	197.2916	6	-1.066	1.600	0	
0	850.117	210.582	6165.95001861	0.957634976969	187.824	6	-0.590	1.278	0	
0	849.665	220.130	6516.28394061	0.969170083947	193.8902	6	-0.601	1.228	0	
0	825.213	229.213	3014.39388428	0.915377008362	227.7569	6	-0.418	0.835	0	
0	822.113	229.995	6251.72692776	0.92811117102	215.1173	6	-0.011	0.721	0	
0	821.214	232.176	10974.885551	0.946237161366	201.7036	6	-0.080	0.799	0	
0	454.089	200.193	1342.76496114	0.932395137541	197.406	6	-0.262	0.862	0	
0	1142.671	205.619	7606.76500766	0.98446436398	180.6246	6	0.092	0.790	0	
0	60.711	220.873	7592.76572647	0.978137704323	182.4456	6	-0.435	0.965	0	
0	829.993	242.828	8150.79555612	0.970063133784	209.2161	6	-0.749	1.454	0	
0	1225.646	298.038	2374.65214365	0.711213513653	317.1804	6	-0.394	0.812	0	
0	1227.514	298.516	7399.45954313	0.866163741972	338.6707	6	0.334	0.996	0	
0	1226.579	300.846	4742.4198526	0.886339287328	328.5881	6	-0.110	0.907	0	
0	1217.334	311.519	4257.94453583	0.94710907947	214.4992	6	-0.684	1.094	0	
0	1262.568	305.307	4226.68614266	0.974540741766	186.1854	6	-0.337	0.890	0	
0	1224.280	325.247	2438.93373028	0.951480736352	199.4158	6	0.796	1.044	0	
0	67.083	278.237	3429.25673298	0.955872571885	183.0335	6	0.866	1.410	0	
0	1362.827	285.069	701.45529842	0.906984781506	171.8412	6	-1.819	0.717	0	
0	914.230	286.741	6332.86164452	0.963829023624	187.7393	6	-0.518	1.661	0	
0	910.224	288.331	8188.41791901	0.967386449969	185.9491	6	-0.686	1.837	0	
0	1353.672	287.069	1460.15849681	0.946237161366	171.7327	6	-0.834	0.813	0	
0	91.257	313.196	7204.43620415	0.985371506859	199.7151	6	-0.138	0.749	0	
0	1010.335	340.635	2876.07362886	0.953235043921	263.1509	6	-0.445	0.946	0	
0	1015.511	343.006	2528.13347983	0.930679183163	259.1368	6	-0.760	1.159	0	
0	1009.618	345.618	3215.14082483	0.946237161366	260.4333	6	-0.458	1.115	0	
0	67.670	331.209	5147.54319931	0.960284679209	200.478	6	-0.083	0.696	0	
0	70.789	331.194	6528.29844159	0.968277856261	202.6855	6	-0.234	0.764	0	
0	73.464	334.498	3587.56683039	0.940156168804	217.1027	6	0.192	0.864	0	
0	91.481	339.808	5053.58994753	0.941022483527	206.982	6	-0.757	1.336	0	
0	87.400	346.656	4998.04313578	0.97543874044	236.1159	6	0.091	0.818	0	
0	70.958	351.651	1312.19989902	0.844889669485	308.2673	6	-0.695	0.623	0	
0	67.723	353.212	5204.75151171	0.947981801011	244.9352	6	-0.141	0.702	0	
0	70.064	354.169	3930.06741342	0.909494338555	293.5239	6	0.046	0.678	0	
0	87.933	379.125	2741.57417193	0.857432616636	207.9034	6	-0.531	0.673	0	
0	104.114	368.247	1641.3454667	0.926403100736	197.4419	6	-0.981	1.117	0	
0	102.387	376.104	2881.37643484	0.964717151896	195.5822	6	-0.537	0.851	0	
0	87.405	381.286	6468.44664172	0.933254300797	198.0493	6	-0.202	0.658	0	
0	99.865	382.633	1910.73298104	0.931536765239	189.6346	6	-1.646	1.173	0	
0	85.894	387.885	1520.54752973	0.941889596523	186.4494	6	-0.322	0.708	0	
0	1057.795	352.655	693.745213942	0.841782707661	190.5982	6	0.149	1.114	0	
0	1055.663	356.203	6854.88226453	0.974540741766	187.3308	6	-0.224	1.151	0	
0	1349.775	377.091	2948.49231389	0.947981801011	190.5969	6	-1.383	1.322	0	
0	1328.779	377.718	3995.76556619	0.950604793656	199.0532	6	-1.367	1.500	0	
0	292.472	381.525	9003.2643106	0.979039017448	181.3203	6	-0.586	1.288	0	
0	1277.357	383.012	3235.9365693	0.967386449969	178.62	6	0.522	0.968	0	
0	1199.559	388.636	5866.78266402	0.977237220956	185.7407	6	0.303	0.991	0	
0	717.496	408.801	1358.9391171	0.87256944277	265.8937	6	-1.790	1.152	0	
0	729.892	400.335	3156.4578913	0.94710907947	183.1407	6	-1.229	1.291	0	
0	716.663	418.328	3073.2649292	0.954113410282	256.7545	6	-0.482	1.129	0	
0	736.126	420.765	3104.55958813	0.943626220277	203.2375	6	-0.984	1.093	0	
0	735.967	433.304	2644.84362685	0.938425931237	199.0663	6	-0.820	1.060	0	
0	650.686	404.019	6092.5625975	0.970063133784	201.0154	6	-0.341	0.808	0	
0	696.676	407.688	5375.26648787	0.970957006529	214.8543	6	-0.139	1.015	0	
0	691.621	410.256	4790.71130003	0.964717151896	214.5891	6	0.164	1.243	0	
0	319.897	406.099	7523.15483187	0.97185170294	194.7167	6	-0.774	1.259	0	
0	1338.283	420.107	2823.57936911	0.966495864314	183.4113	6	-0.630	0.807	0	
0	699.613	420.150	3955.48735056	0.866961875758	215.8966	6	-0.194	1.168	0	
0	701.007	422.413	3308.26278856	0.892894196065	216.3926	6	-0.584	1.046	0	
0	702.359	424.800	870.963589956	0.642687717317	213.5352	6	-1.259	0.952	0	
0	714.809	433.834	4029.02535083	0.964717151896	202.6223	6	-0.744	1.057	0	
0	717.948	430.876	1446.77168325	0.921297727669	205.3779	6	-0.109	0.962	0	
0	773.428	446.401	7171.33482658	0.983558056227	188.2328	6	0.020	0.814	0	
0	297.263	446.918	8410.07754069	0.969170083947	197.9217	6	-0.893	1.765	0	
0	156.572	450.152	3203.31760085	0.968277856261	177.794	6	0.397	0.543	0	
0	314.474	471.927	3763.57001694	0.917909786057	216.524	6	-0.988	1.459	0	
0	322.733	481.729	4417.7384489	0.874178256401	244.2173	6	-0.401	0.982	0	
0	949.438	506.849	1843.31687951	0.819596320482	182.8263	6	0.361	0.904	0	
0	955.714	513.286	4111.49721105	0.974540741766	193.2039	6	-0.364	0.745	0	
0	950.956	517.533	5915.61634175	0.98265258283	191.6014	6	-0.129	0.703	0	
0	592.523	507.623	7291.21659995	0.979941161096	200.0457	6	0.328	0.942	0	
0	617.065	524.587	6064.5698151	0.953235043921	194.6823	6	-0.324	0.758	0	
0	624.133	526.634	4866.31256073	0.955872571885	185.3743	6	-0.326	0.804	0	
0	620.278	527.160	4176.37992951	0.905315591648	184.6327	6	-0.470	0.761	0	
0	972.652	545.266	5775.63846395	0.883893621739	215.4174	6	0.090	0.962	0	
0	971.838	547.303	2305.68513695	0.744731973906	216.4995	6	-0.217	0.931	0	
0	948.642	548.080	3876.144867	0.941889596523	231.642	6	-0.109	0.683	0	
0	974.862	555.224	947.981801011	0.830233015925	208.6634	6	-1.207	1.169	0	
0	1008.229	548.910	6886.52296344	0.979941161096	177.8783	6	-0.431	0.956	0	
0	925.532	570.431	1614.35855683	0.91453430312	185.134	6	0.741	1.348	0	
0	943.948	571.198	3209.22376805	0.969170083947	187.3096	6	0.453	0.867	0	
0	777.595	591.568	7413.10241301	0.983558056227	187.7543	6	0.077	0.889	0	
0	823.509	599.018	1946.25615936	0.955872571885	187.4688	6	-0.523	0.724	0	
0	660.363	633.131	6982.32404077	0.97185170294	185.0733	6	-0.778	1.331	0	
0	1198.564	748.978	3247.88018764	0.965606098542	181.5056	6	0.654	1.047	0	
0	409.879	783.876	7935.96968196	0.972747223777	195.0091	6	-0.637	1.228	0	
0	387.658	812.718	1881.04852892	0.887973489326	208.8852	6	-0.184	0.552	0	
0	386.504	815.700	4929.46741312	0.940156168804	212.352	6	-0.095	0.655	0	
0	389.021	815.654	3869.01131655	0.913692373681	211.2198	6	-0.217	0.625	0	
0	387.124	821.441	2383.41682067	0.668651772198	214.0224	6	-0.684	0.660	0	
0	401.277	841.695	1063.65307508	0.864569678034	190.0971	6	-1.646	0.972	0	
0	396.502	842.412	2261.51774611	0.960284679209	191.4554	6	-0.636	0.717	0	
0	354.806	851.162	689.286860732	0.846447448098	196.6264	6	-3.562	1.019	0	
0	693.285	853.054	4516.47904929	0.969170083947	187.0747	6	0.506	1.133	0	
0	729.079	858.204	2910.71711807	0.950604793656	209.7535	6	-0.243	1.015	0	
0	732.154	860.511	4373.2066517	0.92811117102	217.2964	6	-0.163	0.876	0	
0	731.638	863.035	3076.09681474	0.901986422074	217.2006	6	0.280	0.876	0	
0	718.840	862.304	3045.08906697	0.961169541516	215.6546	6	-0.211	0.630	0	
0	741.403	862.795	4965.9232145	0.953235043921	209.4371	6	0.232	1.089	0	
0	744.429	863.782	3136.17291651	0.929822390585	205.1662	6	0.241	1.177	0	
0	750.295	881.938	4250.10833176	0.950604793656	194.0733	6	-0.740	1.277	0	
0	1290.634	863.019	2236.66014947	0.94710907947	179.5679	6	-1.091	1.144	0	
0	712.297	867.527	6643.54681976	0.944495732508	208.3258	6	-0.209	0.603	0	
0	710.921	869.410	3937.31353701	0.90115604434	208.2596	6	0.311	0.677	0	
0	422.536	874.500	5770.32135333	0.980844136031	178.8553	6	-0.139	0.555	0	
0	714.375	878.130	2421.02904674	0.953235043921	204.6365	6	-0.520	0.800	0	
0	939.300	885.471	6415.04932511	0.978137704323	186.9059	6	-0.273	0.938	0	
0	930.539	905.351	5638.97280335	0.965606098542	193.3486	6	-0.511	1.325	0	
0	1180.836	887.882	5420.00890402	0.963829023624	200.1683	6	-0.579	1.488	0	
0	1266.311	895.568	1221.23713017	0.929822390585	193.536	6	0.563	0.694	0	
0	1346.851	914.503	6362.09280574	0.968277856261	177.0943	6	-0.615	1.427	0	
0	267.724	917.855	9611.69541516	0.969170083947	183.6352	6	-0.875	1.476	0	
0	1204.806	928.825	1509.38489665	0.906984781506	204.8506	6	1.808	1.161	0	
0	1204.292	936.507	3518.84388821	0.954992586021	202.7111	6	-0.076	1.237	0	
0	245.353	946.635	8188.41791901	0.974540741766	175.9523	6	-0.377	1.188	0	
0	1264.015	944.179	3630.7805477	0.970063133784	191.3318	6	-0.183	0.916	0	
0	1036.048	952.678	6397.34835483	0.968277856261	189.0862	6	-0.640	1.486	0	
0	1037.635	957.853	1229.13617306	0.92299638484	192.2546	6	0.568	0.963	0	
0	852.132	971.008	2011.87039515	0.90115604434	218.4326	6	-0.891	0.895	0	
0	861.375	972.852	3232.95753368	0.942757508527	215.0552	6	-1.087	1.497	0	
0	843.965	979.305	3865.44946598	0.965606098542	288.2449	6	-0.004	1.033	0	
0	849.629	981.105	3912.01039387	0.952357486192	243.6458	6	-0.560	1.326	0	
0	840.598	973.124	1635.30965174	0.943626220277	226.2724	6	-0.851	0.832	0	
0	853.364	986.752	5613.06407675	0.894540483779	266.7441	6	-0.024	1.031	0	
0	826.123	983.659	4373.2066517	0.944495732508	196.7722	6	-1.001	1.760	0	
0	1251.012	962.386	6456.54229035	0.960284679209	190.6184	6	-0.297	1.276	0	
0	1049.518	972.375	6338.69711257	0.973643569799	198.1176	6	-0.067	1.210	0	
0	1256.469	974.452	2652.16170551	0.965606098542	191.6419	6	0.246	0.790	0	
0	1035.978	987.778	4361.13971393	0.960284679209	218.4621	6	-0.146	0.795	0	
0	1034.369	990.774	1665.71232807	0.884708092871	233.195	6	-0.482	0.994	0	
0	1041.733	992.530	3557.9513056	0.772680585096	186.8874	6	-0.168	0.724	0	
0	1006.880	998.979	3375.98104855	0.962941712972	197.2122	6	-0.237	0.711	0	
0	801.487	1000.492	3426.09972488	0.967386449969	183.769	6	-0.099	0.990	0	
0	1176.099	188.519	1632.30007282	0.933254300797	177.3428	7	0.885	1.063	0	
0	1200.225	230.778	1061.6955572	0.830998041044	181.7295	7	-3.393	0.956	0	
0	852.353	253.097	7251.03497617	0.979941161096	184.8844	7	-0.327	0.906	0	
0	1241.967	290.396	1766.85129845	0.852707337344	371.1832	7	-0.592	0.805	0	
0	1311.785	288.288	8009.40030533	0.980844136031	176.4365	7	0.227	1.052	0	
0	952.191	313.072	7855.97332261	0.967386449969	205.5215	7	-0.701	1.708	0	
0	56.262	344.909	4180.22828954	0.958517397686	178.4604	7	1.127	1.386	0	
0	955.587	359.286	2070.14134879	0.929822390585	186.3688	7	1.387	1.161	0	
0	1321.434	359.665	5931.98439665	0.965606098542	190.742	7	-0.774	1.340	0	
0	647.612	365.322	7655.96606911	0.967386449969	196.5372	7	-0.693	1.478	0	
0	1244.792	381.160	2823.57936911	0.92299638484	197.8713	7	-0.574	1.283	0	
0	1248.000	381.269	7092.51070556	0.955872571885	199.4066	7	-0.720	1.634	0	
0	717.893	402.210	2041.73794467	0.877404787957	221.6126	7	-0.626	0.886	0	
0	717.580	405.023	3522.08635618	0.917064749115	263.7349	7	-0.533	0.973	0	
0	706.407	398.939	2736.52865419	0.951480736352	202.0566	7	-0.067	0.900	0	
0	663.895	400.126	2161.72278434	0.922146665124	212.993	7	-1.725	1.208	0	
0	1315.813	403.893	7066.42900425	0.970957006529	186.4652	7	-0.763	1.388	0	
0	607.275	517.245	1403.45987292	0.936698877952	206.1605	7	0.259	0.681	0	
0	1007.642	523.520	951.480736352	0.919602196659	180.3439	7	-0.448	0.757	0	
0	595.106	525.275	7474.80728176	0.978137704323	214.3642	7	-0.489	0.971	0	
0	599.550	525.613	3215.14082483	0.963829023624	219.2799	7	-0.527	0.738	0	
0	962.748	554.905	2077.7820975	0.889610704409	231.7054	7	-0.589	0.750	0	
0	965.898	557.293	5039.64563613	0.954992586021	205.1405	7	-0.435	0.868	0	
0	972.067	557.354	4222.79501306	0.959400631516	204.0036	7	-0.240	1.098	0	
0	963.049	558.502	1213.38885046	0.862184081073	212.951	7	-0.211	0.688	0	
0	956.855	561.894	3363.56635748	0.945366045958	200.2725	7	0.116	0.781	0	
0	965.361	565.050	717.133482658	0.834833753724	187.2887	7	-3.030	1.158	0	
0	629.079	534.281	3930.06741342	0.973643569799	181.6374	7	-0.353	0.736	0	
0	630.141	542.139	3522.08635618	0.976337566583	179.8163	7	-0.338	0.591	0	
0	628.320	547.960	4130.4750199	0.970957006529	179.0225	7	-0.556	0.794	0	
0	625.855	551.483	2445.6820721	0.906149802232	191.2994	7	-0.115	0.831	0	
0	622.899	558.838	3448.25996553	0.951480736352	199.2736	7	0.531	0.807	0	
0	994.866	546.082	6420.96052568	0.970957006529	194.8277	7	-0.763	1.250	0	
0	979.265	567.723	6137.62005165	0.973643569799	184.4695	7	-0.588	1.128	0	
0	385.721	808.202	1791.43064841	0.89784217091	197.4757	7	-0.341	0.565	0	
0	385.383	811.053	2698.98207347	0.930679183163	198.5507	7	-0.270	0.522	0	
0	386.159	827.670	3698.2817978	0.918755601666	225.9618	7	-0.141	0.543	0	
0	365.162	849.985	677.953644924	0.761377432456	205.318	7	-1.373	0.834	0	
0	372.654	855.732	3664.37574648	0.907820530178	195.4516	7	-0.171	0.870	0	
0	1292.945	813.672	600.896950483	0.827942163712	176.9193	7	-1.827	0.994	0	
0	1231.612	913.711	3483.37315036	0.825657632621	202.9014	7	-0.476	1.103	0	
0	1236.353	946.196	3107.42031039	0.937562006926	277.2709	7	-0.106	0.882	0	
0	1239.079	950.787	1470.9570768	0.870963589956	274.6344	7	-0.705	0.749	0	
0	1225.426	967.907	4313.20400699	0.962941712972	212.8956	7	0.051	0.973	0	
0	1216.981	944.681	4269.72594048	0.942757508527	260.9736	7	-0.197	0.710	0	
0	1212.530	965.546	1376.57538651	0.932395137541	193.3583	7	0.581	0.849	0	
0	1222.366	940.502	4651.57470302	0.962055219186	292.4554	7	-0.056	1.273	0	
0	570.159	972.426	1285.87869263	0.941889596523	175.5281	7	-1.122	0.764	0	
0	405.772	107.064	3634.12616064	0.967386449969	181.9799	8	-0.177	0.694	0	
0	390.251	113.940	2064.42923207	0.886339287328	194.7782	8	0.006	0.646	0	
0	387.911	114.877	3522.08635618	0.918755601666	194.8041	8	-0.013	0.639	0	
0	394.710	120.289	14601.5849681	0.892072188725	209.3083	8	-0.094	0.770	0	
0	394.866	123.712	5400.07759067	0.897015608415	222.8007	8	-0.161	0.663	0	
0	392.633	124.428	2240.78402679	0.819596320482	208.831	8	-0.295	0.634	0	
0	388.644	124.595	3203.31760085	0.854279529905	196.1722	8	-0.196	0.657	0	
0	395.509	129.076	3735.94092259	0.912010839356	224.298	8	-0.078	0.549	0	
0	416.616	116.038	8653.66342956	0.978137704323	176.0746	8	-0.333	1.009	0	
0	842.900	210.302	2516.51776161	0.941022483527	199.4901	8	-1.074	0.908	0	
0	832.313	215.604	5405.05353709	0.958517397686	322.8757	8	-0.864	1.202	0	
0	847.537	212.698	3640.82663789	0.718455708793	192.1335	8	-0.365	0.791	0	
0	1245.097	190.896	7557.8801368	0.983558056227	179.4389	8	-0.025	0.833	0	
0	1229.774	289.710	1997.10086603	0.89949758153	371.6349	8	0.870	0.920	0	
0	1248.826	286.869	607.575146106	0.82035154433	207.2009	8	0.178	0.675	0	
0	1244.507	290.479	5321.08259267	0.976337566583	337.1567	8	-0.273	0.652	0	
0	966.574	302.442	8456.68200099	0.967386449969	198.3252	8	-0.622	1.883	0	
0	960.143	307.091	6661.92900223	0.962055219186	205.7375	8	-0.822	1.808	0	
0	82.692	330.879	6480.37294192	0.945366045958	205.8258	8	-0.136	0.614	0	
0	85.010	327.543	8188.41791901	0.949729657362	201.8916	8	-1.063	1.773	0	
0	85.084	331.578	7211.07479183	0.927256742581	205.4209	8	-0.253	0.885	0	
0	89.273	341.889	2093.14830345	0.923846887538	206.9902	8	-0.822	0.746	0	
0	95.374	345.021	842.55837534	0.783429642766	206.0318	8	-1.932	0.869	0	
0	67.102	363.795	4617.42659477	0.960284679209	186.4451	8	-0.786	1.062	0	
0	65.912	367.338	2043.61932108	0.91453430312	182.845	8	-1.835	1.185	0	
0	70.884	372.728	4085.07467663	0.619441075077	190.0342	8	-0.868	1.356	0	
0	952.518	331.130	7848.74103489	0.97185170294	195.7677	8	-0.327	1.338	0	
0	992.813	351.435	3705.10056302	0.918755601666	213.0114	8	-0.254	0.712	0	
0	608.700	354.981	1480.4713249	0.945366045958	189.1547	8	-0.276	0.493	0	
0	653.620	402.240	5267.44488332	0.958517397686	205.4879	8	-0.660	0.878	0	
0	707.105	428.302	3042.28572748	0.793596968196	214.5789	8	-0.941	1.340	0	
0	709.069	429.491	5818.35211048	0.883079900419	215.2926	8	-0.674	1.364	0	
0	318.441	464.731	2255.27756675	0.954992586021	214.1679	8	-0.719	0.652	0	
0	319.033	475.659	2165.70849471	0.912010839356	218.3213	8	-1.612	1.271	0	
0	334.105	470.793	774.818532776	0.874178256401	196.034	8	-0.963	0.636	0	
0	329.535	466.499	786.321227458	0.868560350349	204.8238	8	-1.298	0.849	0	
0	334.729	489.171	1593.67588103	0.906149802232	180.8098	8	-1.536	1.095	0	
0	334.159	492.724	1741.00492635	0.92896638678	179.8864	8	-0.805	0.879	0	
0	323.454	493.160	4329.12374503	0.963829023624	202.2859	8	-0.034	0.725	0	
0	325.791	495.663	3116.01830311	0.952357486192	201.6372	8	0.002	0.671	0	
0	304.508	482.563	8150.79555612	0.98265258283	295.8422	8	-0.084	0.735	0	
0	305.071	496.569	1995.26231497	0.919602196659	231.3967	8	-1.251	1.072	0	
0	298.339	494.968	2403.25580493	0.955872571885	227.2762	8	0.364	0.770	0	
0	298.892	481.923	6367.95520908	0.979039017448	244.7233	8	0.379	0.756	0	
0	293.642	489.724	2514.20103016	0.953235043921	223.0602	8	-0.759	0.789	0	
0	290.491	494.981	4429.961991	0.973643569799	190.8877	8	-0.273	0.634	0	
0	293.935	495.715	837.915067438	0.87256944277	208.5352	8	0.721	0.753	0	
0	294.546	475.963	1527.56605824	0.936698877952	206.0637	8	-0.367	0.789	0	
0	295.394	485.894	6606.93448008	0.976337566583	230.1978	8	-0.275	0.906	0	
0	287.578	491.743	1481.83551752	0.92811117102	189.443	8	0.531	0.764	0	
0	289.471	473.034	3739.38343643	0.967386449969	196.5499	8	0.072	0.923	0	
0	288.128	483.104	3851.23482429	0.956753368618	192.1115	8	-0.294	0.655	0	
0	284.488	483.595	4273.66031497	0.965606098542	189.5039	8	-0.162	0.626	0	
0	284.532	474.950	2288.75865706	0.954113410282	193.3073	8	-0.653	0.883	0	
0	286.901	480.233	3139.06276914	0.92896638678	194.0433	8	-0.634	0.932	0	
0	282.995	480.760	2721.44774645	0.940156168804	188.195	8	-0.399	0.770	0	
0	950.539	504.807	5717.41872918	0.965606098542	181.8987	8	0.850	1.204	0	
0	606.874	530.882	1506.60706619	0.896189806862	231.5063	8	-2.354	0.991	0	
0	993.454	529.464	1037.52841582	0.862184081073	205.5418	8	-3.608	1.405	0	
0	924.060	580.155	423.058085777	0.77054853663	181.6308	8	-0.967	1.095	0	
0	1292.740	581.238	1512.16784879	0.932395137541	171.9776	8	-1.752	1.020	0	
0	367.855	835.999	1853.53162341	0.934114255736	203.8303	8	0.089	0.736	0	
0	384.158	845.247	3525.33181196	0.918755601666	195.956	8	-0.587	0.806	0	
0	382.143	848.062	2924.15237784	0.664354681976	195.3831	8	-0.625	0.795	0	
0	369.865	847.089	5959.36519256	0.970063133784	213.0886	8	-0.294	0.797	0	
0	751.200	868.785	947.981801011	0.802416776309	193.1375	8	0.614	0.947	0	
0	728.399	870.055	2053.05223928	0.94710907947	218.3483	8	-0.775	0.775	0	
0	415.955	878.500	5786.28738818	0.970957006529	180.9981	8	-0.612	1.193	0	
0	934.533	891.739	1344.00226308	0.847227414141	191.9982	8	-0.839	1.134	0	
0	929.341	897.511	2657.05167036	0.965606098542	195.3709	8	-0.049	0.683	0	
0	937.917	904.203	3561.22980943	0.925550244763	189.8333	8	-1.852	1.261	0	
0	1259.009	952.967	1674.94287603	0.871766146602	191.2272	8	-2.646	1.777	0	
0	1231.144	975.008	1215.62605524	0.866961875758	196.6275	8	-3.164	1.290	0	
0	248.637	935.431	10616.955572	0.972747223777	181.9184	8	-0.582	1.634	0	
0	251.538	938.820	10167.1680047	0.964717151896	181.9344	8	-0.789	1.966	0	
0	247.000	943.305	8645.69678034	0.977237220956	177.6414	8	-0.438	1.004	0	
0	1208.655	953.645	4096.3777637	0.970957006529	198.8023	8	0.591	0.919	0	
0	1254.176	964.254	1480.4713249	0.902817564966	191.8142	8	0.567	1.001	0	
0	1250.409	965.699	2921.46037388	0.942757508527	190.1519	8	0.087	0.973	0	
0	838.784	987.162	6588.70404334	0.970063133784	241.0378	8	-0.390	0.995	0	
0	845.590	1003.117	1230.26877081	0.902817564966	327.3214	8	-1.573	1.119	0	
0	828.570	987.647	4566.6738965	0.82337940521	204.3611	8	-0.808	1.207	0	
0	819.889	997.270	1293.0043918	0.886339287328	198.9273	8	-0.922	1.279	0	
0	1242.670	975.262	2560.94351716	0.954992586021	198.8716	8	-0.550	0.931	0	
0	407.429	114.705	4499.87033872	0.948855326728	187.4346	9	-1.008	0.904	0	
0	410.734	121.838	5081.59442561	0.973643569799	202.5024	9	0.173	0.549	0	
0	416.685	120.726	2764.39437122	0.954992586021	183.9038	9	-0.208	0.616	0	
0	390.756	127.424	5375.26648787	0.972747223777	201.1831	9	-0.243	0.499	0	
0	422.857	134.529	4369.18063385	0.964717151896	194.201	9	-0.309	0.558	0	
0	393.936	136.649	1715.53664773	0.939290651618	191.6367	9	-0.250	0.452	0	
0	394.611	140.018	2997.78167158	0.951480736352	190.569	9	0.024	0.488	0	
0	412.562	131.495	4988.8448746	0.964717151896	274.3347	9	0.188	0.652	0	
0	428.740	150.931	1799.69951658	0.939290651618	191.8008	9	0.186	0.820	0	
0	430.262	137.637	2463.76907672	0.947981801011	186.1021	9	0.878	0.970	0	
0	1246.796	180.309	7406.27783668	0.978137704323	171.6949	9	-0.074	1.147	0	
0	819.962	190.758	3538.34356815	0.908657048958	201.4975	9	-0.345	1.089	0	
0	839.952	193.087	2787.40452032	0.941889596523	194.5642	9	-0.666	0.998	0	
0	836.490	219.047	3577.66769936	0.859805066661	250.4897	9	-0.558	0.791	0	
0	1213.880	290.274	5016.49056773	0.846447448098	204.762	9	-0.321	1.102	0	
0	1044.844	335.012	962.941712972	0.898669495048	183.558	9	-0.264	0.744	0	
0	1047.689	338.728	4826.14093269	0.970957006529	185.9225	9	-0.195	0.764	0	
0	1046.844	342.074	1256.60852008	0.906149802232	190.737	9	-0.549	0.747	0	
0	1212.157	326.643	8480.0809889	0.972747223777	202.1354	9	-0.306	1.542	0	
0	1019.233	346.363	1598.08545947	0.916220490122	254.8883	9	-0.839	0.804	0	
0	1017.389	353.593	8317.63771103	0.97543874044	209.1264	9	-0.299	0.828	0	
0	1003.483	351.611	5062.90758346	0.957634976969	229.4757	9	0.173	0.764	0	
0	989.444	363.074	890.430443594	0.795792789897	192.0614	9	-3.020	1.097	0	
0	1269.387	367.280	4269.72594048	0.951480736352	189.4294	9	-0.290	0.996	0	
0	719.733	391.437	3544.86744474	0.958517397686	183.0533	9	-0.023	0.446	0	
0	718.603	394.405	2344.22881532	0.919602196659	185.6151	9	0.047	0.695	0	
0	716.872	397.177	8024.16776309	0.967386449969	193.4486	9	-0.014	0.952	0	
0	721.908	413.217	3551.40334983	0.941889596523	268.9797	9	-0.724	0.972	0	
0	727.994	411.760	2208.00473302	0.609817663999	260.104	9	-0.532	0.789	0	
0	729.081	413.013	3218.10344309	0.720443620415	256.3201	9	-0.249	0.755	0	
0	721.268	416.550	5812.99567725	0.960284679209	261.3757	9	-0.142	1.077	0	
0	731.938	410.980	3970.08678112	0.92811117102	247.449	9	-0.346	0.895	0	
0	737.079	403.828	2183.7353276	0.917064749115	183.6286	9	-0.702	1.035	0	
0	740.865	417.454	1903.70653174	0.897015608415	192.2582	9	-1.075	0.812	0	
0	744.008	414.747	7855.97332261	0.950604793656	185.5378	9	-0.055	0.697	0	
0	745.859	417.572	2924.15237784	0.891250938134	186.1888	9	-0.103	0.700	0	
0	735.229	426.963	3794.89706208	0.952357486192	201.7056	9	-0.402	0.833	0	
0	698.373	403.370	527.715681765	0.807606861329	214.248	9	-3.015	0.728	0	
0	951.304	512.947	579.161921083	0.864569678034	188.3824	9	-2.060	0.583	0	
0	597.158	531.995	4036.45392968	0.956753368618	218.7534	9	-1.008	1.043	0	
0	972.129	532.997	1587.81536421	0.943626220277	211.5527	9	-0.336	0.795	0	
0	968.456	537.101	906.149802232	0.868560350349	220.5859	9	0.040	0.635	0	
0	973.440	541.146	1921.3213114	0.917909786057	214.0125	9	1.607	1.095	0	
0	948.595	557.357	5613.06407675	0.938425931237	212.573	9	-0.051	0.638	0	
0	950.079	559.475	3624.098559	0.898669495048	212.5272	9	0.219	0.729	0	
0	615.761	550.144	5701.64272281	0.978137704323	211.0432	9	-0.315	0.783	0	
0	621.885	553.603	4085.07467663	0.967386449969	201.8174	9	-0.070	0.718	0	
0	925.000	575.081	7550.92227665	0.848789503007	182.8866	9	-0.394	1.237	0	
0	926.497	576.166	2951.20922667	0.681710526306	182.9715	9	-0.827	1.133	0	
0	388.400	829.630	6754.60566634	0.923846887538	213.6173	9	-0.247	0.582	0	
0	390.558	830.046	4421.80921074	0.886339287328	206.1985	9	-0.382	0.555	0	
0	371.826	830.457	5587.27438994	0.944495732508	243.1549	9	-0.238	0.769	0	
0	369.658	824.964	1102.5543321	0.890430443594	189.2466	9	-0.405	0.703	0	
0	375.917	848.705	4487.45389933	0.968277856261	205.0565	9	-0.128	0.644	0	
0	363.411	845.411	3970.08678112	0.957634976969	205.5856	9	-0.716	0.797	0	
0	724.500	856.608	2664.40352772	0.954992586021	214.5518	9	-0.917	0.796	0	
0	723.929	862.745	1816.35193118	0.920449571753	221.5359	9	-1.561	0.941	0	
0	751.024	865.019	3287.00223969	0.931536765239	191.4917	9	-0.382	0.839	0	
0	749.336	873.873	3858.33559905	0.949729657362	201.5361	9	-1.134	1.073	0	
0	749.227	878.389	1301.36763011	0.878213279898	198.5083	9	-1.253	1.021	0	
0	741.823	879.141	3691.47558165	0.917064749115	201.9141	9	0.285	0.638	0	
0	742.384	885.108	1189.04967899	0.874178256401	193.1216	9	0.643	0.671	0	
0	936.787	871.647	1639.83442763	0.922146665124	179.8193	9	1.082	1.357	0	
0	1249.813	947.578	4168.6938347	0.934114255736	222.151	9	-0.349	1.427	0	
0	1254.105	951.377	4458.61527948	0.923846887538	201.7898	9	0.062	1.005	0	
0	1233.448	964.557	5176.06831951	0.941889596523	210.1881	9	0.147	0.752	0	
0	1219.011	952.953	2278.24276625	0.814329185209	259.9224	9	0.104	0.795	0	
0	851.556	957.738	1449.43919129	0.905315591648	199.7702	9	1.177	1.121	0	
0	854.528	960.291	4512.32113344	0.939290651618	206.702	9	0.059	0.915	0	
0	853.576	962.930	5850.5945195	0.958517397686	208.6872	9	-0.196	0.801	0	
0	850.956	968.231	3554.67581999	0.947981801011	213.3324	9	0.047	0.709	0	
0	868.189	982.797	5505.54098485	0.946237161366	175.3108	9	-0.787	1.544	0	
0	855.513	996.990	1206.70190959	0.873373479142	299.4684	9	-0.841	1.291	0	
0	1028.825	988.814	5850.5945195	0.913692373681	222.2688	9	-0.158	1.020	0	
0	1246.188	984.524	4716.284553	0.960284679209	194.1655	9	0.539	1.335	0	
0	415.390	138.545	8994.9758153	0.962055219186	227.7585	10	-0.257	0.548	0	
0	413.854	157.882	3597.49335156	0.970957006529	196.2061	10	-0.421	0.662	0	
0	824.172	195.795	6810.82936768	0.957634976969	203.4184	10	-0.486	1.213	0	
0	814.329	194.165	3159.36643568	0.926403100736	201.6445	10	-0.524	0.967	0	
0	816.069	196.919	1425.6075936	0.854279529905	202.9863	10	-1.072	1.017	0	
0	824.908	200.286	5114.46251596	0.933254300797	215.7179	10	-0.194	0.819	0	
0	823.528	202.408	935.836543584	0.704693068967	226.4859	10	-0.420	0.798	0	
0	810.919	198.662	2130.10003741	0.905315591648	200.7647	10	-0.972	0.887	0	
0	823.051	226.615	3883.29157005	0.965606098542	230.6358	10	-0.120	0.510	0	
0	1242.251	194.352	6956.64753528	0.974540741766	180.9113	10	-0.191	1.059	0	
0	1226.580	280.489	5095.65480608	0.957634976969	216.2685	10	-0.846	1.317	0	
0	1244.236	275.521	2860.22369395	0.934114255736	204.0994	10	-0.657	1.125	0	
0	1252.152	280.744	2873.42588667	0.890430443594	196.2795	10	-0.187	0.720	0	
0	1213.872	285.890	3379.09187438	0.918755601666	204.7021	10	-0.255	0.885	0	
0	1228.438	314.574	8031.56169923	0.90032643106	231.0811	10	0.032	0.668	0	
0	1251.218	316.642	1671.8603572	0.614893638513	190.1613	10	-0.188	1.225	0	
0	1242.514	316.612	3940.94160732	0.934975003089	196.6876	10	-0.449	1.120	0	
0	64.375	338.645	3756.64364614	0.919602196659	198.6859	10	-0.493	0.861	0	
0	76.157	331.186	941.889596523	0.782708409591	208.9389	10	-0.571	0.584	0	
0	78.698	332.060	629.216351288	0.737224908104	205.3329	10	-0.897	0.491	0	
0	90.452	369.432	8218.64080389	0.851138038202	217.6708	10	-0.219	0.866	0	
0	93.444	386.733	11397.2480402	0.926403100736	187.3936	10	0.387	1.014	0	
0	89.641	388.681	2723.95544712	0.940156168804	186.4365	10	0.681	1.022	0	
0	93.316	388.825	2498.04351871	0.721771949669	185.9577	10	0.181	0.938	0	
0	332.458	482.548	1012.0454111	0.835603018231	188.3906	10	-2.108	1.295	0	
0	314.638	486.109	5435.00565129	0.903649473722	277.5503	10	-0.429	0.911	0	
0	611.317	512.816	2409.90542869	0.950604793656	195.508	10	1.031	0.823	0	
0	624.167	523.656	1388.03366657	0.904482149048	183.9473	10	-1.394	0.777	0	
0	617.976	527.409	4861.83258465	0.962941712972	209.9871	10	-0.363	0.567	0	
0	612.605	524.636	1630.79736102	0.912851219331	210.8374	10	-1.295	0.846	0	
0	614.696	530.754	9111.71233043	0.964717151896	233.4149	10	-0.177	0.854	0	
0	617.445	531.082	1444.10908442	0.809095899178	224.7832	10	-0.788	0.783	0	
0	1007.315	528.303	6426.87717317	0.973643569799	181.4607	10	-0.652	1.123	0	
0	957.765	538.390	3787.91303785	0.89536476555	221.0136	10	-0.107	0.709	0	
0	956.866	541.148	1499.6848355	0.739945954313	230.8954	10	-0.548	0.705	0	
0	959.164	542.518	8410.07754069	0.935836543584	232.3111	10	-0.081	0.878	0	
0	962.767	539.750	1240.50923004	0.843334757764	222.0457	10	-0.471	0.740	0	
0	962.446	543.952	5395.10622515	0.954992586021	234.3784	10	-0.281	0.930	0	
0	605.299	538.031	1931.96831702	0.923846887538	233.6409	10	-0.196	0.537	0	
0	609.185	538.057	2441.18110605	0.941022483527	236.5396	10	-0.592	0.640	0	
0	607.102	541.033	2337.76041227	0.91033239968	226.7317	10	0.169	0.631	0	
0	604.818	542.620	2339.91456106	0.926403100736	218.3952	10	-0.186	0.528	0	
0	384.391	801.513	7841.51540528	0.98446436398	186.1446	10	-0.064	0.735	0	
0	1291.363	809.745	4533.14906146	0.963829023624	176.4035	10	-0.784	1.293	0	
0	1022.911	1002.692	6462.49172495	0.90115604434	267.9857	10	0.540	1.874	0	
0	1046.150	1003.106	5105.04999975	0.92299638484	187.5939	10	0.338	0.811	0	
0	1026.552	1005.574	9028.17564966	0.894540483779	251.3089	10	-0.089	3.000	0	
0	399.391	107.365	2259.43577022	0.944495732508	191.0807	11	0.258	0.794	0	
0	403.096	109.972	1128.23612165	0.72710980316	189.1957	11	-0.700	0.645	0	
0	393.196	111.225	1633.8041693	0.937562006926	193.7334	11	-0.222	0.557	0	
0	397.842	111.531	2163.71472178	0.951480736352	192.6718	11	0.276	0.590	0	
0	408.447	110.196	3033.89118419	0.959400631516	181.2532	11	-0.596	0.675	0	
0	394.598	115.522	3022.73448004	0.939290651618	196.1734	11	0.212	0.489	0	
0	397.212	117.483	1523.35106315	0.880643228418	203.7995	11	0.034	0.547	0	
0	393.005	119.033	3644.18150789	0.885523314503	205.2065	11	0.031	0.406	0	
0	390.320	122.965	7291.21659995	0.969170083947	201.7996	11	0.016	0.351	0	
0	400.235	127.272	2309.93628017	0.954992586021	244.6099	11	-0.436	0.474	0	
0	393.673	130.305	1218.98959892	0.913692373681	202.3576	11	0.047	0.393	0	
0	397.120	132.931	2805.43363795	0.962055219186	215.1492	11	0.409	0.455	0	
0	419.901	127.550	2551.52601091	0.663743070402	192.4319	11	-0.640	0.655	0	
0	835.188	221.033	5100.35023959	0.950604793656	257.8174	11	-0.642	0.804	0	
0	841.685	223.448	4122.87340723	0.955872571885	216.1946	11	-0.085	0.523	0	
0	843.914	225.751	2361.56552392	0.90032643106	212.8734	11	-0.363	0.544	0	
0	842.847	228.518	4168.6938347	0.943626220277	220.4192	11	-0.233	0.595	0	
0	1223.376	267.105	1370.25059712	0.834833753724	189.7206	11	-0.391	0.777	0	
0	1237.616	309.782	2676.70185563	0.94710907947	238.529	11	-0.658	0.730	0	
0	1253.409	313.134	3847.68933894	0.94710907947	189.2946	11	-0.320	1.113	0	
0	1236.800	314.609	1122.0184543	0.803896244857	204.3592	11	-0.781	0.701	0	
0	1217.335	284.452	6025.59586074	0.964717151896	208.1845	11	-0.547	1.047	0	
0	1024.179	324.952	3708.51465876	0.959400631516	179.2226	11	-0.247	1.045	0	
0	1046.666	327.764	1598.08545947	0.923846887538	180.2542	11	-0.788	1.150	0	
0	92.546	343.906	3567.79588289	0.963829023624	205.9263	11	0.301	0.667	0	
0	1013.395	350.060	3770.50915833	0.936698877952	250.959	11	-0.521	0.950	0	
0	1008.840	353.557	3742.82912241	0.955872571885	252.205	11	-0.529	0.836	0	
0	1014.079	355.165	2632.69167422	0.944495732508	240.6327	11	-0.876	0.663	0	
0	1011.104	356.672	989.919775081	0.871766146602	254.3499	11	-1.140	0.600	0	
0	1000.921	352.719	2674.23765709	0.949729657362	223.2901	11	-0.197	0.675	0	
0	1004.627	356.253	1973.33127954	0.932395137541	237.6921	11	-0.743	0.769	0	
0	1020.830	356.005	449.572771302	0.683596766838	212.6312	11	-6.076	0.943	0	
0	997.483	347.045	5157.03406303	0.962941712972	213.4177	11	-0.109	1.012	0	
0	1003.448	361.085	6522.28842466	0.970063133784	218.4725	11	-0.341	1.098	0	
0	1014.387	364.107	2627.84654084	0.906984781506	181.1679	11	2.368	1.910	0	
0	721.512	396.976	2039.85830027	0.947981801011	186.7948	11	-0.492	0.544	0	
0	733.743	408.356	1908.97394112	0.92896638678	218.3184	11	-0.386	0.675	0	
0	712.955	407.941	2130.10003741	0.860597341193	247.0195	11	-3.751	2.062	0	
0	317.412	471.132	5551.36777435	0.953235043921	217.5363	11	-0.842	1.302	0	
0	289.247	487.972	4583.52917438	0.974540741766	201.3448	11	0.283	0.526	0	
0	950.414	543.593	6120.6845887	0.866961875758	228.2347	11	-0.075	0.676	0	
0	976.557	551.372	4043.89620508	0.952357486192	212.5089	11	-0.913	1.017	0	
0	625.783	557.498	6257.48763354	0.979039017448	198.0909	11	0.107	0.582	0	
0	379.446	812.482	1681.12497448	0.929822390585	195.4261	11	-0.019	0.737	0	
0	382.704	835.376	5350.56938173	0.946237161366	266.8387	11	-0.011	0.503	0	
0	372.659	817.217	3268.88769247	0.952357486192	186.7023	11	-0.821	1.044	0	
0	388.044	839.263	1975.14962206	0.926403100736	196.1559	11	-1.004	0.742	0	
0	362.906	839.634	830.233015925	0.89784217091	203.571	11	-0.634	0.539	0	
0	1253.165	947.256	4970.49910576	0.77196924761	204.4898	11	0.109	0.880	0	
0	1033.969	983.588	4924.92929605	0.962941712972	213.3197	11	-0.088	0.681	0	
0	1037.226	984.304	2452.44908607	0.927256742581	212.6362	11	-0.457	0.746	0	
0	1026.466	984.593	3812.41351104	0.959400631516	215.4368	11	-0.015	0.812	0	
0	1032.116	986.905	1564.58801804	0.920449571753	218.7233	11	0.204	0.607	0	
0	1023.132	985.992	2934.94522227	0.936698877952	205.215	11	0.778	0.957	0	
0	1027.818	991.197	4321.1565447	0.937562006926	239.8424	11	-0.237	0.836	0	
0	1039.039	993.157	8248.97523935	0.97543874044	215.6737	11	0.030	0.530	0	
0	1015.482	986.424	1933.7485453	0.946237161366	196.588	11	0.640	0.718	0	
0	1015.386	993.544	1141.82618955	0.909494338555	206.245	11	0.179	0.618	0	
0	1038.611	997.542	2908.03748274	0.935836543584	226.7954	11	-0.324	0.809	0	
0	1033.404	998.005	5214.34785414	0.962941712972	240.7893	11	-0.247	0.876	0	
0	1012.867	990.763	4313.20400699	0.973643569799	198.669	11	0.106	0.630	0	
0	1008.422	995.663	1901.95396044	0.931536765239	197.9484	11	0.119	0.645	0	
0	1010.666	998.375	1052.93121284	0.882266928218	201.8004	11	-0.136	0.580	0	
0	1014.645	999.018	4613.1757456	0.963829023624	208.329	11	-0.274	0.657	0	
0	1033.980	1001.955	1850.12043477	0.868560350349	320.1005	11	0.340	0.889	0	
0	840.455	1004.669	546.009249754	0.719117735783	315.6956	11	-4.969	1.577	0	
0	410.433	145.536	6668.06769214	0.962941712972	209.8844	12	-0.402	0.827	0	
0	407.834	150.922	4369.18063385	0.954992586021	203.7611	12	-0.473	0.754	0	
0	1188.412	148.346	6540.33509449	0.973643569799	174.8627	12	-0.210	1.360	0	
0	821.843	193.144	7138.38553602	0.967386449969	203.7202	12	-0.154	0.833	0	
0	815.200	190.528	6362.09280574	0.97185170294	201.4312	12	-0.554	0.901	0	
0	847.211	223.445	1411.23714841	0.916220490122	206.297	12	0.322	0.641	0	
0	840.341	236.250	2286.65160292	0.960284679209	220.0606	12	-0.384	0.568	0	
0	1224.615	269.881	1136.57997475	0.80835103739	191.1969	12	-0.148	0.566	0	
0	1226.619	271.393	3036.68678847	0.906984781506	194.3962	12	-0.191	0.721	0	
0	1247.689	281.632	2459.23482385	0.850354472	205.7388	12	0.065	0.687	0	
0	1250.712	283.579	3136.17291651	0.952357486192	200.0646	12	-0.070	0.522	0	
0	1235.865	298.011	2868.13771267	0.932395137541	396.4954	12	0.678	1.019	0	
0	1234.068	301.289	2339.91456106	0.853493071614	357.0378	12	1.108	1.028	0	
0	1234.088	304.124	4409.60816451	0.912010839356	337.3286	12	0.255	0.985	0	
0	1246.174	316.525	2596.56979027	0.912851219331	193.5734	12	-0.577	0.690	0	
0	1225.173	286.661	4157.19120675	0.92811117102	272.0215	12	-0.218	0.825	0	
0	1226.452	289.953	1408.63994636	0.850354472	308.1649	12	0.082	0.634	0	
0	1218.109	291.343	1293.0043918	0.818841791901	217.0291	12	-0.290	0.558	0	
0	1224.330	312.983	3756.64364614	0.940156168804	220.3484	12	0.030	0.681	0	
0	1215.396	292.007	1476.38627775	0.795792789897	207.1986	12	-1.311	0.906	0	
0	1214.649	301.969	1766.85129845	0.84255837534	210.5235	12	-0.916	0.822	0	
0	1037.048	328.548	1144.98553469	0.616595001861	181.0989	12	-0.791	0.910	0	
0	1024.685	338.635	6234.47661105	0.831763771103	250.476	12	-0.069	1.176	0	
0	1047.909	345.906	3118.88958409	0.968277856261	192.7427	12	-0.086	0.670	0	
0	1029.625	350.204	1540.28114807	0.877404787957	222.931	12	-3.017	1.425	0	
0	1272.066	364.959	6937.45213942	0.969170083947	190.8806	12	-0.275	1.337	0	
0	330.417	486.011	5390.13943633	0.966495864314	208.4358	12	-0.458	1.025	0	
0	303.129	493.108	3773.98352537	0.950604793656	239.8021	12	-0.911	0.886	0	
0	307.456	493.167	404.762248688	0.695024317589	240.0926	12	-4.365	0.856	0	
0	312.774	496.585	5505.54098485	0.945366045958	228.0552	12	-0.426	0.924	0	
0	315.936	498.977	5520.77439281	0.952357486192	221.2012	12	-0.215	0.814	0	
0	313.300	499.563	714.496326076	0.607015806341	223.2353	12	-1.901	0.902	0	
0	307.868	501.384	1517.74915586	0.907820530178	219.8706	12	-0.668	0.752	0	
0	312.316	503.106	4119.07784868	0.956753368618	221.2187	12	-0.544	0.893	0	
0	330.156	496.635	5780.96047406	0.962055219186	193.0634	12	0.961	1.211	0	
0	955.512	535.823	2813.1960568	0.945366045958	219.6594	12	0.248	0.692	0	
0	954.926	539.591	3014.39388428	0.958517397686	222.8801	12	-0.052	0.460	0	
0	945.822	548.032	2414.34872971	0.918755601666	226.0114	12	-0.079	0.496	0	
0	969.921	551.035	2407.68684561	0.944495732508	215.5785	12	0.197	0.589	0	
0	967.967	554.024	2839.22623942	0.950604793656	210.349	12	-0.427	0.550	0	
0	953.726	555.867	1612.87236217	0.797260045367	231.9677	12	-0.580	0.818	0	
0	955.715	558.149	7848.74103489	0.955872571885	226.1008	12	-0.001	0.796	0	
0	381.292	849.381	4870.79666493	0.967386449969	195.3196	12	-0.040	0.579	0	
0	383.152	853.080	2102.80983704	0.943626220277	193.6418	12	-0.868	0.692	0	
0	374.705	853.886	5948.39774069	0.97543874044	196.1478	12	0.289	0.637	0	
0	755.444	876.883	1363.95486751	0.941022483527	192.2805	12	0.681	0.644	0	
0	748.235	864.889	4495.72771302	0.965606098542	198.3666	12	0.229	0.827	0	
0	738.216	865.112	3206.26932451	0.960284679209	223.7709	12	-0.354	0.665	0	
0	735.583	867.988	948.855326728	0.879022516831	218.7623	12	-0.540	0.736	0	
0	737.842	872.675	2004.47202737	0.936698877952	213.6724	12	-0.878	0.821	0	
0	745.042	876.752	4153.36405489	0.965606098542	205.4526	12	0.202	0.717	0	
0	741.503	881.746	5109.75409055	0.974540741766	194.9774	12	-0.135	0.494	0	
0	1226.270	913.073	1492.79440958	0.908657048958	203.6976	12	0.275	0.810	0	
0	1222.048	913.130	2350.71511594	0.951480736352	203.6345	12	-0.173	0.786	0	
0	1231.074	915.932	1397.01156054	0.901986422074	203.2418	12	0.746	0.841	0	
0	1219.247	915.394	3735.94092259	0.966495864314	204.937	12	0.101	0.802	0	
0	1249.295	928.348	2339.91456106	0.955872571885	199.7971	12	-0.197	0.832	0	
0	1252.436	931.852	2751.69313281	0.955872571885	199.1458	12	-0.054	0.921	0	
0	1251.345	937.385	1555.96563161	0.952357486192	200.0605	12	0.173	0.566	0	
0	1226.419	955.442	3999.44749761	0.962941712972	262.7029	12	-0.224	0.805	0	
0	1230.697	963.907	8637.73746529	0.962055219186	250.2686	12	-0.131	0.681	0	
0	1247.341	968.578	1488.67535949	0.913692373681	196.303	12	1.066	1.025	0	
0	850.973	996.267	6373.82301438	0.795792789897	303.9812	12	-0.417	1.355	0	
0	834.983	1002.708	3715.35229097	0.923846887538	274.2524	12	-1.328	1.771	0	
0	1047.100	1000.143	4677.35141287	0.952357486192	186.2117	12	0.012	0.880	0	
0	816.698	1001.777	7277.79804537	0.968277856261	195.7942	12	-0.281	1.658	0	
0	399.652	120.825	1671.8603572	0.92299638484	231.4588	13	-0.446	0.504	0	
0	1243.219	267.623	2500.3453617	0.92896638678	193.2457	13	-1.019	1.408	0	
0	1247.408	279.181	4504.01678168	0.958517397686	203.5485	13	-0.373	0.700	0	
0	1234.616	311.673	5986.87237248	0.906984781506	235.1215	13	0.001	0.499	0	
0	1221.855	284.403	7040.4432147	0.856643255582	212.7041	13	-0.354	0.833	0	
0	1234.158	313.724	2409.90542869	0.779112191113	204.6545	13	0.082	0.508	0	
0	1030.789	327.307	3078.93130974	0.92299638484	180.0396	13	-0.004	0.765	0	
0	1014.202	325.823	1367.7288256	0.803156169923	188.4333	13	-1.122	1.103	0	
0	72.336	369.638	3908.40895792	0.947981801011	191.617	13	-1.130	1.159	0	
0	84.886	335.639	6918.30970919	0.972747223777	208.5826	13	0.153	0.562	0	
0	741.739	409.649	3657.63193009	0.964717151896	184.5585	13	0.037	0.700	0	
0	733.683	417.972	3502.67626914	0.942757508527	214.6604	13	0.075	0.537	0	
0	326.788	474.516	3473.76151973	0.846447448098	207.937	13	0.092	0.626	0	
0	328.784	474.635	1923.09172891	0.739945954313	202.7736	13	-0.686	0.779	0	
0	326.657	477.101	1757.1142466	0.825657632621	217.9568	13	-0.467	0.684	0	
0	327.903	480.115	5460.09249754	0.935836543584	217.2998	13	-0.216	0.907	0	
0	955.210	544.198	879.022516831	0.695664753528	232.5005	13	-0.644	0.552	0	
0	952.325	546.705	4764.30986805	0.934114255736	235.3466	13	-0.189	0.487	0	
0	951.750	549.505	5390.13943633	0.934114255736	233.7416	13	-0.194	0.486	0	
0	601.497	539.800	2346.38892446	0.949729657362	223.4224	13	0.620	0.639	0	
0	623.503	550.013	2623.01032431	0.954113410282	198.2785	13	-0.253	0.587	0	
0	386.298	822.928	4261.86805424	0.959400631516	219.8563	13	-0.624	0.545	0	
0	379.842	825.687	3173.94940856	0.954113410282	228.8819	13	-0.164	0.586	0	
0	377.113	833.594	5390.13943633	0.865366342956	260.1604	13	-0.074	0.463	0	
0	1238.480	939.460	1905.46071796	0.905315591648	263.922	13	-1.430	1.117	0	
0	1214.556	941.644	1016.71680047	0.834065197409	242.6064	13	-3.839	1.151	0	
0	1215.069	946.214	1086.42562362	0.859805066661	258.1903	13	-1.362	0.638	0	
0	1228.888	959.297	815.079555612	0.874178256401	263.5837	13	-0.165	0.533	0	
0	1234.333	948.722	2171.70084335	0.929822390585	282.1686	13	-0.697	0.742	0	
0	1218.366	965.791	1150.27054779	0.917909786057	195.1864	13	-1.287	0.664	0	
0	1238.100	953.605	3400.94806512	0.958517397686	275.214	13	-0.697	0.769	0	
0	859.289	961.850	1429.55214004	0.810587682465	211.5482	13	-0.167	0.636	0	
0	857.756	963.905	3760.10523668	0.935836543584	212.3649	13	-0.303	0.631	0	
0	856.642	966.671	1520.54752973	0.854279529905	214.6514	13	0.338	0.673	0	
0	848.559	969.713	1400.87698395	0.939290651618	212.6588	13	-0.522	0.465	0	
0	834.357	995.387	5515.69191261	0.952357486192	229.4637	13	-0.342	1.293	0	
0	1027.408	999.593	6373.82301438	0.929822390585	258.6508	13	0.122	0.618	0	
0	1025.169	1000.621	4466.83592151	0.909494338555	246.1906	13	-0.116	0.604	0	
0	1017.931	1001.463	9162.20490122	0.864569678034	231.1422	13	-0.019	0.515	0	
0	1016.395	1002.645	6674.21203858	0.887156012038	223.4832	13	-0.079	0.493	0	
0	1014.270	1003.426	5613.06407675	0.888791719885	216.3602	13	-0.041	0.393	0	
0	1016.453	1006.638	7131.8138668	0.92811117102	243.1382	13	-0.019	0.482	0	
0	420.941	118.414	2514.20103016	0.908657048958	174.5942	14	-0.290	0.548	0	
0	422.041	123.901	4554.07312683	0.926403100736	190.703	14	-0.027	0.504	0	
0	422.259	130.165	5770.32135333	0.942757508527	190.1612	14	-0.287	0.624	0	
0	419.850	131.577	2143.87766597	0.830998041044	201.1103	14	-0.265	0.535	0	
0	397.189	141.724	2973.03484968	0.965606098542	195.9381	14	0.332	0.454	0	
0	407.253	146.471	5659.78586243	0.966495864314	206.6005	14	0.090	0.669	0	
0	404.541	150.515	3101.70149948	0.847227414141	195.9228	14	-0.168	0.513	0	
0	417.592	145.294	2299.32308702	0.945366045958	211.8679	14	-0.420	0.563	0	
0	992.870	361.595	7217.71949669	0.941889596523	201.1749	14	-0.332	1.060	0	
0	725.366	399.220	1270.57410521	0.905315591648	187.8638	14	-2.091	0.815	0	
0	618.092	539.500	5445.02652842	0.956753368618	242.8634	14	-0.877	1.175	0	
0	372.181	842.409	4349.10607232	0.821107464085	221.0688	14	-0.210	0.540	0	
0	381.214	837.913	1125.12299297	0.813579505605	271.7301	14	-0.134	0.385	0	
0	369.554	851.881	1198.94704048	0.906149802232	202.5593	14	-0.087	0.607	0	
0	752.897	871.369	1211.15576298	0.916220490122	193.3727	14	0.403	0.664	0	
0	732.740	872.093	1593.67588103	0.932395137541	217.6879	14	-0.728	0.669	0	
0	732.603	877.099	1351.45005412	0.940156168804	204.9142	14	-0.538	0.556	0	
0	1228.135	951.855	851.138038202	0.832530206749	273.5414	14	-3.212	0.949	0	
0	1222.022	954.000	7943.28234724	0.962055219186	264.8829	14	-0.171	0.609	0	
0	1216.613	949.495	6637.43070402	0.934975003089	266.8691	14	-0.172	0.699	0	
0	1218.857	950.447	3438.74522229	0.879832499442	266.2666	14	-0.617	0.708	0	
0	1221.379	956.862	2271.95643774	0.890430443594	247.5038	14	-0.380	0.711	0	
0	1225.244	960.639	524.80746025	0.791407205399	242.48	14	-2.450	0.700	0	
0	1236.406	959.802	1512.16784879	0.903649473722	274.8986	14	-1.778	0.873	0	
0	1030.906	977.217	1111.73172728	0.916220490122	207.5073	14	1.500	0.730	0	
0	390.746	117.835	5199.95996534	0.91033239968	199.7284	15	0.053	0.341	0	
0	387.659	117.929	7950.60175084	0.969170083947	197.0547	15	0.085	0.342	0	
0	389.758	119.879	3718.77583325	0.87256944277	199.7581	15	0.101	0.325	0	
0	824.882	190.369	4450.4097665	0.927256742581	200.1706	15	-0.561	0.908	0	
0	832.290	197.424	5385.17721998	0.934975003089	202.9995	15	-0.149	0.738	0	
0	836.852	194.756	4014.20918204	0.964717151896	196.8458	15	-0.414	0.727	0	
0	835.356	198.271	3977.40669105	0.951480736352	202.1446	15	0.076	0.690	0	
0	845.011	216.070	3095.99321331	0.951480736352	198.5718	15	-0.571	0.743	0	
0	818.566	224.346	4017.90810849	0.927256742581	213.7456	15	-0.623	1.030	0	
0	1254.026	283.173	3141.95528464	0.918755601666	197.8166	15	-0.197	0.475	0	
0	1248.074	294.797	5485.29513941	0.871766146602	326.7141	15	-0.106	0.584	0	
0	1254.231	299.270	7606.76500766	0.972747223777	188.9247	15	-0.315	0.949	0	
0	1250.194	311.204	1986.09491736	0.89949758153	191.8302	15	-0.197	0.672	0	
0	1249.527	314.516	1340.29377342	0.861390345772	189.9669	15	-0.780	0.660	0	
0	1238.229	318.383	1608.4219824	0.925550244763	198.6394	15	-0.773	0.698	0	
0	1219.971	293.606	1926.63745952	0.947981801011	230.4736	15	-0.346	0.468	0	
0	1234.061	318.476	810.587682465	0.888791719885	216.1855	15	-0.564	0.509	0	
0	1216.319	308.380	1627.79608639	0.930679183163	215.1571	15	-0.324	0.599	0	
0	1038.783	327.614	3221.06879128	0.959400631516	180.1019	15	-0.527	0.797	0	
0	1029.072	325.016	5855.98559849	0.973643569799	178.9569	15	-0.228	0.767	0	
0	1026.790	334.945	1674.94287603	0.675460566634	231.8123	15	-1.064	0.772	0	
0	1028.744	335.257	7311.39083483	0.91033239968	227.5253	15	-0.165	0.805	0	
0	1025.568	340.457	1436.15065291	0.870963589956	255.8823	15	-1.535	0.879	0	
0	1010.719	327.516	1609.90407622	0.630376478829	194.3693	15	-0.321	0.966	0	
0	1010.459	331.224	5430.00213066	0.960284679209	200.9792	15	-0.199	0.965	0	
0	1004.227	331.123	4587.75270547	0.97185170294	205.6637	15	0.056	0.894	0	
0	1004.860	339.208	4062.56198187	0.966495864314	236.4996	15	-0.330	0.794	0	
0	74.585	338.344	5515.69191261	0.961169541516	221.5605	15	0.114	0.860	0	
0	79.372	344.188	762.781234069	0.822621393883	252.017	15	-3.953	0.885	0	
0	93.341	356.403	2374.65214365	0.92299638484	291.8659	15	-1.314	1.253	0	
0	99.787	353.730	3879.71657294	0.934114255736	204.9652	15	-1.497	1.848	0	
0	86.393	372.001	4203.39303237	0.945366045958	215.9522	15	-1.025	1.115	0	
0	90.469	376.821	568.591024699	0.761377432456	207.7466	15	-5.188	0.871	0	
0	1013.462	346.618	3179.80142769	0.91033239968	255.6284	15	-2.054	1.289	0	
0	748.189	417.751	1867.23938838	0.950604793656	183.7662	15	0.125	0.488	0	
0	745.883	422.018	1301.36763011	0.737224908104	186.6969	15	0.047	0.571	0	
0	744.031	423.086	3970.08678112	0.917064749115	196.6713	15	0.087	0.542	0	
0	740.211	428.160	1379.11346902	0.942757508527	198.1266	15	-0.120	0.485	0	
0	736.942	429.880	1914.25592502	0.940156168804	198.8906	15	0.147	0.610	0	
0	305.218	489.732	5390.13943633	0.954113410282	249.4645	15	-1.026	1.152	0	
0	965.232	536.854	1645.88694322	0.948855326728	211.3678	15	-0.045	0.478	0	
0	960.155	538.194	1801.35786467	0.935836543584	223.5792	15	0.057	0.463	0	
0	967.663	540.537	1914.25592502	0.945366045958	219.9657	15	0.100	0.577	0	
0	967.151	546.865	2062.52869785	0.937562006926	222.7756	15	-0.376	0.652	0	
0	959.499	547.014	2539.80281377	0.837143674435	239.835	15	-0.092	0.636	0	
0	952.703	543.986	1388.03366657	0.89949758153	229.3571	15	-0.379	0.449	0	
0	956.412	550.508	893.71696085	0.811334605228	246.6854	15	-0.370	0.528	0	
0	956.911	554.479	6631.32021884	0.965606098542	244.4367	15	-0.050	0.660	0	
0	959.840	556.552	737.904230129	0.787045789695	248.2327	15	-0.572	0.477	0	
0	951.015	539.433	1110.70825592	0.907820530178	224.4705	15	-0.764	0.523	0	
0	949.468	553.498	1088.42873794	0.889610704409	224.9766	15	-0.058	0.544	0	
0	959.524	559.891	5613.06407675	0.974540741766	221.1258	15	-0.186	0.393	0	
0	943.592	542.063	4470.95192463	0.974540741766	194.7584	15	0.179	0.629	0	
0	943.398	548.502	1674.94287603	0.943626220277	205.146	15	0.701	0.488	0	
0	946.448	559.712	3259.86788904	0.963829023624	205.8843	15	0.213	0.523	0	
0	356.111	841.602	3505.90383933	0.970063133784	195.9988	15	0.229	0.684	0	
0	1222.334	922.766	2696.49736354	0.918755601666	211.3079	15	0.093	0.981	0	
0	1225.400	922.982	3176.87407065	0.937562006926	209.7979	15	-0.111	0.908	0	
0	1218.881	920.020	1100.52522142	0.887156012038	211.741	15	-0.880	0.835	0	
0	1236.551	925.523	2126.17985986	0.947981801011	258.1521	15	-0.048	0.696	0	
0	1233.192	925.733	866.163741972	0.883079900419	257.9022	15	-0.347	0.686	0	
0	1231.641	931.434	1282.33058266	0.91033239968	274.0607	15	-0.119	0.781	0	
0	1239.237	920.754	2577.50786997	0.879022516831	200.9269	15	-0.681	0.978	0	
0	1240.765	928.992	1164.12602941	0.921297727669	249.6067	15	-0.317	0.754	0	
0	1234.797	930.198	4301.30263382	0.966495864314	269.4482	15	0.246	0.845	0	
0	1245.837	922.618	660.693448008	0.854279529905	199.8264	15	-2.391	0.917	0	
0	1247.966	940.267	1437.47400587	0.941889596523	219.1742	15	0.213	0.591	0	
0	1252.696	945.302	3045.08906697	0.941022483527	198.6264	15	0.195	0.756	0	
0	1251.716	952.396	4145.72031787	0.954992586021	207.1098	15	0.879	0.867	0	
0	849.807	976.083	5355.4997084	0.961169541516	220.8896	15	-0.077	1.114	0	
0	1040.896	980.135	1710.8029876	0.917909786057	206.9115	15	-0.717	0.914	0	
0	1043.252	984.758	5044.28945952	0.954113410282	208.4381	15	-0.309	0.962	0	
0	1047.909	995.592	2736.52865419	0.767008187694	187.2964	15	-0.336	0.899	0	
0	1046.024	996.613	6031.14819618	0.906149802232	188.128	15	0.104	0.783	0	
0	1036.781	1000.644	4673.04539632	0.946237161366	196.2519	15	-0.208	0.749	0	
0	1041.656	1006.672	5510.61411139	0.921297727669	187.411	15	0.079	0.545	0	
0	1032.044	1005.877	2491.15069656	0.879832499442	195.0246	15	0.715	1.028	0	
0	1029.936	994.099	6053.40874754	0.919602196659	236.2274	15	-0.007	0.651	0	
0	403.905	114.903	4795.12574081	0.89536476555	192.8775	16	-0.184	0.635	0	
0	427.825	146.648	898.669495048	0.91033239968	191.3709	16	-0.457	0.544	0	
0	399.377	146.527	4043.89620508	0.972747223777	190.4529	16	-0.003	0.488	0	
0	403.217	148.622	5252.9104845	0.97185170294	198.0247	16	0.109	0.518	0	
0	1239.135	282.811	1863.80297235	0.936698877952	276.003	16	0.531	0.739	0	
0	993.552	354.387	1388.03366657	0.886339287328	215.3275	16	0.288	0.813	0	
0	79.975	382.385	2754.22870334	0.957634976969	185.701	16	0.753	0.812	0	
0	738.866	406.563	3081.76841661	0.941022483527	183.5959	16	0.064	0.716	0	
0	730.186	408.621	1420.36512405	0.821107464085	248.5542	16	-4.436	1.356	0	
0	323.467	479.548	4081.31391597	0.951480736352	227.2371	16	-1.231	0.761	0	
0	327.048	483.029	1445.43977075	0.862184081073	221.0747	16	-2.640	0.933	0	
0	304.714	501.442	1531.79271589	0.912851219331	218.8631	16	0.186	0.583	0	
0	367.646	820.526	4852.88500162	0.977237220956	185.019	16	-0.058	0.643	0	
0	379.594	830.008	5904.72940407	0.969170083947	258.9674	16	-0.109	0.417	0	
0	370.635	843.113	1441.45138576	0.896189806862	217.5178	16	-0.815	0.445	0	
0	383.528	825.271	4583.52917438	0.972747223777	233.0212	16	-0.104	0.423	0	
0	373.843	845.105	7943.28234724	0.976337566583	217.8622	16	-0.262	0.520	0	
0	393.911	834.529	3897.62453098	0.963829023624	192.9423	16	0.180	0.728	0	
0	370.749	857.557	3930.06741342	0.937562006926	195.6481	16	-0.083	0.450	0	
0	757.118	871.979	2312.06479018	0.965606098542	190.1166	16	0.306	0.574	0	
0	1258.204	935.560	1589.27846988	0.934975003089	196.4518	16	0.079	0.879	0	
0	1242.614	947.327	1836.53834335	0.889610704409	261.5921	16	-2.341	1.300	0	
0	827.729	989.687	3404.08189701	0.943626220277	206.0594	16	-0.117	0.727	0	
0	824.460	997.723	8425.5837534	0.978137704323	208.6708	16	-0.013	0.956	0	
0	1010.024	1002.008	1334.1356829	0.924698173938	201.9695	16	0.938	0.453	0	
0	418.804	128.900	3391.56386906	0.946237161366	197.8676	17	-0.809	0.601	0	
0	418.021	133.607	3840.60815726	0.938425931237	222.6918	17	-0.737	0.613	0	
0	414.998	135.002	2876.07362886	0.870963589956	245.153	17	-0.493	0.429	0	
0	412.692	135.597	6367.95520908	0.930679183163	267.1856	17	-0.114	0.390	0	
0	412.692	138.932	6655.79596367	0.958517397686	241.6825	17	-0.471	0.525	0	
0	422.981	144.445	1595.14438693	0.668036204679	198.6737	17	-0.735	0.632	0	
0	835.293	202.610	3970.08678112	0.892072188725	202.5427	17	-0.576	0.815	0	
0	1216.667	269.400	2106.68692574	0.941022483527	189.0353	17	1.311	1.062	0	
0	1219.369	276.477	3271.89983623	0.964717151896	198.0368	17	-0.097	0.744	0	
0	1240.015	301.247	2797.69263785	0.938425931237	372.7096	17	-1.288	0.910	0	
0	1211.048	285.814	1839.9244898	0.924698173938	196.0846	17	1.158	0.786	0	
0	1012.889	328.618	10934.5269673	0.945366045958	196.8892	17	-0.187	0.894	0	
0	1014.787	330.392	2114.46256165	0.753008710548	201.2193	17	-0.593	0.959	0	
0	1017.374	333.906	9954.05417352	0.979941161096	236.08	17	-0.015	0.761	0	
0	741.739	414.520	4638.73966756	0.968277856261	186.6501	17	-0.089	0.486	0	
0	735.611	416.073	1098.49984506	0.911171233043	205.6547	17	-0.494	0.496	0	
0	747.238	424.569	3499.45167028	0.968277856261	193.4078	17	-0.143	0.566	0	
0	959.425	549.599	3314.36245009	0.956753368618	238.7981	17	-0.393	0.502	0	
0	964.400	552.710	1326.78331072	0.916220490122	223.3333	17	-0.655	0.472	0	
0	382.862	816.665	10577.913225	0.98265258283	212.442	17	0.189	0.616	0	
0	366.409	830.853	3212.18093399	0.931536765239	193.6413	17	-0.213	0.629	0	
0	363.694	834.601	1492.79440958	0.946237161366	193.8528	17	-0.036	0.458	0	
0	367.091	839.640	4638.73966756	0.974540741766	216.0719	17	-0.201	0.486	0	
0	380.203	833.643	2244.91550757	0.946237161366	270.3359	17	-0.084	0.332	0	
0	377.354	838.113	5997.91076256	0.974540741766	254.5182	17	0.104	0.506	0	
0	382.370	840.576	3851.23482429	0.969170083947	246.0994	17	0.131	0.404	0	
0	362.260	850.495	3966.43187947	0.968277856261	203.4311	17	-0.237	0.627	0	
0	1019.102	1004.055	5970.35286584	0.961169541516	243.1535	17	-0.004	0.514	0	
0	1045.559	1007.359	4285.48520397	0.735190692072	186.2254	17	0.566	0.399	0	
0	1233.944	275.970	3372.87308659	0.827179951864	202.0639	18	0.073	0.684	0	
0	1230.594	269.871	4203.39303237	0.962055219186	194.9296	18	0.152	0.841	0	
0	1231.063	277.130	3607.44733864	0.857432616636	205.343	18	-0.129	0.710	0	
0	1244.027	283.350	3590.87262369	0.955872571885	210.9146	18	0.708	0.748	0	
0	1217.646	298.418	1742.60918983	0.91033239968	230.2858	18	-0.051	0.661	0	
0	1214.435	299.168	4036.45392968	0.951480736352	208.6847	18	-0.185	0.746	0	
0	1218.675	305.037	947.981801011	0.907820530178	212.053	18	0.235	0.492	0	
0	1229.657	306.566	4906.81856768	0.973643569799	282.7778	18	-0.154	0.544	0	
0	1225.846	308.685	2953.92864296	0.962055219186	241.3661	18	0.233	0.503	0	
0	1231.206	312.436	537.03179637	0.80835103739	224.4205	18	-1.274	0.464	0	
0	1034.712	326.871	1170.57703596	0.924698173938	181.1633	18	0.241	0.540	0	
0	1030.893	331.906	825.657632621	0.882266928218	206.9474	18	-0.279	0.579	0	
0	88.666	352.550	2488.85731828	0.948855326728	297.9153	18	-0.527	0.755	0	
0	82.718	363.971	1403.45987292	0.860597341193	275.8129	18	-0.945	0.770	0	
0	80.434	366.876	671.738128547	0.765596606911	261.6849	18	-4.431	1.072	0	
0	69.829	373.637	5252.9104845	0.962941712972	187.3716	18	0.335	0.800	0	
0	77.148	377.033	3209.22376805	0.959400631516	190.7927	18	0.831	0.828	0	
0	741.488	405.239	1453.44967792	0.932395137541	182.3263	18	-0.430	0.608	0	
0	301.745	500.375	1466.89828221	0.927256742581	212.9879	18	1.023	0.660	0	
0	1228.821	911.229	1655.00762877	0.930679183163	203.0966	18	-0.577	0.744	0	
0	1227.362	917.825	1946.25615936	0.94710907947	205.7072	18	0.080	0.637	0	
0	1222.595	918.706	5455.0658817	0.970063133784	210.8268	18	0.062	0.784	0	
0	1229.619	923.105	2299.32308702	0.942757508527	222.7803	18	0.484	0.843	0	
0	1224.835	927.195	1647.40355944	0.925550244763	237.2416	18	1.251	0.814	0	
0	1228.938	966.292	1551.67227391	0.911171233043	232.1116	18	0.055	0.519	0	
0	855.187	985.517	2242.84881587	0.90115604434	251.8688	18	-1.070	0.881	0	
0	862.949	990.047	6835.96766838	0.962055219186	260.947	18	0.158	1.602	0	
0	1040.426	1001.821	8637.73746529	0.970063133784	189.6244	18	0.057	0.571	0	
0	1038.218	1003.980	2618.18300822	0.892072188725	192.4567	18	0.689	0.719	0	
0	823.777	987.478	1967.88628971	0.917064749115	201.0019	18	-0.633	0.674	0	
0	829.729	998.041	2087.37270391	0.938425931237	221.462	18	0.325	0.709	0	
0	832.196	1005.097	1944.46441645	0.933254300797	276.5226	18	0.077	0.835	0	
0	827.398	189.236	5738.52132675	0.954113410282	200.1491	19	-0.520	0.927	0	
0	827.716	192.901	744.731973906	0.740627783668	202.2564	19	-3.439	0.880	0	
0	838.664	206.608	6385.57485079	0.894540483779	200.915	19	-0.476	0.779	0	
0	837.810	209.057	8371.43674435	0.946237161366	203.6835	19	-0.075	0.618	0	
0	839.036	212.485	1886.25324535	0.844889669485	209.916	19	-0.412	0.618	0	
0	815.653	203.247	4115.28578436	0.930679183163	210.4629	19	-0.104	0.613	0	
0	839.485	215.667	5002.64862421	0.938425931237	209.2615	19	-0.363	0.655	0	
0	1221.813	264.774	3464.17641035	0.952357486192	187.8654	19	1.118	1.127	0	
0	1236.458	291.381	3290.03107525	0.934975003089	394.0614	19	-0.081	0.877	0	
0	1233.686	292.934	1184.67711758	0.845668200099	396.5541	19	0.812	0.811	0	
0	1242.234	313.351	3144.85046548	0.931536765239	202.1272	19	-1.295	0.974	0	
0	1222.128	286.709	770.54853663	0.721107479183	243.9776	19	-3.891	0.765	0	
0	1211.244	281.121	2155.75796804	0.941022483527	193.0524	19	1.247	0.845	0	
0	63.596	335.797	8425.5837534	0.974540741766	195.0978	19	0.251	0.770	0	
0	1012.712	335.603	2368.09979387	0.94710907947	212.8174	19	0.289	0.562	0	
0	1007.136	335.617	3756.64364614	0.966495864314	211.8222	19	-0.003	0.593	0	
0	82.053	356.644	1393.15680295	0.781987840389	292.6715	19	-0.222	0.497	0	
0	332.099	476.648	1793.08137708	0.934975003089	202.2148	19	0.924	0.596	0	
0	400.670	838.395	1377.84384335	0.948855326728	190.0769	19	0.330	0.532	0	
0	758.920	866.044	1053.90144507	0.898669495048	186.3501	19	-0.097	0.936	0	
0	1245.353	930.977	1283.51219684	0.933254300797	201.3761	19	0.658	0.644	0	
0	1220.819	960.164	4512.32113344	0.965606098542	232.5481	19	0.078	0.707	0	
0	1232.308	961.684	3522.08635618	0.953235043921	261.5703	19	0.650	0.572	0	
0	864.893	966.150	3017.1715226	0.941889596523	205.1049	19	0.491	1.345	0	
0	1018.391	984.291	3499.45167028	0.965606098542	195.8619	19	0.086	0.656	0	
0	1020.895	988.340	1375.30809742	0.90115604434	205.1557	19	-0.420	0.701	0	
0	1028.167	995.890	2331.30985742	0.906149802232	236.5599	19	-0.982	0.689	0	
0	1019.854	997.078	976.337566583	0.889610704409	228.4276	19	-0.451	0.354	0	
0	1029.316	1002.757	1615.84612095	0.894540483779	306.037	19	-0.292	0.608	0	
0	402.741	112.604	4777.49234659	0.963829023624	191.0468	20	-0.406	0.594	0	
0	424.624	143.338	5390.13943633	0.97185170294	191.6685	20	-0.475	0.587	0	
0	848.978	213.933	4746.78979483	0.954113410282	191.4435	20	0.769	0.799	0	
0	1239.068	266.115	5582.13068918	0.976337566583	190.5077	20	0.046	0.824	0	
0	1238.173	272.567	3308.26278856	0.974540741766	199.009	20	-0.124	0.482	0	
0	1230.397	273.745	1235.94743344	0.913692373681	200.434	20	0.387	0.536	0	
0	1233.191	277.938	6109.42024906	0.972747223777	207.6187	20	0.008	0.522	0	
0	1237.132	278.627	1528.97364669	0.91453430312	205.131	20	0.746	0.693	0	
0	1244.104	279.135	3317.41649695	0.959400631516	208.17	20	0.228	0.590	0	
0	1020.581	331.421	2286.65160292	0.946237161366	227.7996	20	-0.798	0.571	0	
0	76.968	353.165	2777.15423588	0.902817564966	295.1735	20	-0.250	0.439	0	
0	88.656	359.415	1083.42786215	0.78922348479	303.0971	20	-1.403	0.748	0	
0	90.188	361.985	3139.06276914	0.908657048958	294.8723	20	-0.269	0.718	0	
0	93.554	361.329	4729.33414919	0.921297727669	289.7341	20	-0.783	1.042	0	
0	94.967	368.404	6975.89604333	0.916220490122	209.0478	20	-0.101	0.693	0	
0	857.846	979.295	4157.19120675	0.92896638678	222.4732	20	-1.533	1.527	0	
0	1040.540	986.831	2652.16170551	0.948855326728	212.5445	20	-0.113	0.579	0	
0	1045.316	988.812	3224.03687192	0.960284679209	203.1073	20	0.496	0.641	0	
0	1041.773	994.530	3791.40344183	0.958517397686	193.8025	20	0.401	0.435	0	
0	1043.583	1004.002	4401.49284287	0.968277856261	188.1956	20	0.201	0.398	0	
0	838.476	998.521	1858.66020269	0.84800809889	266.3699	20	-2.405	1.847	0	
0	826.439	1002.593	1908.97394112	0.945366045958	215.7176	20	0.299	0.617	0	
0	830.339	199.495	1263.57201852	0.827942163712	207.8165	21	-2.416	0.647	0	
0	828.325	201.902	5490.34961025	0.942757508527	210.8987	21	-0.220	0.630	0	
0	835.353	211.838	7027.48617656	0.892894196065	329.0048	21	-0.230	0.536	0	
0	836.533	213.859	2703.95836411	0.731139083483	290.4784	21	-0.818	0.548	0	
0	832.021	221.760	3265.87832172	0.937562006926	257.9479	21	-0.958	0.804	0	
0	60.925	327.038	2004.47202737	0.918755601666	190.1329	21	0.898	1.197	0	
0	64.753	330.050	8113.34605228	0.977237220956	191.9385	21	0.258	0.728	0	
0	71.118	337.186	3000.54400244	0.933254300797	215.2391	21	0.372	0.627	0	
0	315.577	484.070	3320.47335798	0.876597040321	291.355	21	-3.439	1.747	0	
0	326.002	488.234	3805.39725003	0.954992586021	239.9862	21	-0.255	0.833	0	
0	373.067	823.309	2839.22623942	0.939290651618	193.5896	21	1.441	0.890	0	
0	366.790	827.057	11662.7240508	0.97543874044	188.8736	21	0.643	1.137	0	
0	368.340	857.943	1761.97604641	0.948855326728	194.9784	21	-0.095	0.426	0	
0	824.639	990.707	1113.78150013	0.912010839356	203.1189	21	0.382	0.519	0	
0	831.343	993.218	6817.10526306	0.969170083947	220.3311	21	0.206	0.902	0	
0	1023.856	993.005	5888.43655356	0.945366045958	230.4758	21	-0.459	0.751	0	
0	1023.284	996.173	5638.97280335	0.952357486192	233.3679	21	0.133	0.615	0	
0	421.054	121.444	4952.22080089	0.951480736352	181.3849	22	1.182	0.969	0	
0	817.374	200.888	1229.13617306	0.877404787957	216.0797	22	-1.087	0.656	0	
0	813.264	201.355	5556.48312837	0.970957006529	208.6974	22	-0.357	0.561	0	
0	819.998	206.246	2091.22133016	0.944495732508	232.4906	22	-0.501	0.505	0	
0	824.449	214.097	3104.55958813	0.938425931237	374.6716	22	-0.637	0.909	0	
0	835.963	205.549	7372.24908104	0.949729657362	210.7194	22	-0.464	0.591	0	
0	834.385	208.053	5953.87894128	0.947981801011	350.1556	22	-0.180	0.513	0	
0	820.642	222.027	4462.72370762	0.953235043921	220.2856	22	-0.679	0.893	0	
0	848.018	203.739	3535.08613362	0.930679183163	189.0919	22	0.222	0.642	0	
0	1252.815	277.605	1821.3776371	0.859013521505	195.713	22	-3.820	1.381	0	
0	1224.422	318.017	1573.25818545	0.882266928218	207.3412	22	0.472	0.506	0	
0	1033.543	336.248	1602.50723888	0.939290651618	218.5833	22	-0.664	0.592	0	
0	88.952	369.093	3571.08345808	0.941022483527	220.2673	22	-0.906	0.553	0	
0	93.219	370.118	2222.28625433	0.876597040321	211.9322	22	-0.983	0.545	0	
0	990.676	358.186	14886.7535949	0.965606098542	205.6405	22	0.143	1.737	0	
0	758.254	861.571	7177.94291271	0.973643569799	181.1079	22	-0.376	1.262	0	
0	857.944	983.371	1841.61990352	0.879832499442	228.2971	22	-1.914	1.128	0	
0	858.440	987.471	3654.26467751	0.948855326728	263.4769	22	-0.629	0.870	0	
0	840.306	990.636	771.258564989	0.722437032436	244.9693	22	-6.353	1.294	0	
0	843.716	993.172	797.260045367	0.73654621147	284.9584	22	-5.130	1.256	0	
0	846.795	995.220	2269.86485188	0.890430443594	307.0797	22	-1.773	1.244	0	
0	849.910	997.666	2739.05025129	0.84800809889	314.0608	22	-3.443	1.572	0	
0	1042.788	998.711	3773.98352537	0.958517397686	190.7031	22	0.412	0.500	0	
0	1211.577	295.112	6486.34433548	0.962941712972	200.8453	23	0.402	1.158	0	
0	1224.161	301.472	2808.01872812	0.884708092871	299.3264	23	-3.143	1.141	0	
0	1230.255	320.084	2703.95836411	0.947981801011	199.6914	23	0.420	0.595	0	
0	67.408	335.169	2372.4660151	0.944495732508	201.8162	23	0.511	0.502	0	
0	335.559	476.940	1860.3728806	0.957634976969	184.6706	23	0.731	0.540	0	
0	1241.218	922.541	1239.36720482	0.918755601666	200.0749	23	0.791	0.679	0	
0	845.503	202.719	2978.51642943	0.954992586021	191.89	24	-0.414	0.650	0	
0	830.358	204.410	5086.27690306	0.960284679209	311.2573	24	-0.688	0.627	0	
0	831.031	210.750	3688.07717226	0.953235043921	377.8859	24	-0.725	0.600	0	
0	815.793	206.657	2532.79476569	0.942757508527	216.9762	24	-0.289	0.484	0	
0	816.397	213.726	1908.97394112	0.806863370364	222.8381	24	-0.349	0.901	0	
0	824.266	219.261	8180.87957946	0.960284679209	285.0101	24	-0.367	1.203	0	
0	830.729	231.583	8598.05066661	0.947981801011	234.1859	24	0.314	0.820	0	
0	828.177	231.836	3250.87297385	0.856643255582	229.0853	24	0.209	0.897	0	
0	833.411	233.470	4643.01407282	0.949729657362	227.9081	24	-0.307	0.674	0	
0	839.531	229.780	1335.36503333	0.912010839356	224.8871	24	-1.008	0.560	0	
0	1250.345	298.321	2299.32308702	0.866163741972	235.5479	24	-0.543	0.622	0	
0	1255.451	305.186	3357.37614243	0.955872571885	187.2608	24	0.404	0.905	0	
0	1246.227	313.593	5576.99172376	0.970063133784	194.3846	24	0.414	0.723	0	
0	81.152	361.325	846.447448098	0.889610704409	283.5031	24	-1.382	0.509	0	
0	1245.467	296.665	6053.40874754	0.91453430312	353.0668	25	-0.451	0.663	0	
0	1226.029	315.554	3486.58293353	0.916220490122	216.2216	25	-0.047	0.405	0	
0	93.994	364.586	1558.8344677	0.788496917745	255.898	25	-0.696	0.602	0	
0	1231.786	968.885	2741.57417193	0.938425931237	205.3187	25	1.030	0.875	0	
0	827.238	223.682	9136.92373681	0.939290651618	251.7112	26	-0.057	0.788	0	
0	829.452	225.070	3930.06741342	0.870161772152	247.9548	26	-0.458	0.761	0	
0	1244.044	305.396	4690.29328406	0.963829023624	235.3017	26	0.425	0.808	0	
0	69.564	340.042	2416.57345144	0.941889596523	213.983	26	-0.001	0.605	0	
0	825.899	206.722	4821.69793901	0.970063133784	286.6777	27	-0.359	0.480	0	
0	810.048	211.753	2032.35701094	0.937562006926	199.804	27	0.424	0.786	0	
0	814.255	218.543	2100.87396924	0.937562006926	207.9427	27	-0.893	0.687	0	
0	1228.350	316.592	1923.09172891	0.92896638678	217.4141	27	-0.076	0.396	0	
0	77.139	350.679	4965.9232145	0.97185170294	287.0973	27	-0.329	0.536	0	
0	82.302	354.263	3366.66574369	0.954992586021	290.4321	27	-0.612	0.625	0	
0	79.549	356.733	1665.71232807	0.948855326728	287.0491	27	-0.073	0.358	0	
0	85.642	357.559	6020.04863684	0.980844136031	304.8316	27	-0.289	0.474	0	
0	87.625	364.171	2093.14830345	0.940156168804	280.9382	27	-0.828	0.564	0	
0	92.719	366.959	4848.41738708	0.962941712972	209.9095	27	-0.310	0.483	0	
0	98.865	369.979	835.603018231	0.845668200099	204.8238	27	-2.762	0.796	0	
0	376.415	831.841	4285.48520397	0.94710907947	247.1053	27	-0.194	0.626	0	
0	1254.958	292.029	9462.37161366	0.957634976969	192.5512	28	-0.007	0.629	0	
0	1247.627	296.925	2962.10193605	0.935836543584	331.3128	28	0.780	0.529	0	
0	821.302	210.527	5306.40019195	0.973643569799	289.4971	30	-0.294	0.459	0	
0	817.898	216.572	3930.06741342	0.958517397686	222.8111	30	-0.398	0.646	0	
0	75.595	364.304	4149.54042634	0.944495732508	266.6552	30	-1.400	1.198	0	
0	1255.797	285.285	8855.23314503	0.967386449969	197.2276	32	0.383	0.705	0	
0	1256.344	288.545	2865.49727636	0.933254300797	194.4867	32	0.494	0.528	0	
0	1248.776	306.015	5465.1237452	0.94710907947	193.0482	32	0.738	1.094	0	
0	1036.692	322.128	2183.7353276	0.944495732508	177.4895	32	1.239	0.976	0	
0	871.835	972.172	5536.04995043	0.955872571885	172.6618	32	0.758	1.527	0	
0	870.245	975.705	3763.57001694	0.943626220277	204.0398	32	0.916	1.189	0	
0	868.128	978.710	8527.07337344	0.965606098542	177.4052	32	-0.034	1.016	0	
0	865.573	980.256	2741.57417193	0.892894196065	173.9589	32	0.011	1.029	0	
0	809.310	217.700	3067.60897692	0.94710907947	189.7849	33	1.223	1.053	0	
0	815.168	210.321	6956.64753528	0.857432616636	212.5223	34	0.179	0.507	0	
0	816.910	210.887	9497.29657362	0.89949758153	226.5251	34	0.176	0.472	0	
0	1251.242	308.584	2873.42588667	0.926403100736	189.5581	34	1.331	0.967	0	
0	1251.344	294.515	2910.71711807	0.901986422074	195.4447	36	0.647	0.524	0	
0	1254.052	294.726	5095.65480608	0.964717151896	190.3388	38	0.133	0.514	0	
0	73.933	348.363	3584.26408044	0.940156168804	277.3971	42	-1.376	0.976	0	
0	1259.172	280.433	2083.53116057	0.915377008362	196.9275	46	1.215	1.197	0	
0	119.965	9.118	8356.03018231	0.890430443594	170.0561	50	-0.004	0.536	0	
0	119.568	10.273	2823.57936911	0.671738128547	169.8248	50	-0.545	0.638	0	
