FRAME	XCENTER	YCENTER	BRIGHTNESS	BERR	MSKY	NITER	SHARP	CHI	ERR	
0	336.082	29.491	2997.78167158	0.972747223777	170.3156	4	-0.061	0.750	0	
0	829.864	40.314	1496.92485676	0.952357486192	172.3826	4	0.620	0.746	0	
0	346.112	41.992	7599.76214361	0.98174794302	176.7658	4	-0.201	0.972	0	
0	366.174	43.148	6950.24317589	0.98446436398	186.8568	4	-0.124	0.765	0	
0	370.152	45.495	5691.14957629	0.979039017448	183.5507	4	-0.260	0.865	0	
0	376.038	53.221	6924.68464323	0.98265258283	188.2486	4	-0.264	0.791	0	
0	1190.999	63.270	6327.03154867	0.97543874044	168.8391	4	0.592	1.214	0	
0	57.350	74.313	3229.9812406	0.978137704323	167.3448	4	0.194	0.651	0	
0	1189.440	90.043	7585.77575029	0.988097953941	173.6991	4	-0.014	0.620	0	
0	1091.499	94.188	5440.01378247	0.970957006529	172.002	4	0.719	1.334	0	
0	362.975	99.628	6205.83179299	0.98174794302	186.7052	4	-0.253	0.875	0	
0	407.291	106.763	2091.22133016	0.960284679209	184.2077	4	0.066	0.675	0	
0	401.025	107.328	1411.23714841	0.940156168804	187.4331	4	0.828	0.745	0	
0	410.154	109.792	1650.44098565	0.94710907947	180.952	4	-0.509	0.722	0	
0	394.778	110.555	1116.86324778	0.942757508527	198.1173	4	0.484	0.534	0	
0	399.528	111.492	1150.27054779	0.925550244763	194.5907	4	0.520	0.724	0	
0	414.285	113.997	1255.45167369	0.938425931237	176.8936	4	-0.129	0.651	0	
0	403.672	117.347	3271.89983623	0.962055219186	205.4182	4	0.256	0.685	0	
0	401.355	120.263	1319.4714572	0.923846887538	229.3112	4	0.229	0.654	0	
0	391.213	114.072	1819.70085861	0.912851219331	199.8798	4	0.219	0.428	0	
0	388.838	114.848	1693.55770869	0.871766146602	196.9839	4	0.225	0.514	0	
0	396.062	114.994	1845.01541918	0.94710907947	206.5161	4	0.343	0.560	0	
0	392.435	117.545	3661.00228547	0.953235043921	200.9926	4	0.072	0.509	0	
0	397.998	117.928	1946.25615936	0.931536765239	219.92	4	0.222	0.511	0	
0	418.235	115.693	4875.28490103	0.979941161096	174.8833	4	-0.050	0.678	0	
0	418.199	120.461	1766.85129845	0.94710907947	182.0611	4	0.278	0.698	0	
0	407.170	122.917	3067.60897692	0.924698173938	233.9841	4	-0.035	0.732	0	
0	396.439	124.008	2263.60164045	0.849571627156	216.5066	4	0.129	0.616	0	
0	389.609	117.709	4596.21144666	0.952357486192	199.442	4	0.129	0.529	0	
0	391.670	121.286	3454.61774906	0.904482149048	205.5942	4	0.108	0.602	0	
0	393.169	123.255	2427.72784768	0.858222705054	205.5963	4	0.098	0.617	0	
0	390.784	124.101	2873.42588667	0.909494338555	199.3698	4	0.157	0.595	0	
0	422.657	117.902	1291.814039	0.89536476555	176.0346	4	0.089	0.756	0	
0	422.085	121.046	4438.12980308	0.955872571885	179.7488	4	0.157	0.729	0	
0	420.936	127.962	3457.80103532	0.955872571885	191.4	4	0.309	0.816	0	
0	392.684	127.150	3308.26278856	0.964717151896	201.2206	4	0.179	0.647	0	
0	420.975	131.708	1818.02562377	0.766302072274	211.075	4	0.095	0.638	0	
0	30.866	109.319	626.325364758	0.903649473722	173.8023	4	-1.487	0.689	0	
0	34.215	113.224	4257.94453583	0.977237220956	173.4043	4	-0.398	0.828	0	
0	746.941	109.904	3084.60813776	0.976337566583	175.2364	4	0.205	0.666	0	
0	52.655	110.795	5490.34961025	0.98265258283	171.3479	4	0.060	0.754	0	
0	897.075	133.924	5576.99172376	0.98174794302	171.0983	4	-0.007	0.827	0	
0	1106.706	135.883	4003.13282178	0.983558056227	174.7805	4	-0.018	0.550	0	
0	824.951	147.607	7033.96171216	0.983558056227	194.0138	4	-0.241	0.847	0	
0	7.796	148.062	1185.76874817	0.953235043921	171.4408	4	-0.634	0.593	0	
0	458.960	158.928	4843.95388548	0.97185170294	185.7408	4	-0.657	1.137	0	
0	788.257	163.439	2696.49736354	0.932395137541	195.824	4	-0.532	0.801	0	
0	465.842	164.173	5445.02652842	0.983558056227	184.0558	4	-0.113	0.667	0	
0	755.687	167.840	1685.77651783	0.934114255736	178.3542	4	0.491	0.680	0	
0	811.530	166.593	683.596766838	0.894540483779	205.8424	4	-2.105	0.780	0	
0	794.138	171.710	1250.83492837	0.930679183163	205.4453	4	-1.643	0.850	0	
0	540.034	176.719	965.606098542	0.940156168804	172.6632	4	-0.866	0.630	0	
0	423.874	181.231	2876.07362886	0.976337566583	195.4014	4	-0.231	0.588	0	
0	782.284	187.733	3694.87712254	0.980844136031	182.6811	4	-0.068	0.577	0	
0	1171.972	182.503	6492.32123143	0.987188301068	177.0496	4	0.051	0.622	0	
0	1171.171	187.574	1324.34153519	0.955872571885	177.6704	4	0.327	0.571	0	
0	1246.950	190.808	7197.80372803	0.983558056227	184.164	4	0.020	0.804	0	
0	441.167	192.847	6274.80161998	0.98265258283	197.4628	4	-0.294	0.791	0	
0	79.405	195.482	2108.62814993	0.967386449969	174.3243	4	-0.383	0.677	0	
0	433.741	201.430	1479.10838817	0.953235043921	195.0918	4	-0.630	0.648	0	
0	1144.547	205.527	6937.45213942	0.986279485631	185.0748	4	-0.048	0.657	0	
0	473.241	203.144	6867.52106149	0.98174794302	186.4572	4	-0.079	0.845	0	
0	440.415	208.053	4450.4097665	0.97543874044	197.7868	4	0.061	0.859	0	
0	65.090	217.271	5775.63846395	0.980844136031	182.2819	4	0.193	0.777	0	
0	1249.557	217.448	4888.77443894	0.983558056227	188.5836	4	-0.087	0.614	0	
0	1278.716	223.161	1995.26231497	0.979039017448	171.2627	4	0.177	0.376	0	
0	100.415	226.893	4172.53511232	0.980844136031	182.0606	4	-0.331	0.677	0	
0	59.399	228.768	3973.74505061	0.97543874044	183.5088	4	-0.565	0.800	0	
0	866.036	230.837	3908.40895792	0.967386449969	186.4181	4	0.667	1.116	0	
0	117.232	242.879	908.657048958	0.912851219331	182.769	4	-1.581	0.863	0	
0	114.912	247.002	1863.80297235	0.962055219186	183.2626	4	-0.544	0.688	0	
0	117.511	253.893	2261.51774611	0.960284679209	182.1754	4	-0.679	0.878	0	
0	854.126	252.862	6397.34835483	0.983558056227	184.9568	4	-0.218	0.785	0	
0	844.666	262.470	4742.4198526	0.976337566583	181.8359	4	0.505	0.875	0	
0	1223.798	264.836	1910.73298104	0.944495732508	192.9209	4	-0.365	0.820	0	
0	1296.771	266.939	2030.48600272	0.960284679209	181.5039	4	-0.841	0.792	0	
0	1286.733	278.836	6963.05779603	0.98265258283	188.5612	4	-0.260	0.901	0	
0	912.119	288.166	7351.90692072	0.989008445021	186.2663	4	-0.082	0.578	0	
0	127.743	289.757	3525.33181196	0.98174794302	178.85	4	-0.241	0.540	0	
0	47.915	290.231	3784.42584717	0.980844136031	189.8662	4	-0.011	0.591	0	
0	1334.984	290.906	979.941161096	0.941889596523	175.4594	4	-0.644	0.621	0	
0	936.097	292.521	7251.03497617	0.979039017448	199.2003	4	-0.541	1.079	0	
0	941.761	293.003	6810.82936768	0.97185170294	203.0432	4	-0.762	1.394	0	
0	931.620	300.461	7870.45789695	0.976337566583	200.321	4	-0.674	1.203	0	
0	968.438	302.257	7819.87840389	0.977237220956	204.	4	-0.629	1.257	0	
0	962.074	306.988	6321.20682005	0.968277856261	208.4987	4	-0.851	1.511	0	
0	986.867	303.397	4051.35220229	0.961169541516	201.268	4	-0.930	1.356	0	
0	130.607	305.987	5316.18395074	0.979941161096	182.4137	4	-0.325	0.832	0	
0	951.221	307.724	1000.92145832	0.890430443594	207.7064	4	-2.369	1.060	0	
0	120.710	308.509	6576.57837355	0.980844136031	188.4473	4	-0.444	0.909	0	
0	85.426	309.805	4454.5106336	0.986279485631	195.5195	4	-0.034	0.476	0	
0	41.394	310.814	2072.04889776	0.961169541516	189.5544	4	-0.521	0.786	0	
0	1194.895	318.797	7855.97332261	0.985371506859	193.6728	4	-0.329	0.821	0	
0	1033.492	360.309	955.872571885	0.848789503007	220.001	4	-2.196	1.281	0	
0	127.458	320.304	4036.45392968	0.97185170294	191.9935	4	-0.515	0.889	0	
0	980.487	322.138	3901.21602953	0.967386449969	211.1009	4	-0.858	1.079	0	
0	972.615	323.574	1357.68806414	0.916220490122	213.4167	4	-1.931	1.147	0	
0	117.260	326.034	5306.40019195	0.972747223777	201.9694	4	-0.394	1.119	0	
0	62.377	326.426	958.517397686	0.922146665124	192.2499	4	-0.137	0.715	0	
0	66.202	329.486	4207.26628384	0.948855326728	197.0528	4	0.007	0.629	0	
0	71.822	330.705	3694.87712254	0.962941712972	205.3053	4	-0.117	0.555	0	
0	65.146	335.333	4475.07172048	0.962941712972	196.7777	4	-0.017	0.708	0	
0	74.702	332.213	1479.10838817	0.926403100736	213.3021	4	0.201	0.497	0	
0	78.097	330.923	750.930942454	0.896189806862	211.9504	4	0.200	0.615	0	
0	65.852	338.246	2412.12605609	0.941022483527	198.0392	4	-0.299	0.659	0	
0	71.323	339.365	1212.27179254	0.807606861329	211.2232	4	-0.239	0.774	0	
0	84.100	330.435	3973.74505061	0.945366045958	208.496	4	-0.059	0.592	0	
0	83.949	333.968	4006.82154182	0.945366045958	210.1123	4	0.002	0.532	0	
0	80.990	343.996	757.879220916	0.904482149048	225.0448	4	-1.118	0.671	0	
0	86.541	330.985	3883.29157005	0.942757508527	206.364	4	-0.004	0.637	0	
0	86.125	335.079	4184.08019567	0.946237161366	208.5193	4	0.017	0.573	0	
0	75.280	347.819	2734.00937851	0.958517397686	243.8088	4	0.041	0.827	0	
0	72.005	352.217	1645.88694322	0.818087957946	255.0024	4	-0.127	0.572	0	
0	69.340	352.715	3241.90287823	0.936698877952	211.3883	4	-0.128	0.714	0	
0	78.329	352.609	2179.71644114	0.905315591648	249.3038	4	0.241	0.717	0	
0	71.606	354.402	1548.81661891	0.772680585096	245.313	4	0.171	0.727	0	
0	91.682	361.811	2104.74748866	0.953235043921	253.9568	4	-0.017	0.578	0	
0	88.771	363.998	1381.65623117	0.926403100736	211.5453	4	0.189	0.730	0	
0	90.592	341.721	1030.86074006	0.903649473722	207.7737	4	0.114	0.596	0	
0	90.991	368.687	5109.75409055	0.94710907947	208.7313	4	0.066	0.703	0	
0	98.284	342.623	1005.54150186	0.924698173938	204.4048	4	0.048	0.703	0	
0	100.820	369.275	668.036204679	0.89784217091	199.9513	4	-0.493	0.631	0	
0	67.439	366.925	1156.64477417	0.908657048958	184.6554	4	-1.624	0.876	0	
0	71.445	373.271	2813.1960568	0.707294042405	184.849	4	-0.657	0.863	0	
0	105.506	367.956	897.84217091	0.921297727669	194.4487	4	-0.541	0.695	0	
0	651.721	329.365	5011.87233627	0.970063133784	178.1375	4	-0.783	1.265	0	
0	16.483	331.857	4043.89620508	0.980844136031	176.5157	4	0.031	0.667	0	
0	124.253	336.344	1161.98360387	0.941889596523	195.8568	4	-0.462	0.646	0	
0	1264.708	338.558	659.477525949	0.912010839356	194.7542	4	-1.630	0.622	0	
0	1276.224	342.646	2468.3116897	0.956753368618	185.8418	4	-1.001	1.031	0	
0	117.712	349.720	5931.98439665	0.979941161096	195.1305	4	-0.529	0.927	0	
0	1338.532	350.869	6211.55020832	0.989008445021	180.2558	4	0.082	0.504	0	
0	1048.881	366.555	1325.56186072	0.942757508527	175.2418	4	0.419	0.781	0	
0	609.264	353.318	3784.42584717	0.963829023624	187.9477	4	0.979	1.237	0	
0	649.702	355.340	6420.96052568	0.983558056227	193.6773	4	-0.093	0.770	0	
0	1239.119	355.608	7224.37032436	0.970957006529	203.4124	4	-0.845	1.593	0	
0	1323.124	359.582	6391.45889186	0.98265258283	186.7512	4	-0.360	0.829	0	
0	645.270	368.915	6564.47501952	0.980844136031	200.7597	4	-0.423	0.851	0	
0	1356.956	365.919	6792.03632617	0.98265258283	186.2726	4	-0.303	0.899	0	
0	122.799	366.969	5861.38164514	0.985371506859	177.6491	4	-0.256	0.654	0	
0	1242.770	372.938	7066.42900425	0.969170083947	201.1755	4	-0.842	1.577	0	
0	1249.218	373.037	895.36476555	0.89784217091	202.6825	4	-2.085	0.947	0	
0	1335.040	373.901	6510.28498435	0.973643569799	196.4672	4	-0.682	1.284	0	
0	1330.399	377.676	4681.66139724	0.963829023624	196.0705	4	-0.975	1.402	0	
0	682.220	376.464	6674.21203858	0.987188301068	206.0696	4	-0.014	0.591	0	
0	1211.289	381.316	6516.28394061	0.973643569799	199.2766	4	-0.763	1.304	0	
0	1201.296	388.464	5877.59963681	0.977237220956	192.3612	4	0.240	0.999	0	
0	652.359	389.081	1828.10021614	0.950604793656	211.4958	4	-1.062	0.863	0	
0	716.542	391.710	4369.18063385	0.974540741766	185.8965	4	-0.213	0.783	0	
0	729.090	424.958	2516.51776161	0.906984781506	227.144	4	-0.390	0.832	0	
0	729.902	427.456	1331.68037627	0.824138115013	207.9937	4	-1.028	0.914	0	
0	750.000	417.397	889.610704409	0.689286860732	188.3052	4	-1.452	0.900	0	
0	725.932	433.956	942.757508527	0.919602196659	207.5181	4	-0.529	0.762	0	
0	748.884	424.213	2049.27385838	0.905315591648	205.6201	4	-0.359	0.674	0	
0	738.510	430.445	839.459986519	0.791407205399	208.5436	4	-1.426	1.048	0	
0	719.711	431.079	979.941161096	0.92896638678	212.1712	4	0.146	0.613	0	
0	716.723	433.674	3165.19156723	0.97185170294	211.783	4	-0.420	0.673	0	
0	710.916	429.177	4491.58890106	0.937562006926	219.5866	4	-0.228	0.802	0	
0	708.742	428.112	2484.2768937	0.888791719885	215.3746	4	-0.290	0.821	0	
0	702.951	422.897	2333.45806228	0.947981801011	217.3256	4	-0.185	0.714	0	
0	701.592	420.042	3323.53303577	0.960284679209	221.6964	4	0.046	0.741	0	
0	703.815	400.861	2916.08379852	0.973643569799	216.736	4	-0.140	0.603	0	
0	1237.901	394.449	823.37940521	0.926403100736	188.2437	4	-0.706	0.643	0	
0	669.011	397.077	6391.45889186	0.977237220956	219.486	4	-0.548	1.025	0	
0	316.125	397.509	5228.77555313	0.97185170294	196.3911	4	-0.758	1.151	0	
0	655.422	402.061	4168.6938347	0.934114255736	210.3951	4	-0.403	0.835	0	
0	620.327	402.803	2956.65056508	0.973643569799	183.6462	4	-0.449	0.698	0	
0	305.086	402.852	3188.59969339	0.972747223777	195.1767	4	-0.594	0.716	0	
0	326.526	404.392	3607.44733864	0.973643569799	180.3034	4	-0.600	0.768	0	
0	314.255	408.721	1425.6075936	0.954113410282	200.3539	4	0.353	0.590	0	
0	698.303	407.573	3876.144867	0.972747223777	221.6385	4	-0.103	0.806	0	
0	93.899	414.741	1615.84612095	0.961169541516	182.4388	4	-0.595	0.630	0	
0	1338.630	415.044	1456.12949862	0.948855326728	189.6992	4	-0.891	0.730	0	
0	1176.636	421.077	1809.67255479	0.952357486192	175.8778	4	0.821	0.899	0	
0	143.967	431.640	789.950721336	0.915377008362	176.6714	4	-1.308	0.769	0	
0	299.269	439.752	1275.26370646	0.948855326728	205.8471	4	-0.294	0.630	0	
0	298.849	446.704	6356.23579938	0.968277856261	202.7667	4	-0.865	1.532	0	
0	326.042	440.953	2610.95868659	0.967386449969	210.6547	4	-0.634	0.771	0	
0	88.644	444.509	6211.55020832	0.980844136031	180.9378	4	0.303	0.916	0	
0	775.174	446.224	6931.0654515	0.986279485631	187.0244	4	0.213	0.691	0	
0	117.860	445.322	1510.77573192	0.965606098542	181.1717	4	-0.375	0.517	0	
0	41.683	446.163	1004.61579028	0.952357486192	172.9928	4	-0.422	0.510	0	
0	1019.695	450.395	4062.56198187	0.961169541516	175.6942	4	-1.053	1.419	0	
0	651.439	454.085	7099.04615855	0.986279485631	195.8802	4	-0.091	0.662	0	
0	341.303	456.015	4998.04313578	0.978137704323	193.4574	4	0.287	0.866	0	
0	541.282	458.926	6148.93638513	0.970957006529	181.4089	4	-0.782	1.455	0	
0	307.137	459.719	1395.72545771	0.859013521505	212.2729	4	0.172	0.635	0	
0	306.163	462.047	3224.03687192	0.935836543584	212.2676	4	-0.170	0.609	0	
0	309.807	463.289	2647.28074002	0.966495864314	214.7257	4	-0.295	0.664	0	
0	319.295	460.247	2932.2432823	0.969170083947	214.8363	4	-0.382	0.681	0	
0	327.322	495.431	1776.6423082	0.934975003089	194.4427	4	-0.147	0.646	0	
0	303.890	478.647	4103.93052461	0.970957006529	262.7559	4	0.030	0.790	0	
0	294.855	494.605	719.780372803	0.824897523935	223.1584	4	-0.512	0.531	0	
0	296.366	476.107	1058.76603311	0.92811117102	210.9651	4	-0.483	0.701	0	
0	288.629	495.568	985.371506859	0.905315591648	185.9217	4	0.542	0.635	0	
0	291.232	472.791	2468.3116897	0.965606098542	198.838	4	0.008	0.716	0	
0	284.543	480.358	1811.34009262	0.932395137541	190.9787	4	-0.527	0.750	0	
0	125.140	473.967	6498.30363484	0.977237220956	180.3798	4	-0.584	1.140	0	
0	73.507	476.557	2060.62991327	0.941889596523	174.1622	4	1.503	1.275	0	
0	547.400	490.215	3019.9517204	0.966495864314	182.6109	4	-0.699	0.943	0	
0	147.870	497.273	6594.77525949	0.985371506859	178.1342	4	-0.156	0.698	0	
0	660.016	501.229	6064.5698151	0.98265258283	185.7478	4	0.058	0.796	0	
0	588.429	504.610	4839.49449302	0.98174794302	201.5638	4	-0.124	0.675	0	
0	330.481	511.026	4043.89620508	0.98174794302	191.5049	4	0.172	0.584	0	
0	295.993	511.588	1492.79440958	0.922146665124	191.6898	4	1.639	1.122	0	
0	612.652	512.295	1225.74463205	0.90032643106	197.3146	4	0.125	0.634	0	
0	612.668	515.247	1531.79271589	0.91033239968	199.5346	4	0.058	0.717	0	
0	609.284	517.340	844.889669485	0.917064749115	207.1154	4	0.694	0.617	0	
0	615.277	518.760	5587.27438994	0.97543874044	199.5132	4	-0.163	0.930	0	
0	606.095	535.057	5921.06733565	0.964717151896	234.1452	4	-0.012	0.907	0	
0	611.139	537.897	2259.43577022	0.943626220277	235.5903	4	-0.448	0.843	0	
0	606.791	538.112	2006.31906479	0.925550244763	234.1318	4	0.199	0.735	0	
0	598.924	531.924	3451.43739336	0.97185170294	220.7323	4	-0.180	0.770	0	
0	602.999	539.826	1765.22471745	0.946237161366	229.25	4	0.878	0.754	0	
0	606.604	542.349	2008.16780418	0.919602196659	230.0366	4	0.141	0.745	0	
0	596.864	525.098	6362.09280574	0.983558056227	218.6006	4	-0.182	0.723	0	
0	601.286	525.242	2708.94382986	0.964717151896	221.8844	4	-0.214	0.739	0	
0	599.784	544.054	2280.342072	0.960284679209	211.7156	4	-0.182	0.802	0	
0	602.104	520.928	1995.26231497	0.956753368618	218.8232	4	-0.272	0.717	0	
0	627.568	557.408	4389.34785535	0.941022483527	199.0143	4	-0.105	0.635	0	
0	957.433	513.113	4353.1135923	0.974540741766	188.4287	4	-0.586	0.890	0	
0	952.674	517.392	6251.72692776	0.98174794302	190.6964	4	-0.339	0.844	0	
0	726.533	526.999	1083.42786215	0.931536765239	195.6996	4	-1.048	0.767	0	
0	303.992	523.324	6492.32123143	0.985371506859	188.8446	4	-0.082	0.683	0	
0	158.541	527.932	2155.75796804	0.965606098542	175.7339	4	0.682	0.725	0	
0	1008.986	528.118	7059.92357894	0.978137704323	181.7077	4	-0.580	1.139	0	
0	787.477	542.020	4429.961991	0.983558056227	190.1211	4	-0.015	0.572	0	
0	996.557	545.890	7426.77043715	0.979039017448	198.3918	4	-0.464	1.103	0	
0	1009.892	548.718	8002.02677119	0.983558056227	177.8503	4	-0.135	0.928	0	
0	608.543	555.943	969.170083947	0.92811117102	205.5471	4	-0.420	0.659	0	
0	613.934	559.375	1687.32989063	0.964717151896	205.2282	4	-0.054	0.525	0	
0	1337.472	554.284	1335.36503333	0.962941712972	171.2812	4	0.247	0.511	0	
0	728.624	556.795	1149.2115972	0.947981801011	189.855	4	-0.901	0.617	0	
0	704.576	561.055	6058.98671139	0.987188301068	183.1082	4	-0.020	0.569	0	
0	329.093	561.538	5530.9534074	0.976337566583	193.1952	4	-0.485	1.040	0	
0	346.923	566.800	1881.04852892	0.967386449969	184.4647	4	-0.524	0.584	0	
0	980.948	567.479	7277.79804537	0.986279485631	184.3828	4	-0.221	0.702	0	
0	918.086	574.055	333.887376725	0.867760744991	183.2052	4	1.829	0.498	0	
0	1294.292	581.033	1813.00916702	0.949729657362	172.9792	4	-1.080	0.961	0	
0	807.113	591.951	6829.67440808	0.985371506859	192.8529	4	0.064	0.648	0	
0	147.841	594.225	1267.068225	0.711868867262	173.415	4	-0.072	0.546	0	
0	827.326	600.752	1288.24955169	0.91453430312	188.2362	4	0.025	0.526	0	
0	785.355	620.557	5997.91076256	0.988097953941	186.4326	4	0.145	0.534	0	
0	216.470	625.825	4591.98012837	0.98265258283	174.9944	4	0.016	0.655	0	
0	811.854	626.393	6269.02497476	0.986279485631	189.0737	4	0.007	0.617	0	
0	662.029	632.908	6735.96776223	0.979941161096	186.1737	4	-0.441	0.994	0	
0	668.658	636.561	3308.26278856	0.97185170294	182.333	4	-0.543	0.816	0	
0	1200.974	634.624	1589.27846988	0.94710907947	176.8606	4	-1.151	0.895	0	
0	654.835	640.328	7467.92589931	0.986279485631	183.7646	4	-0.059	0.678	0	
0	1163.197	649.375	904.482149048	0.944495732508	176.588	4	-0.001	0.537	0	
0	112.449	656.108	6217.27389294	0.968277856261	172.5979	4	-0.927	1.587	0	
0	1243.350	745.719	2120.31311674	0.880643228418	182.8132	4	0.379	0.586	0	
0	464.157	753.982	3557.9513056	0.979941161096	179.7144	4	0.102	0.622	0	
0	1307.831	759.786	946.237161366	0.926403100736	172.1268	4	-1.135	0.793	0	
0	411.469	783.528	6036.70564786	0.970957006529	203.3363	4	-0.680	1.320	0	
0	416.849	789.195	5602.73394794	0.979039017448	202.8434	4	-0.444	0.898	0	
0	399.184	785.098	4579.30953152	0.978137704323	190.4781	4	-0.458	0.800	0	
0	426.170	786.845	3587.56683039	0.978137704323	198.7788	4	-0.343	0.625	0	
0	466.633	793.931	5765.0091377	0.974540741766	181.6707	4	-0.638	1.170	0	
0	381.605	812.752	1555.96563161	0.92299638484	196.389	4	0.466	0.909	0	
0	390.389	815.025	2951.20922667	0.879832499442	211.2588	4	-0.159	0.609	0	
0	388.283	815.462	2905.3603143	0.891250938134	214.7704	4	-0.239	0.598	0	
0	384.597	816.236	7805.48691466	0.98265258283	211.593	4	0.173	0.691	0	
0	383.210	848.550	4549.8806015	0.968277856261	197.3521	4	-0.325	1.020	0	
0	1291.100	814.482	2246.98410364	0.966495864314	178.7733	4	-0.640	0.721	0	
0	399.983	821.936	3791.40344183	0.956753368618	201.3044	4	0.109	0.669	0	
0	402.048	823.956	3235.9365693	0.919602196659	196.7092	4	-0.306	0.754	0	
0	401.445	826.587	3031.09815358	0.935836543584	198.376	4	-0.139	0.659	0	
0	440.443	819.488	2797.69263785	0.977237220956	183.7341	4	-0.167	0.584	0	
0	414.789	819.552	3915.6151484	0.979039017448	194.2325	4	-0.349	0.680	0	
0	1111.958	853.209	1481.83551752	0.950604793656	188.6006	4	-0.723	0.747	0	
0	1225.448	853.911	5670.22118161	0.967386449969	204.9287	4	-0.531	1.472	0	
0	713.759	855.115	1013.91138574	0.905315591648	200.3243	4	-2.051	0.956	0	
0	733.714	860.350	3681.28973643	0.898669495048	218.8504	4	-0.296	0.827	0	
0	716.053	877.907	1791.43064841	0.947981801011	212.4931	4	-0.976	0.856	0	
0	728.093	881.855	2608.55501187	0.968277856261	205.7579	4	-0.123	0.726	0	
0	758.757	871.297	1602.50723888	0.955872571885	192.0503	4	-0.392	0.644	0	
0	1209.355	860.323	2112.51596624	0.941022483527	210.3534	4	0.514	0.880	0	
0	358.704	869.802	1605.4618868	0.939290651618	188.5072	4	1.236	1.033	0	
0	934.776	871.733	1196.74053131	0.94710907947	179.1529	4	0.658	0.618	0	
0	667.323	871.232	4246.19563946	0.976337566583	183.0245	4	0.194	0.844	0	
0	1326.459	881.090	2083.53116057	0.953235043921	175.0094	4	-0.980	0.995	0	
0	772.189	881.534	4145.72031787	0.983558056227	183.7371	4	0.230	0.560	0	
0	940.914	884.961	6692.67906936	0.98446436398	186.8283	4	-0.265	0.730	0	
0	1237.643	889.011	5257.75082257	0.960284679209	212.4071	4	-0.958	1.698	0	
0	381.737	889.100	3644.18150789	0.974540741766	183.152	4	-0.450	0.819	0	
0	1287.928	889.879	4421.80921074	0.972747223777	182.7045	4	-0.498	1.017	0	
0	1184.665	900.992	5223.96188999	0.962941712972	209.3058	4	-1.037	1.551	0	
0	1157.416	903.205	2676.70185563	0.956753368618	200.3102	4	-0.743	0.900	0	
0	895.961	904.035	6415.04932511	0.97543874044	194.1335	4	-0.534	1.201	0	
0	304.022	904.058	1676.48626607	0.945366045958	184.2944	4	-1.225	0.945	0	
0	1195.011	904.128	5252.9104845	0.969170083947	211.9823	4	-0.773	1.240	0	
0	932.100	904.817	5445.02652842	0.968277856261	198.4683	4	-0.839	1.383	0	
0	938.693	905.632	5888.43655356	0.967386449969	193.5043	4	-0.892	1.518	0	
0	1223.939	918.290	4866.31256073	0.965606098542	214.3332	4	-0.315	0.942	0	
0	1232.348	974.553	1054.87257132	0.815830617449	205.6747	4	-4.464	1.924	0	
0	914.784	912.861	5780.96047406	0.968277856261	202.4713	4	-0.881	1.438	0	
0	876.235	916.951	1823.05596068	0.964717151896	193.9726	4	-0.322	0.607	0	
0	269.239	917.440	7297.93515214	0.978137704323	181.5681	4	-0.529	1.190	0	
0	868.554	920.207	5161.78605497	0.976337566583	192.119	4	-0.479	0.962	0	
0	1192.486	921.155	6711.19719698	0.970957006529	213.2318	4	-0.788	1.428	0	
0	1351.809	921.449	6748.38730871	0.965606098542	183.0758	4	-0.983	1.829	0	
0	1336.588	923.491	2516.51776161	0.972747223777	180.1648	4	-0.184	0.608	0	
0	1209.520	926.545	4066.3054634	0.954113410282	216.3686	4	-0.186	1.033	0	
0	1204.573	928.922	4218.90746568	0.967386449969	212.2661	4	-0.396	1.095	0	
0	1179.833	937.877	4861.83258465	0.965606098542	204.8363	4	-0.536	1.376	0	
0	253.133	938.318	8279.42163712	0.98265258283	180.4281	4	-0.348	0.992	0	
0	248.606	942.849	6356.23579938	0.976337566583	176.6871	4	-0.201	0.940	0	
0	247.001	946.144	6426.87717317	0.979941161096	175.5348	4	-0.170	0.806	0	
0	1064.760	947.385	4781.89460666	0.974540741766	185.8952	4	-0.603	1.024	0	
0	1178.669	950.898	5812.99567725	0.957634976969	197.9751	4	-1.148	1.912	0	
0	1039.403	958.001	3229.9812406	0.973643569799	193.6884	4	-0.217	0.721	0	
0	1160.083	955.518	1702.94256188	0.935836543584	186.1492	4	1.404	1.169	0	
0	851.127	980.493	3218.10344309	0.945366045958	230.2321	4	-1.103	1.399	0	
0	827.892	983.285	3610.771451	0.951480736352	198.6701	4	-1.062	1.405	0	
0	1362.739	967.092	2948.49231389	0.963829023624	175.1421	4	-0.571	1.019	0	
0	1257.801	973.896	2242.84881587	0.953235043921	203.6524	4	-0.561	0.995	0	
0	1047.319	1002.875	3253.8685178	0.880643228418	187.5938	4	-0.445	1.045	0	
0	1046.347	1007.258	4508.16704541	0.779112191113	187.4431	4	-0.235	0.719	0	
0	1017.602	1005.657	4043.89620508	0.948855326728	206.7573	4	0.089	0.790	0	
0	959.021	981.786	849.571627156	0.941889596523	180.0487	4	-0.188	0.528	0	
0	1275.462	987.831	1487.30487005	0.958517397686	190.2389	4	0.172	0.609	0	
0	1195.444	991.628	4393.39245644	0.959400631516	188.5442	4	-1.012	1.534	0	
0	834.542	43.853	2251.12701591	0.957634976969	173.1417	5	0.754	0.914	0	
0	844.165	44.095	2681.63706676	0.978137704323	173.5394	5	0.187	0.523	0	
0	1082.565	49.082	4839.49449302	0.978137704323	168.5861	5	0.445	0.908	0	
0	15.723	62.456	5551.36777435	0.98446436398	169.7134	5	-0.084	0.684	0	
0	360.371	64.634	2045.50243111	0.946237161366	195.2128	5	-1.164	1.085	0	
0	1087.271	68.541	1723.45520511	0.969170083947	170.6308	5	0.213	0.516	0	
0	394.944	76.056	1831.47080466	0.929822390585	182.1585	5	1.446	1.382	0	
0	371.329	81.255	5204.75151171	0.965606098542	197.206	5	-0.864	1.472	0	
0	27.106	81.755	1207.81383511	0.953235043921	172.3564	5	-0.312	0.596	0	
0	415.619	157.482	1726.63285274	0.917064749115	198.2099	5	-0.791	0.865	0	
0	837.911	121.417	6698.84609417	0.988097953941	181.5108	5	0.037	0.569	0	
0	439.960	126.528	7105.58763369	0.98446436398	174.967	5	0.103	0.827	0	
0	102.287	141.593	3476.96244618	0.97185170294	169.9382	5	0.573	0.899	0	
0	783.608	149.639	2575.13499041	0.951480736352	181.8904	5	1.239	1.220	0	
0	1117.322	154.200	1276.43880881	0.958517397686	176.5057	5	0.026	0.542	0	
0	809.646	156.565	577.032135333	0.846447448098	202.3016	5	-2.695	0.825	0	
0	806.493	158.708	3897.62453098	0.970957006529	205.3059	5	-0.467	0.844	0	
0	800.939	159.435	4528.97579904	0.97543874044	201.8244	5	-0.520	0.852	0	
0	754.447	165.063	2387.81128291	0.961169541516	177.9515	5	0.689	0.776	0	
0	1111.923	169.598	1408.63994636	0.950604793656	176.0638	5	-0.491	0.727	0	
0	89.120	177.280	1533.20419903	0.951480736352	171.4926	5	0.793	0.791	0	
0	1248.591	180.218	6988.75796135	0.986279485631	174.6453	5	0.045	0.648	0	
0	808.865	201.164	5011.87233627	0.976337566583	207.6255	5	-0.501	0.839	0	
0	823.875	230.351	5495.40873858	0.926403100736	209.2	5	0.136	0.475	0	
0	1146.804	190.427	1611.38753572	0.955872571885	181.9514	5	-0.835	0.689	0	
0	71.347	201.431	968.277856261	0.942757508527	176.1072	5	-0.816	0.582	0	
0	1155.536	202.082	6420.96052568	0.941889596523	188.536	5	-0.201	0.628	0	
0	463.197	206.174	834.065197409	0.929822390585	195.6642	5	-0.766	0.563	0	
0	16.475	214.712	4261.86805424	0.978137704323	177.3164	5	-0.373	0.801	0	
0	107.835	221.888	1457.47126126	0.958517397686	179.6449	5	-0.416	0.588	0	
0	455.997	225.944	1240.50923004	0.927256742581	187.4764	5	-0.362	0.584	0	
0	452.908	226.439	5975.85429716	0.98174794302	185.8705	5	0.016	0.584	0	
0	885.465	227.201	6873.8491959	0.988097953941	174.4218	5	0.196	0.580	0	
0	1256.579	232.270	5152.28644582	0.983558056227	193.0308	5	-0.037	0.619	0	
0	858.499	243.926	6848.57159126	0.98446436398	187.7777	5	-0.116	0.725	0	
0	1260.727	252.376	1198.94704048	0.947981801011	195.	5	0.071	0.638	0	
0	102.066	258.528	4446.31267469	0.978137704323	184.8732	5	-0.259	0.796	0	
0	14.031	260.256	5915.61634175	0.98265258283	177.2287	5	-0.043	0.765	0	
0	934.845	264.987	2728.97778281	0.976337566583	175.6458	5	0.004	0.558	0	
0	1244.883	267.406	1843.31687951	0.926403100736	200.8082	5	-1.494	1.198	0	
0	1246.093	275.607	2085.45104769	0.915377008362	203.0877	5	-0.893	1.175	0	
0	1250.999	273.009	1380.3842646	0.869360692509	199.8231	5	-2.904	1.752	0	
0	1227.823	308.917	1760.35395362	0.933254300797	222.4328	5	-0.023	0.895	0	
0	1226.265	313.002	2918.7708482	0.954992586021	213.2069	5	-0.055	0.772	0	
0	936.306	272.964	7592.76572647	0.98446436398	179.524	5	0.017	0.813	0	
0	1349.637	273.931	731.812797674	0.925550244763	172.0843	5	-0.703	0.611	0	
0	68.421	278.012	2396.62452941	0.953235043921	187.7523	5	0.829	1.115	0	
0	1364.604	284.683	821.864080389	0.923846887538	174.054	5	-0.706	0.676	0	
0	1355.202	287.041	1475.02710176	0.943626220277	173.6772	5	-0.595	0.883	0	
0	32.771	293.114	3681.28973643	0.977237220956	180.6834	5	-0.189	0.714	0	
0	71.344	298.951	5044.28945952	0.972747223777	192.9815	5	-0.730	1.086	0	
0	979.458	308.704	4297.34281154	0.954113410282	205.1026	5	-1.214	1.551	0	
0	1336.723	318.283	3584.26408044	0.978137704323	176.1534	5	-0.411	0.702	0	
0	1025.997	319.818	2841.84246806	0.964717151896	176.0832	5	-0.677	0.820	0	
0	1026.085	324.952	2542.1431362	0.938425931237	215.0764	5	-1.419	1.308	0	
0	1006.952	339.097	3429.25673298	0.962055219186	243.7695	5	-0.710	0.952	0	
0	1011.524	345.525	2530.46304946	0.926403100736	248.2991	5	-0.875	1.342	0	
0	1021.305	346.250	1114.80780336	0.887156012038	250.142	5	-2.176	1.139	0	
0	999.381	347.004	5282.0194977	0.969170083947	226.1694	5	-0.396	1.015	0	
0	984.812	359.590	6552.39394016	0.912010839356	194.1164	5	-0.693	1.584	0	
0	987.296	359.746	6637.43070402	0.919602196659	196.8215	5	-0.704	1.477	0	
0	1322.620	328.972	750.930942454	0.92299638484	177.929	5	-1.259	0.649	0	
0	948.906	332.305	8218.64080389	0.986279485631	190.8568	5	-0.329	0.744	0	
0	605.283	333.959	6064.5698151	0.98265258283	180.5388	5	0.368	0.793	0	
0	1091.873	336.261	6379.69622663	0.983558056227	183.8348	5	-0.362	0.799	0	
0	83.747	353.881	2644.84362685	0.966495864314	247.811	5	0.078	0.443	0	
0	82.642	357.033	1351.45005412	0.912010839356	250.2352	5	0.206	0.547	0	
0	91.873	376.475	729.793515214	0.867760744991	201.2147	5	-1.309	0.720	0	
0	598.074	356.612	7331.62089027	0.988097953941	182.9682	5	0.219	0.578	0	
0	975.247	357.032	2613.36457619	0.976337566583	191.4255	5	-0.131	0.495	0	
0	957.130	358.573	1555.96563161	0.935836543584	184.1376	5	-0.089	0.516	0	
0	954.621	359.917	2852.3315123	0.961169541516	183.3502	5	-0.046	0.566	0	
0	961.982	362.195	1185.76874817	0.949729657362	181.8802	5	0.095	0.530	0	
0	958.106	362.599	1207.81383511	0.939290651618	181.496	5	-0.061	0.625	0	
0	1307.923	360.354	2818.38293126	0.979039017448	176.5733	5	-0.187	0.485	0	
0	1220.254	361.403	1417.75112312	0.964717151896	203.7083	5	0.076	0.469	0	
0	1271.249	367.049	5410.03406863	0.978137704323	188.522	5	0.305	0.951	0	
0	1312.851	377.500	5455.0658817	0.979039017448	188.3336	5	-0.355	0.888	0	
0	1317.940	382.845	757.181509715	0.906149802232	194.3834	5	-0.863	0.748	0	
0	1232.834	380.113	7033.96171216	0.978137704323	204.3715	5	-0.438	1.018	0	
0	1249.683	381.169	7426.77043715	0.964717151896	196.063	5	-0.669	1.236	0	
0	1246.517	381.186	2894.67626418	0.946237161366	196.4734	5	-0.496	0.823	0	
0	294.053	381.312	6600.85207002	0.983558056227	178.8192	5	-0.264	0.806	0	
0	642.919	385.600	5937.45047302	0.98265258283	203.8774	5	-0.275	0.743	0	
0	719.330	404.732	2777.15423588	0.879832499442	254.3254	5	-0.442	0.953	0	
0	678.075	394.915	6892.86860732	0.98446436398	217.3585	5	-0.327	0.741	0	
0	1342.285	400.586	6492.32123143	0.980844136031	191.1135	5	-0.411	0.941	0	
0	652.337	403.785	5119.17528	0.977237220956	208.1569	5	-0.386	0.674	0	
0	1310.632	407.799	6409.14356645	0.98446436398	183.4382	5	-0.121	0.736	0	
0	1218.866	408.218	5829.07978867	0.979039017448	184.3003	5	0.448	0.950	0	
0	676.491	419.781	1834.84760776	0.961169541516	221.3435	5	-0.321	0.645	0	
0	670.746	426.562	4839.49449302	0.979941161096	211.1285	5	-0.426	0.750	0	
0	762.298	433.736	3185.66423657	0.97543874044	203.8089	5	-0.253	0.665	0	
0	344.837	433.909	6504.29155079	0.986279485631	188.3893	5	-0.259	0.657	0	
0	692.667	435.360	7021.0166024	0.988097953941	205.7847	5	0.083	0.571	0	
0	569.189	444.485	6462.49172495	0.978137704323	182.4179	5	0.575	1.058	0	
0	1130.338	449.573	2135.99386019	0.959400631516	173.7192	5	-0.946	0.882	0	
0	642.012	450.094	6637.43070402	0.978137704323	192.2834	5	0.300	1.016	0	
0	757.954	457.298	5536.04995043	0.98174794302	200.9105	5	-0.381	0.755	0	
0	71.834	458.099	1984.26649848	0.968277856261	176.5046	5	-0.534	0.619	0	
0	862.225	458.919	1054.87257132	0.950604793656	176.6514	5	-0.583	0.540	0	
0	317.206	483.797	3787.91303785	0.906149802232	259.7287	5	-0.341	0.894	0	
0	316.185	485.984	3624.098559	0.903649473722	252.4827	5	-0.389	0.879	0	
0	335.951	468.120	3590.87262369	0.961169541516	201.2575	5	0.943	1.189	0	
0	1241.611	491.044	3397.81711827	0.97185170294	176.4426	5	-0.180	0.864	0	
0	555.706	493.894	3833.54000759	0.98265258283	184.0547	5	-0.062	0.507	0	
0	569.116	495.183	6785.7835095	0.988097953941	192.1278	5	-0.101	0.550	0	
0	621.137	497.591	6031.14819618	0.98446436398	186.2019	5	-0.295	0.691	0	
0	982.962	507.315	8188.41791901	0.989008445021	180.1448	5	-0.196	0.627	0	
0	726.632	521.043	7351.90692072	0.98174794302	196.3223	5	-0.119	0.941	0	
0	677.951	524.145	1706.082389	0.934114255736	186.4182	5	-0.069	0.591	0	
0	680.754	524.435	1085.42544931	0.90032643106	186.5375	5	0.251	0.625	0	
0	676.032	527.154	848.00809889	0.925550244763	185.0941	5	-0.492	0.540	0	
0	707.146	526.294	1215.62605524	0.952357486192	193.4298	5	-0.524	0.579	0	
0	961.402	547.086	2350.71511594	0.7684223711	245.3452	5	-0.226	0.979	0	
0	793.345	535.750	5644.16888175	0.98174794302	190.3036	5	-0.449	0.761	0	
0	743.352	536.402	7244.35960075	0.985371506859	193.5127	5	-0.220	0.751	0	
0	750.192	541.346	2488.85731828	0.97185170294	192.5372	5	-0.382	0.580	0	
0	586.882	554.902	6504.29155079	0.986279485631	183.6983	5	0.257	0.660	0	
0	311.853	558.105	5587.27438994	0.978137704323	184.8177	5	0.075	0.977	0	
0	343.942	573.960	6092.5625975	0.979039017448	184.3561	5	-0.494	0.945	0	
0	926.648	574.880	9128.51219331	0.954113410282	183.9182	5	-0.105	0.667	0	
0	928.421	575.934	2556.23042711	0.827179951864	183.405	5	0.090	0.782	0	
0	841.238	585.879	4566.6738965	0.978137704323	183.7697	5	0.248	0.807	0	
0	1006.924	589.095	6280.58358813	0.98265258283	176.9332	5	-0.268	0.814	0	
0	148.699	596.045	2815.78829971	0.919602196659	173.7634	5	0.045	0.446	0	
0	150.571	597.083	1263.57201852	0.817334817978	173.9041	5	0.220	0.489	0	
0	335.323	600.116	2627.84654084	0.977237220956	179.9049	5	-0.080	0.531	0	
0	690.006	601.053	5618.23628134	0.980844136031	180.1953	5	0.385	0.854	0	
0	657.010	613.475	3922.8346254	0.976337566583	186.2009	5	-0.482	0.797	0	
0	820.372	641.432	2112.51596624	0.917064749115	184.1936	5	2.124	1.834	0	
0	1265.991	741.889	1406.04752413	0.952357486192	176.1633	5	-0.820	0.700	0	
0	1200.081	748.694	3812.41351104	0.967386449969	183.9357	5	0.602	1.114	0	
0	448.233	752.287	2997.78167158	0.972747223777	184.3255	5	-0.436	0.737	0	
0	430.666	754.129	3691.47558165	0.938425931237	189.4961	5	-0.185	0.700	0	
0	432.001	756.255	2701.46907296	0.915377008362	190.8857	5	-0.293	0.736	0	
0	440.866	767.858	5613.06407675	0.976337566583	193.429	5	-0.556	0.992	0	
0	1081.920	789.681	741.99332779	0.918755601666	182.6274	5	-0.368	0.676	0	
0	406.663	794.587	4664.44525204	0.979039017448	207.1343	5	-0.325	0.646	0	
0	432.904	801.847	5415.01918953	0.98265258283	191.6959	5	-0.265	0.712	0	
0	505.140	807.318	2372.4660151	0.955872571885	175.6673	5	-1.059	1.039	0	
0	387.415	827.443	2299.32308702	0.629216351288	225.3203	5	0.369	0.877	0	
0	381.086	829.682	4051.35220229	0.898669495048	246.1948	5	-0.373	0.945	0	
0	1132.062	827.525	5030.37081085	0.980844136031	188.3211	5	0.383	0.763	0	
0	1261.143	850.828	1403.45987292	0.947981801011	192.1852	5	-0.939	0.751	0	
0	705.651	851.252	6564.47501952	0.986279485631	190.0821	5	0.027	0.656	0	
0	694.885	852.573	4168.6938347	0.969170083947	189.2103	5	0.536	1.062	0	
0	720.745	857.906	3777.46109388	0.962055219186	226.7254	5	-0.326	0.835	0	
0	751.882	881.443	3640.82663789	0.957634976969	199.756	5	-0.626	1.089	0	
0	337.279	858.121	7413.10241301	0.987188301068	185.8699	5	-0.123	0.637	0	
0	409.004	865.910	5839.82724619	0.98265258283	188.4584	5	-0.202	0.747	0	
0	423.842	874.407	6217.27389294	0.983558056227	180.002	5	0.119	0.773	0	
0	417.484	878.131	4630.2026586	0.977237220956	181.4137	5	-0.522	0.847	0	
0	1234.619	875.600	2097.00757854	0.970063133784	210.592	5	-0.018	0.543	0	
0	686.051	877.883	6036.70564786	0.978137704323	201.9389	5	-0.595	0.972	0	
0	1178.599	879.675	2414.34872971	0.963829023624	205.9164	5	-0.038	0.789	0	
0	960.280	884.924	4835.03920592	0.986279485631	177.8506	5	-0.074	0.522	0	
0	918.750	885.314	5035.00608788	0.985371506859	187.8865	5	-0.031	0.550	0	
0	1182.269	887.435	6735.96776223	0.97185170294	207.2963	5	-0.707	1.339	0	
0	1263.627	892.142	2434.44518369	0.912851219331	202.6211	5	0.444	0.775	0	
0	1266.203	892.234	2181.72495899	0.90032643106	201.4994	5	0.326	0.716	0	
0	1267.973	894.240	1013.91138574	0.794328234724	200.6579	5	0.048	0.863	0	
0	1117.765	892.244	5053.58994753	0.979941161096	187.5342	5	-0.349	0.819	0	
0	1092.630	893.988	914.53430312	0.940156168804	183.1264	5	-0.916	0.565	0	
0	930.868	896.909	2263.60164045	0.963829023624	195.9623	5	-0.508	0.630	0	
0	324.962	898.818	2523.48077248	0.965606098542	183.8748	5	-0.737	0.806	0	
0	697.561	900.385	6297.9614793	0.983558056227	200.5204	5	-0.219	0.762	0	
0	1136.309	905.302	3999.44749761	0.979941161096	190.7268	5	0.091	0.680	0	
0	879.053	906.420	4405.54863507	0.968277856261	190.3684	5	-0.777	1.148	0	
0	1223.911	939.876	5030.37081085	0.965606098542	267.1205	5	-0.431	1.304	0	
0	1348.121	913.958	6692.67906936	0.966495864314	179.9065	5	-0.931	1.594	0	
0	1166.084	914.745	1528.97364669	0.952357486192	199.7734	5	-0.186	0.709	0	
0	308.360	915.240	6510.28498435	0.976337566583	182.2767	5	-0.623	1.154	0	
0	924.469	916.710	6792.03632617	0.970063133784	197.5375	5	-0.808	1.410	0	
0	278.006	928.918	2937.64965196	0.935836543584	184.4315	5	-0.743	1.026	0	
0	275.381	930.566	6053.40874754	0.965606098542	185.3946	5	-0.550	1.043	0	
0	1073.379	937.290	3394.6890538	0.973643569799	182.9861	5	-0.498	0.775	0	
0	1277.651	937.932	3429.25673298	0.972747223777	192.9003	5	-0.169	0.814	0	
0	843.981	941.549	6321.20682005	0.983558056227	190.8022	5	-0.290	0.724	0	
0	1265.473	943.516	3684.68189148	0.967386449969	202.1837	5	-0.779	1.003	0	
0	870.122	949.656	2118.36113525	0.934975003089	200.1603	5	1.417	1.385	0	
0	1355.224	951.648	5850.5945195	0.97185170294	180.7165	5	-0.720	1.294	0	
0	815.955	957.870	2479.7048988	0.969170083947	190.1977	5	-0.098	0.708	0	
0	827.501	957.921	1670.32122582	0.960284679209	191.5815	5	-0.170	0.630	0	
0	887.288	959.432	7304.6598952	0.98446436398	181.0419	5	-0.158	0.830	0	
0	855.842	959.769	3805.39725003	0.906149802232	205.6765	5	0.026	1.253	0	
0	863.175	972.232	2316.32769599	0.90032643106	209.0965	5	-2.698	2.029	0	
0	859.417	978.868	3735.94092259	0.919602196659	216.8711	5	-1.713	1.950	0	
0	873.554	971.762	3604.12628649	0.976337566583	189.0413	5	-0.200	0.620	0	
0	836.201	994.634	3915.6151484	0.944495732508	219.2138	5	-0.611	1.220	0	
0	833.467	992.751	4773.09413929	0.964717151896	212.6861	5	-0.412	0.885	0	
0	826.128	997.161	7331.62089027	0.980844136031	206.5439	5	-0.307	0.905	0	
0	825.431	987.322	1495.54677274	0.929822390585	199.4898	5	-0.869	0.850	0	
0	1249.144	968.018	994.489037155	0.892072188725	207.8726	5	-0.208	1.026	0	
0	1279.202	970.400	5480.24532177	0.978137704323	187.7234	5	-0.316	0.943	0	
0	1051.074	971.822	6367.95520908	0.978137704323	193.8338	5	-0.307	1.055	0	
0	1205.349	974.837	1986.09491736	0.932395137541	192.7337	5	1.438	1.391	0	
0	1030.234	988.349	4458.61527948	0.932395137541	222.3073	5	-0.331	0.945	0	
0	1042.736	1006.336	3426.09972488	0.929822390585	270.4766	5	0.089	0.647	0	
0	1020.210	1003.058	4558.2695154	0.863773746529	218.4104	5	-0.009	0.715	0	
0	774.337	992.773	801.678063388	0.924698173938	176.8777	5	-1.163	0.664	0	
0	803.124	1000.015	3107.42031039	0.974540741766	182.1187	5	-0.103	0.706	0	
0	966.934	1004.276	3121.76351085	0.97543874044	185.7269	5	0.055	0.672	0	
0	351.184	31.902	4575.0937733	0.979941161096	173.6309	6	-0.240	0.691	0	
0	352.933	69.118	5520.77439281	0.980844136031	189.5553	6	-0.302	0.783	0	
0	372.100	107.075	1898.45365666	0.965606098542	191.1953	6	-0.537	0.567	0	
0	405.355	114.388	2902.6856105	0.930679183163	191.8383	6	-0.162	0.522	0	
0	412.525	121.478	2518.83662784	0.931536765239	200.5503	6	-0.020	0.556	0	
0	423.632	123.452	2649.72009888	0.959400631516	180.4837	6	0.086	0.557	0	
0	395.138	119.039	3597.49335156	0.962055219186	214.188	6	-0.033	0.262	0	
0	790.685	162.082	5365.3739952	0.977237220956	196.4423	6	-0.452	0.707	0	
0	800.921	181.459	1793.08137708	0.954113410282	208.5545	6	-0.758	0.743	0	
0	803.518	187.798	6251.72692776	0.985371506859	209.439	6	-0.012	0.644	0	
0	780.315	181.538	2305.68513695	0.957634976969	183.9091	6	0.791	0.886	0	
0	817.026	190.198	4746.78979483	0.97543874044	208.8867	6	-0.161	0.719	0	
0	810.785	195.508	689.922009844	0.796526079784	212.2459	6	-0.423	0.448	0	
0	818.907	201.046	1590.74292375	0.894540483779	235.7928	6	0.385	0.646	0	
0	827.871	206.425	3348.11217386	0.970957006529	308.2934	6	-0.004	0.651	0	
0	844.343	199.089	2516.51776161	0.929822390585	195.8609	6	-1.425	1.485	0	
0	816.116	218.307	1512.16784879	0.937562006926	209.2582	6	-0.444	0.699	0	
0	1178.245	188.887	1258.92541179	0.931536765239	180.0953	6	0.581	0.847	0	
0	775.353	188.957	6625.21535903	0.986279485631	182.3855	6	0.186	0.619	0	
0	1244.167	194.248	6379.69622663	0.979941161096	185.7484	6	-0.351	0.773	0	
0	450.588	201.625	1592.20872705	0.94710907947	199.0505	6	0.738	0.748	0	
0	477.324	204.209	4164.85609341	0.974540741766	183.4332	6	-0.213	0.602	0	
0	478.406	207.953	5520.77439281	0.980844136031	182.2112	6	-0.210	0.638	0	
0	120.225	219.233	2355.0492839	0.950604793656	174.8798	6	1.150	1.196	0	
0	62.153	220.422	5546.25712958	0.977237220956	181.9896	6	-0.068	0.802	0	
0	831.804	242.590	7099.04615855	0.98265258283	203.3115	6	-0.378	0.783	0	
0	1231.461	306.653	3141.95528464	0.952357486192	232.5665	6	-0.933	1.028	0	
0	1245.978	305.242	2429.9648977	0.934975003089	237.3721	6	-1.390	1.159	0	
0	1219.114	311.622	4088.83890268	0.966495864314	209.2818	6	-0.535	0.830	0	
0	1264.329	305.296	2539.80281377	0.898669495048	191.1735	6	-2.568	2.214	0	
0	946.248	310.549	7014.5529842	0.978137704323	203.8926	6	-0.557	1.077	0	
0	92.686	312.840	5375.26648787	0.98446436398	200.4383	6	-0.223	0.587	0	
0	1014.605	313.814	7105.58763369	0.98265258283	172.7617	6	0.335	0.859	0	
0	1201.270	346.434	604.783591882	0.879832499442	198.285	6	-1.504	0.780	0	
0	57.607	344.410	2937.64965196	0.952357486192	181.2164	6	1.243	1.211	0	
0	68.596	345.485	2921.46037388	0.972747223777	200.3864	6	-0.276	0.502	0	
0	1262.709	345.567	4716.284553	0.969170083947	197.0344	6	-0.771	1.204	0	
0	1064.246	352.307	1103.57028996	0.94710907947	187.9674	6	0.247	0.589	0	
0	1057.610	356.049	7495.48949792	0.978137704323	191.3075	6	-0.243	1.133	0	
0	1052.036	353.891	3681.28973643	0.957634976969	193.8061	6	0.923	1.343	0	
0	1051.953	360.283	1408.63994636	0.920449571753	189.8322	6	1.509	1.141	0	
0	1249.931	357.237	969.170083947	0.913692373681	202.5044	6	-2.145	0.812	0	
0	1017.606	364.003	1678.03107829	0.934975003089	184.0972	6	0.651	0.870	0	
0	1014.148	364.329	1571.8098282	0.916220490122	178.2377	6	1.227	1.083	0	
0	649.371	365.135	6165.95001861	0.980844136031	202.1211	6	-0.386	0.708	0	
0	1203.923	366.136	1173.81593248	0.933254300797	201.9471	6	-1.263	0.772	0	
0	1279.058	382.891	3212.18093399	0.963829023624	180.166	6	0.753	1.048	0	
0	723.644	413.308	2598.96242111	0.925550244763	258.235	6	-0.865	0.921	0	
0	707.787	394.275	1592.20872705	0.948855326728	207.6308	6	-0.488	0.659	0	
0	698.462	399.015	3729.06539962	0.970957006529	218.2876	6	0.044	0.808	0	
0	665.766	399.852	1524.75476766	0.912851219331	219.1146	6	-2.082	1.032	0	
0	657.730	403.362	6269.02497476	0.974540741766	210.831	6	-0.567	0.731	0	
0	1348.505	418.113	3253.8685178	0.965606098542	187.4945	6	0.383	1.018	0	
0	1339.997	419.961	3227.00768752	0.976337566583	187.3753	6	-0.243	0.609	0	
0	299.228	464.353	1863.80297235	0.959400631516	208.64	6	-0.300	0.646	0	
0	594.231	507.444	6391.45889186	0.977237220956	202.6724	6	0.501	0.952	0	
0	291.980	511.868	2361.56552392	0.942757508527	185.8335	6	1.301	1.236	0	
0	963.019	515.288	6854.88226453	0.979941161096	197.7789	6	-0.357	0.907	0	
0	619.349	530.241	1146.04059114	0.759276572647	234.7708	6	-0.525	0.802	0	
0	629.974	547.946	2916.08379852	0.951480736352	184.46	6	-0.840	1.008	0	
0	619.998	540.092	2844.46110745	0.632120682005	234.9969	6	-0.464	0.870	0	
0	624.430	558.342	2175.70495093	0.901986422074	199.6611	6	0.494	0.602	0	
0	626.630	559.629	1614.35855683	0.883079900419	199.9041	6	-0.009	0.506	0	
0	1001.877	529.486	7197.80372803	0.986279485631	185.7063	6	-0.255	0.666	0	
0	957.082	535.804	1848.41719537	0.92299638484	215.9283	6	-0.269	0.639	0	
0	980.033	544.775	3404.08189701	0.946237161366	216.442	6	-0.877	1.341	0	
0	974.074	546.590	3518.84388821	0.722437032436	223.0202	6	-0.603	1.221	0	
0	583.246	536.194	8016.78063388	0.983558056227	191.6902	6	0.220	0.877	0	
0	793.567	544.431	2112.51596624	0.960284679209	190.604	6	-0.834	0.695	0	
0	945.687	570.833	3640.82663789	0.969170083947	185.6098	6	0.393	0.974	0	
0	804.039	594.677	5119.17528	0.98174794302	192.8594	6	0.189	0.565	0	
0	825.292	598.957	2030.48600272	0.969170083947	189.2509	6	-0.217	0.504	0	
0	1245.442	745.158	4587.75270547	0.98174794302	182.4156	6	-0.168	0.511	0	
0	406.087	785.309	6081.35001279	0.978137704323	200.6053	6	-0.426	0.781	0	
0	388.847	812.017	1570.36280433	0.940156168804	207.8386	6	0.134	0.402	0	
0	1292.810	809.371	5992.38902583	0.97543874044	177.0268	6	-0.636	1.074	0	
0	725.563	862.713	1658.05907511	0.91453430312	232.1714	6	-1.615	1.112	0	
0	720.516	865.599	3061.96343369	0.960284679209	223.2706	6	-0.074	0.767	0	
0	730.364	869.783	1457.47126126	0.926403100736	224.3568	6	-1.540	0.883	0	
0	712.330	869.439	2008.16780418	0.81208221625	215.6315	6	-0.079	0.801	0	
0	721.340	869.645	4341.10209707	0.972747223777	223.0573	6	-0.047	0.667	0	
0	739.488	872.284	1592.20872705	0.92811117102	216.3062	6	-1.104	0.947	0	
0	712.289	873.905	710.558763369	0.870161772152	214.0267	6	-0.332	0.866	0	
0	756.997	876.260	728.450423292	0.862184081073	193.8231	6	-2.280	0.951	0	
0	1207.002	858.127	1032.76140576	0.927256742581	208.9501	6	0.374	0.653	0	
0	938.879	871.151	1246.23516049	0.953235043921	180.5495	6	-0.043	0.547	0	
0	936.971	889.992	6995.19781051	0.980844136031	190.7716	6	-0.387	0.851	0	
0	1231.104	922.482	1590.74292375	0.930679183163	218.5748	6	-0.438	0.842	0	
0	1221.918	923.417	904.482149048	0.790678628	224.5607	6	-0.884	0.664	0	
0	275.292	919.745	6200.11864209	0.969170083947	183.9801	6	-0.793	1.267	0	
0	904.070	920.722	6468.44664172	0.972747223777	198.1344	6	-0.742	1.242	0	
0	1161.556	923.016	1786.48757485	0.958517397686	197.7758	6	0.148	0.705	0	
0	1211.042	929.357	3326.59553294	0.961169541516	216.1675	6	-0.702	0.778	0	
0	1205.684	935.802	3227.00768752	0.948855326728	215.7553	6	-1.106	1.277	0	
0	1037.561	952.087	7244.35960075	0.978137704323	188.7195	6	-0.509	1.103	0	
0	1042.525	979.585	1072.50666562	0.883893621739	205.2195	6	-2.385	1.032	0	
0	1040.752	992.549	4857.35673288	0.921297727669	220.4154	6	-0.347	0.945	0	
0	1043.211	992.708	4738.05393339	0.925550244763	201.5464	6	0.135	0.883	0	
0	1008.988	1006.219	3448.25996553	0.959400631516	201.4229	6	-0.014	0.499	0	
0	405.101	148.239	3116.01830311	0.913692373681	195.8201	7	-0.121	0.611	0	
0	862.578	170.976	6899.22009844	0.987188301068	179.7881	7	-0.127	0.629	0	
0	826.141	195.500	5267.44488332	0.97185170294	209.7937	7	0.153	0.684	0	
0	830.107	201.555	4246.19563946	0.962055219186	263.2342	7	-0.001	0.619	0	
0	822.061	205.742	1267.068225	0.931536765239	249.6798	7	-0.183	0.549	0	
0	842.012	192.959	1749.04103997	0.930679183163	195.8887	7	-0.979	0.841	0	
0	817.524	206.210	2030.48600272	0.942757508527	237.5323	7	0.029	0.539	0	
0	826.367	213.718	2484.2768937	0.953235043921	339.6177	7	-0.525	0.766	0	
0	846.964	215.870	1868.95997165	0.929822390585	204.9309	7	-1.082	0.947	0	
0	806.637	208.197	3053.51459394	0.962055219186	193.3823	7	-0.743	0.825	0	
0	811.346	217.407	1916.01983207	0.954992586021	194.8467	7	0.148	0.652	0	
0	822.657	221.889	3244.89015661	0.946237161366	238.2723	7	-0.400	0.697	0	
0	820.644	224.082	2787.40452032	0.937562006926	210.9858	7	-0.321	0.655	0	
0	843.242	226.299	3548.13389234	0.89949758153	223.8597	7	-0.110	0.658	0	
0	832.562	230.281	2320.5984616	0.658870404334	236.9106	7	-0.213	0.656	0	
0	822.923	232.173	7365.4621147	0.98265258283	191.8728	7	-0.113	0.455	0	
0	1153.747	203.176	3833.54000759	0.970063133784	187.5822	7	-0.549	0.514	0	
0	1149.182	205.647	536.043457816	0.861390345772	186.339	7	-1.795	0.648	0	
0	1240.852	266.136	3970.08678112	0.964717151896	199.4583	7	-0.792	1.046	0	
0	1235.162	277.444	6081.35001279	0.915377008362	212.2902	7	0.123	0.901	0	
0	1238.267	291.640	2441.18110605	0.917909786057	344.9796	7	-0.094	0.839	0	
0	1257.498	305.185	1602.50723888	0.887973489326	190.9305	7	-1.407	1.569	0	
0	1244.343	317.202	4870.79666493	0.961169541516	202.9769	7	-0.384	0.957	0	
0	1313.198	287.921	5430.00213066	0.849571627156	176.53	7	0.120	0.611	0	
0	1314.006	289.069	2731.49242209	0.694384471241	177.5453	7	-0.314	0.696	0	
0	954.005	312.860	7385.84178121	0.974540741766	207.5923	7	-0.651	1.185	0	
0	1048.723	342.102	1416.44592724	0.927256742581	210.335	7	-0.524	0.701	0	
0	68.743	330.423	2721.44774645	0.965606098542	201.2108	7	-0.081	0.385	0	
0	68.784	334.551	1297.77678169	0.932395137541	202.3832	7	0.317	0.444	0	
0	72.150	336.821	1442.77962313	0.92299638484	211.6323	7	0.516	0.487	0	
0	75.213	335.591	2269.86485188	0.935836543584	213.754	7	0.304	0.445	0	
0	76.301	338.460	3036.68678847	0.94710907947	217.8103	7	0.148	0.576	0	
0	89.182	379.092	2249.05460584	0.792866374879	199.0101	7	-0.178	0.585	0	
0	995.802	346.586	4884.27378423	0.973643569799	217.8471	7	-0.051	0.716	0	
0	723.220	396.630	1799.69951658	0.939290651618	191.0398	7	-0.384	0.730	0	
0	724.654	406.006	741.310241301	0.867760744991	248.6924	7	-0.657	0.859	0	
0	731.070	412.926	2255.27756675	0.749548949792	237.9193	7	-0.267	0.574	0	
0	729.130	418.671	2594.17936212	0.947981801011	240.4234	7	-1.062	0.991	0	
0	740.757	406.155	2171.70084335	0.860597341193	182.7757	7	-0.038	0.931	0	
0	743.704	414.470	3951.84588928	0.923846887538	202.6278	7	-0.070	0.547	0	
0	742.864	417.479	1512.16784879	0.908657048958	205.0575	7	-0.970	0.662	0	
0	737.812	420.648	1894.95979474	0.925550244763	208.4726	7	-1.274	0.917	0	
0	331.732	405.380	6817.10526306	0.98446436398	175.8128	7	-0.172	0.684	0	
0	321.462	405.825	5561.60319598	0.97543874044	195.2413	7	-0.545	0.898	0	
0	693.305	410.057	3962.78034255	0.966495864314	223.8094	7	0.470	0.945	0	
0	782.827	444.737	4047.62248688	0.974540741766	182.871	7	-0.591	0.816	0	
0	286.183	474.600	1308.57916125	0.930679183163	192.3075	7	-0.705	0.773	0	
0	288.865	479.954	2357.21936365	0.929822390585	196.5649	7	-0.502	0.748	0	
0	289.924	482.851	2674.23765709	0.945366045958	201.2393	7	-0.254	0.579	0	
0	293.176	482.968	1005.54150186	0.87256944277	216.1989	7	-0.810	0.756	0	
0	286.218	483.181	2900.01336905	0.968277856261	191.794	7	-0.239	0.532	0	
0	300.743	481.710	4289.43409997	0.974540741766	237.9286	7	0.384	0.670	0	
0	292.092	494.728	2849.70562734	0.970957006529	211.4484	7	-0.118	0.511	0	
0	306.176	482.325	5495.40873858	0.980844136031	263.5536	7	-0.199	0.611	0	
0	306.898	489.458	4055.08535448	0.972747223777	242.3713	7	-0.186	0.658	0	
0	306.718	496.318	1375.30809742	0.931536765239	236.0005	7	-0.421	0.708	0	
0	311.303	489.375	514.280431949	0.821864080389	246.4122	7	-2.590	0.794	0	
0	314.438	496.211	3988.41186909	0.968277856261	230.2632	7	-0.226	0.643	0	
0	307.444	507.735	2507.26362478	0.963829023624	206.9616	7	-0.503	0.765	0	
0	314.180	499.817	700.164359373	0.851922326429	222.0932	7	-0.691	0.556	0	
0	313.876	503.013	2630.2679919	0.952357486192	212.5539	7	-0.207	0.607	0	
0	321.308	505.764	3087.45047559	0.961169541516	202.907	7	-0.657	0.950	0	
0	952.777	543.846	4305.26610492	0.810587682465	242.6401	7	-0.330	0.928	0	
0	978.505	551.149	3830.01081226	0.843334757764	214.6478	7	-0.941	1.306	0	
0	964.710	553.802	1867.23938838	0.907820530178	241.8017	7	-1.592	1.218	0	
0	945.648	541.778	4516.47904929	0.976337566583	200.935	7	-0.133	0.782	0	
0	942.948	548.743	923.846887538	0.894540483779	219.0349	7	1.725	0.790	0	
0	950.138	556.941	4246.19563946	0.917909786057	219.4579	7	-0.157	0.692	0	
0	977.117	555.202	748.169500511	0.814329185209	212.3167	7	-2.578	0.998	0	
0	965.056	558.406	824.897523935	0.743361389655	219.1331	7	-1.492	0.997	0	
0	956.211	564.828	1200.0518202	0.89784217091	180.7173	7	-1.547	1.048	0	
0	967.126	564.811	387.6144867	0.65343139965	188.2133	7	-8.653	1.511	0	
0	603.391	553.373	2873.42588667	0.969170083947	201.6031	7	0.390	0.697	0	
0	400.100	816.443	3045.08906697	0.973643569799	205.5914	7	0.301	0.528	0	
0	388.307	822.033	4138.09064817	0.967386449969	220.2497	7	-0.362	0.673	0	
0	385.376	824.741	3162.27766017	0.962055219186	223.5434	7	0.150	0.568	0	
0	376.306	853.585	4017.90810849	0.927256742581	198.7455	7	-0.190	0.840	0	
0	374.202	855.260	2761.84944208	0.923846887538	196.6895	7	0.170	0.739	0	
0	355.880	844.860	2333.45806228	0.958517397686	204.089	7	-0.470	0.788	0	
0	371.792	857.321	2795.11705399	0.941889596523	196.2537	7	0.025	0.742	0	
0	353.348	852.645	1623.30452777	0.94710907947	197.0208	7	0.259	0.690	0	
0	752.519	864.754	3084.60813776	0.917909786057	189.3741	7	-0.562	0.946	0	
0	1159.587	906.013	920.449571753	0.922146665124	200.1446	7	-1.175	0.595	0	
0	1236.350	973.065	2128.13904598	0.886339287328	205.8571	7	-2.801	2.027	0	
0	1255.821	961.644	544.502652842	0.70145529842	204.7349	7	-2.104	1.282	0	
0	855.358	962.441	4875.28490103	0.963829023624	207.6681	7	-0.341	0.950	0	
0	840.464	986.631	5738.52132675	0.958517397686	224.1616	7	-0.856	1.293	0	
0	847.200	1002.274	905.315591648	0.869360692509	296.6169	7	-2.726	1.155	0	
0	123.332	8.957	4956.78406594	0.912851219331	169.4215	8	-0.252	0.779	0	
0	372.100	72.972	9585.17397686	0.98265258283	196.5768	8	-0.236	1.040	0	
0	404.309	111.868	2603.75429894	0.961169541516	189.7825	8	-0.255	0.504	0	
0	409.001	114.443	2584.63963577	0.961169541516	187.9536	8	-0.592	0.550	0	
0	412.151	118.199	1301.36763011	0.938425931237	189.6946	8	-0.065	0.462	0	
0	409.866	122.818	2484.2768937	0.957634976969	241.3637	8	0.160	0.499	0	
0	414.192	131.205	3076.09681474	0.955872571885	255.2299	8	0.141	0.488	0	
0	419.303	133.275	2095.07705237	0.944495732508	241.2664	8	-0.158	0.519	0	
0	423.709	130.032	3265.87832172	0.965606098542	183.7091	8	-0.159	0.553	0	
0	424.793	136.770	3715.35229097	0.908657048958	191.376	8	-0.364	0.620	0	
0	419.144	144.619	1319.4714572	0.907820530178	209.2744	8	-1.122	0.969	0	
0	405.631	140.806	4317.17844471	0.918755601666	207.7	8	-0.122	0.584	0	
0	425.942	143.158	3574.37406264	0.968277856261	197.0557	8	-0.341	0.827	0	
0	423.239	148.888	3394.6890538	0.855854621221	198.8145	8	0.151	0.610	0	
0	422.788	150.695	3064.78490537	0.855066712885	199.4617	8	-0.189	0.556	0	
0	409.649	150.346	2222.28625433	0.929822390585	199.881	8	-0.624	0.793	0	
0	401.080	146.121	2303.56250012	0.963829023624	188.8085	8	-0.157	0.615	0	
0	418.281	156.195	790.678628	0.886339287328	199.1422	8	-1.711	0.776	0	
0	431.500	150.723	5335.80561846	0.974540741766	194.6736	8	-0.390	0.991	0	
0	397.130	128.912	2777.15423588	0.963829023624	202.8979	8	0.332	0.477	0	
0	396.697	121.486	4195.65722339	0.978137704323	216.4577	8	-0.091	0.291	0	
0	413.929	163.664	1330.45441798	0.953235043921	192.4652	8	0.385	0.568	0	
0	816.028	194.073	2681.63706676	0.961169541516	213.8094	8	-0.053	0.459	0	
0	817.905	196.877	963.829023624	0.89371696085	225.6671	8	-0.189	0.510	0	
0	834.157	197.205	3253.8685178	0.824138115013	206.9919	8	-0.375	0.720	0	
0	812.515	197.835	1263.57201852	0.912851219331	214.0746	8	-0.210	0.457	0	
0	814.797	200.497	3922.8346254	0.952357486192	228.2902	8	-0.045	0.475	0	
0	832.978	210.663	2518.83662784	0.959400631516	347.8132	8	-0.515	0.557	0	
0	811.759	211.173	6081.35001279	0.722437032436	204.8151	8	-0.331	0.825	0	
0	817.979	213.116	1937.31392458	0.852707337344	234.7919	8	0.229	0.745	0	
0	819.797	216.346	3033.89118419	0.951480736352	245.0059	8	-0.192	0.695	0	
0	838.260	213.504	1715.53664773	0.725103497617	278.5945	8	-0.280	0.527	0	
0	844.757	209.931	1395.72545771	0.905315591648	198.7482	8	-1.666	0.946	0	
0	837.467	220.513	4397.44078447	0.912010839356	249.3497	8	-0.487	0.905	0	
0	825.643	226.835	1678.03107829	0.697589604333	229.7488	8	-0.074	0.307	0	
0	849.012	224.158	864.569678034	0.882266928218	210.0742	8	-0.918	0.756	0	
0	837.742	249.307	6223.00285169	0.985371506859	191.1427	8	-0.186	0.590	0	
0	1225.687	268.245	1014.84566282	0.920449571753	193.2715	8	-0.164	0.606	0	
0	1218.491	269.421	550.047252868	0.838687171248	194.7926	8	-2.832	0.934	0	
0	1239.962	272.510	1931.96831702	0.929822390585	200.7949	8	-1.528	1.020	0	
0	1228.899	298.362	6649.66857125	0.939290651618	294.63	8	0.306	0.726	0	
0	1208.426	282.609	2967.56335807	0.944495732508	197.6216	8	-1.268	1.371	0	
0	1226.279	301.242	4357.12480503	0.909494338555	269.665	8	-0.358	0.945	0	
0	1224.320	302.947	3047.89498963	0.866163741972	263.3423	8	-0.537	0.990	0	
0	1241.789	301.098	2368.09979387	0.941022483527	327.3	8	-1.134	1.010	0	
0	1239.253	309.733	1858.66020269	0.92299638484	227.7869	8	-1.155	0.837	0	
0	1236.310	311.755	5007.2583564	0.954113410282	209.2194	8	-0.077	0.520	0	
0	1230.061	314.860	8195.96320482	0.980844136031	212.8851	8	0.039	0.598	0	
0	1234.467	319.651	3826.48486595	0.953235043921	205.622	8	-0.543	0.853	0	
0	92.856	339.480	3271.89983623	0.968277856261	204.6169	8	-0.351	0.653	0	
0	94.239	343.511	1642.85789814	0.948855326728	204.0941	8	-0.037	0.586	0	
0	88.900	346.398	2818.38293126	0.966495864314	211.0782	8	0.260	0.629	0	
0	90.053	351.927	2028.61671697	0.950604793656	245.7582	8	0.873	0.762	0	
0	94.843	356.022	1699.8085132	0.943626220277	242.0174	8	-0.590	0.760	0	
0	86.811	356.980	3544.86744474	0.962941712972	248.4474	8	-0.040	0.510	0	
0	89.550	358.231	1258.92541179	0.901986422074	255.5657	8	0.381	0.534	0	
0	101.225	353.471	2620.59555473	0.955872571885	201.5821	8	-0.796	0.979	0	
0	95.011	361.093	3564.51133426	0.968277856261	253.1241	8	-0.041	0.700	0	
0	79.404	356.375	919.602196659	0.908657048958	252.6948	8	1.209	0.573	0	
0	94.603	365.953	3594.18146315	0.947981801011	208.8104	8	0.296	0.576	0	
0	96.424	368.160	4462.72370762	0.953235043921	205.1215	8	0.104	0.572	0	
0	78.570	349.972	2932.2432823	0.966495864314	239.1401	8	0.213	0.499	0	
0	77.178	363.861	3147.7483141	0.973643569799	233.12	8	-0.098	0.542	0	
0	93.457	369.449	3419.79442514	0.958517397686	205.8248	8	0.213	0.511	0	
0	73.937	369.069	2383.41682067	0.937562006926	189.7528	8	-0.617	0.687	0	
0	87.812	371.550	2546.83025259	0.959400631516	208.1794	8	-0.529	0.679	0	
0	68.528	363.353	2902.6856105	0.968277856261	187.8547	8	-0.469	0.629	0	
0	72.706	371.959	2346.38892446	0.931536765239	187.2596	8	-0.693	0.701	0	
0	78.750	376.957	1213.38885046	0.927256742581	188.3988	8	-1.077	0.768	0	
0	81.469	382.095	960.284679209	0.919602196659	188.3825	8	-1.201	0.722	0	
0	103.912	375.714	1579.06497273	0.944495732508	194.6758	8	-0.579	0.785	0	
0	1197.820	342.648	7191.17735783	0.977237220956	196.1769	8	-0.572	1.141	0	
0	652.760	408.433	4305.26610492	0.977237220956	207.1383	8	-0.493	0.612	0	
0	326.075	464.061	2986.75775503	0.972747223777	211.4777	8	-0.472	0.617	0	
0	319.777	464.284	1733.00573533	0.953235043921	216.5707	8	-0.526	0.630	0	
0	334.197	482.794	747.480728176	0.851138038202	198.8315	8	-1.225	0.917	0	
0	337.515	476.670	1638.32477963	0.932395137541	187.7625	8	0.091	1.020	0	
0	954.007	504.321	1074.48411664	0.763484105183	183.3451	8	-0.572	0.473	0	
0	951.225	506.949	1473.66917704	0.753702576688	183.508	8	-0.488	0.567	0	
0	625.626	523.440	1019.52997756	0.847227414141	182.7022	8	-0.386	0.716	0	
0	625.789	526.485	4066.3054634	0.958517397686	182.1951	8	-0.123	0.665	0	
0	624.638	529.297	1016.71680047	0.818841791901	182.6197	8	-0.687	0.752	0	
0	616.367	530.656	6969.47396356	0.979941161096	238.1442	8	0.131	0.713	0	
0	630.806	534.068	2407.68684561	0.942757508527	181.218	8	-1.341	1.178	0	
0	609.048	530.707	1879.3168168	0.945366045958	234.8918	8	-0.675	0.659	0	
0	631.820	541.941	2292.97859182	0.944495732508	178.8865	8	-1.291	1.060	0	
0	625.517	542.146	2746.62899242	0.789950721336	221.3819	8	-0.781	0.824	0	
0	625.287	549.831	1828.10021614	0.898669495048	203.6716	8	-0.236	0.588	0	
0	627.665	550.928	1449.43919129	0.875790036306	197.7245	8	-0.177	0.593	0	
0	617.462	550.005	4285.48520397	0.979039017448	212.8553	8	-0.318	0.580	0	
0	623.628	553.444	3147.7483141	0.967386449969	204.6411	8	-0.131	0.640	0	
0	609.131	540.902	1699.8085132	0.922146665124	235.45	8	-1.117	0.717	0	
0	387.509	808.930	1706.082389	0.94710907947	202.3479	8	0.144	0.481	0	
0	385.177	811.743	2984.00811593	0.965606098542	206.0109	8	0.016	0.486	0	
0	1231.879	963.894	7014.5529842	0.90115604434	231.0965	8	-0.074	0.884	0	
0	1019.947	983.929	2808.01872812	0.959400631516	194.5045	8	0.260	0.758	0	
0	1019.497	1000.989	8527.07337344	0.961169541516	212.811	8	0.129	0.550	0	
0	1016.364	998.551	3454.61774906	0.954992586021	206.9698	8	-0.390	0.752	0	
0	818.352	1001.212	7125.24824752	0.976337566583	195.2701	8	-0.153	1.113	0	
0	865.838	998.284	1479.10838817	0.757879220916	252.8787	8	-7.105	3.823	0	
0	839.645	208.531	5802.29759982	0.898669495048	203.1844	9	-0.171	0.611	0	
0	1233.039	277.421	2582.26019063	0.883079900419	210.8265	9	-0.705	0.744	0	
0	1228.374	280.547	3557.9513056	0.943626220277	228.1245	9	-1.015	1.191	0	
0	1240.775	282.865	589.929345104	0.835603018231	269.2143	9	-3.063	0.777	0	
0	1223.752	284.513	5749.10181568	0.970063133784	229.0081	9	-0.216	0.891	0	
0	1225.952	325.282	1140.77501292	0.905315591648	202.0997	9	-1.927	0.896	0	
0	1049.750	345.868	2681.63706676	0.965606098542	200.2339	9	-0.341	0.672	0	
0	990.895	355.980	1524.75476766	0.798730006111	205.2697	9	-0.446	0.808	0	
0	992.686	358.101	12717.4488629	0.970957006529	204.716	9	-0.248	0.899	0	
0	994.475	361.238	7726.80585096	0.968277856261	200.6768	9	-0.210	0.821	0	
0	991.365	362.502	1347.72101385	0.889610704409	190.7726	9	-0.860	0.731	0	
0	720.833	391.748	2488.85731828	0.917064749115	181.9141	9	-0.088	0.625	0	
0	735.735	408.449	1051.96187382	0.892072188725	216.1996	9	-0.689	0.511	0	
0	747.462	422.002	1126.15974691	0.769839161929	201.6221	9	0.079	0.398	0	
0	737.571	433.275	1831.47080466	0.941022483527	208.2409	9	-0.850	0.858	0	
0	733.013	433.961	1124.08719347	0.921297727669	206.9401	9	-1.320	0.766	0	
0	289.674	491.936	1045.20144146	0.930679183163	201.0545	9	0.343	0.480	0	
0	304.987	500.617	1245.08786392	0.931536765239	214.6581	9	0.545	0.581	0	
0	308.742	501.202	1230.26877081	0.921297727669	216.506	9	-0.346	0.650	0	
0	726.182	856.178	2201.91221148	0.947981801011	220.2258	9	-1.093	0.858	0	
0	730.887	858.051	1989.75681109	0.941889596523	220.5571	9	-0.544	0.834	0	
0	720.594	861.544	6086.95372335	0.97543874044	227.5941	9	-0.340	0.737	0	
0	733.467	862.693	2066.33151756	0.945366045958	221.3693	9	-0.612	0.626	0	
0	739.702	864.830	2940.35657367	0.964717151896	222.3376	9	0.155	0.644	0	
0	717.797	871.181	2376.84028662	0.954113410282	220.0171	9	-0.812	0.663	0	
0	742.987	862.577	3984.74009718	0.964717151896	205.802	9	-0.136	0.666	0	
0	746.007	863.540	2761.84944208	0.948855326728	198.6977	9	-0.005	0.771	0	
0	749.794	864.413	3197.4223032	0.955872571885	191.0257	9	-0.259	0.835	0	
0	734.447	871.520	1329.22958832	0.918755601666	218.6106	9	-1.058	0.776	0	
0	734.380	876.856	679.829490455	0.883893621739	211.7416	9	-1.494	0.687	0	
0	750.683	878.004	698.875796135	0.874178256401	201.6281	9	-1.109	0.622	0	
0	1252.515	961.888	6773.29514009	0.947981801011	206.0801	9	-0.604	1.426	0	
0	1252.054	964.827	2403.25580493	0.880643228418	207.006	9	-0.733	1.346	0	
0	852.369	967.744	3104.55958813	0.926403100736	212.8433	9	-0.251	0.708	0	
0	845.725	978.979	3483.37315036	0.968277856261	261.8577	9	0.009	0.796	0	
0	1045.111	984.279	3879.71657294	0.950604793656	204.1303	9	-0.604	0.957	0	
0	121.247	8.341	5959.36519256	0.824138115013	169.5545	10	-0.088	0.553	0	
0	121.067	9.520	3944.57302075	0.731812797674	169.6775	10	-0.368	0.594	0	
0	412.146	145.098	3955.48735056	0.944495732508	210.3457	10	-0.502	0.829	0	
0	416.238	135.235	2544.48561515	0.794328234724	236.5936	10	-0.122	0.486	0	
0	419.189	140.047	3746.27798344	0.892894196065	211.964	10	-0.668	0.864	0	
0	826.632	199.971	4141.90372622	0.965606098542	228.0493	10	0.232	0.665	0	
0	837.052	202.127	2350.71511594	0.871766146602	205.1048	10	-0.622	0.675	0	
0	837.699	204.924	5161.78605497	0.940156168804	267.834	10	-0.278	0.581	0	
0	840.278	206.413	4285.48520397	0.92811117102	201.1797	10	-0.582	0.715	0	
0	830.243	231.516	1966.07463388	0.864569678034	222.6769	10	-0.380	0.422	0	
0	832.794	232.049	3915.6151484	0.936698877952	238.6758	10	-0.074	0.443	0	
0	837.648	232.857	1452.11161759	0.725771650267	226.5305	10	-0.319	0.498	0	
0	835.620	233.203	2905.3603143	0.869360692509	229.8633	10	-0.350	0.520	0	
0	708.178	398.830	1914.25592502	0.954992586021	218.1842	10	-0.749	0.611	0	
0	319.003	470.843	3640.82663789	0.941889596523	220.8893	10	-0.538	1.037	0	
0	316.040	471.811	2379.03044588	0.926403100736	221.0096	10	-0.673	0.892	0	
0	336.507	489.085	741.99332779	0.837143674435	177.1852	10	-2.306	0.917	0	
0	951.889	504.909	5195.17283011	0.98265258283	183.4405	10	-0.001	0.454	0	
0	614.304	524.505	1595.14438693	0.944495732508	223.4829	10	-0.365	0.542	0	
0	618.701	524.562	4694.61519383	0.952357486192	209.0608	10	-0.460	0.642	0	
0	974.060	532.870	1341.52879827	0.936698877952	214.3307	10	-0.386	0.755	0	
0	969.520	539.724	1814.6797794	0.943626220277	229.0175	10	-0.368	0.706	0	
0	974.475	544.704	4230.58085777	0.951480736352	222.6971	10	-0.507	0.965	0	
0	968.824	546.319	1134.48824421	0.834833753724	229.045	10	-4.118	1.292	0	
0	978.481	548.565	1216.74620398	0.879832499442	216.4328	10	-1.814	0.858	0	
0	971.513	550.670	1452.11161759	0.902817564966	220.0786	10	-0.871	0.730	0	
0	391.653	829.581	4405.54863507	0.934975003089	220.6253	10	-0.340	0.750	0	
0	375.668	845.094	3432.41665012	0.666806769214	218.4093	10	-0.623	0.698	0	
0	714.186	865.445	2261.51774611	0.800940030533	216.5941	10	-0.458	0.603	0	
0	751.150	873.428	3464.17641035	0.963829023624	199.8716	10	-0.312	0.790	0	
0	746.618	876.250	3584.26408044	0.972747223777	204.6522	10	0.155	0.561	0	
0	1223.521	912.641	2041.73794467	0.92896638678	212.3482	10	-1.107	0.922	0	
0	1220.870	914.940	3394.6890538	0.960284679209	213.8163	10	-0.340	0.772	0	
0	1024.310	981.838	1960.64966723	0.933254300797	199.125	10	-0.948	0.933	0	
0	1035.195	997.586	2932.2432823	0.919602196659	232.6849	10	-0.819	1.051	0	
0	1025.260	992.745	4549.8806015	0.941889596523	220.4211	10	-0.482	0.969	0	
0	1024.962	995.875	3787.91303785	0.940156168804	226.2375	10	-0.351	0.834	0	
0	1017.079	985.940	827.942163712	0.912010839356	194.554	10	-0.382	0.544	0	
0	1029.515	1003.942	3746.27798344	0.925550244763	331.8069	10	0.087	0.936	0	
0	1014.519	990.148	3081.76841661	0.954113410282	195.6756	10	-0.813	0.963	0	
0	1027.156	1005.944	7204.43620415	0.953235043921	337.7161	10	0.235	0.960	0	
0	1017.050	1002.231	5749.10181568	0.970063133784	206.8407	10	0.017	0.413	0	
0	1014.690	1004.234	3729.06539962	0.948855326728	202.8133	10	0.307	0.527	0	
0	816.581	202.703	3087.45047559	0.963829023624	225.7756	11	-0.014	0.425	0	
0	811.353	209.944	3577.66769936	0.941889596523	204.0994	11	-1.343	0.695	0	
0	1253.097	294.619	1766.85129845	0.855066712885	215.1058	11	-0.358	0.808	0	
0	88.826	380.980	3901.21602953	0.970063133784	194.8615	11	0.553	0.617	0	
0	101.436	382.334	1543.12106566	0.958517397686	190.2071	11	0.143	0.519	0	
0	714.760	407.815	2718.9423544	0.957634976969	240.7636	11	-0.693	0.822	0	
0	731.673	400.233	2434.44518369	0.960284679209	195.1971	11	-0.804	0.758	0	
0	718.551	418.078	1157.71057412	0.846447448098	254.1844	11	-4.000	1.460	0	
0	291.095	487.736	2443.43055269	0.957634976969	214.4646	11	-0.844	0.605	0	
0	300.219	494.388	1428.23608002	0.944495732508	235.3364	11	-0.421	0.535	0	
0	305.013	492.785	2316.32769599	0.959400631516	239.0129	11	-0.502	0.517	0	
0	317.535	498.801	3826.48486595	0.978137704323	219.6159	11	0.115	0.418	0	
0	964.852	538.406	501.187233627	0.762781234069	229.554	11	-1.228	0.567	0	
0	950.191	547.737	3876.144867	0.966495864314	239.9124	11	-0.270	0.598	0	
0	953.666	548.776	5607.89663375	0.970957006529	243.1775	11	0.008	0.743	0	
0	967.646	556.982	5180.83785072	0.961169541516	206.1791	11	-0.616	1.033	0	
0	378.276	831.947	4681.66139724	0.824897523935	247.3101	11	0.405	0.675	0	
0	375.084	843.865	2761.84944208	0.90032643106	222.6749	11	-0.509	0.573	0	
0	742.025	868.106	715.154704659	0.892894196065	216.8947	11	-0.312	0.496	0	
0	1229.067	917.805	1315.8306551	0.908657048958	213.0362	11	-1.596	0.906	0	
0	1232.192	961.546	3215.14082483	0.882266928218	244.9729	11	-0.313	0.659	0	
0	859.792	962.633	3760.10523668	0.952357486192	209.3833	11	0.208	0.956	0	
0	1244.060	974.701	2034.22974321	0.925550244763	203.2175	11	-1.816	1.308	0	
0	402.160	126.865	984.46436398	0.918755601666	224.7927	12	-1.201	0.454	0	
0	399.888	141.373	1212.27179254	0.906984781506	193.0441	12	-0.259	0.553	0	
0	403.461	139.768	4660.15111702	0.960284679209	205.5421	12	0.117	0.460	0	
0	405.864	138.126	4570.88189615	0.961169541516	236.3321	12	-0.115	0.417	0	
0	406.381	144.750	748.858907522	0.840233513908	200.2417	12	-0.823	0.455	0	
0	410.635	132.734	2263.60164045	0.960284679209	247.4406	12	-0.081	0.396	0	
0	413.132	136.363	2028.61671697	0.757181509715	247.2175	12	-0.022	0.405	0	
0	406.463	150.259	1567.4727518	0.933254300797	194.0723	12	-0.817	0.531	0	
0	411.971	128.776	1933.7485453	0.946237161366	256.269	12	-0.128	0.486	0	
0	414.277	134.726	2390.01155148	0.809841447326	242.338	12	-0.131	0.386	0	
0	414.470	138.682	4409.60816451	0.915377008362	224.9092	12	-0.159	0.529	0	
0	424.572	154.876	744.731973906	0.923846887538	199.144	12	0.766	0.409	0	
0	838.786	194.481	2772.04323758	0.956753368618	198.4324	12	-0.748	0.615	0	
0	837.112	197.978	2945.77790234	0.956753368618	203.5337	12	-0.273	0.533	0	
0	837.400	211.448	4795.12574081	0.970957006529	309.8335	12	-0.157	0.369	0	
0	840.813	212.041	1060.71814964	0.852707337344	209.1597	12	-0.564	0.488	0	
0	841.334	215.360	3224.03687192	0.942757508527	213.9063	12	-0.484	0.627	0	
0	834.197	221.578	1891.47236283	0.927256742581	255.0216	12	-1.160	0.634	0	
0	826.103	218.878	5802.29759982	0.964717151896	319.465	12	-0.467	0.697	0	
0	824.186	226.796	1519.14769845	0.945366045958	217.614	12	-0.317	0.286	0	
0	848.796	203.156	3489.79567438	0.94710907947	195.6571	12	0.752	1.279	0	
0	851.914	210.429	5335.80561846	0.963829023624	191.6045	12	0.142	1.006	0	
0	851.490	219.830	6600.85207002	0.977237220956	199.7546	12	-0.070	0.910	0	
0	1232.375	270.118	3688.07717226	0.970957006529	197.8585	12	0.159	0.650	0	
0	1231.315	319.792	1584.89319246	0.941889596523	205.0968	12	0.057	0.503	0	
0	1237.659	297.886	1148.1536215	0.897015608415	342.7993	12	0.012	0.588	0	
0	320.637	475.412	1336.59551655	0.917064749115	219.7579	12	-1.555	0.785	0	
0	324.293	481.578	2989.50992781	0.894540483779	234.7978	12	-0.316	0.560	0	
0	321.570	489.416	783.429642766	0.858222705054	240.3136	12	-0.862	0.866	0	
0	328.108	498.569	2544.48561515	0.960284679209	200.8785	12	-0.383	0.659	0	
0	621.690	527.100	3296.09712177	0.840233513908	209.8963	12	-0.095	0.491	0	
0	619.544	538.727	1816.35193118	0.870161772152	238.8905	12	-3.594	1.166	0	
0	626.637	543.853	1850.12043477	0.940156168804	192.2957	12	0.268	0.597	0	
0	384.690	852.559	1574.70787729	0.941889596523	194.8942	12	-0.159	0.671	0	
0	713.911	867.585	6120.6845887	0.976337566583	216.8856	12	-0.278	0.586	0	
0	743.214	878.805	2679.16832482	0.851922326429	206.3712	12	0.129	0.500	0	
0	1240.992	920.188	2862.85927087	0.939290651618	210.0311	12	-0.935	1.502	0	
0	1240.296	938.661	2514.20103016	0.852707337344	249.7347	12	-0.290	0.965	0	
0	1213.922	965.091	1537.44645699	0.922146665124	205.1655	12	-0.279	1.097	0	
0	842.250	972.245	1969.6996149	0.963829023624	207.3167	12	0.136	0.549	0	
0	866.983	979.905	1157.71057412	0.81208221625	189.806	12	-1.137	0.920	0	
0	1038.573	980.143	2368.09979387	0.92896638678	206.8776	12	-0.806	0.870	0	
0	432.068	137.240	1466.89828221	0.941022483527	183.9845	13	1.071	0.668	0	
0	828.076	189.984	3168.10815933	0.837143674435	203.3055	13	0.267	0.555	0	
0	1233.170	274.578	1217.86738489	0.888791719885	204.0133	13	1.458	0.750	0	
0	1238.343	278.550	1005.54150186	0.909494338555	208.4931	13	0.127	0.537	0	
0	1249.064	279.008	3977.40669105	0.932395137541	204.056	13	-0.199	0.650	0	
0	1249.495	281.692	1908.97394112	0.892072188725	204.3371	13	0.146	0.576	0	
0	1254.747	277.472	2350.71511594	0.912010839356	200.9153	13	-0.986	0.958	0	
0	1254.024	280.610	1910.73298104	0.769130440287	201.6676	13	-0.128	0.715	0	
0	1246.143	290.587	4956.78406594	0.97185170294	302.5551	13	-0.000	0.896	0	
0	1263.132	277.599	676.082975392	0.818841791901	199.1281	13	-2.635	1.055	0	
0	1252.499	310.174	2021.15676696	0.929822390585	196.9744	13	0.275	0.704	0	
0	1255.168	313.184	3031.09815358	0.959400631516	194.9602	13	-0.308	0.757	0	
0	1238.427	314.227	1390.59287547	0.879022516831	208.1459	13	-0.040	0.508	0	
0	1221.297	276.621	2232.54386162	0.957634976969	205.7564	13	-0.567	0.681	0	
0	95.039	386.337	7297.93515214	0.935836543584	189.2514	13	0.253	0.821	0	
0	719.819	395.208	1723.45520511	0.840233513908	183.8929	13	0.117	0.491	0	
0	719.695	402.232	1093.45269673	0.91033239968	250.556	13	-0.865	0.599	0	
0	723.049	416.336	3441.91388268	0.934114255736	254.5143	13	-1.645	1.370	0	
0	297.082	485.665	3955.48735056	0.967386449969	228.0328	13	-0.525	0.639	0	
0	295.841	489.461	1642.85789814	0.926403100736	228.9769	13	-1.412	0.689	0	
0	967.168	536.666	1084.42619577	0.92811117102	224.0513	13	-0.811	0.539	0	
0	961.263	542.013	7284.50423292	0.927256742581	233.5064	13	-0.219	0.729	0	
0	964.207	543.440	5410.03406863	0.942757508527	235.8902	13	-0.519	0.946	0	
0	957.280	539.022	3372.87308659	0.865366342956	227.6048	13	-0.124	0.525	0	
0	959.092	540.664	1903.70653174	0.774818532776	230.534	13	-0.168	0.666	0	
0	959.179	553.424	7530.08710548	0.962941712972	252.9387	13	-0.459	1.088	0	
0	395.624	834.076	1917.78536448	0.92896638678	193.403	13	-1.755	0.971	0	
0	386.359	842.475	2488.85731828	0.636795520908	197.968	13	-0.749	0.985	0	
0	386.058	844.350	5365.3739952	0.809841447326	197.2813	13	-0.465	0.976	0	
0	1242.673	928.222	634.453795776	0.824897523935	210.2356	13	-3.315	1.091	0	
0	1244.165	946.693	2486.56605131	0.942757508527	248.0366	13	-0.925	1.165	0	
0	1260.769	952.205	1334.1356829	0.795060175084	205.079	13	-4.603	2.136	0	
0	1229.056	958.194	522.396188999	0.720443620415	229.2072	13	-2.512	1.085	0	
0	853.552	970.672	1579.06497273	0.92811117102	214.6459	13	-0.723	0.629	0	
0	850.120	969.260	1009.25288608	0.89371696085	212.5555	13	-1.184	0.594	0	
0	851.491	975.645	4373.2066517	0.970063133784	215.2154	13	-0.355	0.768	0	
0	1027.806	984.148	2818.38293126	0.960284679209	208.0468	13	-0.408	0.633	0	
0	1042.340	986.017	843.334757764	0.878213279898	212.1749	13	-1.370	0.627	0	
0	1034.175	986.144	975.43874044	0.869360692509	217.8362	13	-0.646	0.555	0	
0	1024.133	986.125	1796.38739906	0.932395137541	202.4173	13	0.803	0.714	0	
0	1029.742	991.151	3375.98104855	0.937562006926	226.5583	13	-0.523	0.665	0	
0	1046.930	988.515	1063.65307508	0.917064749115	194.0818	13	-0.841	0.595	0	
0	1029.356	999.599	3317.41649695	0.717133482658	254.8298	13	-0.251	0.558	0	
0	1024.857	1001.775	5016.49056773	0.97185170294	244.7448	13	-0.065	0.475	0	
0	1048.324	999.844	3413.50072949	0.962055219186	187.4419	13	-0.105	0.597	0	
0	1032.993	1005.727	1495.54677274	0.859805066661	228.0113	13	0.074	0.944	0	
0	1040.019	997.274	1960.64966723	0.911171233043	215.2356	13	-0.729	0.714	0	
0	1044.655	1003.238	2024.88330653	0.926403100736	192.5334	13	0.114	0.482	0	
0	821.393	996.542	1905.46071796	0.94710907947	199.6241	13	0.921	0.670	0	
0	424.422	134.422	3173.94940856	0.961169541516	191.5463	14	0.651	0.520	0	
0	417.087	138.143	4817.25903559	0.966495864314	222.1326	14	-0.413	0.496	0	
0	850.028	213.415	4993.44188721	0.956753368618	196.7009	14	0.753	1.049	0	
0	828.526	221.597	1886.25324535	0.822621393883	262.8391	14	-0.380	0.432	0	
0	829.457	223.879	5272.29861423	0.89949758153	241.2281	14	-0.176	0.454	0	
0	831.477	224.535	2312.06479018	0.765596606911	244.5959	14	-0.799	0.560	0	
0	827.647	229.330	2106.68692574	0.960284679209	211.8755	14	-0.472	0.314	0	
0	1245.799	283.280	2361.56552392	0.958517397686	209.6518	14	0.297	0.534	0	
0	1259.120	283.618	1430.86941275	0.747480728176	201.0742	14	-1.080	0.713	0	
0	1255.021	286.976	3735.94092259	0.92811117102	202.3201	14	0.106	0.498	0	
0	1260.964	280.657	1215.62605524	0.864569678034	199.6265	14	-1.474	0.960	0	
0	1247.402	296.672	5727.96030986	0.965606098542	314.8816	14	0.021	0.605	0	
0	1249.772	304.852	1377.84384335	0.802416776309	205.1089	14	-0.683	0.590	0	
0	1250.855	314.261	5157.03406303	0.970063133784	199.2096	14	-0.097	0.496	0	
0	1227.048	316.501	2857.59054337	0.942757508527	212.3235	14	1.025	0.793	0	
0	738.755	403.590	1775.0067135	0.961169541516	183.3577	14	0.091	0.491	0	
0	743.202	409.575	2789.97299741	0.967386449969	182.5935	14	0.115	0.592	0	
0	745.909	414.649	5618.23628134	0.978137704323	192.3235	14	-0.023	0.467	0	
0	747.691	417.784	2053.05223928	0.946237161366	189.544	14	0.477	0.548	0	
0	745.731	423.190	2921.46037388	0.970957006529	204.8255	14	0.259	0.478	0	
0	737.123	426.931	3335.79996662	0.966495864314	209.7666	14	-0.056	0.743	0	
0	735.841	417.606	1901.95396044	0.923846887538	212.0376	14	-1.108	0.912	0	
0	329.068	482.551	1798.04269518	0.918755601666	225.6585	14	-0.545	0.594	0	
0	324.918	492.915	2823.57936911	0.959400631516	212.0064	14	0.154	0.717	0	
0	619.707	527.300	3314.36245009	0.963829023624	211.3277	14	-0.142	0.409	0	
0	969.870	553.535	3104.55958813	0.963829023624	216.4413	14	0.155	0.555	0	
0	972.753	563.741	1204.48112857	0.906149802232	195.6908	14	-0.756	0.736	0	
0	743.345	881.059	4956.78406594	0.968277856261	202.072	14	0.093	0.564	0	
0	746.701	881.784	5717.41872918	0.966495864314	199.0465	14	-0.024	0.552	0	
0	744.911	884.032	825.657632621	0.748169500511	197.4091	14	0.462	0.744	0	
0	1227.748	912.432	1836.53834335	0.941022483527	210.2686	14	0.080	0.639	0	
0	1233.030	913.380	4281.53994337	0.958517397686	212.3902	14	0.187	1.146	0	
0	1232.962	931.054	494.310686987	0.711868867262	255.0877	14	-4.380	1.040	0	
0	866.785	965.280	2504.95541277	0.941889596523	204.9046	14	0.005	1.133	0	
0	871.755	975.484	2661.95065115	0.962055219186	172.7094	14	0.026	0.537	0	
0	869.576	978.278	6943.84471241	0.974540741766	174.2366	14	-0.263	0.793	0	
0	864.414	987.212	1745.82215292	0.855854621221	199.9	14	-0.318	0.919	0	
0	858.693	983.646	2418.80022315	0.920449571753	227.0225	14	0.064	0.968	0	
0	859.782	986.842	3404.08189701	0.952357486192	247.6968	14	-0.488	0.807	0	
0	855.143	985.869	6223.00285169	0.974540741766	242.5286	14	0.358	0.863	0	
0	830.104	987.895	6240.22142139	0.962055219186	201.6707	14	0.586	1.346	0	
0	409.160	146.119	3535.08613362	0.965606098542	202.33	15	0.291	0.506	0	
0	829.593	188.633	2884.03150313	0.956753368618	200.8055	15	-0.508	0.562	0	
0	821.863	190.405	2568.02945067	0.936698877952	205.922	15	-0.376	0.555	0	
0	825.556	190.518	1642.85789814	0.907820530178	204.376	15	-0.622	0.458	0	
0	823.735	192.973	4893.27924082	0.963829023624	211.3377	15	-0.087	0.412	0	
0	832.853	193.553	2459.23482385	0.906149802232	202.2746	15	-2.134	0.993	0	
0	832.939	198.920	1636.81652143	0.92299638484	211.437	15	-0.898	0.492	0	
0	836.324	207.764	4230.58085777	0.97185170294	333.4077	15	-0.229	0.350	0	
0	834.339	215.431	3812.41351104	0.969170083947	306.0948	15	-0.515	0.484	0	
0	838.722	218.168	1139.72480402	0.886339287328	239.1371	15	-1.383	0.543	0	
0	842.137	229.883	1204.48112857	0.905315591648	226.8851	15	-0.193	0.349	0	
0	842.228	235.972	1778.27941004	0.953235043921	220.8203	15	-0.617	0.549	0	
0	818.963	210.543	4361.13971393	0.791407205399	234.0381	15	-0.620	0.521	0	
0	1219.166	284.525	4566.6738965	0.959400631516	209.8739	15	-0.690	1.045	0	
0	1213.384	295.112	3647.53946926	0.943626220277	207.9214	15	-0.959	1.399	0	
0	960.037	538.154	2637.54574089	0.954992586021	226.8439	15	-0.443	0.462	0	
0	371.868	829.019	908.657048958	0.73046598952	245.8014	15	-0.528	0.632	0	
0	388.934	829.052	4888.77443894	0.968277856261	226.2917	15	0.093	0.557	0	
0	388.967	833.798	6263.25364758	0.974540741766	206.096	15	-0.387	0.760	0	
0	389.750	838.973	1120.98551288	0.881454704447	197.2682	15	-2.294	0.886	0	
0	364.109	850.180	3165.19156723	0.963829023624	206.7647	15	0.342	0.823	0	
0	356.441	850.835	717.794291271	0.89371696085	200.6762	15	-1.141	0.672	0	
0	398.139	841.961	1914.25592502	0.958517397686	192.6989	15	0.144	0.607	0	
0	1253.832	931.472	2352.88120194	0.965606098542	207.1344	15	-0.044	0.648	0	
0	858.687	966.177	1234.80960786	0.923846887538	210.182	15	0.102	0.559	0	
0	1249.156	980.834	1993.4254565	0.871766146602	200.4711	15	-1.021	1.023	0	
0	1027.774	999.357	2632.69167422	0.943626220277	227.6815	15	-0.231	0.399	0	
0	1035.754	1000.923	1131.35786412	0.802416776309	278.4103	15	-0.295	0.568	0	
0	1041.969	1001.435	5931.98439665	0.979039017448	259.1391	15	0.066	0.412	0	
0	1048.182	995.862	5390.13943633	0.969170083947	183.5746	15	0.136	0.786	0	
0	1010.084	995.302	1865.5203891	0.933254300797	193.558	15	0.561	0.686	0	
0	1008.557	998.488	3031.09815358	0.962941712972	193.3766	15	0.226	0.588	0	
0	395.660	136.807	1506.60706619	0.94710907947	190.3924	16	0.349	0.408	0	
0	396.941	140.062	2214.11411209	0.954992586021	189.5873	16	0.445	0.496	0	
0	1228.055	271.340	2507.26362478	0.943626220277	198.0987	16	1.097	0.934	0	
0	1245.862	279.046	2481.98984351	0.959400631516	207.9097	16	-0.112	0.476	0	
0	1255.400	282.651	2878.72381084	0.927256742581	202.6533	16	-0.083	0.440	0	
0	1257.161	285.222	5380.21957189	0.902817564966	200.6854	16	0.012	0.443	0	
0	1257.796	287.223	2486.56605131	0.748169500511	199.8202	16	-0.031	0.510	0	
0	1255.748	294.357	4014.20918204	0.930679183163	199.3883	16	-0.320	0.578	0	
0	1256.217	299.053	5712.15521623	0.930679183163	195.0049	16	-0.446	0.730	0	
0	1254.137	300.134	1206.70190959	0.717794291271	196.6287	16	-0.183	0.719	0	
0	1251.130	306.930	3078.93130974	0.949729657362	199.1533	16	-0.021	0.526	0	
0	1247.832	313.566	3637.47485643	0.956753368618	201.6375	16	-0.247	0.477	0	
0	1247.904	316.702	2128.13904598	0.919602196659	199.9744	16	-0.411	0.565	0	
0	1016.714	330.361	2240.78402679	0.840233513908	216.8755	16	-1.204	1.349	0	
0	1031.714	350.022	1465.54784096	0.862978547767	231.9798	16	-3.592	1.851	0	
0	324.946	479.353	3528.58025829	0.967386449969	227.8091	16	-0.228	0.541	0	
0	331.889	485.805	3473.76151973	0.973643569799	217.4856	16	-0.301	0.557	0	
0	327.630	487.925	2777.15423588	0.962055219186	236.2897	16	0.162	0.658	0	
0	335.687	492.338	1175.98017407	0.938425931237	180.7365	16	-0.753	0.592	0	
0	331.720	496.440	3130.4011901	0.970063133784	194.4385	16	0.333	0.601	0	
0	973.953	556.780	3773.98352537	0.962941712972	209.1778	16	-0.267	0.633	0	
0	974.196	560.371	983.558056227	0.891250938134	199.3002	16	-0.031	0.591	0	
0	1230.526	910.508	1960.64966723	0.94710907947	213.2584	16	-0.441	0.674	0	
0	1226.126	930.208	821.107464085	0.878213279898	226.6914	16	-0.790	0.594	0	
0	1247.283	921.813	822.621393883	0.896189806862	212.4064	16	-1.468	0.808	0	
0	1247.105	930.150	830.233015925	0.880643228418	209.8136	16	-1.337	0.896	0	
0	1259.793	934.947	957.634976969	0.883893621739	205.1931	16	-2.481	1.075	0	
0	1220.357	950.567	3528.58025829	0.902817564966	247.1842	16	-0.385	1.028	0	
0	1223.407	953.516	8241.38115013	0.957634976969	241.2715	16	-0.099	0.854	0	
0	1210.132	953.018	3780.94186683	0.97185170294	203.4187	16	0.034	0.809	0	
0	836.692	1002.161	3070.43565073	0.930679183163	247.7571	16	-1.242	1.389	0	
0	833.940	1005.424	1095.46876733	0.858222705054	248.9612	16	-1.403	1.100	0	
0	1215.499	286.152	2509.5739637	0.949729657362	208.2736	17	-0.354	0.738	0	
0	1227.154	285.396	4257.94453583	0.957634976969	293.1665	17	-0.183	0.743	0	
0	994.842	351.259	3705.10056302	0.973643569799	215.2199	17	-0.302	0.477	0	
0	723.563	391.887	3548.13389234	0.963829023624	181.2483	17	0.711	0.754	0	
0	718.636	397.244	6160.27358327	0.976337566583	195.5877	17	0.504	0.735	0	
0	727.055	399.347	1180.32063565	0.922146665124	211.1414	17	-0.317	0.640	0	
0	951.848	542.352	1458.81426028	0.884708092871	236.0955	17	-2.488	0.708	0	
0	956.590	544.135	797.994687268	0.859805066661	234.4671	17	-1.372	0.560	0	
0	960.963	549.342	2177.70977235	0.906984781506	251.2602	17	-1.908	0.842	0	
0	951.567	558.871	4512.32113344	0.966495864314	215.5215	17	0.095	0.535	0	
0	948.064	559.447	3701.68961033	0.965606098542	205.2988	17	0.335	0.547	0	
0	374.169	816.777	2274.0499509	0.962055219186	182.2497	17	-0.335	0.593	0	
0	368.190	830.189	2813.1960568	0.954113410282	185.9373	17	0.084	0.678	0	
0	382.053	832.578	1404.7531027	0.844111855593	254.4423	17	-0.378	0.464	0	
0	383.877	839.857	2535.1286305	0.954113410282	241.3075	17	-0.037	0.563	0	
0	367.505	844.716	4025.31618974	0.953235043921	213.0262	17	-0.111	0.609	0	
0	364.781	845.060	2716.43926884	0.937562006926	213.2587	17	-0.242	0.536	0	
0	357.743	841.332	1937.31392458	0.957634976969	203.3451	17	-0.318	0.617	0	
0	1237.705	925.204	1702.94256188	0.935836543584	233.6053	17	-0.632	0.796	0	
0	1235.974	929.670	3348.11217386	0.961169541516	249.1422	17	-0.730	0.842	0	
0	1222.119	959.676	3988.41186909	0.934975003089	223.3016	17	-1.115	1.241	0	
0	1219.747	965.044	881.454704447	0.856643255582	207.4064	17	-2.720	1.001	0	
0	1226.734	967.274	3940.94160732	0.961169541516	219.7655	17	-0.376	0.954	0	
0	1220.613	972.577	4010.51366087	0.938425931237	197.2098	17	-1.548	1.773	0	
0	1035.666	982.942	3283.9761925	0.946237161366	212.7265	17	-0.378	0.577	0	
0	1038.464	983.674	1702.94256188	0.883893621739	213.1102	17	-0.732	0.654	0	
0	1036.002	990.285	476.430986805	0.688018316143	224.6725	17	-3.317	0.593	0	
0	1029.629	996.085	1385.47916757	0.809095899178	235.2818	17	-1.266	0.636	0	
0	864.134	989.992	6705.01880163	0.961169541516	254.4442	17	-0.765	1.282	0	
0	817.419	210.098	5252.9104845	0.960284679209	227.4906	18	-0.675	0.622	0	
0	823.104	210.273	2948.49231389	0.944495732508	298.7416	18	-1.179	0.683	0	
0	845.503	225.884	1846.71552399	0.907820530178	211.8848	18	0.145	0.433	0	
0	1244.004	313.461	3188.59969339	0.964717151896	206.2251	18	-0.249	0.534	0	
0	1239.745	318.522	1416.44592724	0.941889596523	205.6949	18	0.466	0.475	0	
0	1015.176	346.386	2948.49231389	0.886339287328	250.0616	18	-1.634	1.578	0	
0	87.250	387.405	1438.79857826	0.932395137541	188.5116	18	0.899	0.745	0	
0	94.447	388.511	1668.78351137	0.909494338555	188.1691	18	-0.208	0.653	0	
0	741.970	428.331	903.649473722	0.891250938134	207.0014	18	-1.569	0.735	0	
0	329.229	479.443	3610.771451	0.965606098542	217.6861	18	-0.069	0.638	0	
0	402.878	841.500	1117.89239071	0.926403100736	189.8755	18	-0.378	0.566	0	
0	1220.449	919.727	847.227414141	0.90115604434	218.7952	18	-1.471	0.527	0	
0	1224.215	921.981	2964.83138952	0.950604793656	219.7882	18	-0.090	0.559	0	
0	1227.202	922.984	2475.14131807	0.934114255736	221.6298	18	-0.189	0.615	0	
0	1226.545	926.802	1491.42012809	0.933254300797	226.9632	18	0.228	0.597	0	
0	1240.883	936.366	2390.01155148	0.841782707661	246.2194	18	0.167	0.659	0	
0	1242.997	936.905	1674.94287603	0.766302072274	245.3945	18	0.055	0.746	0	
0	1249.629	939.279	634.453795776	0.84255837534	214.9671	18	-3.240	0.888	0	
0	1253.077	936.655	1047.12854805	0.922146665124	208.2256	18	-1.137	0.670	0	
0	1251.299	946.984	4134.28108047	0.940156168804	214.5692	18	-0.367	1.345	0	
0	1254.581	946.040	6600.85207002	0.958517397686	204.8475	18	-0.011	1.347	0	
0	1255.251	950.567	3627.43801476	0.860597341193	205.1675	18	-0.102	1.077	0	
0	1253.264	951.858	3185.66423657	0.87256944277	205.8482	18	-0.372	0.957	0	
0	1257.034	952.980	4187.93565118	0.936698877952	205.7276	18	-0.370	1.034	0	
0	869.683	982.188	6143.27561271	0.976337566583	171.0744	18	0.234	0.712	0	
0	842.001	989.948	596.485649919	0.669884609417	237.5711	18	-7.588	1.429	0	
0	845.617	992.601	726.440418592	0.686119875282	272.4968	18	-5.411	1.435	0	
0	1044.601	998.623	2056.83758663	0.942757508527	185.2015	18	1.032	0.524	0	
0	1038.441	1000.333	3607.44733864	0.961169541516	220.2485	18	0.410	0.578	0	
0	1253.050	316.636	1781.55814066	0.940156168804	196.087	19	0.146	0.557	0	
0	1047.042	335.001	865.366342956	0.870161772152	178.9181	19	-0.003	0.663	0	
0	1044.749	336.971	3182.73148217	0.958517397686	205.6386	19	-0.263	0.715	0	
0	1049.663	338.711	4349.10607232	0.979941161096	201.321	19	-0.138	0.576	0	
0	1014.728	328.263	9700.63133784	0.968277856261	205.8279	19	-0.088	1.193	0	
0	1012.716	331.104	4929.46741312	0.954992586021	210.2787	19	-0.543	1.033	0	
0	1019.573	334.029	10251.7970483	0.978137704323	238.4036	19	-0.392	1.028	0	
0	1013.887	335.194	1393.15680295	0.891250938134	233.3654	19	-2.015	1.095	0	
0	1006.179	331.005	3493.01137564	0.965606098542	212.0782	19	-0.607	0.888	0	
0	1008.930	335.541	2335.60824663	0.951480736352	230.2177	19	-1.015	0.743	0	
0	1019.150	338.059	643.872682901	0.824138115013	246.0466	19	-2.694	0.838	0	
0	1012.251	340.631	1949.84459976	0.911171233043	249.4623	19	-2.080	1.191	0	
0	1030.523	335.193	5964.85649919	0.963829023624	235.416	19	-0.814	1.406	0	
0	1015.801	349.627	3493.01137564	0.941889596523	245.4897	19	-1.212	1.235	0	
0	1035.474	336.147	1015.7808008	0.830998041044	228.057	19	-3.615	1.554	0	
0	1005.371	351.636	3959.13216728	0.866961875758	233.2204	19	-0.438	0.913	0	
0	1003.282	352.290	1976.96964011	0.77054853663	228.1687	19	-0.902	0.847	0	
0	1005.345	360.841	5455.0658817	0.965606098542	235.3141	19	-0.490	1.147	0	
0	1035.224	354.383	3274.91475556	0.933254300797	225.3046	19	-1.834	1.785	0	
0	83.392	363.063	608.135001279	0.788496917745	246.0143	19	-0.723	0.619	0	
0	82.376	366.066	390.481083749	0.657052390964	235.3406	19	-4.768	0.703	0	
0	733.198	410.288	3098.84604201	0.940156168804	238.7337	19	-0.026	0.853	0	
0	730.009	411.470	969.170083947	0.832530206749	248.2479	19	-2.422	0.743	0	
0	957.476	557.298	8098.41447326	0.976337566583	242.2942	19	0.112	0.669	0	
0	365.140	834.048	1296.58203538	0.92811117102	192.1729	19	0.850	0.648	0	
0	1255.399	926.930	2739.05025129	0.966495864314	207.6014	19	-0.608	0.687	0	
0	1250.655	927.718	2470.58613604	0.964717151896	208.5809	19	0.165	0.640	0	
0	1239.759	952.981	3379.09187438	0.894540483779	263.5004	19	-0.853	1.019	0	
0	1037.313	987.402	3047.89498963	0.962941712972	218.4381	19	-0.290	0.523	0	
0	1252.349	283.453	2694.01494106	0.960284679209	204.84	20	0.340	0.439	0	
0	1221.640	293.252	1161.98360387	0.89949758153	222.4095	20	-1.156	0.636	0	
0	1216.561	302.050	826.418441716	0.708598126917	211.6371	20	-3.019	0.944	0	
0	1218.353	308.185	759.976214361	0.860597341193	211.4964	20	-2.761	0.690	0	
0	1249.809	295.113	4191.79465933	0.939290651618	277.875	20	-0.509	0.659	0	
0	1040.309	327.886	4421.80921074	0.959400631516	175.5203	20	0.734	1.342	0	
0	91.025	388.208	1143.93144954	0.924698173938	187.3229	20	0.695	0.597	0	
0	946.584	547.591	1949.84459976	0.956753368618	239.4134	20	-0.563	0.406	0	
0	1031.409	993.897	3718.77583325	0.957634976969	231.032	20	-0.630	0.570	0	
0	831.383	997.277	1843.31687951	0.94710907947	214.5243	20	0.268	0.559	0	
0	1248.968	309.213	791.407205399	0.89784217091	201.5528	21	-0.373	0.383	0	
0	1023.023	332.274	2037.98038629	0.91033239968	233.521	21	-1.725	0.996	0	
0	1026.476	338.936	9028.17564966	0.97543874044	242.6721	21	-0.333	1.076	0	
0	1019.338	353.527	7331.62089027	0.972747223777	224.0525	21	-0.331	0.937	0	
0	1015.815	354.975	1704.51175247	0.897015608415	238.8909	21	-1.008	0.860	0	
0	1012.892	356.051	1433.50760073	0.861390345772	245.9675	21	-0.979	0.819	0	
0	1006.142	355.852	1201.15761794	0.838687171248	241.0417	21	-2.352	1.058	0	
0	1002.617	356.682	1882.78183673	0.923846887538	230.5182	21	-0.590	0.730	0	
0	1030.490	362.306	3876.144867	0.935836543584	207.1245	21	-0.523	1.216	0	
0	961.334	559.363	5375.26648787	0.956753368618	240.5143	21	-0.148	0.600	0	
0	369.262	820.046	3056.32828037	0.972747223777	181.9453	21	-0.197	0.547	0	
0	369.347	835.756	1412.53754462	0.908657048958	228.1035	21	0.354	0.656	0	
0	371.524	846.569	4021.61044334	0.972747223777	214.7916	21	-0.237	0.501	0	
0	377.460	848.210	2721.44774645	0.952357486192	204.7165	21	-0.779	0.653	0	
0	848.470	994.489	1749.04103997	0.879832499442	282.8437	21	-2.457	1.335	0	
0	852.164	996.054	7008.09531647	0.956753368618	280.0832	21	-0.344	1.588	0	
0	840.483	997.779	2026.7491521	0.89949758153	252.5296	21	-1.197	1.331	0	
0	843.387	223.420	3165.19156723	0.962941712972	225.1889	22	-0.192	0.477	0	
0	1017.585	342.851	1173.81593248	0.801678063388	249.4404	22	-5.083	1.347	0	
0	1216.038	941.037	641.504932511	0.70210166024	226.5988	22	-6.018	1.571	0	
0	1247.479	983.112	3338.87376725	0.866163741972	199.8438	22	-0.209	0.717	0	
0	1247.602	985.207	1679.57731399	0.725771650267	197.3355	22	-0.263	0.800	0	
0	1213.266	281.958	1763.5996339	0.936698877952	203.5481	23	0.616	0.811	0	
0	1038.454	321.986	1745.82215292	0.954992586021	175.7061	23	0.707	0.670	0	
0	1030.936	325.013	6092.5625975	0.970957006529	176.6241	23	0.114	0.732	0	
0	402.335	837.823	786.321227458	0.92299638484	189.5019	23	-1.061	0.482	0	
0	1222.546	956.081	1737.80082875	0.906149802232	231.6778	23	-1.282	0.699	0	
0	1237.531	959.388	2072.04889776	0.921297727669	257.1292	23	-0.597	1.061	0	
0	1232.787	968.582	1017.65366262	0.87256944277	213.983	23	-1.808	0.877	0	
0	844.738	228.954	2278.24276625	0.959400631516	219.4534	24	0.215	0.416	0	
0	1226.280	288.933	1758.73335414	0.929822390585	279.9271	24	1.057	0.632	0	
0	1235.592	314.438	1638.32477963	0.934114255736	210.6661	24	0.493	0.453	0	
0	1010.873	353.213	2674.23765709	0.932395137541	241.2877	24	-1.366	1.014	0	
0	958.863	560.996	3159.36643568	0.948855326728	221.1323	24	0.148	0.641	0	
0	381.617	825.480	2068.23555593	0.948855326728	229.4621	24	-0.372	0.509	0	
0	368.564	826.748	7224.37032436	0.98446436398	182.3174	24	0.001	0.548	0	
0	373.939	830.527	3822.96216566	0.964717151896	247.4277	24	-0.410	0.652	0	
0	384.044	835.080	3681.28973643	0.967386449969	254.0605	24	-0.308	0.504	0	
0	379.177	837.754	4047.62248688	0.932395137541	253.4791	24	-0.332	0.590	0	
0	373.364	841.931	2831.3919958	0.957634976969	225.7617	24	-0.254	0.492	0	
0	368.635	839.138	3087.45047559	0.969170083947	220.0181	24	-0.110	0.471	0	
0	1217.957	944.539	4130.4750199	0.951480736352	247.2209	24	-0.241	1.176	0	
0	1218.045	948.971	7224.37032436	0.97185170294	249.4484	24	-0.267	0.904	0	
0	1216.561	299.208	4409.60816451	0.953235043921	211.1951	25	0.991	1.187	0	
0	1228.767	300.587	1473.66917704	0.797994687268	285.796	25	-5.365	1.124	0	
0	1235.948	303.206	2657.05167036	0.922146665124	304.0795	25	-1.218	1.087	0	
0	1024.646	351.224	1072.50666562	0.874983775227	223.3239	25	-1.478	0.948	0	
0	1032.946	327.519	2544.48561515	0.941889596523	200.7695	26	0.178	0.807	0	
0	1227.948	954.458	2908.03748274	0.929822390585	248.7881	26	-0.780	1.060	0	
0	1234.250	963.210	6698.84609417	0.963829023624	234.4779	26	0.292	0.813	0	
0	398.717	132.364	1380.3842646	0.94710907947	216.7975	27	-0.053	0.349	0	
0	1048.687	327.798	2008.16780418	0.951480736352	177.8587	27	0.617	0.854	0	
0	1215.610	290.491	5536.04995043	0.970957006529	209.8052	28	0.218	0.755	0	
0	374.426	822.836	2664.40352772	0.917909786057	190.9671	28	1.954	1.348	0	
0	1230.033	291.723	742.677043715	0.744046366192	316.8298	29	-5.424	1.181	0	
0	1251.359	297.737	1991.59028906	0.92896638678	237.7005	29	-0.538	0.564	0	
0	378.979	834.005	1726.63285274	0.907820530178	256.1995	29	-1.174	0.555	0	
0	1239.153	948.934	1449.43919129	0.819596320482	262.7129	29	-1.531	0.975	0	
0	1029.004	359.511	943.626220277	0.885523314503	220.5762	30	-1.633	0.771	0	
0	1219.656	290.220	2759.30685582	0.945366045958	213.715	31	0.538	0.776	0	
0	1237.702	946.312	2997.78167158	0.826418441716	265.8605	32	-0.411	0.942	0	
0	1236.131	947.991	2532.79476569	0.775532495759	269.2281	32	-0.818	1.072	0	
0	1256.776	291.839	7385.84178121	0.979941161096	200.088	33	-0.058	0.504	0	
0	328.740	474.793	3701.68961033	0.956753368618	220.7391	43	0.650	0.889	0	
0	333.323	475.509	969.170083947	0.887973489326	207.9121	50	1.325	0.803	0	
