FRAME	XCENTER	YCENTER	BRIGHTNESS	BERR	MSKY	NITER	SHARP	CHI	ERR	
0	346.460	47.672	5706.89654893	0.98446436398	164.1674	4	-0.203	0.712	0	
0	363.679	64.547	7769.62395992	0.97185170294	168.9561	4	-0.656	1.626	0	
0	394.440	76.532	1136.57997475	0.937562006926	167.0027	4	0.728	0.659	0	
0	385.447	98.422	2876.07362886	0.962055219186	175.7592	4	0.421	1.036	0	
0	398.631	117.233	999.079389984	0.82035154433	194.6672	4	-0.078	0.718	0	
0	396.489	119.635	8749.83775227	0.970063133784	196.6468	4	0.021	0.692	0	
0	387.317	116.563	2772.04323758	0.922146665124	181.0073	4	0.387	0.608	0	
0	409.782	122.994	2141.90399072	0.892072188725	218.4436	4	0.014	0.782	0	
0	392.470	126.829	3259.86788904	0.958517397686	183.4848	4	0.173	0.644	0	
0	421.368	130.580	1555.96563161	0.856643255582	172.0851	4	0.030	0.645	0	
0	396.986	139.583	2145.85315988	0.947981801011	171.8279	4	0.194	0.690	0	
0	401.355	145.909	2187.76162395	0.965606098542	176.6197	4	0.117	0.580	0	
0	406.000	140.550	3729.06539962	0.920449571753	191.5837	4	0.003	0.702	0	
0	406.304	143.907	935.836543584	0.866163741972	183.6447	4	0.084	0.676	0	
0	423.220	150.051	4479.19531254	0.919602196659	181.8187	4	0.320	0.695	0	
0	404.973	148.187	2900.01336905	0.941022483527	181.2291	4	-0.099	0.504	0	
0	406.522	150.251	1853.53162341	0.913692373681	181.2061	4	0.004	0.479	0	
0	418.507	155.854	1196.74053131	0.936698877952	182.0176	4	-0.211	0.573	0	
0	415.811	157.460	2104.74748866	0.962055219186	181.6006	4	-0.191	0.563	0	
0	414.175	163.520	996.322641954	0.940156168804	179.5197	4	-0.041	0.623	0	
0	818.703	143.067	4724.9802768	0.97543874044	177.4293	4	-0.434	0.974	0	
0	1190.346	147.902	5706.89654893	0.970063133784	167.1169	4	-0.753	1.425	0	
0	540.309	176.449	1673.40090684	0.940156168804	161.8761	4	-1.305	1.095	0	
0	89.727	176.737	1336.59551655	0.946237161366	161.5317	4	0.869	0.790	0	
0	784.745	176.909	3528.58025829	0.976337566583	173.9101	4	0.028	0.717	0	
0	780.483	181.164	1995.26231497	0.962941712972	169.9724	4	0.345	0.732	0	
0	424.497	176.906	6014.50651978	0.98446436398	176.602	4	-0.066	0.687	0	
0	22.458	191.479	5780.96047406	0.983558056227	163.6048	4	-0.206	0.764	0	
0	42.502	197.837	1403.45987292	0.940156168804	165.1704	4	0.467	0.678	0	
0	455.974	199.511	1018.59138805	0.935836543584	175.964	4	-0.013	0.710	0	
0	450.729	201.157	1667.24721255	0.948855326728	176.1026	4	0.180	0.884	0	
0	71.985	201.117	1110.70825592	0.934975003089	164.8538	4	-0.665	0.792	0	
0	1202.003	229.188	7812.67934552	0.98265258283	172.604	4	-0.428	0.949	0	
0	847.744	252.898	3256.86682202	0.924698173938	170.3623	4	-0.353	0.765	0	
0	845.737	251.748	2535.1286305	0.911171233043	172.3376	4	-0.108	0.712	0	
0	1219.396	284.364	3767.03798984	0.944495732508	194.3866	4	-1.105	1.424	0	
0	1349.657	274.154	925.550244763	0.907820530178	162.7992	4	-1.783	1.025	0	
0	916.353	286.240	5291.7583042	0.967386449969	176.0498	4	-0.812	1.426	0	
0	1355.438	286.771	1491.42012809	0.941022483527	163.2074	4	-1.122	0.961	0	
0	79.218	287.752	402.531618974	0.836372991584	182.8216	4	-3.359	0.813	0	
0	97.856	293.497	2376.84028662	0.965606098542	177.2021	4	-0.683	0.787	0	
0	1309.513	294.345	3634.12616064	0.974540741766	165.6465	4	-0.219	0.836	0	
0	972.816	296.809	854.279529905	0.835603018231	180.8752	4	-0.763	0.764	0	
0	1283.416	299.419	2789.97299741	0.970957006529	176.4213	4	-0.242	0.751	0	
0	1182.242	301.627	2563.30331987	0.960284679209	182.0797	4	-0.835	0.985	0	
0	75.073	306.371	1268.23577556	0.941022483527	183.5201	4	-0.447	0.788	0	
0	65.169	315.554	1804.67914656	0.938425931237	184.2174	4	-1.268	1.119	0	
0	51.015	316.407	963.829023624	0.950604793656	179.372	4	-0.326	0.473	0	
0	1116.858	319.828	1403.45987292	0.934114255736	173.6112	4	1.001	1.005	0	
0	1199.671	321.396	2537.46464586	0.977237220956	182.0327	4	-0.268	0.516	0	
0	149.472	321.445	689.286860732	0.912851219331	166.5724	4	-1.666	0.699	0	
0	104.318	375.172	1381.65623117	0.939290651618	174.4637	4	-0.654	0.829	0	
0	67.947	366.505	1182.49687038	0.904482149048	172.9659	4	-1.713	1.002	0	
0	72.905	372.017	2639.97612935	0.843334757764	175.5591	4	-0.245	0.735	0	
0	71.631	373.066	1728.22387295	0.742677043715	174.705	4	-0.985	0.835	0	
0	82.102	381.575	1107.64349167	0.934975003089	175.3678	4	-0.190	0.725	0	
0	94.367	385.976	1425.6075936	0.75578801368	175.3329	4	0.090	0.761	0	
0	88.117	386.876	740.627783668	0.89536476555	175.6978	4	-0.421	0.688	0	
0	95.310	387.776	1690.44093164	0.769130440287	175.1879	4	-0.246	0.876	0	
0	512.756	327.554	689.922009844	0.930679183163	165.9364	4	-0.638	0.539	0	
0	1074.354	327.936	1510.77573192	0.954992586021	180.558	4	-0.572	0.687	0	
0	1322.668	328.967	898.669495048	0.927256742581	165.6717	4	-1.059	0.754	0	
0	954.523	330.779	6911.94064398	0.978137704323	179.029	4	-0.549	1.130	0	
0	42.342	330.896	961.169541516	0.933254300797	169.6713	4	-0.092	0.717	0	
0	1204.815	336.013	3489.79567438	0.973643569799	185.7094	4	-0.398	0.786	0	
0	974.695	343.255	9332.54300797	0.983558056227	184.0969	4	-0.309	1.005	0	
0	58.060	344.069	2549.17705051	0.952357486192	172.0682	4	1.016	1.198	0	
0	1248.323	352.255	4466.83592151	0.965606098542	188.7351	4	-0.839	1.318	0	
0	610.657	354.584	1146.04059114	0.874178256401	170.9906	4	0.224	0.532	0	
0	1052.031	353.704	3794.89706208	0.948855326728	186.9771	4	1.290	1.765	0	
0	1051.779	360.552	1620.31704274	0.92896638678	181.2166	4	1.439	1.211	0	
0	1318.583	356.156	7769.62395992	0.973643569799	170.5879	4	-0.730	1.526	0	
0	1273.973	364.664	6637.43070402	0.972747223777	177.7495	4	-0.594	1.381	0	
0	1221.237	366.604	844.111855593	0.896189806862	187.2277	4	-2.358	0.963	0	
0	1249.255	372.890	1211.15576298	0.941889596523	185.1628	4	-0.143	0.730	0	
0	1230.863	373.809	870.161772152	0.911171233043	187.1302	4	0.962	0.851	0	
0	1279.557	381.456	1635.30965174	0.844111855593	169.2865	4	-0.139	0.604	0	
0	1278.971	383.342	2523.48077248	0.892072188725	168.6005	4	-0.230	0.623	0	
0	731.683	400.160	2346.38892446	0.948855326728	185.6188	4	-1.063	1.063	0	
0	729.468	427.057	1696.68023235	0.904482149048	195.5433	4	0.023	0.545	0	
0	726.489	433.630	1184.67711758	0.929822390585	196.3667	4	0.188	0.836	0	
0	732.949	433.658	1205.59100773	0.925550244763	195.0526	4	-1.111	0.885	0	
0	710.113	419.414	889.610704409	0.927256742581	200.2064	4	0.660	0.644	0	
0	701.815	414.642	744.046366192	0.906984781506	206.7289	4	0.160	0.666	0	
0	703.608	410.091	3607.44733864	0.974540741766	207.0082	4	-0.305	0.735	0	
0	698.638	407.119	4203.39303237	0.973643569799	199.4756	4	-0.145	0.875	0	
0	708.439	398.936	2484.2768937	0.956753368618	197.3071	4	0.210	0.913	0	
0	1325.241	385.402	6165.95001861	0.970063133784	178.0541	4	-0.836	1.477	0	
0	1317.558	403.644	7217.71949669	0.97185170294	172.7105	4	-0.768	1.555	0	
0	632.793	429.526	2234.60105773	0.952357486192	175.6096	4	-1.013	1.068	0	
0	1218.654	429.727	879.832499442	0.942757508527	167.8942	4	-0.233	0.552	0	
0	771.277	436.711	2335.60824663	0.97185170294	172.9472	4	0.059	0.613	0	
0	299.818	439.098	1158.77735616	0.960284679209	186.2961	4	0.061	0.452	0	
0	688.831	447.493	5743.80913496	0.973643569799	191.9868	4	-0.675	1.179	0	
0	158.505	450.439	1321.90425344	0.919602196659	167.5425	4	0.204	0.567	0	
0	647.657	451.185	1690.44093164	0.950604793656	179.095	4	0.563	0.864	0	
0	307.442	459.283	1480.4713249	0.894540483779	192.0481	4	-0.328	0.702	0	
0	299.627	463.979	1976.96964011	0.967386449969	187.6696	4	-0.138	0.588	0	
0	319.623	459.830	2477.42205763	0.961169541516	190.124	4	-0.662	0.809	0	
0	317.810	498.419	3830.01081226	0.965606098542	195.937	4	0.339	0.910	0	
0	284.665	479.892	1674.94287603	0.942757508527	178.5484	4	0.010	0.656	0	
0	757.064	471.585	2210.03931735	0.943626220277	184.9185	4	-0.713	0.840	0	
0	754.942	473.697	1858.66020269	0.944495732508	184.9599	4	-0.496	0.671	0	
0	330.836	510.682	3590.87262369	0.979941161096	177.1127	4	0.292	0.605	0	
0	678.422	523.818	1681.12497448	0.944495732508	175.1384	4	-0.175	0.552	0	
0	676.366	526.853	863.773746529	0.924698173938	174.0656	4	-0.636	0.625	0	
0	953.710	549.030	4768.69998102	0.948855326728	233.1927	4	0.092	0.664	0	
0	950.350	557.307	5380.21957189	0.916220490122	208.4359	4	0.076	0.767	0	
0	952.199	558.429	2813.1960568	0.860597341193	210.9344	4	-0.025	0.723	0	
0	951.095	561.468	7331.62089027	0.940156168804	200.0782	4	0.059	0.802	0	
0	614.228	559.076	1856.94910149	0.958517397686	191.6053	4	0.471	0.729	0	
0	749.221	559.130	374.282912241	0.824138115013	175.679	4	-2.329	0.839	0	
0	327.121	563.473	2782.27465768	0.97185170294	174.2514	4	-0.045	0.728	0	
0	928.174	575.806	4587.75270547	0.977237220956	173.4695	4	0.396	0.881	0	
0	641.511	577.734	5992.38902583	0.983558056227	176.6999	4	-0.186	0.749	0	
0	779.454	591.184	6867.52106149	0.985371506859	174.272	4	-0.174	0.752	0	
0	335.759	599.817	2789.97299741	0.976337566583	168.5055	4	-0.130	0.598	0	
0	816.875	640.174	1187.95502794	0.925550244763	170.7389	4	0.246	0.753	0	
0	818.911	643.436	765.596606911	0.890430443594	171.1659	4	0.276	0.689	0	
0	112.933	655.624	4984.25209404	0.965606098542	165.5851	4	-0.797	1.468	0	
0	722.364	657.140	1139.72480402	0.940156168804	167.2171	4	-1.039	0.760	0	
0	1159.565	727.349	1144.98553469	0.951480736352	167.9613	4	-0.442	0.586	0	
0	459.298	727.910	6200.11864209	0.976337566583	170.4599	4	-0.324	1.167	0	
0	435.509	747.809	2881.37643484	0.977237220956	172.6271	4	0.199	0.590	0	
0	1200.124	748.516	3305.2171687	0.960284679209	172.9075	4	0.930	1.232	0	
0	1081.914	789.695	661.911611941	0.918755601666	171.3944	4	-0.544	0.618	0	
0	404.858	793.824	3876.144867	0.974540741766	177.1266	4	0.328	0.864	0	
0	386.349	800.864	4277.59831482	0.962055219186	168.4423	4	-0.888	1.355	0	
0	372.208	857.259	2623.01032431	0.952357486192	181.3264	4	0.140	0.562	0	
0	413.002	808.845	1721.86857499	0.891250938134	184.6696	4	-0.196	0.774	0	
0	411.217	810.398	2134.02744285	0.917909786057	185.1727	4	-0.406	0.705	0	
0	1042.736	817.607	1422.98394458	0.937562006926	171.6313	4	1.183	0.981	0	
0	1179.996	830.108	5654.57540688	0.974540741766	184.7324	4	-0.238	1.160	0	
0	663.443	852.593	572.268709223	0.912851219331	170.5357	4	-1.102	0.573	0	
0	731.610	854.620	284.446110745	0.712524824752	181.4903	4	-0.160	0.721	0	
0	730.673	857.855	1770.10895832	0.932395137541	180.934	4	-0.515	0.756	0	
0	733.493	862.135	2280.342072	0.887973489326	205.3436	4	0.172	0.614	0	
0	724.515	866.442	465.586093523	0.822621393883	201.3175	4	-1.479	0.709	0	
0	748.434	859.791	436.113971393	0.815079555612	172.5264	4	-1.682	0.780	0	
0	712.759	872.731	704.693068967	0.889610704409	193.7321	4	0.388	0.670	0	
0	716.127	877.572	2021.15676696	0.955872571885	195.0514	4	0.035	0.826	0	
0	742.975	880.776	4010.51366087	0.943626220277	186.773	4	0.047	0.706	0	
0	743.065	885.252	507.224239893	0.879832499442	187.1869	4	1.118	0.556	0	
0	1115.364	868.847	6327.03154867	0.979941161096	177.3533	4	-0.325	0.935	0	
0	667.465	870.828	3901.21602953	0.979039017448	171.6751	4	0.018	0.692	0	
0	935.259	871.513	1096.47819614	0.929822390585	171.4915	4	0.815	0.866	0	
0	1178.440	879.521	2259.43577022	0.956753368618	187.9493	4	0.291	0.948	0	
0	728.154	881.523	2361.56552392	0.954113410282	193.5326	4	0.865	1.009	0	
0	1266.432	883.838	2201.91221148	0.964717151896	185.7142	4	0.345	0.741	0	
0	1244.102	891.425	4979.66354164	0.970957006529	195.6039	4	-0.028	1.201	0	
0	1147.230	893.977	998.159627492	0.92811117102	182.749	4	-1.407	0.769	0	
0	1227.805	954.562	3435.579479	0.950604793656	235.7347	4	-0.012	0.926	0	
0	876.131	916.814	1712.37942124	0.966495864314	176.9524	4	-0.220	0.553	0	
0	265.040	919.244	6165.95001861	0.979941161096	171.4352	4	-0.293	0.968	0	
0	250.554	934.601	6522.28842466	0.979039017448	168.123	4	-0.075	1.077	0	
0	1198.678	949.436	2815.78829971	0.934114255736	185.8142	4	0.078	0.763	0	
0	882.055	955.602	4934.00971188	0.979039017448	178.5576	4	0.032	0.850	0	
0	1084.294	963.113	5659.78586243	0.976337566583	172.3985	4	-0.308	1.080	0	
0	1057.567	968.383	1442.77962313	0.958517397686	182.8492	4	-0.056	0.606	0	
0	1204.215	973.104	1101.53930954	0.912851219331	181.3716	4	0.657	0.586	0	
0	774.331	992.481	846.447448098	0.918755601666	168.2629	4	-1.499	0.792	0	
0	1087.553	68.300	1706.082389	0.965606098542	159.9333	5	-0.330	0.593	0	
0	40.081	82.792	5330.89342237	0.979039017448	160.2858	5	0.317	0.901	0	
0	407.782	106.151	1886.25324535	0.962941712972	168.6187	5	-0.133	0.599	0	
0	404.671	111.315	1914.25592502	0.91453430312	175.0123	5	-0.233	0.783	0	
0	413.159	128.371	1702.94256188	0.824897523935	228.8205	5	0.277	0.745	0	
0	411.065	128.752	1355.18941235	0.811334605228	233.7433	5	0.444	0.678	0	
0	424.041	129.576	2739.05025129	0.953235043921	167.5687	5	-0.385	0.620	0	
0	399.065	132.143	2203.94118181	0.957634976969	218.1764	5	0.512	0.625	0	
0	413.936	135.460	3791.40344183	0.947981801011	206.8596	5	0.202	0.519	0	
0	414.506	138.566	3756.64364614	0.949729657362	199.5024	5	-0.102	0.564	0	
0	399.824	141.199	1274.08968592	0.92811117102	175.1728	5	0.745	0.596	0	
0	432.385	136.622	895.36476555	0.915377008362	166.736	5	-1.066	0.782	0	
0	426.037	142.803	3457.80103532	0.970063133784	175.0778	5	-0.064	0.785	0	
0	1169.685	113.026	1818.02562377	0.89536476555	160.6878	5	0.618	0.738	0	
0	1170.844	115.219	1115.83505229	0.859013521505	160.7289	5	-0.065	0.611	0	
0	75.983	140.461	5525.8615563	0.985371506859	162.283	5	0.090	0.646	0	
0	783.742	149.458	2486.56605131	0.963829023624	172.2189	5	0.694	0.865	0	
0	797.493	151.383	3338.87376725	0.970063133784	180.1473	5	-0.650	0.869	0	
0	804.725	179.403	2498.04351871	0.970063133784	185.2364	5	-0.469	0.669	0	
0	822.066	190.193	2234.60105773	0.921297727669	192.8567	5	-0.229	0.756	0	
0	818.460	196.777	788.496917745	0.825657632621	199.6859	5	-0.939	0.868	0	
0	827.313	199.554	3028.30769427	0.892894196065	206.5187	5	-0.033	0.760	0	
0	806.382	201.928	2322.73679636	0.960284679209	177.4508	5	-0.655	0.823	0	
0	819.331	210.267	5086.27690306	0.883079900419	200.5947	5	-0.113	0.818	0	
0	842.331	192.771	1641.3454667	0.939290651618	185.9121	5	-0.548	0.726	0	
0	820.732	223.816	2731.49242209	0.945366045958	182.3619	5	-0.017	0.618	0	
0	822.573	226.210	1917.78536448	0.921297727669	176.1957	5	-0.267	0.599	0	
0	824.119	230.034	5067.57284177	0.976337566583	175.3127	5	0.038	0.699	0	
0	1178.605	195.252	4487.45389933	0.974540741766	167.9098	5	-0.615	0.977	0	
0	68.207	204.130	1598.08545947	0.938425931237	165.1739	5	1.179	1.001	0	
0	1163.047	210.358	4608.92880981	0.978137704323	173.8095	5	-0.226	0.847	0	
0	859.202	225.474	7014.5529842	0.98446436398	179.509	5	-0.181	0.775	0	
0	456.171	225.708	1407.34313832	0.969170083947	169.8072	5	-0.004	0.428	0	
0	866.265	230.642	3837.07245492	0.974540741766	175.4612	5	0.316	0.809	0	
0	35.020	236.726	1253.14117494	0.923846887538	167.2348	5	0.081	0.704	0	
0	83.022	241.850	4938.55619618	0.98265258283	169.2781	5	0.029	0.681	0	
0	40.537	256.189	4956.78406594	0.98446436398	170.1769	5	-0.141	0.623	0	
0	66.664	262.298	1469.60289898	0.934114255736	177.2307	5	-1.445	1.022	0	
0	1264.830	266.307	5355.4997084	0.977237220956	182.4023	5	-0.349	0.960	0	
0	55.246	269.695	4389.34785535	0.980844136031	174.8404	5	-0.176	0.673	0	
0	69.022	277.409	2010.01824711	0.947981801011	177.7276	5	0.838	1.039	0	
0	1180.254	286.858	5072.24239893	0.979941161096	178.1664	5	-0.081	0.794	0	
0	1334.445	293.703	1313.40903653	0.929822390585	165.3038	5	-1.375	1.009	0	
0	963.723	296.933	2805.43363795	0.953235043921	181.0494	5	-0.823	1.219	0	
0	1353.650	303.212	767.008187694	0.927256742581	165.3364	5	-1.287	0.632	0	
0	57.601	304.014	4032.73792976	0.979039017448	179.5463	5	-0.357	0.665	0	
0	97.088	309.635	2372.4660151	0.969170083947	180.9304	5	-0.421	0.679	0	
0	1159.702	313.604	6103.79585559	0.985371506859	173.6167	5	0.073	0.682	0	
0	27.816	314.589	1573.25818545	0.962055219186	166.9483	5	0.186	0.608	0	
0	1273.192	327.450	1205.59100773	0.929822390585	177.8437	5	-1.417	0.883	0	
0	1259.497	333.496	1962.45632417	0.927256742581	186.6652	5	-1.477	1.332	0	
0	850.100	373.304	612.06845887	0.92299638484	164.8419	5	-0.967	0.529	0	
0	1351.547	376.867	3191.5378551	0.952357486192	175.8389	5	-1.220	1.438	0	
0	299.920	380.537	1058.76603311	0.954992586021	169.752	5	-0.204	0.503	0	
0	1246.803	381.037	4006.82154182	0.978137704323	181.8237	5	-0.352	0.727	0	
0	724.212	391.779	1449.43919129	0.802416776309	171.568	5	-0.814	0.782	0	
0	742.599	417.095	1360.19132286	0.824138115013	189.8748	5	-1.646	1.025	0	
0	1228.007	393.720	3017.1715226	0.965606098542	179.1958	5	-0.763	0.952	0	
0	1219.265	407.140	1923.09172891	0.961169541516	173.5435	5	0.229	0.759	0	
0	678.105	416.026	4357.12480503	0.973643569799	190.1231	5	0.257	0.880	0	
0	676.163	419.592	2962.10193605	0.964717151896	188.2589	5	0.286	0.864	0	
0	1348.904	417.883	3039.48496877	0.967386449969	176.0887	5	-0.274	0.636	0	
0	1346.024	418.447	800.202677119	0.855066712885	175.3079	5	0.150	0.888	0	
0	701.573	419.911	2591.79113462	0.944495732508	203.1288	5	-0.354	0.655	0	
0	1336.065	432.005	3951.84588928	0.974540741766	171.4764	5	-0.485	0.889	0	
0	751.373	442.391	2542.1431362	0.970957006529	188.66	5	0.088	0.674	0	
0	862.497	458.822	1256.60852008	0.949729657362	165.8387	5	-0.597	0.675	0	
0	328.568	498.505	1991.59028906	0.932395137541	183.7664	5	-0.547	0.854	0	
0	289.221	495.536	1090.43554554	0.912851219331	176.9422	5	0.876	0.709	0	
0	255.639	488.703	1054.87257132	0.953235043921	168.5354	5	0.460	0.523	0	
0	749.552	492.864	5490.34961025	0.97543874044	184.6283	5	-0.592	1.075	0	
0	658.771	497.125	1357.68806414	0.925550244763	176.7363	5	-0.400	0.703	0	
0	661.167	499.127	2696.49736354	0.954992586021	176.8001	5	0.090	0.810	0	
0	729.324	499.413	809.095899178	0.929822390585	184.0689	5	0.113	0.608	0	
0	687.984	501.020	2477.42205763	0.964717151896	182.2067	5	0.563	0.811	0	
0	995.232	528.971	1858.66020269	0.966495864314	180.8177	5	-0.152	0.601	0	
0	974.684	544.028	2598.96242111	0.796526079784	207.1661	5	0.017	0.699	0	
0	957.174	535.585	1921.3213114	0.929822390585	210.1101	5	0.462	0.805	0	
0	957.662	557.667	5081.59442561	0.871766146602	228.6103	5	-0.141	0.504	0	
0	958.796	561.376	2307.8097297	0.92811117102	191.3346	5	-0.055	0.534	0	
0	967.222	565.312	933.254300797	0.92811117102	188.6656	5	-0.623	0.620	0	
0	628.037	570.029	4634.46919736	0.98265258283	187.0148	5	0.067	0.619	0	
0	1294.369	580.900	1608.4219824	0.943626220277	161.8258	5	-1.146	0.984	0	
0	821.540	641.411	1243.94162356	0.832530206749	171.3722	5	-0.247	0.643	0	
0	588.452	639.889	1204.48112857	0.948855326728	166.2517	5	-0.797	0.653	0	
0	446.074	732.694	2708.94382986	0.970957006529	171.4641	5	-0.499	0.698	0	
0	1307.901	759.624	922.146665124	0.926403100736	162.8705	5	-1.023	0.772	0	
0	988.970	781.355	386.189089449	0.866163741972	169.8474	5	-1.852	0.626	0	
0	802.394	785.102	574.910181568	0.917064749115	167.5658	5	-1.221	0.543	0	
0	1212.002	804.904	1969.6996149	0.962941712972	181.0706	5	-0.352	0.712	0	
0	392.255	829.588	2884.03150313	0.852707337344	179.5329	5	-0.196	0.917	0	
0	370.785	834.325	830.233015925	0.839459986519	208.5706	5	-0.562	0.733	0	
0	386.019	844.465	2873.42588667	0.860597341193	179.4286	5	-0.084	0.594	0	
0	364.744	833.493	884.708092871	0.720443620415	175.4979	5	0.190	0.633	0	
0	377.717	847.865	3130.4011901	0.962941712972	183.4719	5	0.026	0.781	0	
0	377.134	855.178	887.973489326	0.725103497617	179.4337	5	-0.117	0.638	0	
0	400.563	815.978	2751.69313281	0.958517397686	184.2034	5	0.474	0.986	0	
0	400.285	821.477	3335.79996662	0.968277856261	183.2101	5	-0.149	0.871	0	
0	440.721	819.023	2346.38892446	0.978137704323	170.8579	5	0.059	0.473	0	
0	1274.665	837.914	2396.62452941	0.968277856261	173.1929	5	0.214	0.717	0	
0	1259.500	854.151	1877.58669892	0.954113410282	184.129	5	-1.012	0.842	0	
0	720.994	866.833	1240.50923004	0.795060175084	198.0708	5	-0.197	0.534	0	
0	1209.517	860.261	1781.55814066	0.933254300797	192.3349	5	0.463	0.918	0	
0	358.872	869.017	1160.91387013	0.92896638678	177.4188	5	1.194	0.905	0	
0	265.322	871.007	967.386449969	0.935836543584	166.1413	5	-0.509	0.682	0	
0	772.179	881.275	3708.51465876	0.968277856261	173.5614	5	0.489	1.066	0	
0	930.759	896.659	2523.48077248	0.972747223777	177.6681	5	-0.069	0.638	0	
0	939.392	903.582	3379.09187438	0.970063133784	176.0676	5	-0.490	0.896	0	
0	1136.282	905.198	3784.42584717	0.976337566583	177.0657	5	0.342	0.786	0	
0	1215.062	964.656	1035.61897704	0.769839161929	195.2877	5	-1.100	0.949	0	
0	1161.628	922.720	1826.41724877	0.955872571885	181.2708	5	0.412	0.798	0	
0	1336.503	923.436	2282.44331217	0.969170083947	168.8454	5	0.010	0.685	0	
0	678.040	925.280	4450.4097665	0.98446436398	172.853	5	-0.061	0.538	0	
0	278.382	928.522	2918.7708482	0.974540741766	169.6969	5	-0.197	0.666	0	
0	1043.026	931.889	883.893621739	0.943626220277	173.1975	5	0.111	0.539	0	
0	1037.107	953.069	6356.23579938	0.980844136031	179.4523	5	-0.258	0.894	0	
0	869.654	978.050	5696.39373341	0.932395137541	164.813	5	-0.495	1.334	0	
0	827.726	982.776	3124.64008581	0.951480736352	183.3666	5	-1.041	1.208	0	
0	828.295	1002.081	944.495732508	0.912010839356	195.8169	5	-0.235	0.782	0	
0	827.322	957.651	1744.21493156	0.962055219186	175.9481	5	-0.259	0.659	0	
0	1070.443	975.491	3028.30769427	0.962055219186	180.31	5	-0.716	1.072	0	
0	1205.889	975.559	991.744955231	0.934114255736	180.8414	5	-0.122	0.586	0	
0	1210.895	975.587	2355.0492839	0.962055219186	182.978	5	-0.319	0.818	0	
0	1207.423	982.357	5638.97280335	0.977237220956	179.9951	5	-0.112	0.987	0	
0	1043.261	991.538	2023.01917868	0.803156169923	190.0784	5	-0.511	0.643	0	
0	1026.772	1005.637	5717.41872918	0.91453430312	297.1186	5	0.132	2.007	0	
0	1008.267	998.085	1898.45365666	0.933254300797	183.5899	5	-0.707	0.973	0	
0	817.523	980.785	2368.09979387	0.961169541516	177.9293	5	0.406	0.846	0	
0	859.013	72.341	625.172692776	0.907820530178	163.1877	6	-1.486	0.660	0	
0	397.066	74.192	983.558056227	0.946237161366	166.4995	6	0.453	0.528	0	
0	747.715	109.727	1197.84327783	0.951480736352	163.8167	6	-0.103	0.595	0	
0	322.158	111.499	1201.15761794	0.934114255736	161.5619	6	0.707	0.903	0	
0	1117.164	153.886	1156.64477417	0.954992586021	164.8566	6	0.040	0.539	0	
0	834.341	197.170	3271.89983623	0.947981801011	194.1693	6	-0.215	0.756	0	
0	833.350	210.182	2412.12605609	0.950604793656	286.7695	6	-0.618	0.761	0	
0	848.130	202.454	1194.53808293	0.680455924995	185.5811	6	-0.699	0.965	0	
0	820.228	216.027	2466.03933723	0.918755601666	194.4444	6	-0.161	0.623	0	
0	48.291	197.923	941.889596523	0.934114255736	165.3346	6	0.091	0.543	0	
0	1251.906	245.165	5866.78266402	0.973643569799	177.8897	6	-0.561	1.169	0	
0	1194.113	255.200	1723.45520511	0.947981801011	181.8109	6	-0.729	0.885	0	
0	100.969	281.610	669.267906936	0.703396171216	175.016	6	-0.963	0.650	0	
0	126.259	298.219	3610.771451	0.978137704323	171.1497	6	0.305	0.682	0	
0	45.206	306.402	859.805066661	0.77054853663	175.9944	6	-0.628	0.556	0	
0	1267.528	316.526	2246.98410364	0.955872571885	180.8834	6	-0.302	0.781	0	
0	1268.187	320.141	2095.07705237	0.954992586021	178.977	6	-0.449	0.735	0	
0	1109.797	323.599	1448.10482305	0.920449571753	174.9072	6	1.523	1.245	0	
0	1106.478	328.540	1003.69093092	0.92811117102	175.4097	6	1.017	0.800	0	
0	71.437	336.676	1170.57703596	0.877404787957	195.1279	6	0.259	0.613	0	
0	1213.939	326.498	7419.9332779	0.974540741766	189.734	6	-0.343	1.348	0	
0	609.237	352.517	3265.87832172	0.977237220956	169.6324	6	0.122	0.558	0	
0	1217.707	372.241	6924.68464323	0.973643569799	185.6106	6	-0.694	1.325	0	
0	730.002	384.565	2372.4660151	0.924698173938	168.1699	6	-1.147	1.529	0	
0	719.777	402.672	1566.02972069	0.859013521505	232.6534	6	-0.718	0.838	0	
0	724.313	405.837	832.530206749	0.892894196065	244.6066	6	-0.002	0.831	0	
0	731.631	408.050	1277.61499397	0.894540483779	234.2275	6	-0.655	0.672	0	
0	723.770	412.945	2472.86267819	0.946237161366	257.5282	6	-0.637	0.842	0	
0	723.057	416.226	4149.54042634	0.963829023624	256.1627	6	-0.232	0.737	0	
0	725.448	418.419	680.455924995	0.844111855593	244.7909	6	-0.252	0.739	0	
0	739.053	403.172	1198.94704048	0.824138115013	173.1287	6	-2.083	1.302	0	
0	736.868	426.483	2854.9598169	0.957634976969	196.0558	6	-0.315	0.742	0	
0	692.548	409.753	2147.83047413	0.830998041044	196.0856	6	-0.255	0.669	0	
0	694.351	409.751	1924.86377778	0.826418441716	199.277	6	0.224	0.608	0	
0	158.901	447.586	3664.37574648	0.974540741766	167.6008	6	0.300	0.717	0	
0	302.287	458.468	2900.01336905	0.950604793656	189.4926	6	-1.020	1.107	0	
0	306.419	461.741	2808.01872812	0.962941712972	192.2787	6	-0.267	0.676	0	
0	310.139	462.870	2398.83291902	0.962941712972	193.2124	6	-0.503	0.641	0	
0	320.057	464.133	1465.54784096	0.940156168804	190.4478	6	-0.698	0.706	0	
0	325.106	479.101	3551.40334983	0.927256742581	205.9482	6	-0.315	0.695	0	
0	328.087	487.286	1940.88587759	0.905315591648	220.0761	6	-0.287	0.567	0	
0	326.501	489.007	972.747223777	0.827942163712	216.874	6	-0.374	0.561	0	
0	334.203	482.515	781.267934552	0.830998041044	171.7597	6	-1.475	1.067	0	
0	321.461	488.802	597.585429716	0.861390345772	225.864	6	-1.097	0.782	0	
0	311.518	488.799	692.468464323	0.897015608415	239.3243	6	-0.703	0.629	0	
0	303.928	478.089	3808.90376498	0.976337566583	259.1159	6	0.192	0.639	0	
0	307.084	488.952	3584.26408044	0.97185170294	228.5297	6	-0.297	0.676	0	
0	304.913	492.358	2468.3116897	0.957634976969	219.6278	6	-0.207	0.720	0	
0	309.192	492.496	689.286860732	0.883079900419	218.5121	6	-0.942	0.637	0	
0	314.675	495.723	3470.56354008	0.962941712972	203.0211	6	0.085	0.784	0	
0	297.439	485.245	4003.13282178	0.970957006529	208.0863	6	-0.121	0.837	0	
0	307.029	495.882	1545.96621939	0.943626220277	209.8621	6	-0.336	0.647	0	
0	303.706	499.547	917.064749115	0.90032643106	189.2323	6	0.886	0.630	0	
0	290.070	482.445	2606.15355	0.962941712972	181.5614	6	-0.053	0.516	0	
0	291.228	487.304	2857.59054337	0.972747223777	187.8937	6	-0.011	0.585	0	
0	295.830	489.167	1942.67432303	0.954992586021	203.1207	6	-0.414	0.674	0	
0	306.689	500.703	1070.53285383	0.927256742581	190.0974	6	0.023	0.473	0	
0	292.412	494.345	2826.18117981	0.963829023624	179.4015	6	-0.099	0.604	0	
0	288.755	479.348	2053.05223928	0.958517397686	180.744	6	-0.077	0.479	0	
0	286.445	482.849	2691.53480393	0.970957006529	177.7466	6	0.069	0.492	0	
0	609.292	516.540	904.482149048	0.91453430312	189.0264	6	0.113	0.698	0	
0	626.244	526.004	3677.90070422	0.960284679209	174.7362	6	-0.247	0.618	0	
0	622.044	526.625	3394.6890538	0.924698173938	177.0888	6	-0.093	0.599	0	
0	619.902	527.018	3650.90052484	0.920449571753	204.4534	6	-0.114	0.612	0	
0	609.242	539.767	2083.53116057	0.924698173938	197.0092	6	0.013	0.648	0	
0	630.476	547.451	2964.83138952	0.947981801011	171.3333	6	-1.125	1.215	0	
0	681.149	524.401	963.829023624	0.934114255736	174.3634	6	0.084	0.566	0	
0	964.537	540.361	1087.42671955	0.89949758153	219.8803	6	0.374	0.591	0	
0	956.242	543.596	1547.39076282	0.912010839356	222.1421	6	0.146	0.629	0	
0	952.457	542.986	5035.00608788	0.968277856261	220.9328	6	0.280	0.760	0	
0	954.392	546.368	3837.07245492	0.956753368618	231.707	6	0.158	0.534	0	
0	967.831	556.683	4638.73966756	0.948855326728	199.2018	6	-0.186	0.792	0	
0	950.360	547.792	3959.13216728	0.969170083947	228.3528	6	0.166	0.571	0	
0	947.983	543.276	774.818532776	0.866163741972	215.8507	6	0.637	0.600	0	
0	946.667	547.302	2335.60824663	0.94710907947	229.9012	6	0.352	0.622	0	
0	975.560	560.189	936.698877952	0.824897523935	192.1293	6	-0.632	0.866	0	
0	973.017	561.080	792.136454153	0.836372991584	193.4724	6	-0.107	0.632	0	
0	631.356	533.673	3165.19156723	0.977237220956	173.6823	6	0.016	0.583	0	
0	1161.980	731.472	714.496326076	0.912010839356	167.672	6	-1.004	0.693	0	
0	1200.059	772.223	2161.72278434	0.968277856261	177.5036	6	-0.110	0.650	0	
0	436.998	785.253	2975.77437737	0.962941712972	177.1446	6	-0.781	1.002	0	
0	385.196	811.127	2350.71511594	0.950604793656	183.4384	6	-0.112	0.659	0	
0	390.477	814.625	2711.44000869	0.930679183163	191.5531	6	-0.067	0.649	0	
0	387.898	814.907	2625.42731899	0.939290651618	193.252	6	-0.170	0.553	0	
0	374.331	816.321	2015.57981283	0.955872571885	170.7446	6	-0.564	0.774	0	
0	372.600	821.894	1028.01629813	0.662521535903	173.3887	6	0.228	0.718	0	
0	373.167	823.981	1615.84612095	0.776247116629	175.4072	6	0.303	0.697	0	
0	390.069	838.600	1376.57538651	0.934975003089	179.3135	6	-0.761	0.724	0	
0	366.752	833.046	4479.19531254	0.973643569799	180.4186	6	0.028	0.569	0	
0	375.655	844.232	5209.54747329	0.972747223777	203.6748	6	0.159	0.600	0	
0	363.879	836.626	3890.45144994	0.97543874044	181.519	6	-0.167	0.613	0	
0	368.783	838.962	2831.3919958	0.922146665124	202.2641	6	0.091	0.605	0	
0	361.886	840.103	384.060815726	0.797260045367	192.2013	6	0.761	0.699	0	
0	383.733	847.851	3400.94806512	0.860597341193	178.8338	6	-0.281	0.670	0	
0	357.750	840.850	1814.6797794	0.954113410282	180.2834	6	-0.203	0.664	0	
0	371.562	851.363	605.898671139	0.873373479142	186.374	6	-0.452	0.613	0	
0	374.258	855.039	2441.18110605	0.951480736352	180.5529	6	-0.045	0.489	0	
0	717.734	860.383	523.841619028	0.81208221625	186.4539	6	-1.004	0.731	0	
0	714.012	867.503	4203.39303237	0.903649473722	193.018	6	-0.071	0.652	0	
0	712.095	868.975	2054.94404135	0.875790036306	192.9754	6	0.318	0.740	0	
0	739.938	864.491	2860.22369395	0.964717151896	217.382	6	-0.061	0.580	0	
0	737.145	867.233	774.818532776	0.904482149048	208.3271	6	-0.207	0.584	0	
0	743.091	862.273	3391.56386906	0.963829023624	211.1372	6	-0.261	0.657	0	
0	742.471	866.875	761.377432456	0.847227414141	207.2654	6	-0.279	0.622	0	
0	740.952	869.568	520.954747329	0.785597332261	205.1429	6	-0.965	0.741	0	
0	739.281	872.405	1910.73298104	0.942757508527	202.4281	6	-0.629	0.674	0	
0	752.743	864.474	2992.26463661	0.943626220277	181.1878	6	-0.243	0.840	0	
0	744.467	873.509	535.056938173	0.834833753724	198.3894	6	-0.007	0.594	0	
0	743.557	878.178	2470.58613604	0.952357486192	192.6519	6	0.103	0.551	0	
0	754.472	870.525	768.4223711	0.90115604434	187.8449	6	-0.386	0.693	0	
0	746.373	880.362	1191.24200803	0.717794291271	190.074	6	-0.353	0.527	0	
0	1162.608	861.773	1285.87869263	0.952357486192	184.5085	6	-0.569	0.604	0	
0	1292.009	862.511	2318.46209541	0.953235043921	171.9841	6	-1.028	1.044	0	
0	1157.340	903.044	2305.68513695	0.949729657362	183.771	6	-0.618	0.907	0	
0	1159.588	905.687	1091.44033645	0.922146665124	183.5126	6	-0.636	0.709	0	
0	1221.883	907.759	3538.34356815	0.953235043921	195.9789	6	-1.047	1.349	0	
0	1220.546	953.713	1217.86738489	0.834833753724	221.6921	6	0.014	0.724	0	
0	1223.878	939.657	4092.6065973	0.951480736352	259.7049	6	0.082	1.058	0	
0	1221.011	940.031	1063.65307508	0.870963589956	263.3022	6	-0.240	0.813	0	
0	878.617	909.801	3121.76351085	0.962055219186	175.3206	6	-0.723	1.073	0	
0	1265.573	943.400	3133.28572432	0.967386449969	185.6082	6	-0.492	0.884	0	
0	870.088	949.461	1949.84459976	0.942757508527	180.6537	6	1.131	1.100	0	
0	1196.743	950.915	1186.86138464	0.927256742581	183.7137	6	0.856	0.669	0	
0	859.364	978.520	3317.41649695	0.941889596523	199.6632	6	-0.963	1.340	0	
0	571.950	971.563	1583.43412391	0.946237161366	164.162	6	-1.151	0.883	0	
0	1045.037	983.933	2913.39922257	0.94710907947	190.1734	6	-0.514	0.958	0	
0	1047.722	995.932	3644.18150789	0.916220490122	179.4104	6	0.138	0.765	0	
0	1247.473	984.661	2666.85866452	0.879022516831	181.5461	6	0.271	0.808	0	
0	391.858	113.643	1282.33058266	0.885523314503	184.4404	7	0.305	0.524	0	
0	389.340	114.730	2841.84246806	0.906149802232	183.2528	7	0.273	0.524	0	
0	389.837	117.329	4191.79465933	0.948855326728	182.9495	7	0.022	0.426	0	
0	392.024	120.480	2810.60620033	0.937562006926	188.3068	7	0.099	0.441	0	
0	397.865	122.008	1426.92123158	0.795060175084	203.4068	7	0.460	0.599	0	
0	402.355	126.715	1361.44468247	0.92811117102	217.325	7	0.113	0.694	0	
0	398.035	128.182	2083.53116057	0.922146665124	192.5666	7	0.250	0.605	0	
0	395.595	129.337	1346.48028839	0.901986422074	182.1924	7	0.492	0.502	0	
0	423.952	123.052	2054.94404135	0.815830617449	164.5712	7	-0.206	0.593	0	
0	419.611	133.272	2026.7491521	0.952357486192	180.6877	7	-0.374	0.488	0	
0	414.289	131.559	2854.9598169	0.963829023624	225.1643	7	0.048	0.446	0	
0	416.417	134.706	2623.01032431	0.94710907947	210.0349	7	0.139	0.428	0	
0	417.255	137.954	4979.66354164	0.968277856261	195.3287	7	-0.070	0.460	0	
0	419.630	140.020	3467.36850453	0.955872571885	182.5077	7	-0.170	0.565	0	
0	419.245	144.481	1605.4618868	0.945366045958	186.3223	7	-0.150	0.590	0	
0	412.641	144.778	3551.40334983	0.963829023624	191.1573	7	0.003	0.515	0	
0	423.515	147.939	2137.9620895	0.949729657362	181.3664	7	-0.126	0.560	0	
0	409.658	145.491	3280.95293113	0.91453430312	193.8295	7	0.012	0.489	0	
0	408.199	147.050	1469.60289898	0.815079555612	187.9174	7	-0.004	0.458	0	
0	409.933	150.493	2392.21384751	0.968277856261	185.5503	7	0.197	0.411	0	
0	429.907	146.015	576.50091377	0.892072188725	174.3672	7	-0.825	0.555	0	
0	429.487	150.927	973.643569799	0.924698173938	174.6245	7	0.774	0.682	0	
0	36.366	234.014	949.729657362	0.916220490122	167.7452	7	0.943	0.808	0	
0	854.385	245.862	1268.23577556	0.845668200099	177.4319	7	0.629	0.765	0	
0	854.224	248.486	2392.21384751	0.927256742581	175.1579	7	-0.070	0.716	0	
0	852.571	251.075	1437.47400587	0.913692373681	171.0947	7	0.323	0.726	0	
0	970.268	296.105	3715.35229097	0.973643569799	180.8649	7	-0.273	0.728	0	
0	45.874	304.346	3837.07245492	0.980844136031	176.2967	7	-0.214	0.500	0	
0	75.655	333.734	1568.91711261	0.916220490122	195.7049	7	0.842	0.756	0	
0	76.823	337.450	2286.65160292	0.894540483779	202.6508	7	0.172	0.634	0	
0	72.100	353.387	1901.95396044	0.904482149048	241.9227	7	0.292	0.576	0	
0	86.727	334.799	3541.60400426	0.934975003089	186.7686	7	-0.111	0.770	0	
0	84.653	330.184	3150.64883297	0.775532495759	185.2857	7	0.029	1.271	0	
0	89.877	378.342	1608.4219824	0.881454704447	182.5175	7	-0.231	0.426	0	
0	105.458	368.238	2348.55102406	0.947981801011	174.9565	7	-1.039	1.066	0	
0	1253.873	332.907	689.922009844	0.901986422074	188.019	7	0.322	0.704	0	
0	1263.498	335.872	4203.39303237	0.957634976969	184.6971	7	-1.101	1.395	0	
0	79.022	376.076	2019.2960698	0.941889596523	176.2142	7	1.116	1.078	0	
0	102.115	381.685	1632.30007282	0.958517397686	174.1765	7	0.201	0.626	0	
0	707.976	393.797	2060.62991327	0.967386449969	180.3845	7	0.385	0.535	0	
0	704.057	400.819	3597.49335156	0.969170083947	193.289	7	0.299	0.768	0	
0	319.313	470.687	3332.72899576	0.939290651618	191.6598	7	-0.653	1.067	0	
0	336.313	476.002	512.389238665	0.759276572647	180.9089	7	-1.704	0.683	0	
0	336.220	492.228	930.679183163	0.902817564966	170.5082	7	-1.416	0.771	0	
0	627.087	543.469	868.560350349	0.617163168456	182.6917	7	-1.494	0.815	0	
0	620.014	538.924	4491.58890106	0.902817564966	229.3351	7	-0.020	0.806	0	
0	980.249	544.592	2902.6856105	0.964717151896	199.3693	7	-0.338	0.646	0	
0	959.874	538.056	3338.87376725	0.945366045958	218.3315	7	0.317	0.646	0	
0	959.963	541.429	3512.36790466	0.963829023624	219.7755	7	0.062	0.485	0	
0	961.928	547.430	2072.04889776	0.838687171248	232.5509	7	-0.170	0.487	0	
0	956.981	548.726	794.328234724	0.864569678034	243.0192	7	-0.267	0.454	0	
0	961.057	549.340	2563.30331987	0.87256944277	241.3665	7	-0.164	0.501	0	
0	959.323	553.923	4085.07467663	0.952357486192	242.541	7	-0.087	0.470	0	
0	957.078	556.034	2412.12605609	0.924698173938	237.9959	7	-0.154	0.418	0	
0	965.195	557.745	1135.53362784	0.859805066661	195.9572	7	-0.308	0.545	0	
0	947.503	559.046	2849.70562734	0.952357486192	200.9695	7	0.736	0.660	0	
0	945.289	541.444	3590.87262369	0.967386449969	186.7023	7	0.531	0.711	0	
0	603.609	553.099	3121.76351085	0.969170083947	183.2093	7	0.534	0.811	0	
0	608.670	555.274	1310.99187465	0.940156168804	186.1316	7	0.713	0.752	0	
0	820.285	639.492	780.548691466	0.912010839356	171.7039	7	-0.414	0.566	0	
0	726.176	855.875	1957.04134148	0.956753368618	174.2422	7	-0.545	0.666	0	
0	720.772	857.541	3705.10056302	0.972747223777	179.0963	7	-0.206	0.664	0	
0	725.639	862.091	1661.1161476	0.943626220277	196.0426	7	-0.644	0.724	0	
0	716.054	864.139	695.024317589	0.744046366192	188.4909	7	-0.082	0.594	0	
0	721.531	869.690	3847.68933894	0.978137704323	199.0449	7	0.029	0.495	0	
0	717.649	870.798	2726.46545853	0.967386449969	196.7433	7	-0.029	0.549	0	
0	1223.948	922.210	2649.72009888	0.944495732508	202.1491	7	-0.124	0.730	0	
0	1227.016	922.617	2528.13347983	0.943626220277	203.1162	7	-0.059	0.737	0	
0	1242.390	928.281	549.034961025	0.843334757764	210.3498	7	-2.213	0.902	0	
0	1206.647	927.161	773.392578049	0.841782707661	190.2562	7	-0.915	0.884	0	
0	1250.636	927.594	1793.08137708	0.944495732508	191.2928	7	-0.426	0.865	0	
0	1236.144	972.965	1855.23957555	0.920449571753	189.5407	7	-1.610	1.252	0	
0	858.302	918.538	1002.766923	0.934975003089	174.5946	7	0.091	0.720	0	
0	849.169	955.484	333.887376725	0.745418213379	181.2898	7	-5.193	0.960	0	
0	863.238	972.000	2149.80961039	0.92896638678	197.1525	7	-1.523	1.234	0	
0	842.183	971.958	1351.45005412	0.947981801011	225.262	7	-0.564	0.652	0	
0	871.648	975.350	2361.56552392	0.940156168804	165.4249	7	-0.531	0.880	0	
0	840.331	986.262	5375.26648787	0.97185170294	210.2559	7	-0.326	0.797	0	
0	840.971	997.028	1639.83442763	0.841782707661	233.4505	7	-1.156	1.206	0	
0	851.104	997.712	1551.67227391	0.818841791901	269.6418	7	-0.830	0.912	0	
0	847.162	1002.029	829.468695095	0.894540483779	281.374	7	-0.726	0.892	0	
0	873.498	971.554	3489.79567438	0.969170083947	167.3411	7	-0.098	0.769	0	
0	838.930	998.605	1150.27054779	0.764891791007	229.1125	7	-1.706	1.344	0	
0	825.268	986.706	1448.10482305	0.854279529905	182.6175	7	-1.061	0.943	0	
0	826.087	996.917	6504.29155079	0.979941161096	185.8055	7	0.078	0.836	0	
0	1027.667	983.696	2177.70977235	0.951480736352	187.7876	7	-0.350	0.812	0	
0	1038.090	1000.572	2657.05167036	0.941022483527	192.2872	7	0.146	0.755	0	
0	1047.110	1003.231	3326.59553294	0.880643228418	179.2203	7	0.609	1.377	0	
0	406.057	137.656	3844.1471176	0.952357486192	201.1485	8	0.135	0.555	0	
0	403.828	139.555	4634.46919736	0.955872571885	184.7395	8	0.294	0.576	0	
0	817.456	189.824	3970.08678112	0.911171233043	190.6421	8	-0.290	0.678	0	
0	816.255	191.625	870.161772152	0.676082975392	190.877	8	-0.844	0.647	0	
0	816.485	194.196	2045.50243111	0.881454704447	193.8352	8	-0.451	0.631	0	
0	811.244	195.487	950.604793656	0.847227414141	187.1097	8	-0.668	0.673	0	
0	815.167	200.777	3869.01131655	0.959400631516	195.5669	8	0.283	0.640	0	
0	839.208	194.056	2383.41682067	0.954992586021	187.7016	8	-0.528	0.655	0	
0	841.063	205.952	3851.23482429	0.91033239968	192.7939	8	-0.225	0.672	0	
0	850.187	203.140	1670.32122582	0.919602196659	183.3697	8	-0.765	0.839	0	
0	811.407	217.262	2089.29613085	0.954992586021	172.9418	8	0.669	0.734	0	
0	834.719	221.011	2551.52601091	0.92299638484	224.5651	8	-0.510	0.982	0	
0	851.223	220.610	1208.92678521	0.917064749115	190.6284	8	-1.136	0.787	0	
0	831.737	232.060	1917.78536448	0.765596606911	187.6252	8	-0.446	0.727	0	
0	45.218	196.188	1258.92541179	0.941022483527	164.9116	8	0.493	0.682	0	
0	1228.430	280.414	3081.76841661	0.917064749115	193.6353	8	-1.736	1.720	0	
0	1035.326	354.210	2886.68901795	0.961169541516	201.8668	8	-0.698	0.946	0	
0	125.245	335.915	1257.76643245	0.941022483527	172.0665	8	0.735	0.800	0	
0	716.911	433.578	2997.78167158	0.962941712972	196.3666	8	-0.427	0.911	0	
0	719.787	430.842	1104.58718399	0.917064749115	196.3771	8	0.044	0.823	0	
0	331.314	496.242	1942.67432303	0.773392578049	181.4373	8	-0.330	0.677	0	
0	333.115	496.748	970.957006529	0.641504932511	179.365	8	-0.765	0.704	0	
0	612.723	515.056	1101.53930954	0.868560350349	188.5096	8	-0.123	0.737	0	
0	615.167	519.108	1771.74003994	0.635623579938	189.1929	8	-0.739	0.735	0	
0	622.178	514.890	308.745047559	0.722437032436	176.4569	8	-6.119	0.982	0	
0	626.770	559.581	1326.78331072	0.84800809889	202.2651	8	0.134	0.631	0	
0	632.356	541.691	1776.6423082	0.915377008362	171.4694	8	-1.925	1.202	0	
0	387.399	808.134	1275.26370646	0.892072188725	181.1715	8	-0.428	0.603	0	
0	395.910	833.640	1673.40090684	0.933254300797	176.0806	8	-1.274	0.881	0	
0	368.608	826.126	6257.48763354	0.970063133784	176.0556	8	0.334	0.788	0	
0	398.365	841.644	1329.22958832	0.932395137541	173.8598	8	-1.244	0.873	0	
0	364.968	844.464	2563.30331987	0.913692373681	190.3055	8	-0.377	0.722	0	
0	379.594	852.411	274.410041826	0.710558763369	179.2094	8	-0.850	0.491	0	
0	369.252	856.551	660.085207002	0.907820530178	182.9302	8	-0.117	0.456	0	
0	353.412	852.374	1204.48112857	0.936698877952	178.8559	8	-0.055	0.679	0	
0	1207.587	857.573	1057.7913225	0.912010839356	191.2964	8	0.842	0.880	0	
0	733.930	859.928	2870.78058202	0.962941712972	198.1248	8	-0.417	0.561	0	
0	851.161	980.120	3003.30887868	0.958517397686	212.9131	8	-0.744	0.908	0	
0	836.071	994.464	3812.41351104	0.951480736352	204.183	8	-0.256	0.815	0	
0	833.141	992.331	3691.47558165	0.925550244763	196.9605	8	-0.304	0.745	0	
0	1257.804	973.733	2484.2768937	0.963829023624	181.4221	8	0.464	0.828	0	
0	1038.564	979.766	1896.70592121	0.929822390585	190.1952	8	-0.750	0.874	0	
0	1040.524	992.455	4250.10833176	0.958517397686	196.6836	8	-0.158	0.525	0	
0	1043.074	993.356	2157.74440915	0.918755601666	192.1219	8	0.234	0.507	0	
0	1029.654	995.536	1737.80082875	0.888791719885	207.7664	8	-0.208	0.674	0	
0	1039.680	997.182	1856.94910149	0.950604793656	184.712	8	-0.115	0.523	0	
0	1019.268	983.660	1957.04134148	0.865366342956	181.8568	8	-0.309	0.646	0	
0	1249.427	980.811	1944.46441645	0.935836543584	183.4702	8	-0.499	0.557	0	
0	1247.246	982.440	2312.06479018	0.937562006926	182.7029	8	0.068	0.594	0	
0	121.830	9.331	2201.91221148	0.65343139965	159.4086	9	-0.561	0.972	0	
0	824.651	195.276	3847.68933894	0.888791719885	196.9919	9	-0.199	0.580	0	
0	837.574	210.999	3844.1471176	0.911171233043	269.1503	9	0.014	0.476	0	
0	1253.181	294.692	1884.51674172	0.875790036306	192.7402	9	-0.512	0.904	0	
0	1252.794	321.357	3894.0363388	0.944495732508	192.4686	9	-1.307	1.667	0	
0	1218.358	269.321	1223.48880533	0.935836543584	185.417	9	1.250	0.766	0	
0	1221.592	276.502	2224.33399849	0.964717151896	190.4369	9	-0.210	0.600	0	
0	1026.159	319.498	3179.80142769	0.968277856261	177.852	9	-0.091	0.757	0	
0	1031.741	349.751	1557.39938908	0.937562006926	224.7515	9	-0.921	0.837	0	
0	63.194	325.555	758.577575029	0.79946600252	186.7126	9	-1.465	0.642	0	
0	61.348	327.240	3467.36850453	0.952357486192	186.5796	9	-0.379	0.617	0	
0	65.647	335.039	4017.90810849	0.967386449969	187.5507	9	-0.143	0.602	0	
0	74.333	336.676	1268.23577556	0.939290651618	199.8973	9	0.002	0.420	0	
0	66.452	338.126	1949.84459976	0.931536765239	187.5975	9	-0.545	0.695	0	
0	71.564	339.836	930.679183163	0.912010839356	193.2595	9	-0.861	0.599	0	
0	69.694	352.454	2779.71326776	0.968277856261	209.8206	9	0.007	0.510	0	
0	78.691	352.815	1480.4713249	0.91453430312	239.6626	9	0.428	0.615	0	
0	93.393	339.119	2556.23042711	0.952357486192	180.5482	9	-0.588	0.747	0	
0	91.193	341.413	1035.61897704	0.89784217091	181.5432	9	-0.215	0.660	0	
0	94.414	343.223	1550.24378887	0.946237161366	180.3377	9	-0.043	0.616	0	
0	86.659	353.517	3614.0986264	0.954992586021	246.6029	9	-0.271	0.708	0	
0	84.049	356.200	937.562006926	0.84255837534	237.8707	9	-0.046	0.610	0	
0	98.315	342.226	775.532495759	0.889610704409	178.9329	9	-0.232	0.834	0	
0	95.414	355.630	1028.9635723	0.892072188725	226.9487	9	-2.030	0.946	0	
0	87.557	356.989	2542.1431362	0.953235043921	244.3994	9	-0.255	0.656	0	
0	74.292	368.677	2409.90542869	0.958517397686	176.4863	9	-0.662	0.694	0	
0	69.021	362.948	2361.56552392	0.956753368618	175.897	9	-0.694	0.798	0	
0	89.283	380.384	2820.97995366	0.978137704323	177.9159	9	-0.094	0.369	0	
0	1014.161	364.065	2132.06283581	0.924698173938	175.8023	9	1.509	1.504	0	
0	1018.007	364.162	1919.55252376	0.92811117102	174.7826	9	1.403	1.296	0	
0	727.715	387.714	1350.20589566	0.944495732508	170.2955	9	-0.034	0.634	0	
0	733.433	410.503	2953.92864296	0.967386449969	233.4434	9	-0.153	0.485	0	
0	703.128	422.380	2666.85866452	0.962941712972	202.2049	9	-0.287	0.657	0	
0	326.428	463.491	2897.3435877	0.97543874044	187.2387	9	-0.128	0.558	0	
0	328.866	482.259	1454.78897122	0.874178256401	203.0836	9	-0.865	0.705	0	
0	289.539	491.614	1330.45441798	0.922146665124	178.4839	9	1.223	0.732	0	
0	295.580	493.986	731.812797674	0.907820530178	189.372	9	0.084	0.400	0	
0	309.690	500.887	1187.95502794	0.935836543584	191.1698	9	0.960	0.557	0	
0	307.565	507.494	2632.69167422	0.967386449969	184.1783	9	0.412	0.728	0	
0	625.592	549.366	1636.81652143	0.854279529905	201.4374	9	-0.795	0.716	0	
0	976.882	555.414	909.494338555	0.854279529905	196.0641	9	-1.121	0.860	0	
0	964.631	553.626	1750.65270838	0.814329185209	223.281	9	-0.246	0.543	0	
0	962.056	557.603	1390.59287547	0.772680585096	236.2505	9	-0.136	0.434	0	
0	963.242	559.955	1043.27788146	0.756484440833	191.5594	9	0.100	0.389	0	
0	952.922	562.674	1824.73583076	0.920449571753	196.9105	9	0.095	0.483	0	
0	401.844	826.078	2916.08379852	0.970957006529	177.1971	9	0.009	0.617	0	
0	759.941	860.965	5385.17721998	0.976337566583	172.0974	9	-0.211	0.935	0	
0	720.936	861.722	1251.98752062	0.845668200099	193.7903	9	-0.619	0.628	0	
0	720.548	864.462	1796.38739906	0.902817564966	195.0339	9	-0.617	0.539	0	
0	713.939	865.395	3121.76351085	0.965606098542	190.6543	9	-0.059	0.449	0	
0	746.050	863.238	2518.83662784	0.961169541516	191.6032	9	-0.041	0.537	0	
0	749.886	864.133	3176.87407065	0.961169541516	181.6359	9	-0.405	0.681	0	
0	730.229	869.724	1346.48028839	0.930679183163	206.0985	9	-1.031	0.681	0	
0	734.426	871.427	1554.53319406	0.943626220277	201.8208	9	-0.293	0.610	0	
0	758.975	871.286	1650.44098565	0.957634976969	181.8972	9	0.375	0.581	0	
0	756.972	875.977	920.449571753	0.933254300797	183.3957	9	0.052	0.549	0	
0	751.131	873.167	3159.36643568	0.964717151896	191.9218	9	-0.321	0.736	0	
0	750.788	877.435	854.279529905	0.870161772152	191.506	9	-0.891	0.816	0	
0	752.108	881.317	3448.25996553	0.959400631516	186.2	9	-0.472	0.950	0	
0	746.698	875.968	3165.19156723	0.967386449969	193.0305	9	0.048	0.598	0	
0	745.898	882.127	3739.38343643	0.97543874044	185.8455	9	0.143	0.439	0	
0	1230.275	910.590	1589.27846988	0.905315591648	197.6729	9	-0.442	0.910	0	
0	1223.459	912.475	2167.70410482	0.949729657362	197.3506	9	-0.151	0.694	0	
0	1228.714	917.457	1263.57201852	0.932395137541	199.4318	9	-0.513	0.643	0	
0	1220.734	914.897	2594.17936212	0.960284679209	198.2806	9	0.146	0.654	0	
0	1224.114	918.279	4413.67143463	0.97543874044	199.5317	9	0.001	0.573	0	
0	1220.639	919.499	1057.7913225	0.924698173938	198.7453	9	-0.643	0.512	0	
0	1230.933	922.684	1986.09491736	0.954992586021	212.2609	9	0.437	0.652	0	
0	1221.162	923.853	1000.92145832	0.925550244763	206.3186	9	-0.211	0.511	0	
0	1239.749	938.633	2000.78305215	0.748169500511	240.2474	9	-0.393	0.938	0	
0	1253.094	951.660	2331.30985742	0.793596968196	189.1536	9	-0.409	0.988	0	
0	1228.947	951.537	2967.56335807	0.951480736352	249.6431	9	-0.783	0.884	0	
0	1231.287	960.757	789.950721336	0.747480728176	221.6873	9	-0.810	0.802	0	
0	396.987	113.406	715.813689911	0.661911611941	183.3835	10	0.118	0.519	0	
0	392.785	123.267	3162.27766017	0.883079900419	193.8445	10	0.040	0.389	0	
0	391.016	123.725	3271.89983623	0.882266928218	183.325	10	0.085	0.385	0	
0	396.357	123.811	2652.16170551	0.947981801011	200.3448	10	0.422	0.516	0	
0	390.423	129.685	1076.46521363	0.923846887538	172.9753	10	1.058	0.573	0	
0	421.611	127.187	1808.00655211	0.743361389655	167.2417	10	-0.424	0.512	0	
0	395.750	136.047	1476.38627775	0.939290651618	174.9617	10	0.830	0.578	0	
0	829.805	188.661	3302.17435267	0.855066712885	187.2381	10	-0.296	0.653	0	
0	828.108	189.767	2189.7775551	0.862184081073	189.2892	10	-0.214	0.539	0	
0	838.257	204.699	3904.81083749	0.935836543584	208.1012	10	-0.017	0.493	0	
0	837.972	232.888	1958.84467351	0.856643255582	204.9782	10	0.503	0.677	0	
0	835.766	233.236	2948.49231389	0.89536476555	201.2119	10	0.105	0.661	0	
0	1227.895	270.691	1571.8098282	0.801678063388	194.8773	10	-0.264	0.660	0	
0	1235.752	276.433	2556.23042711	0.792866374879	196.6517	10	-0.045	0.694	0	
0	1264.437	305.195	3883.29157005	0.969170083947	186.8412	10	-0.610	0.960	0	
0	1038.686	322.167	899.49758153	0.877404787957	180.1567	10	-1.865	1.090	0	
0	1031.126	324.756	5114.46251596	0.962055219186	178.2278	10	-0.262	0.886	0	
0	1048.652	327.543	1095.46876733	0.891250938134	180.657	10	-1.926	1.246	0	
0	1049.714	338.386	3630.7805477	0.967386449969	184.1622	10	-0.334	0.751	0	
0	1048.720	341.600	1021.40975199	0.889610704409	191.8526	10	-0.435	0.817	0	
0	1005.840	351.292	4058.82194662	0.921297727669	203.9668	10	-0.082	0.913	0	
0	1003.794	352.146	2267.77519157	0.875790036306	203.9723	10	-0.583	0.825	0	
0	1006.695	355.755	1658.05907511	0.937562006926	199.0335	10	-0.236	0.793	0	
0	1005.523	361.042	5395.10622515	0.977237220956	175.3008	10	0.050	0.839	0	
0	995.982	346.470	3995.76556619	0.960284679209	197.8333	10	-0.791	1.054	0	
0	84.275	333.920	3422.94562316	0.963829023624	186.9614	10	0.393	0.561	0	
0	91.285	388.212	1473.66917704	0.927256742581	175.3228	10	0.962	0.918	0	
0	316.423	471.369	2246.98410364	0.942757508527	201.1037	10	-0.813	0.869	0	
0	320.975	475.059	1386.75582887	0.909494338555	203.2304	10	-1.113	0.920	0	
0	324.319	481.328	2385.61303993	0.957634976969	224.3392	10	-0.405	0.533	0	
0	331.983	485.428	3084.60813776	0.959400631516	193.8202	10	-0.584	0.833	0	
0	336.860	488.553	731.812797674	0.865366342956	171.5	10	-2.243	0.924	0	
0	332.058	494.501	365.763193009	0.77054853663	177.2322	10	-2.299	0.554	0	
0	300.794	481.287	4010.51366087	0.974540741766	225.0864	10	0.403	0.572	0	
0	325.043	492.597	2434.44518369	0.94710907947	188.3901	10	-0.171	0.674	0	
0	327.557	494.797	1819.70085861	0.934114255736	183.3318	10	-0.341	0.633	0	
0	296.532	475.410	928.96638678	0.92896638678	199.0392	10	-0.112	0.528	0	
0	291.283	472.595	2189.7775551	0.958517397686	182.0511	10	0.170	0.717	0	
0	286.698	474.178	1505.22006863	0.94710907947	181.0536	10	-0.197	0.613	0	
0	608.797	505.695	4516.47904929	0.977237220956	184.0954	10	0.168	0.784	0	
0	615.718	518.039	4021.61044334	0.966495864314	185.3487	10	-0.471	0.695	0	
0	616.703	530.314	6767.05957674	0.978137704323	218.3301	10	0.110	0.530	0	
0	974.261	532.485	1761.97604641	0.942757508527	201.1934	10	1.108	0.852	0	
0	969.243	536.755	1180.32063565	0.89949758153	209.4178	10	0.479	0.512	0	
0	974.017	545.806	4257.94453583	0.938425931237	207.2949	10	0.091	0.509	0	
0	943.783	548.246	813.579505605	0.911171233043	221.8996	10	0.382	0.408	0	
0	943.833	552.329	538.021957189	0.870963589956	222.1158	10	1.796	0.427	0	
0	373.061	829.007	2333.45806228	0.844111855593	225.374	10	-0.270	0.620	0	
0	385.042	852.053	950.604793656	0.864569678034	175.9213	10	-1.572	0.862	0	
0	356.705	850.525	626.902497476	0.883079900419	182.6696	10	-1.498	0.687	0	
0	1042.369	985.725	1154.51611692	0.906149802232	191.2312	10	-1.188	0.695	0	
0	1046.595	987.866	841.782707661	0.89949758153	189.5365	10	-0.852	0.591	0	
0	1024.191	985.399	1397.01156054	0.915377008362	184.5711	10	0.227	0.607	0	
0	1021.499	984.104	916.220490122	0.887156012038	182.244	10	-0.176	0.526	0	
0	1016.353	986.074	642.096052568	0.885523314503	182.1339	10	-1.324	0.640	0	
0	1041.590	1001.317	4906.81856768	0.965606098542	180.4023	10	0.226	0.588	0	
0	1014.382	990.047	2563.30331987	0.962941712972	183.291	10	-0.533	0.730	0	
0	1044.546	1002.097	2004.47202737	0.906984781506	179.8839	10	0.119	0.656	0	
0	1019.874	1002.749	4893.27924082	0.903649473722	235.723	10	0.254	0.908	0	
0	1010.043	995.111	979.941161096	0.898669495048	183.8751	10	-0.931	0.854	0	
0	832.024	199.664	1632.30007282	0.880643228418	195.9951	11	-0.132	0.511	0	
0	830.270	201.520	2973.03484968	0.932395137541	233.201	11	-0.211	0.444	0	
0	837.288	197.318	2878.72381084	0.963829023624	192.1119	11	0.116	0.496	0	
0	812.899	197.919	1195.63879999	0.927256742581	191.2419	11	-0.143	0.522	0	
0	817.641	209.864	4707.60483257	0.968277856261	197.459	11	0.034	0.410	0	
0	847.122	204.600	2530.46304946	0.952357486192	186.3958	11	-0.672	0.709	0	
0	844.912	209.650	1706.082389	0.940156168804	190.9724	11	-0.560	0.624	0	
0	834.794	215.048	3480.16632215	0.960284679209	256.7377	11	-0.591	0.680	0	
0	826.758	220.556	582.907978867	0.73654621147	199.8402	11	-0.208	0.539	0	
0	815.953	212.633	731.139083483	0.837143674435	190.4743	11	0.547	0.518	0	
0	852.482	210.168	3854.78357666	0.954992586021	184.1356	11	-0.517	0.929	0	
0	847.193	215.635	1937.31392458	0.940156168804	191.7975	11	-0.483	0.721	0	
0	838.837	218.608	2173.70197516	0.818087957946	222.4588	11	-0.295	0.713	0	
0	837.667	220.214	2777.15423588	0.837143674435	225.4099	11	-0.638	0.815	0	
0	823.179	221.411	3194.47872421	0.968277856261	189.9054	11	-0.360	0.481	0	
0	825.512	226.168	2051.16217883	0.941889596523	184.0737	11	0.008	0.448	0	
0	843.674	223.023	3003.30887868	0.942757508527	210.9924	11	-0.128	0.619	0	
0	845.875	225.320	1868.95997165	0.902817564966	204.0883	11	-0.248	0.534	0	
0	843.482	226.054	2594.17936212	0.92299638484	207.025	11	-0.062	0.506	0	
0	827.684	228.717	1834.84760776	0.913692373681	194.1955	11	-0.079	0.525	0	
0	845.207	228.296	2210.03931735	0.921297727669	202.6398	11	-0.172	0.535	0	
0	842.465	229.845	869.360692509	0.901986422074	203.4766	11	-0.156	0.482	0	
0	1238.958	260.407	3620.76217757	0.974540741766	189.559	11	-0.119	0.762	0	
0	1240.977	266.003	4029.02535083	0.973643569799	190.6441	11	-0.419	0.803	0	
0	1245.078	267.290	2307.8097297	0.94710907947	191.5848	11	-0.251	1.052	0	
0	91.138	354.425	330.217435267	0.655843169807	244.901	11	-2.491	0.555	0	
0	95.471	360.567	2394.41817286	0.942757508527	220.0891	11	-0.477	0.733	0	
0	96.829	367.741	3837.07245492	0.949729657362	181.9222	11	0.015	0.580	0	
0	718.788	396.923	6042.2682205	0.970063133784	178.004	11	0.135	0.612	0	
0	740.585	405.832	2095.07705237	0.941022483527	174.4044	11	0.150	0.919	0	
0	737.703	420.382	2309.93628017	0.947981801011	194.8147	11	-0.597	0.737	0	
0	749.009	423.901	2493.4461881	0.949729657362	186.646	11	-0.205	0.832	0	
0	737.768	432.798	2165.70849471	0.949729657362	194.482	11	-0.310	0.716	0	
0	711.027	428.938	4222.79501306	0.92811117102	198.8238	11	-0.262	0.909	0	
0	336.070	467.736	2759.30685582	0.930679183163	179.1904	11	0.585	0.761	0	
0	314.319	499.572	962.941712972	0.89371696085	197.0215	11	0.074	0.485	0	
0	314.280	502.779	2603.75429894	0.952357486192	192.1617	11	0.069	0.580	0	
0	597.671	514.688	586.678266402	0.892072188725	189.5182	11	-1.482	0.648	0	
0	602.384	520.616	2257.35571102	0.967386449969	193.1812	11	-0.085	0.587	0	
0	601.492	525.008	2703.95836411	0.965606098542	193.6526	11	-0.028	0.730	0	
0	599.376	531.469	3407.21861659	0.967386449969	190.5635	11	-0.088	0.879	0	
0	601.803	540.253	903.649473722	0.873373479142	189.0571	11	0.738	0.695	0	
0	607.456	542.213	2032.35701094	0.954992586021	191.4714	11	0.448	0.551	0	
0	611.112	542.221	963.829023624	0.925550244763	210.0913	11	0.317	0.451	0	
0	599.922	544.049	2299.32308702	0.960284679209	187.2048	11	-0.092	0.742	0	
0	617.809	549.601	4596.21144666	0.978137704323	201.6702	11	-0.265	0.691	0	
0	627.679	550.585	1630.79736102	0.943626220277	201.1978	11	-0.451	0.586	0	
0	627.884	557.110	4729.33414919	0.976337566583	204.0508	11	0.005	0.575	0	
0	626.071	523.158	1070.53285383	0.92811117102	174.518	11	-0.964	0.464	0	
0	969.819	553.567	2454.70891569	0.935836543584	205.8427	11	-0.125	0.567	0	
0	979.074	548.176	1205.59100773	0.800202677119	200.7195	11	-0.250	0.645	0	
0	978.505	550.972	3926.449354	0.942757508527	197.714	11	-0.309	0.770	0	
0	973.772	556.695	3191.5378551	0.959400631516	198.4391	11	-0.444	0.727	0	
0	956.642	552.679	815.079555612	0.886339287328	238.8276	11	-0.510	0.344	0	
0	953.548	555.412	631.538745374	0.837915067438	226.0144	11	0.276	0.417	0	
0	955.117	559.712	669.267906936	0.855066712885	205.9359	11	-0.325	0.385	0	
0	961.036	559.605	4405.54863507	0.976337566583	199.3768	11	-0.118	0.343	0	
0	1227.704	912.495	1391.87424884	0.934975003089	198.3487	11	0.564	0.587	0	
0	1255.406	926.906	1846.71552399	0.917064749115	191.0446	11	-1.716	1.279	0	
0	1260.847	952.061	1060.71814964	0.778394932627	184.5612	11	-4.776	1.989	0	
0	1209.932	952.923	3296.09712177	0.976337566583	193.0452	11	0.150	0.576	0	
0	853.199	954.645	1531.79271589	0.94710907947	182.6268	11	-0.363	0.696	0	
0	866.693	965.314	2026.7491521	0.945366045958	186.1609	11	-0.239	0.926	0	
0	1255.274	962.698	1313.40903653	0.931536765239	181.773	11	0.891	0.689	0	
0	1243.875	974.395	2081.61304092	0.954113410282	189.0803	11	-0.468	0.826	0	
0	833.987	1004.873	1306.17088813	0.875790036306	231.4819	11	-0.454	1.307	0	
0	394.845	109.933	941.889596523	0.922146665124	183.1814	12	0.230	0.517	0	
0	393.035	117.528	3580.96437103	0.970063133784	188.4973	12	0.135	0.343	0	
0	404.081	117.202	2671.77572712	0.952357486192	185.2172	12	0.096	0.620	0	
0	401.860	120.570	1168.42273817	0.91033239968	205.1838	12	0.656	0.591	0	
0	412.852	117.755	1269.40440196	0.916220490122	170.2774	12	-0.466	0.586	0	
0	414.601	113.703	1174.89755494	0.941022483527	166.3697	12	-0.460	0.542	0	
0	412.856	121.654	2577.50786997	0.962055219186	178.2622	12	0.274	0.486	0	
0	422.496	121.587	498.88448746	0.634453795776	165.163	12	-0.842	0.468	0	
0	420.363	128.139	1794.73362683	0.944495732508	167.1671	12	0.324	0.452	0	
0	424.458	133.084	1713.95730751	0.844889669485	168.5659	12	0.021	0.447	0	
0	425.071	135.491	3056.32828037	0.850354472	169.687	12	0.154	0.493	0	
0	1213.521	294.913	3767.03798984	0.957634976969	189.9861	12	-0.280	1.220	0	
0	86.954	326.627	4409.60816451	0.845668200099	185.2283	12	-0.876	0.922	0	
0	66.780	329.646	6183.01072752	0.976337566583	188.9467	12	0.077	0.505	0	
0	69.346	334.211	1156.64477417	0.912010839356	190.5099	12	0.585	0.568	0	
0	77.192	339.930	662.521535903	0.866163741972	207.8041	12	-1.526	0.562	0	
0	82.927	343.323	1644.37172321	0.944495732508	213.5551	12	0.188	0.676	0	
0	75.782	347.425	2236.66014947	0.957634976969	236.6604	12	0.103	0.608	0	
0	89.342	345.816	2228.43514927	0.934114255736	201.4094	12	0.030	0.679	0	
0	87.347	348.027	2897.3435877	0.936698877952	224.9977	12	-0.718	0.778	0	
0	69.029	345.184	2110.57116288	0.939290651618	194.9483	12	-1.157	0.954	0	
0	72.812	350.744	910.33239968	0.920449571753	252.8456	12	-0.508	0.443	0	
0	100.486	368.823	588.843655356	0.866163741972	179.0141	12	-0.891	0.602	0	
0	94.829	369.705	1563.14764264	0.87256944277	183.206	12	-0.460	0.639	0	
0	92.389	375.650	338.532212815	0.784151540528	182.6536	12	-3.293	0.618	0	
0	1033.677	360.584	1715.53664773	0.921297727669	192.5148	12	1.157	1.150	0	
0	1030.390	362.373	4141.90372622	0.954992586021	175.3905	12	0.784	1.408	0	
0	721.775	395.710	1602.50723888	0.929822390585	176.495	12	0.165	0.443	0	
0	724.591	397.991	3732.50157796	0.951480736352	187.3039	12	-0.088	0.533	0	
0	726.781	399.235	1731.41031289	0.894540483779	199.0165	12	-0.025	0.499	0	
0	296.890	497.414	648.037294192	0.906149802232	184.8097	12	0.453	0.470	0	
0	625.813	541.753	3003.30887868	0.948855326728	200.0429	12	-1.001	0.927	0	
0	624.599	557.988	2175.70495093	0.955872571885	196.0927	12	0.312	0.559	0	
0	381.946	812.386	1218.98959892	0.925550244763	180.0851	12	0.175	0.588	0	
0	384.569	815.678	6456.54229035	0.977237220956	192.9637	12	-0.069	0.424	0	
0	384.596	824.919	1742.60918983	0.803156169923	209.8401	12	-0.496	0.606	0	
0	387.406	826.668	2257.35571102	0.860597341193	208.946	12	0.124	0.529	0	
0	390.065	828.761	4195.65722339	0.922146665124	194.7806	12	-0.261	0.633	0	
0	387.851	828.905	1813.00916702	0.75578801368	207.4019	12	-0.389	0.597	0	
0	376.666	836.159	534.564359397	0.677329514009	227.9283	12	-0.648	0.563	0	
0	382.749	849.217	970.957006529	0.875790036306	178.8266	12	-1.589	0.623	0	
0	371.056	843.279	461.742659477	0.719117735783	198.2362	12	-0.835	0.434	0	
0	367.671	844.259	3006.07630263	0.955872571885	194.5151	12	-0.532	0.602	0	
0	371.690	846.190	3694.87712254	0.953235043921	197.7216	12	-0.152	0.541	0	
0	376.355	852.914	3011.61880308	0.969170083947	180.8421	12	-0.310	0.464	0	
0	366.818	848.886	640.914356645	0.838687171248	189.9031	12	-0.496	0.571	0	
0	363.870	849.737	2423.25992409	0.949729657362	188.4597	12	-0.209	0.617	0	
0	1233.204	912.505	2230.48855938	0.818841791901	197.4968	12	-0.344	0.663	0	
0	1238.093	925.166	1715.53664773	0.92299638484	245.5939	12	-0.059	0.726	0	
0	1226.130	930.465	928.11117102	0.896189806862	223.3905	12	0.943	0.671	0	
0	1235.759	947.662	2135.99386019	0.883079900419	265.6338	12	-0.459	0.837	0	
0	852.290	995.518	6356.23579938	0.972747223777	264.9824	12	-0.136	0.883	0	
0	821.533	996.659	2134.02744285	0.927256742581	177.6535	12	1.648	1.205	0	
0	822.153	1004.737	1253.14117494	0.918755601666	175.8604	12	1.287	0.966	0	
0	122.005	8.128	7892.2348479	0.943626220277	160.1793	13	-0.046	0.748	0	
0	124.119	8.630	4234.47916169	0.887973489326	160.6675	13	-0.633	0.886	0	
0	824.051	192.493	3992.08702439	0.946237161366	198.2366	13	-0.073	0.435	0	
0	816.201	218.213	1195.63879999	0.941022483527	178.7349	13	-0.356	0.438	0	
0	831.934	223.883	2582.26019063	0.894540483779	214.1782	13	-0.363	0.520	0	
0	1224.177	264.781	1510.77573192	0.874983775227	184.6813	13	-1.220	1.129	0	
0	1225.589	267.602	721.771949669	0.818841791901	186.0843	13	-1.358	0.796	0	
0	1229.546	272.018	1026.12436519	0.894540483779	192.9655	13	-0.835	0.606	0	
0	1235.619	292.116	1241.65230759	0.921297727669	331.2512	13	0.463	0.588	0	
0	1228.513	300.668	2839.22623942	0.845668200099	297.2035	13	0.099	1.099	0	
0	1224.143	303.019	1931.96831702	0.919602196659	260.0846	13	-1.639	1.198	0	
0	1007.183	338.780	3073.2649292	0.956753368618	215.4127	13	-0.652	0.942	0	
0	1017.256	342.816	2171.70084335	0.903649473722	248.1291	13	-1.192	1.181	0	
0	1011.499	345.060	3147.7483141	0.767714953769	245.3464	13	-0.932	1.157	0	
0	1015.674	345.802	4168.6938347	0.869360692509	245.2262	13	-0.363	1.125	0	
0	1015.920	349.349	2674.23765709	0.92811117102	240.5917	13	-0.623	1.029	0	
0	999.938	346.202	2598.96242111	0.958517397686	202.29	13	0.009	0.670	0	
0	101.812	352.907	2723.95544712	0.974540741766	176.7473	13	-0.063	0.545	0	
0	714.789	407.566	1337.8271336	0.862184081073	231.8214	13	-3.174	1.474	0	
0	735.543	407.851	1196.74053131	0.934975003089	227.891	13	-0.883	0.515	0	
0	735.581	417.272	2591.79113462	0.962055219186	198.787	13	0.016	0.637	0	
0	747.114	420.571	509.096369523	0.677329514009	183.1301	13	-1.113	0.548	0	
0	745.884	422.647	2772.04323758	0.933254300797	187.7114	13	-0.157	0.463	0	
0	732.901	428.199	570.689654893	0.873373479142	195.5328	13	-0.096	0.561	0	
0	729.185	424.503	2577.50786997	0.968277856261	196.0557	13	0.404	0.517	0	
0	331.288	465.808	828.705077907	0.929822390585	184.004	13	0.586	0.470	0	
0	338.435	467.212	690.55774422	0.901986422074	175.7988	13	0.329	0.529	0	
0	614.492	524.348	1523.35106315	0.936698877952	197.1169	13	-0.722	0.577	0	
0	619.604	530.354	821.107464085	0.90115604434	222.3517	13	-0.770	0.370	0	
0	976.710	547.009	696.947396356	0.845668200099	201.9852	13	-1.291	0.533	0	
0	1232.126	945.518	4017.90810849	0.960284679209	256.3937	13	-0.467	1.021	0	
0	1232.344	974.491	1228.00461799	0.867760744991	192.2169	13	-3.133	1.342	0	
0	1206.261	956.336	4096.3777637	0.970063133784	188.422	13	-0.031	0.898	0	
0	854.101	973.086	4040.17335373	0.946237161366	200.7955	13	-0.099	0.731	0	
0	851.525	975.293	3725.63238467	0.94710907947	200.24	13	-0.393	0.809	0	
0	848.891	976.133	502.11130547	0.702748617656	232.9393	13	-2.094	0.698	0	
0	845.563	978.668	2666.85866452	0.966495864314	250.4178	13	-0.018	0.611	0	
0	1252.446	960.777	814.329185209	0.901986422074	183.4547	13	0.114	0.690	0	
0	1251.753	964.905	2523.48077248	0.965606098542	183.749	13	-0.123	0.667	0	
0	1027.535	999.302	3059.14455949	0.870161772152	239.3536	13	-0.240	0.613	0	
0	1025.220	1001.302	1967.88628971	0.705342414258	242.2977	13	-0.442	0.607	0	
0	1049.635	994.797	2072.04889776	0.948855326728	181.2132	13	0.241	0.580	0	
0	1048.392	999.838	3541.60400426	0.957634976969	179.9162	13	0.787	0.771	0	
0	1043.811	1005.637	4257.94453583	0.905315591648	179.8288	13	0.840	1.815	0	
0	836.461	1001.949	2359.39144304	0.905315591648	237.6962	13	-2.107	1.581	0	
0	396.364	115.610	1231.40241221	0.923846887538	187.0154	14	-0.237	0.401	0	
0	407.399	122.899	2409.90542869	0.953235043921	207.8488	14	-0.428	0.547	0	
0	842.474	235.901	2613.36457619	0.951480736352	188.3931	14	0.880	0.982	0	
0	1235.196	316.421	442.588372363	0.798730006111	201.5589	14	-1.476	0.715	0	
0	1026.217	324.540	3557.9513056	0.966495864314	194.3299	14	-0.085	0.802	0	
0	1037.248	326.756	1222.36244928	0.90115604434	179.5693	14	0.933	0.887	0	
0	69.701	330.242	2394.41817286	0.954992586021	190.2859	14	0.269	0.412	0	
0	72.834	330.558	3104.55958813	0.957634976969	192.0093	14	0.125	0.533	0	
0	1044.989	336.565	2897.3435877	0.959400631516	184.762	14	0.220	0.647	0	
0	1049.975	345.520	2348.55102406	0.961169541516	192.561	14	0.076	0.700	0	
0	86.910	361.589	510.504999975	0.80463700174	225.4034	14	-0.753	0.459	0	
0	95.944	364.228	1185.76874817	0.803896244857	179.495	14	-0.644	0.529	0	
0	1002.532	356.253	2124.22247739	0.960284679209	198.9062	14	0.270	0.508	0	
0	722.064	391.432	3320.47335798	0.961169541516	173.015	14	0.422	0.639	0	
0	708.864	427.720	2210.03931735	0.941889596523	199.4237	14	-0.596	0.780	0	
0	328.334	476.165	2015.57981283	0.909494338555	184.2356	14	0.253	0.613	0	
0	329.540	479.418	3725.63238467	0.962055219186	188.5679	14	0.025	0.583	0	
0	306.556	481.856	3277.932453	0.917064749115	260.3585	14	-2.009	1.659	0	
0	321.463	505.506	3218.10344309	0.97543874044	186.7993	14	0.086	0.562	0	
0	613.303	512.192	1755.49662962	0.946237161366	186.1262	14	0.626	0.688	0	
0	607.444	536.960	1884.51674172	0.881454704447	203.5279	14	-0.211	0.506	0	
0	604.495	538.897	1641.3454667	0.947981801011	193.5786	14	0.416	0.467	0	
0	623.932	552.823	2989.50992781	0.970957006529	200.623	14	-0.043	0.474	0	
0	369.451	819.583	2544.48561515	0.955872571885	170.6513	14	-0.508	0.710	0	
0	368.788	836.354	837.915067438	0.890430443594	199.1421	14	-1.304	0.419	0	
0	386.676	842.889	3647.53946926	0.966495864314	179.6151	14	-0.543	0.479	0	
0	402.552	837.732	1261.24657532	0.938425931237	172.9127	14	1.183	0.753	0	
0	1241.077	920.301	2312.06479018	0.947981801011	194.7385	14	-0.399	0.939	0	
0	1217.258	930.720	698.875796135	0.902817564966	200.8989	14	-0.281	0.592	0	
0	1211.101	929.398	2782.27465768	0.950604793656	194.2121	14	-0.255	0.771	0	
0	1209.613	926.442	3215.14082483	0.954992586021	192.323	14	-0.316	0.790	0	
0	1247.252	929.881	400.682154182	0.763484105183	193.6777	14	-3.642	0.941	0	
0	1253.876	931.086	1900.20300258	0.941022483527	190.7885	14	-0.600	0.884	0	
0	1237.494	945.405	2179.71644114	0.912851219331	261.0698	14	-0.004	0.480	0	
0	1244.167	946.744	1803.01774086	0.874983775227	231.6415	14	-1.561	1.136	0	
0	1238.389	947.954	2137.9620895	0.906984781506	262.7454	14	-0.285	0.556	0	
0	1234.783	961.105	2205.97202175	0.891250938134	226.8771	14	-0.041	0.598	0	
0	1234.578	963.541	3410.35822653	0.891250938134	210.7996	14	-0.281	0.656	0	
0	1227.750	959.674	411.528578436	0.769839161929	219.3025	14	-0.736	0.792	0	
0	1221.206	946.261	487.528490103	0.750239627907	255.6107	14	-1.278	0.742	0	
0	1220.751	950.377	2514.20103016	0.879022516831	234.4536	14	-0.171	0.706	0	
0	1212.980	964.820	686.119875282	0.848789503007	196.9678	14	-2.278	0.907	0	
0	1215.983	940.528	1043.27788146	0.890430443594	222.6299	14	-1.735	0.877	0	
0	1205.477	935.905	3056.32828037	0.965606098542	192.4345	14	0.007	0.860	0	
0	1044.198	998.189	2274.0499509	0.940156168804	180.0776	14	1.048	0.627	0	
0	423.780	119.770	1995.26231497	0.933254300797	164.2083	15	0.253	0.459	0	
0	424.948	137.338	1916.01983207	0.943626220277	171.5263	15	0.100	0.498	0	
0	817.818	206.055	1987.92502104	0.947981801011	205.2431	15	-0.295	0.393	0	
0	838.471	213.094	2488.85731828	0.950604793656	235.7258	15	-0.033	0.347	0	
0	829.230	220.449	1907.21652059	0.909494338555	214.4608	15	-0.426	0.503	0	
0	841.566	215.000	3171.02743895	0.959400631516	205.9255	15	-0.182	0.426	0	
0	829.657	223.416	4759.92379667	0.962941712972	208.0374	15	-0.223	0.446	0	
0	846.795	219.121	214.783047413	0.642096052568	204.9266	15	-5.322	0.577	0	
0	849.372	224.000	776.247116629	0.887156012038	200.3958	15	-1.507	0.589	0	
0	1249.170	279.082	3382.2055667	0.91453430312	197.1242	15	-0.375	0.878	0	
0	1240.408	282.506	2601.35725665	0.952357486192	281.3915	15	-0.901	0.908	0	
0	1245.873	290.468	4508.16704541	0.959400631516	298.3773	15	0.055	1.283	0	
0	1229.031	298.388	6528.29844159	0.967386449969	307.312	15	0.501	1.032	0	
0	1234.210	305.342	3203.31760085	0.887156012038	306.6255	15	-0.329	0.971	0	
0	1232.182	306.369	3830.01081226	0.878213279898	290.5895	15	-0.663	1.142	0	
0	1222.554	312.051	5076.91625888	0.942757508527	202.2723	15	-0.987	1.451	0	
0	1043.745	319.191	2232.54386162	0.947981801011	177.6407	15	-1.070	1.082	0	
0	1006.326	330.617	2910.71711807	0.951480736352	194.5309	15	-0.826	1.106	0	
0	1047.254	334.527	1077.45713146	0.92896638678	184.158	15	0.585	0.532	0	
0	991.524	356.683	3341.95040026	0.92896638678	183.3152	15	0.215	0.604	0	
0	993.130	358.558	4707.60483257	0.946237161366	181.6072	15	0.133	0.622	0	
0	991.698	362.073	2570.39578277	0.963829023624	175.8244	15	0.335	0.646	0	
0	738.637	429.358	1315.8306551	0.932395137541	194.6858	15	-0.145	0.529	0	
0	300.333	494.031	1557.39938908	0.941889596523	203.6476	15	0.266	0.617	0	
0	969.370	539.914	1712.37942124	0.950604793656	218.1767	15	0.205	0.466	0	
0	964.507	543.661	4149.54042634	0.973643569799	226.8673	15	-0.160	0.435	0	
0	968.804	546.007	1907.21652059	0.948855326728	222.8431	15	-0.232	0.449	0	
0	960.503	545.076	1115.83505229	0.916220490122	232.7515	15	-0.730	0.368	0	
0	977.617	539.633	818.087957946	0.915377008362	204.8656	15	-0.258	0.462	0	
0	971.367	550.655	1819.70085861	0.940156168804	207.8978	15	-0.202	0.423	0	
0	966.541	552.724	501.187233627	0.779830110523	213.2201	15	-2.285	0.551	0	
0	956.946	539.142	2470.58613604	0.958517397686	214.9646	15	0.071	0.445	0	
0	356.168	844.516	2535.1286305	0.964717151896	180.992	15	0.351	0.640	0	
0	1232.439	914.310	1696.68023235	0.944495732508	197.6097	15	-0.272	0.516	0	
0	1240.905	936.235	1843.31687951	0.717133482658	240.3683	15	-0.297	0.722	0	
0	855.879	985.431	3777.46109388	0.883893621739	227.5738	15	-0.146	0.687	0	
0	854.167	985.931	2087.37270391	0.800202677119	229.9743	15	-0.202	0.682	0	
0	1038.577	983.542	1197.84327783	0.875790036306	191.3117	15	-0.936	0.699	0	
0	1037.084	987.187	1819.70085861	0.908657048958	193.8517	15	-0.706	0.721	0	
0	1033.236	326.847	2741.57417193	0.958517397686	179.466	16	0.463	0.651	0	
0	1014.798	327.975	8495.71627156	0.959400631516	194.2127	16	0.272	1.320	0	
0	1012.734	330.619	4029.02535083	0.944495732508	198.363	16	-0.139	1.104	0	
0	1013.464	344.678	8233.7940521	0.970063133784	246.6759	16	-0.285	0.757	0	
0	1021.248	346.076	1390.59287547	0.909494338555	241.7133	16	-1.185	0.875	0	
0	1019.574	353.210	6918.30970919	0.970957006529	226.0376	16	-0.224	0.906	0	
0	90.716	351.583	1153.45325782	0.92299638484	246.3101	16	-0.910	0.550	0	
0	90.687	359.179	815.079555612	0.791407205399	244.2098	16	-0.759	0.503	0	
0	77.710	363.513	2324.8771015	0.961169541516	203.4285	16	-0.197	0.642	0	
0	92.080	361.446	1450.77478909	0.869360692509	235.6088	16	-0.478	0.503	0	
0	90.782	368.332	1695.11825153	0.632703154867	188.3601	16	-0.359	0.608	0	
0	92.119	368.627	3890.45144994	0.829468695095	186.3247	16	-0.123	0.578	0	
0	88.212	371.190	2064.42923207	0.94710907947	189.4102	16	-0.803	0.674	0	
0	333.239	479.168	710.558763369	0.866961875758	176.6804	16	0.788	0.625	0	
0	611.654	537.326	2218.1964198	0.954992586021	213.7764	16	-0.249	0.580	0	
0	615.214	545.249	448.745389933	0.844111855593	205.1049	16	-2.209	0.501	0	
0	386.443	817.930	305.070349782	0.670501880163	198.3429	16	-1.894	0.554	0	
0	386.305	823.716	1171.65567391	0.866163741972	206.2174	16	-0.801	0.505	0	
0	389.079	833.353	4961.35153586	0.969170083947	180.5739	16	-0.630	0.743	0	
0	1240.579	950.295	1203.37227118	0.87256944277	251.2618	16	-0.899	0.613	0	
0	1239.515	953.002	3141.95528464	0.951480736352	250.825	16	-0.222	0.560	0	
0	1226.590	967.153	3078.93130974	0.970957006529	209.0707	16	-0.115	0.569	0	
0	1222.003	959.489	3200.36859459	0.946237161366	218.7592	16	-0.475	0.819	0	
0	1217.428	956.515	2403.25580493	0.945366045958	216.8559	16	-0.685	0.778	0	
0	1216.894	948.861	2091.22133016	0.722437032436	237.6283	16	-0.451	0.599	0	
0	1218.479	949.048	4961.35153586	0.879022516831	243.9679	16	-0.246	0.584	0	
0	1215.834	945.084	1062.6738654	0.812830516164	230.5303	16	-1.221	0.693	0	
0	852.326	967.195	2751.69313281	0.953235043921	194.3239	16	-0.114	0.511	0	
0	853.692	970.303	1334.1356829	0.919602196659	197.2925	16	0.173	0.502	0	
0	401.442	106.874	1250.83492837	0.945366045958	175.0229	17	0.153	0.486	0	
0	399.922	110.619	1282.33058266	0.938425931237	180.9024	17	0.254	0.482	0	
0	405.707	114.151	3179.80142769	0.962055219186	176.0142	17	-0.067	0.555	0	
0	410.475	109.407	1551.67227391	0.962941712972	167.8905	17	0.001	0.407	0	
0	409.322	114.366	2525.80605483	0.954113410282	173.3514	17	-0.267	0.607	0	
0	409.864	119.218	3470.56354008	0.969170083947	178.498	17	-0.123	0.503	0	
0	825.800	190.650	1217.86738489	0.915377008362	194.1151	17	-1.208	0.416	0	
0	819.373	213.072	991.744955231	0.894540483779	196.964	17	-1.364	0.442	0	
0	1246.275	275.501	1734.60262788	0.888791719885	199.1711	17	-1.837	1.216	0	
0	1247.354	296.400	5039.64563613	0.950604793656	309.2148	17	-0.285	0.918	0	
0	1011.309	352.968	2218.1964198	0.939290651618	222.0435	17	-0.550	0.769	0	
0	718.133	391.030	1921.3213114	0.838687171248	174.9972	17	0.591	0.677	0	
0	698.869	398.471	2666.85866452	0.841782707661	190.2719	17	-0.186	0.585	0	
0	697.956	399.875	1347.72101385	0.69055774422	192.835	17	0.248	0.635	0	
0	745.661	414.195	5400.07759067	0.961169541516	176.6903	17	-0.017	0.559	0	
0	730.391	412.105	2734.00937851	0.940156168804	236.6967	17	-0.811	0.966	0	
0	741.736	427.618	841.007754069	0.917909786057	193.4366	17	-0.922	0.492	0	
0	972.182	547.398	1202.26443462	0.926403100736	211.0071	17	0.397	0.368	0	
0	1247.398	921.456	846.447448098	0.917064749115	195.9785	17	0.178	0.646	0	
0	1235.898	929.537	2407.68684561	0.917909786057	247.9908	17	-0.588	0.871	0	
0	1252.667	936.482	750.239627907	0.874178256401	191.3125	17	-1.692	0.775	0	
0	1243.278	936.475	844.111855593	0.696305779603	219.4196	17	-0.829	0.660	0	
0	1241.295	945.865	507.691625888	0.824138115013	257.6933	17	-1.302	0.566	0	
0	418.495	120.234	1814.6797794	0.953235043921	165.4926	18	0.359	0.542	0	
0	425.738	122.211	811.334605228	0.922146665124	163.6151	18	0.574	0.357	0	
0	1256.038	299.001	5465.1237452	0.964717151896	177.9636	18	-0.410	1.137	0	
0	1040.769	327.374	3561.22980943	0.957634976969	178.7523	18	0.322	1.054	0	
0	86.464	329.133	4487.45389933	0.891250938134	185.3871	18	-0.143	0.523	0	
0	87.186	331.202	2967.56335807	0.859805066661	185.2673	18	-0.181	0.444	0	
0	1017.222	330.294	2011.87039515	0.934975003089	194.0153	18	-0.738	0.605	0	
0	79.210	349.904	2749.15989655	0.966495864314	237.2521	18	-0.001	0.482	0	
0	82.425	365.857	633.286164452	0.865366342956	213.9435	18	-1.576	0.527	0	
0	94.394	366.185	2405.47030499	0.954113410282	181.1033	18	-0.498	0.449	0	
0	1016.317	354.594	1778.27941004	0.919602196659	231.72	18	-0.916	0.782	0	
0	743.342	409.157	2805.43363795	0.965606098542	172.484	18	0.290	0.622	0	
0	749.924	416.981	1629.29603264	0.919602196659	175.4406	18	0.080	0.474	0	
0	317.078	484.621	4537.32616938	0.943626220277	244.4324	18	-0.234	1.561	0	
0	619.099	524.135	4733.69203348	0.976337566583	194.987	18	-0.146	0.444	0	
0	966.144	536.693	1086.42562362	0.945366045958	215.0755	18	-0.104	0.322	0	
0	973.934	539.040	618.870811419	0.859805066661	211.1312	18	1.476	0.584	0	
0	972.930	564.603	1717.11744324	0.938425931237	190.5073	18	1.325	0.844	0	
0	956.427	565.153	2368.09979387	0.932395137541	187.7266	18	1.406	0.991	0	
0	1232.664	968.603	851.922326429	0.860597341193	203.705	18	-1.582	0.726	0	
0	858.343	966.149	797.994687268	0.852707337344	196.1367	18	-0.879	0.714	0	
0	1247.724	967.339	912.010839356	0.898669495048	187.7838	18	0.945	0.830	0	
0	858.865	983.013	2120.31311674	0.931536765239	199.4961	18	-0.151	0.772	0	
0	859.784	986.775	3042.28572748	0.951480736352	228.1791	18	0.065	0.827	0	
0	1042.130	979.550	812.830516164	0.858222705054	189.8829	18	-2.881	0.904	0	
0	830.910	995.405	7537.02576688	0.98265258283	195.5684	18	-0.104	0.563	0	
0	845.523	992.477	1108.66413898	0.902817564966	248.5684	18	-1.225	0.632	0	
0	848.562	994.395	2427.72784768	0.951480736352	265.5832	18	-0.272	0.596	0	
0	829.881	193.571	390.121602953	0.72710980316	193.4753	19	-4.195	0.555	0	
0	819.690	200.727	567.022118161	0.737224908104	207.1797	19	-1.794	0.478	0	
0	826.989	213.112	1860.3728806	0.89536476555	293.6557	19	-0.931	0.716	0	
0	1227.845	315.538	3293.06270175	0.917064749115	204.2848	19	0.243	0.830	0	
0	1226.036	324.855	1116.86324778	0.870963589956	194.6776	19	-1.789	1.321	0	
0	994.956	351.110	3385.32212815	0.966495864314	195.8528	19	-0.525	0.634	0	
0	329.350	473.674	2681.63706676	0.952357486192	185.3146	19	0.372	0.696	0	
0	332.996	475.022	958.517397686	0.89784217091	179.6057	19	0.852	0.660	0	
0	606.608	534.554	5780.96047406	0.979941161096	200.4361	19	0.232	0.539	0	
0	388.403	811.074	1964.26464588	0.950604793656	192.5319	19	0.441	0.493	0	
0	1233.221	930.459	727.10980316	0.833297348634	246.7751	19	-2.541	0.895	0	
0	1227.135	926.492	954.113410282	0.857432616636	203.8341	19	-0.260	0.561	0	
0	849.808	968.910	1208.92678521	0.938425931237	193.3452	19	-0.191	0.448	0	
0	1033.897	986.248	1060.71814964	0.885523314503	194.1814	19	0.062	0.678	0	
0	1030.355	988.091	3564.51133426	0.94710907947	194.8182	19	-0.274	0.752	0	
0	1029.423	991.170	4321.1565447	0.94710907947	205.7355	19	-0.167	0.696	0	
0	1025.385	992.401	3564.51133426	0.94710907947	198.1286	19	-0.390	0.732	0	
0	418.755	115.235	4821.69793901	0.98265258283	163.4146	20	0.085	0.468	0	
0	844.691	198.893	1367.7288256	0.80463700174	185.9122	20	-5.046	1.393	0	
0	850.419	212.812	4462.72370762	0.949729657362	187.6036	20	1.028	1.246	0	
0	1239.963	272.398	1389.31268174	0.850354472	197.0277	20	-3.494	1.484	0	
0	1246.153	279.262	1919.55252376	0.923846887538	200.3983	20	-0.851	0.773	0	
0	1250.005	281.770	1419.05752169	0.903649473722	195.0092	20	-0.294	0.569	0	
0	1246.164	283.041	1615.84612095	0.922146665124	281.8642	20	-0.026	0.709	0	
0	1252.583	283.612	1836.53834335	0.903649473722	191.4322	20	-0.033	0.644	0	
0	1249.722	294.941	4677.35141287	0.967386449969	259.6007	20	-0.013	0.590	0	
0	1242.822	304.786	3121.76351085	0.923846887538	297.8048	20	-0.723	1.094	0	
0	1256.959	305.110	1263.57201852	0.890430443594	187.0031	20	-1.009	1.072	0	
0	1252.025	311.571	1526.15976563	0.889610704409	198.9812	20	-0.225	0.857	0	
0	1237.029	298.881	1206.70190959	0.891250938134	336.8964	20	0.573	0.518	0	
0	1238.531	291.216	2713.93848764	0.965606098542	335.4102	20	0.219	0.553	0	
0	1231.251	289.623	1326.78331072	0.92299638484	316.5135	20	-0.051	0.483	0	
0	1221.601	306.981	2918.7708482	0.941889596523	210.4957	20	-0.781	0.951	0	
0	1218.211	308.376	917.064749115	0.819596320482	199.9962	20	-1.563	0.859	0	
0	1219.236	311.585	3302.17435267	0.932395137541	199.5689	20	-0.751	1.028	0	
0	1218.959	299.070	3729.06539962	0.909494338555	201.0814	20	-0.473	0.826	0	
0	1014.286	334.325	1211.15576298	0.90032643106	202.2581	20	-1.880	0.665	0	
0	1035.292	336.053	1437.47400587	0.933254300797	206.9144	20	-0.683	0.726	0	
0	1009.248	335.144	2081.61304092	0.954113410282	202.4418	20	-0.516	0.522	0	
0	1012.704	340.591	2632.69167422	0.956753368618	252.4424	20	-0.706	0.492	0	
0	1023.274	355.266	993.573500587	0.890430443594	213.9813	20	-0.536	0.652	0	
0	82.994	361.071	500.264862421	0.84800809889	228.4434	20	-1.038	0.488	0	
0	719.079	393.283	1550.24378887	0.925550244763	177.2687	20	0.551	0.543	0	
0	719.158	405.873	1681.12497448	0.887973489326	241.0228	20	-0.929	1.254	0	
0	747.264	417.027	2062.52869785	0.958517397686	177.7516	20	-0.022	0.412	0	
0	435.871	801.029	6154.60237371	0.976337566583	177.8013	20	-0.091	1.132	0	
0	1218.293	944.199	3064.78490537	0.932395137541	249.1738	20	-1.500	1.039	0	
0	1254.577	945.815	6269.02497476	0.961169541516	188.7788	20	0.395	1.204	0	
0	1251.385	946.800	4234.47916169	0.948855326728	199.6091	20	0.105	1.146	0	
0	1223.443	953.292	6873.8491959	0.97185170294	229.4828	20	0.046	0.401	0	
0	1222.491	955.840	1877.58669892	0.89949758153	219.7616	20	0.053	0.435	0	
0	1218.420	959.961	301.439388428	0.731812797674	209.7678	20	-3.735	0.528	0	
0	1219.677	964.725	1181.40825192	0.917064749115	204.2743	20	-0.532	0.649	0	
0	1237.742	959.247	1737.80082875	0.930679183163	234.7197	20	-1.091	0.755	0	
0	1232.362	963.438	5638.97280335	0.968277856261	204.6577	20	0.096	0.557	0	
0	861.186	960.819	956.753368618	0.824138115013	188.466	20	-1.409	0.802	0	
0	832.931	229.839	2908.03748274	0.837915067438	204.7193	21	-0.050	0.408	0	
0	1223.864	284.329	5370.3179637	0.97185170294	201.353	21	-0.336	0.684	0	
0	743.109	414.459	2854.9598169	0.958517397686	177.1546	21	0.123	0.517	0	
0	1259.939	934.700	1242.79643844	0.932395137541	190.3757	21	-0.337	0.759	0	
0	855.150	962.168	4479.19531254	0.959400631516	190.4054	21	-0.217	0.625	0	
0	869.746	981.844	4660.15111702	0.954992586021	166.3741	21	-0.406	1.011	0	
0	1035.629	982.776	2518.83662784	0.950604793656	191.7511	21	-0.626	0.690	0	
0	1035.347	990.139	430.923322819	0.774818532776	200.2762	21	-1.669	0.582	0	
0	1016.255	998.299	1960.64966723	0.906984781506	186.4224	21	-1.387	0.828	0	
0	841.909	989.262	1595.14438693	0.937562006926	220.312	21	0.215	0.550	0	
0	828.464	206.162	2572.76429535	0.948855326728	260.9339	22	-0.883	0.642	0	
0	839.953	208.232	5282.0194977	0.972747223777	201.4156	22	-0.085	0.322	0	
0	1023.482	351.010	7648.91791007	0.97185170294	219.3882	22	-0.116	0.967	0	
0	624.739	529.142	1750.65270838	0.952357486192	175.6678	22	0.477	0.445	0	
0	1249.606	938.778	928.96638678	0.912851219331	199.4649	22	-0.099	0.625	0	
0	1255.018	950.311	9826.5258283	0.970957006529	191.7222	22	0.552	1.144	0	
0	1221.095	968.446	552.077439281	0.818087957946	198.9411	22	-0.356	0.527	0	
0	826.632	195.235	3454.61774906	0.967386449969	194.4899	23	-0.385	0.369	0	
0	832.651	203.773	3280.95293113	0.959400631516	272.5917	23	-0.406	0.518	0	
0	822.547	205.539	1150.27054779	0.918755601666	216.3513	23	-0.931	0.477	0	
0	837.474	202.038	2047.38727634	0.939290651618	193.7691	23	-0.171	0.496	0	
0	836.807	207.149	3290.03107525	0.960284679209	282.2383	23	-0.410	0.422	0	
0	817.689	202.483	2878.72381084	0.966495864314	199.8078	23	-0.340	0.402	0	
0	823.642	209.968	3647.53946926	0.967386449969	250.1232	23	-0.436	0.519	0	
0	824.783	214.827	532.598574849	0.784151540528	268.6417	23	-3.077	0.643	0	
0	833.608	231.661	2329.16363021	0.952357486192	204.6035	23	0.262	0.396	0	
0	1238.740	278.366	1109.68572677	0.916220490122	198.1816	23	-0.161	0.523	0	
0	1251.786	298.223	1846.71552399	0.919602196659	257.9891	23	-0.084	0.747	0	
0	1250.090	305.011	1355.18941235	0.668036204679	199.5366	23	-0.830	0.662	0	
0	1245.874	305.126	2610.95868659	0.94710907947	280.5239	23	-0.567	0.776	0	
0	1253.301	308.523	1224.61619927	0.84800809889	194.4269	23	-0.028	0.657	0	
0	1241.830	301.106	1960.64966723	0.917909786057	326.5443	23	-1.301	0.939	0	
0	1239.475	309.241	1411.23714841	0.902817564966	260.0492	23	-1.448	0.795	0	
0	1255.081	313.120	2255.27756675	0.931536765239	195.1972	23	-0.408	0.971	0	
0	1253.016	316.247	1429.55214004	0.923846887538	195.5828	23	0.201	0.723	0	
0	1241.004	295.881	503.500608788	0.731139083483	338.7154	23	-1.083	0.671	0	
0	1238.119	296.278	861.390345772	0.868560350349	335.9312	23	0.691	0.491	0	
0	1236.145	302.868	3116.01830311	0.962941712972	319.0009	23	0.300	0.565	0	
0	1236.598	311.194	3209.22376805	0.822621393883	215.0205	23	-0.181	0.620	0	
0	1240.285	318.513	1080.43837237	0.883079900419	197.0789	23	-1.400	0.979	0	
0	1231.805	319.983	1393.15680295	0.874178256401	194.0644	23	-0.209	0.738	0	
0	1229.665	321.787	8256.57632621	0.964717151896	194.9454	23	-0.105	1.086	0	
0	83.811	353.176	998.159627492	0.877404787957	240.8093	23	-1.753	0.606	0	
0	89.622	363.400	1062.6738654	0.925550244763	217.0164	23	-0.186	0.405	0	
0	375.338	822.733	553.09534074	0.821107464085	195.4326	23	-1.809	0.524	0	
0	381.230	825.446	1476.38627775	0.918755601666	219.6057	23	-0.815	0.624	0	
0	368.549	829.504	2407.68684561	0.946237161366	178.4991	23	-0.520	0.575	0	
0	374.630	830.878	1958.84467351	0.934975003089	225.3606	23	-0.893	0.566	0	
0	384.314	834.629	3379.09187438	0.953235043921	235.0194	23	0.046	0.709	0	
0	379.215	837.271	3489.79567438	0.964717151896	232.0538	23	-0.116	0.512	0	
0	382.678	837.826	830.233015925	0.765596606911	242.4367	23	-0.068	0.470	0	
0	384.291	839.793	2163.71472178	0.909494338555	214.4247	23	0.047	0.421	0	
0	373.730	841.573	3070.43565073	0.963829023624	209.0795	23	-0.519	0.462	0	
0	1224.321	927.241	605.340874754	0.862184081073	220.5903	23	0.514	0.527	0	
0	1230.511	965.760	1113.78150013	0.902817564966	208.1407	23	0.529	0.563	0	
0	830.163	986.928	4389.34785535	0.921297727669	189.0137	23	0.075	0.667	0	
0	829.587	989.261	1739.40213978	0.816582371359	190.2072	23	0.397	0.657	0	
0	1035.007	997.404	2153.77335566	0.916220490122	204.7821	23	-0.485	0.520	0	
0	1029.473	999.123	1803.01774086	0.936698877952	208.3337	23	-0.724	0.464	0	
0	1019.508	1000.468	4329.12374503	0.962055219186	196.7892	23	-0.025	0.546	0	
0	1016.176	1002.128	3637.47485643	0.92896638678	195.3817	23	-0.115	0.607	0	
0	422.902	116.996	1114.80780336	0.937562006926	163.1973	24	0.169	0.424	0	
0	1232.476	270.003	3118.88958409	0.964717151896	191.4172	24	0.066	0.639	0	
0	1233.076	274.146	1040.39917705	0.890430443594	195.4148	24	0.368	0.517	0	
0	1232.741	277.414	2723.95544712	0.883079900419	203.63	24	-0.204	0.519	0	
0	1234.911	277.799	4032.73792976	0.925550244763	196.6867	24	-0.221	0.493	0	
0	1020.164	333.342	1656.53264932	0.818841791901	223.3125	24	-0.165	0.477	0	
0	1018.859	334.777	1078.44996329	0.696305779603	225.331	24	-0.568	0.523	0	
0	388.319	821.710	3391.56386906	0.963829023624	204.8677	24	0.057	0.582	0	
0	867.403	979.181	1072.50666562	0.850354472	165.8193	24	-1.431	0.859	0	
0	1216.879	291.167	1967.88628971	0.924698173938	194.8862	25	-0.892	0.955	0	
0	1221.283	293.067	1350.20589566	0.919602196659	222.387	25	-0.306	0.706	0	
0	1027.202	338.718	5166.54242567	0.970957006529	240.6833	25	0.296	0.903	0	
0	85.764	364.692	3036.68678847	0.972747223777	215.0735	25	0.194	0.425	0	
0	855.282	959.255	2348.55102406	0.841782707661	185.7185	25	0.122	0.508	0	
0	857.039	959.362	1784.8429165	0.797260045367	186.0801	25	-0.321	0.501	0	
0	859.374	962.917	3116.01830311	0.964717151896	192.5032	25	-0.276	0.593	0	
0	1223.730	970.029	2514.20103016	0.969170083947	208.5139	25	-0.315	0.479	0	
0	829.653	230.833	1877.58669892	0.941889596523	184.8178	26	0.558	0.493	0	
0	1254.783	277.197	2398.83291902	0.941022483527	188.875	26	-0.998	0.855	0	
0	1256.937	291.681	6655.79596367	0.960284679209	188.9863	26	-0.197	0.715	0	
0	1255.699	294.138	4032.73792976	0.946237161366	188.7563	26	-0.029	0.553	0	
0	1244.245	316.353	2606.15355	0.939290651618	200.0497	26	-0.502	0.689	0	
0	1247.979	316.451	1978.79133523	0.922146665124	201.1337	26	-0.144	0.638	0	
0	1230.351	314.581	6432.79927261	0.979941161096	207.2119	26	0.100	0.481	0	
0	1226.215	312.722	2316.32769599	0.942757508527	204.6131	26	0.116	0.512	0	
0	1022.864	331.959	1407.34313832	0.941022483527	219.6033	26	-0.557	0.470	0	
0	375.937	826.525	1425.6075936	0.925550244763	222.4158	26	-0.937	0.513	0	
0	381.286	829.342	3212.18093399	0.930679183163	225.8997	26	-0.343	0.591	0	
0	378.759	830.548	1615.84612095	0.692468464323	229.726	26	-0.495	0.474	0	
0	1031.466	993.610	2303.56250012	0.941889596523	205.0411	26	-0.994	0.541	0	
0	1024.754	995.502	2477.42205763	0.949729657362	204.5546	26	-0.625	0.551	0	
0	1014.336	1004.312	2615.77268272	0.943626220277	189.8574	26	0.092	0.435	0	
0	1250.978	306.918	2908.03748274	0.961169541516	199.5684	27	0.580	0.542	0	
0	1244.027	313.106	2518.83662784	0.953235043921	204.2151	27	-0.667	0.602	0	
0	1236.128	312.765	2630.2679919	0.951480736352	194.3722	27	0.099	0.442	0	
0	1239.142	314.559	1110.70825592	0.89371696085	201.6176	27	-0.628	0.566	0	
0	81.510	355.811	774.105227074	0.897015608415	235.5872	27	-1.074	0.448	0	
0	864.719	989.376	4866.31256073	0.934975003089	229.7302	27	-0.082	1.131	0	
0	1253.535	280.620	1924.86377778	0.863773746529	190.9276	28	0.137	0.613	0	
0	1255.594	282.325	2484.2768937	0.894540483779	189.1783	28	0.130	0.697	0	
0	1257.663	284.990	5986.87237248	0.944495732508	187.8481	28	0.252	0.800	0	
0	1255.339	286.579	4365.1583224	0.942757508527	188.4036	28	0.269	0.730	0	
0	1215.707	285.884	3830.01081226	0.955872571885	191.7736	28	0.745	1.060	0	
0	1030.655	334.970	6228.73708944	0.970957006529	218.3092	28	0.113	0.959	0	
0	841.255	211.521	1995.26231497	0.935836543584	195.5414	29	0.908	0.474	0	
0	1216.618	298.821	3657.63193009	0.94710907947	192.3395	29	0.377	0.654	0	
0	1248.118	313.315	3948.20778038	0.970957006529	202.9455	29	-0.153	0.533	0	
0	378.373	832.318	2970.29784402	0.879022516831	229.7131	29	-0.213	0.423	0	
0	835.274	991.271	657.052390964	0.851138038202	202.2095	29	-0.065	0.467	0	
0	1260.893	280.736	1670.32122582	0.917064749115	186.3479	30	-0.196	0.955	0	
0	1258.511	287.975	1788.13374869	0.92811117102	187.796	30	0.085	0.531	0	
0	1224.764	289.031	3127.51931141	0.931536765239	229.0499	30	-0.881	1.068	0	
0	1229.583	292.073	944.495732508	0.837143674435	318.3759	30	-2.853	0.959	0	
0	1227.604	307.891	1550.24378887	0.89784217091	217.1899	30	-0.036	0.459	0	
0	1228.737	310.637	706.642900425	0.781267934552	196.7957	30	-0.346	0.486	0	
0	1212.981	281.438	1441.45138576	0.938425931237	187.5839	31	1.043	0.661	0	
0	1216.533	301.970	1615.84612095	0.940156168804	193.9286	31	-0.047	0.509	0	
0	864.352	986.571	2199.88510905	0.927256742581	167.6212	32	1.070	0.907	0	
0	1023.779	1001.645	3265.87832172	0.937562006926	204.5555	32	1.336	0.838	0	
0	1017.161	1004.778	3518.84388821	0.944495732508	190.6806	32	0.679	0.792	0	
0	826.342	201.624	996.322641954	0.90032643106	215.8242	34	-0.689	0.403	0	
0	1227.196	285.688	3933.68880673	0.948855326728	254.5153	34	-0.028	0.902	0	
0	380.309	833.062	1914.25592502	0.922146665124	235.1285	35	-0.434	0.541	0	
0	93.261	131.399	2528.13347983	0.780548691466	161.2009	50	-0.219	0.707	0	
0	94.374	131.795	3039.48496877	0.809095899178	160.9073	50	-0.050	0.725	0	
0	98.321	282.012	1279.97061671	0.814329185209	175.3001	50	-0.134	0.563	0	
0	99.862	283.481	1330.45441798	0.830233015925	175.3092	50	-0.523	0.522	0	
