FRAME	XCENTER	YCENTER	BRIGHTNESS	BERR	MSKY	NITER	SHARP	CHI	ERR	
0	1172.178	22.936	832.530206749	0.946237161366	56.28631	4	-0.488	0.714	0	
0	727.210	40.342	588.843655356	0.932395137541	55.11953	4	-1.767	0.835	0	
0	345.329	41.296	2106.68692574	0.886339287328	118.3629	4	-4.188	3.389	0	
0	365.555	42.551	2525.80605483	0.949729657362	87.63396	4	-1.637	1.590	0	
0	834.916	43.092	1370.25059712	0.951480736352	70.53643	4	1.523	1.109	0	
0	844.214	43.315	1361.44468247	0.972747223777	72.40627	4	-0.057	0.562	0	
0	1083.646	48.589	2468.3116897	0.98174794302	60.67539	4	-0.227	0.624	0	
0	1192.100	62.934	2834.00100551	0.98174794302	56.95793	4	-0.037	0.715	0	
0	380.122	73.628	757.879220916	0.894540483779	91.74687	4	-2.743	1.254	0	
0	384.694	74.406	973.643569799	0.923846887538	94.23967	4	-1.539	1.123	0	
0	1234.150	78.000	1422.98394458	0.964717151896	54.75868	4	-0.972	0.862	0	
0	1190.617	89.572	3008.84627665	0.972747223777	59.92152	4	-0.950	1.125	0	
0	1092.570	93.813	3394.6890538	0.986279485631	59.60092	4	-0.079	0.594	0	
0	371.261	106.805	1332.90746423	0.954113410282	136.2464	4	0.900	0.797	0	
0	51.570	110.299	2222.28625433	0.979941161096	68.33998	4	-0.286	0.639	0	
0	32.948	112.654	1862.08713666	0.972747223777	69.24013	4	-0.568	0.773	0	
0	774.991	118.543	1203.37227118	0.958517397686	61.61589	4	1.104	0.879	0	
0	421.280	120.242	777.678334456	0.898669495048	109.3853	4	-2.700	1.299	0	
0	838.243	120.997	2878.72381084	0.978137704323	64.83138	4	-0.634	0.840	0	
0	439.341	126.042	3780.94186683	0.986279485631	100.3644	4	0.143	0.576	0	
0	409.717	132.028	1035.61897704	0.957634976969	98.48346	4	0.154	0.659	0	
0	1107.763	135.478	1967.88628971	0.978137704323	62.56224	4	0.447	0.630	0	
0	1196.052	145.712	2324.8771015	0.979039017448	61.62302	4	-0.223	0.692	0	
0	825.232	147.169	2741.57417193	0.959400631516	70.08189	4	-1.504	1.517	0	
0	813.452	148.022	803.896244857	0.902817564966	68.1597	4	-3.120	1.344	0	
0	431.012	150.345	2216.15432596	0.958517397686	95.11449	4	-1.146	1.282	0	
0	801.073	159.111	1386.75582887	0.936698877952	71.95255	4	-1.910	1.362	0	
0	790.756	161.727	2303.56250012	0.89949758153	63.84181	4	-0.975	1.185	0	
0	788.436	163.031	1089.43167966	0.816582371359	63.39285	4	-1.489	1.094	0	
0	809.765	167.197	1524.75476766	0.950604793656	77.59836	4	-1.094	1.141	0	
0	1249.965	180.023	2989.50992781	0.963829023624	59.94209	4	-1.293	1.520	0	
0	1248.167	190.706	2932.2432823	0.964717151896	62.92546	4	-0.973	1.299	0	
0	801.078	180.942	548.024532177	0.903649473722	75.30183	4	-2.635	0.971	0	
0	803.633	187.419	2175.70495093	0.965606098542	76.14372	4	-1.202	1.090	0	
0	422.254	181.148	1791.43064841	0.947981801011	128.3032	4	0.749	1.255	0	
0	782.457	187.363	1324.34153519	0.94710907947	60.13416	4	-1.709	1.198	0	
0	775.542	188.639	3293.06270175	0.976337566583	60.3266	4	-0.634	1.039	0	
0	75.114	190.378	1358.9391171	0.956753368618	144.343	4	0.934	0.756	0	
0	78.476	195.154	1043.27788146	0.952357486192	137.065	4	0.643	0.656	0	
0	15.252	214.427	2390.01155148	0.977237220956	131.6426	4	0.134	0.635	0	
0	853.014	219.375	1563.14764264	0.954113410282	106.1545	4	-0.594	1.038	0	
0	1280.187	223.141	980.844136031	0.968277856261	59.51416	4	-0.557	0.535	0	
0	452.114	226.334	2674.23765709	0.970957006529	77.06314	4	-0.945	1.059	0	
0	99.573	226.940	705.342414258	0.84800809889	133.3818	4	-4.367	1.725	0	
0	885.887	226.965	2744.10041826	0.979941161096	112.005	4	-0.431	0.643	0	
0	823.073	232.106	2897.3435877	0.965606098542	77.32829	4	-1.104	1.333	0	
0	1257.825	232.492	1881.04852892	0.976337566583	69.23061	4	-0.308	0.634	0	
0	113.672	246.891	1000.92145832	0.94710907947	148.4087	4	-0.704	0.654	0	
0	46.613	244.302	2230.48855938	0.946237161366	80.92776	4	0.097	0.742	0	
0	46.972	247.071	723.769037075	0.837143674435	80.55634	4	-1.266	0.787	0	
0	854.632	252.648	2472.86267819	0.962055219186	66.54597	4	-1.282	1.317	0	
0	12.371	260.069	1664.17885662	0.91033239968	147.3243	4	-2.933	2.041	0	
0	935.381	264.937	954.113410282	0.961169541516	110.2705	4	-0.634	0.523	0	
0	1298.211	267.094	760.676500766	0.931536765239	65.75739	4	-2.093	0.988	0	
0	1288.195	278.848	2731.49242209	0.972747223777	72.09144	4	-0.822	1.006	0	
0	1209.752	282.701	1050.99342719	0.952357486192	78.22676	4	-1.354	0.815	0	
0	1259.580	283.392	2647.28074002	0.977237220956	76.5103	4	-0.160	0.805	0	
0	1314.945	288.386	3637.47485643	0.98174794302	64.10794	4	-0.195	0.834	0	
0	126.529	289.556	1264.73634747	0.956753368618	161.1786	4	-0.760	0.666	0	
0	31.464	292.990	1881.04852892	0.968277856261	133.389	4	0.479	0.712	0	
0	69.868	298.804	2195.83650097	0.958517397686	90.88408	4	-1.414	1.295	0	
0	932.008	300.262	2997.78167158	0.948855326728	72.51129	4	-1.840	2.064	0	
0	1227.252	301.515	1848.41719537	0.964717151896	83.70206	4	-0.854	0.932	0	
0	987.511	303.468	2097.00757854	0.972747223777	106.9967	4	-0.692	0.732	0	
0	129.485	305.859	2030.48600272	0.959400631516	159.6689	4	-1.175	0.948	0	
0	119.555	308.387	2731.49242209	0.955872571885	163.855	4	-1.463	1.296	0	
0	84.436	309.777	1510.77573192	0.941022483527	92.71642	4	-0.797	1.256	0	
0	91.432	312.821	4337.105635	0.958517397686	122.5197	4	1.516	2.038	0	
0	39.983	310.713	1521.9486509	0.956753368618	137.0438	4	1.057	0.856	0	
0	1245.617	318.136	732.487132665	0.932395137541	77.16069	4	-2.031	0.855	0	
0	1235.762	320.129	974.540741766	0.944495732508	77.42653	4	-1.586	0.897	0	
0	981.267	322.076	1584.89319246	0.962941712972	72.59891	4	-0.990	0.919	0	
0	116.066	326.023	2385.61303993	0.960284679209	165.1763	4	-0.982	1.056	0	
0	651.039	329.303	4226.68614266	0.952357486192	57.61429	4	-1.851	2.593	0	
0	1257.198	329.712	978.137704323	0.94710907947	76.04674	4	-0.224	0.801	0	
0	1259.788	333.522	1413.83913909	0.959400631516	75.87993	4	-0.186	0.856	0	
0	1030.172	331.211	1011.11371195	0.934975003089	96.98323	4	-1.660	1.030	0	
0	1030.141	343.040	812.08221625	0.901986422074	92.57353	4	-2.926	1.295	0	
0	1092.822	336.449	2495.74379483	0.961169541516	114.8918	4	-1.140	1.215	0	
0	1279.627	349.103	1093.45269673	0.942757508527	78.00044	4	-0.446	0.999	0	
0	1274.580	349.506	978.137704323	0.922146665124	77.11682	4	-0.257	1.260	0	
0	1060.381	342.913	1877.58669892	0.970957006529	106.5357	4	0.525	0.721	0	
0	1264.162	345.821	1789.78143941	0.936698877952	77.15375	4	-2.173	1.651	0	
0	1340.054	351.179	2299.32308702	0.966495864314	74.9745	4	-1.035	1.105	0	
0	1240.422	355.901	2870.78058202	0.953235043921	77.36456	4	-1.627	1.871	0	
0	597.691	356.596	3879.71657294	0.979039017448	63.42909	4	-0.610	0.999	0	
0	1324.626	359.899	2405.47030499	0.951480736352	75.70938	4	-1.708	1.675	0	
0	1309.255	360.668	763.484105183	0.89949758153	85.91257	4	-3.186	1.319	0	
0	1358.468	366.256	2596.56979027	0.969170083947	75.60602	4	-1.009	1.123	0	
0	682.095	376.598	2716.43926884	0.972747223777	88.7558	4	-0.739	0.957	0	
0	1336.498	374.197	2575.13499041	0.948855326728	74.9668	4	-1.901	1.866	0	
0	620.042	376.818	2857.59054337	0.94710907947	65.89166	4	1.877	2.202	0	
0	1314.236	377.786	2189.7775551	0.951480736352	75.44504	4	-1.663	1.605	0	
0	1275.632	378.785	899.49758153	0.946237161366	78.09703	4	-0.434	0.812	0	
0	1212.496	381.614	2423.25992409	0.951480736352	71.38275	4	-1.737	1.704	0	
0	1355.225	386.168	2659.50003272	0.973643569799	74.22765	4	-0.742	0.956	0	
0	94.226	386.847	1939.09907861	0.935836543584	133.9285	4	-1.675	1.656	0	
0	1202.366	388.702	2886.68901795	0.977237220956	68.46155	4	-0.345	0.819	0	
0	651.987	389.226	1078.44996329	0.961169541516	79.70729	4	-0.027	0.630	0	
0	715.768	392.124	1285.87869263	0.94710907947	89.58983	4	-1.534	1.076	0	
0	677.813	394.987	2666.85866452	0.950604793656	92.22559	4	-1.764	1.788	0	
0	668.791	397.106	2421.02904674	0.92896638678	92.93427	4	-2.116	1.991	0	
0	635.805	398.259	555.136777435	0.889610704409	71.91904	4	-3.299	1.169	0	
0	1343.711	400.847	2630.2679919	0.964717151896	74.33479	4	-1.216	1.295	0	
0	619.999	402.914	1159.84512119	0.948855326728	66.34613	4	-1.497	1.042	0	
0	1311.917	408.203	3372.87308659	0.97185170294	73.02496	4	-0.183	1.239	0	
0	722.846	412.935	2741.57417193	0.97543874044	95.89479	4	0.159	0.854	0	
0	1341.288	420.318	1329.22958832	0.948855326728	73.98389	4	-1.506	1.122	0	
0	762.067	433.787	1167.34707649	0.959400631516	81.06967	4	-0.882	0.755	0	
0	692.544	435.449	3076.09681474	0.974540741766	83.38872	4	-0.765	0.974	0	
0	683.275	437.908	1464.19864294	0.958517397686	79.07443	4	-0.683	0.857	0	
0	87.353	444.716	2766.94164541	0.976337566583	151.7935	4	-0.305	0.701	0	
0	568.695	444.771	3247.88018764	0.979039017448	67.26678	4	-0.392	0.876	0	
0	1020.417	450.667	3901.21602953	0.948855326728	58.78783	4	-1.975	2.689	0	
0	750.808	451.031	1635.30965174	0.960284679209	81.12558	4	-0.793	0.962	0	
0	651.051	454.370	3382.2055667	0.97185170294	77.94159	4	-0.791	1.211	0	
0	1035.468	460.090	573.852132675	0.917064749115	58.85009	4	-2.271	0.972	0	
0	340.337	456.480	4333.11285212	0.954113410282	76.39496	4	1.819	2.435	0	
0	123.869	474.231	2860.22369395	0.963829023624	150.7823	4	-1.140	1.202	0	
0	1242.783	491.538	1788.13374869	0.980844136031	60.32792	4	-0.183	0.510	0	
0	568.524	495.548	2959.37499534	0.967386449969	73.42801	4	-1.145	1.301	0	
0	146.657	497.571	3031.09815358	0.972747223777	146.8659	4	-0.742	0.929	0	
0	593.830	507.887	2615.77268272	0.97543874044	89.05139	4	-0.459	0.835	0	
0	773.609	507.418	774.818532776	0.956753368618	68.76317	4	-0.571	0.598	0	
0	337.373	510.556	3332.72899576	0.968277856261	134.4353	4	0.990	1.210	0	
0	953.184	517.735	2558.58588691	0.964717151896	113.7074	4	-1.114	1.059	0	
0	288.801	518.532	1779.9180204	0.966495864314	145.389	4	-0.412	0.718	0	
0	302.916	523.684	2664.40352772	0.951480736352	156.2892	4	-1.546	1.446	0	
0	1002.590	529.948	3224.03687192	0.978137704323	115.5074	4	-0.460	0.772	0	
0	608.915	531.464	928.96638678	0.908657048958	97.12796	4	-2.610	1.388	0	
0	632.029	534.168	1282.33058266	0.925550244763	138.6675	4	1.699	1.347	0	
0	582.755	536.662	3382.2055667	0.964717151896	84.21321	4	-1.280	1.511	0	
0	972.771	539.970	2051.16217883	0.958517397686	98.30219	4	-0.975	1.173	0	
0	606.683	540.005	2073.95820445	0.950604793656	95.9974	4	-1.520	1.421	0	
0	787.558	542.576	1818.02562377	0.964717151896	68.67337	4	-1.025	0.933	0	
0	793.268	544.428	1721.86857499	0.961169541516	68.46506	4	-0.905	1.002	0	
0	962.803	542.919	2193.8149919	0.963829023624	98.01694	4	-1.105	1.012	0	
0	728.246	557.432	705.342414258	0.946237161366	66.98087	4	-1.114	0.711	0	
0	310.878	558.619	2701.46907296	0.977237220956	136.0635	4	-0.011	0.690	0	
0	704.387	561.565	3197.4223032	0.970957006529	66.81744	4	-1.010	1.252	0	
0	327.907	562.008	1448.10482305	0.854279529905	138.5611	4	-4.970	3.073	0	
0	347.581	567.128	1017.65366262	0.920449571753	117.5137	4	1.411	1.224	0	
0	343.131	574.415	1958.84467351	0.896189806862	123.378	4	-3.722	2.786	0	
0	825.041	587.912	734.513868157	0.935836543584	68.04767	4	-1.523	0.852	0	
0	1007.589	589.657	3454.61774906	0.980844136031	58.30017	4	-0.295	0.844	0	
0	804.134	595.368	1987.92502104	0.959400631516	68.71509	4	-0.987	0.981	0	
0	648.236	596.724	2210.03931735	0.965606098542	106.0429	4	-0.697	1.014	0	
0	1354.074	596.751	2357.21936365	0.919602196659	68.39655	4	2.951	2.806	0	
0	344.385	601.196	1038.48445501	0.871766146602	121.7389	4	-3.587	2.137	0	
0	1164.984	607.720	1138.67556195	0.970957006529	60.57092	4	0.145	0.551	0	
0	656.930	614.087	1180.32063565	0.879832499442	107.7066	4	-3.957	2.272	0	
0	785.375	621.389	2937.64965196	0.979039017448	67.77328	4	-0.636	0.827	0	
0	215.308	626.386	2177.70977235	0.967386449969	138.6137	4	-0.845	0.848	0	
0	811.912	627.164	2964.83138952	0.972747223777	67.14827	4	-0.955	1.115	0	
0	1182.599	677.208	3627.43801476	0.970957006529	64.86032	4	0.918	1.383	0	
0	690.922	678.073	2199.88510905	0.938425931237	99.6096	4	1.673	1.931	0	
0	1267.009	742.781	614.893638513	0.942757508527	66.27162	4	-1.201	0.666	0	
0	1172.982	747.805	1466.89828221	0.958517397686	68.18791	4	-0.256	0.704	0	
0	1173.661	751.286	883.893621739	0.932395137541	69.58725	4	-0.688	0.766	0	
0	1174.901	755.725	1015.7808008	0.956753368618	71.27457	4	-0.616	0.692	0	
0	439.919	768.861	2674.23765709	0.958517397686	71.71484	4	-1.427	1.537	0	
0	405.106	786.295	3620.76217757	0.978137704323	121.3789	4	-0.551	0.844	0	
0	465.833	795.041	3017.1715226	0.961169541516	69.25358	4	-1.330	1.630	0	
0	1241.012	797.124	560.789663375	0.908657048958	76.2	4	-2.645	0.942	0	
0	1213.748	799.171	1658.05907511	0.957634976969	76.1098	4	0.731	1.075	0	
0	414.122	820.529	2242.84881587	0.973643569799	90.16833	4	-0.493	0.780	0	
0	1178.875	830.686	3451.43739336	0.977237220956	78.96616	4	-0.062	0.981	0	
0	1211.086	849.594	904.482149048	0.942757508527	84.81387	4	-1.583	0.868	0	
0	1226.528	855.057	1566.02972069	0.951480736352	88.30951	4	-1.524	1.120	0	
0	1236.891	856.379	1320.68729515	0.94710907947	86.11418	4	-0.755	0.923	0	
0	1235.277	860.039	1356.43816291	0.947981801011	87.16963	4	-0.725	0.928	0	
0	336.211	859.229	3323.53303577	0.968277856261	143.8043	4	-1.012	1.164	0	
0	720.597	862.155	1011.11371195	0.853493071614	149.7371	4	-4.543	2.208	0	
0	408.114	867.123	3076.09681474	0.972747223777	136.4475	4	-0.699	0.945	0	
0	1144.119	873.166	1581.9763986	0.955872571885	78.92099	4	-1.314	1.085	0	
0	1299.590	873.466	1151.33047416	0.962055219186	147.2747	4	-0.652	0.541	0	
0	1327.414	882.256	798.730006111	0.939290651618	143.3772	4	-1.213	0.668	0	
0	960.727	886.205	2098.93988362	0.97185170294	151.489	4	-0.406	0.682	0	
0	937.182	891.280	2910.71711807	0.957634976969	159.017	4	-1.286	1.356	0	
0	616.147	889.418	531.618395074	0.92811117102	62.47797	4	-1.875	0.771	0	
0	380.915	890.243	1659.58690744	0.958517397686	140.531	4	-1.126	0.868	0	
0	347.298	891.300	2185.74754869	0.966495864314	143.7817	4	-0.652	0.876	0	
0	1118.340	893.594	2100.87396924	0.97543874044	129.403	4	0.486	0.605	0	
0	1203.612	904.708	1168.42273817	0.950604793656	93.78833	4	-0.626	0.847	0	
0	1195.717	905.436	1845.01541918	0.954992586021	91.38335	4	-1.358	1.144	0	
0	1203.764	909.586	1107.64349167	0.933254300797	95.03215	4	-0.084	1.113	0	
0	302.757	905.288	707.294042405	0.925550244763	141.4374	4	-1.858	0.735	0	
0	896.078	905.311	2587.02127346	0.959400631516	159.8302	4	-1.306	1.200	0	
0	915.014	914.210	2265.68745501	0.945366045958	162.2376	4	-1.789	1.446	0	
0	1349.365	915.195	2741.57417193	0.965606098542	144.9463	4	-1.031	1.091	0	
0	924.671	918.071	2610.95868659	0.942757508527	160.1234	4	-1.888	1.670	0	
0	268.074	918.628	3000.54400244	0.954113410282	138.9344	4	-1.511	1.548	0	
0	270.401	926.057	3188.59969339	0.973643569799	138.2237	4	-0.429	0.897	0	
0	1193.325	922.591	3078.93130974	0.980844136031	140.1259	4	-0.035	0.616	0	
0	914.228	927.077	2805.43363795	0.963829023624	160.0878	4	-1.105	1.021	0	
0	1042.776	928.382	1658.05907511	0.955872571885	146.1733	4	-0.667	0.916	0	
0	1244.438	929.616	1192.33968789	0.864569678034	138.9794	4	-4.829	2.415	0	
0	1204.178	930.480	872.56944277	0.870963589956	145.4455	4	-3.558	1.560	0	
0	1074.041	938.622	1258.92541179	0.947981801011	152.3719	4	-1.242	0.840	0	
0	1180.608	939.218	1733.00573533	0.967386449969	160.5781	4	-0.441	0.658	0	
0	251.919	939.513	3694.87712254	0.972747223777	134.847	4	-0.823	1.014	0	
0	1065.383	948.824	1957.04134148	0.961169541516	154.8205	4	-1.093	0.873	0	
0	1066.619	954.247	1152.3913772	0.950604793656	155.8357	4	-0.487	0.696	0	
0	1179.595	952.255	1949.84459976	0.932395137541	158.2047	4	-2.207	1.566	0	
0	1356.450	952.847	2224.33399849	0.962055219186	143.4522	4	-0.954	1.026	0	
0	1190.418	956.273	2418.80022315	0.973643569799	159.8262	4	-0.407	0.673	0	
0	1251.023	958.632	1388.03366657	0.943626220277	97.68158	4	-1.406	1.139	0	
0	1253.386	963.361	2049.27385838	0.946237161366	98.97298	4	-1.873	1.501	0	
0	887.406	960.906	3171.02743895	0.97543874044	156.4891	4	-0.601	0.840	0	
0	1176.428	968.231	560.273394794	0.921297727669	154.3238	4	-1.380	0.531	0	
0	1090.104	968.259	715.154704659	0.937562006926	152.0975	4	-0.721	0.594	0	
0	1363.954	968.453	1382.9293698	0.965606098542	137.173	4	-0.568	0.584	0	
0	802.660	981.324	814.329185209	0.883079900419	157.5363	4	-0.892	0.802	0	
0	805.916	982.092	1673.40090684	0.934114255736	157.9905	4	0.608	0.868	0	
0	1239.072	986.681	1030.86074006	0.926403100736	139.3912	4	0.507	1.085	0	
0	865.933	999.914	2815.78829971	0.948855326728	92.53967	4	1.831	1.894	0	
0	803.070	1001.464	1012.97796876	0.947981801011	150.9476	4	-0.977	0.659	0	
0	354.376	4.754	2175.70495093	0.967386449969	94.31596	5	0.103	0.971	0	
0	1171.096	19.151	1193.43837921	0.965606098542	56.35685	5	0.695	0.663	0	
0	1115.651	22.909	779.112191113	0.959400631516	61.58507	5	-0.811	0.576	0	
0	350.451	30.989	2047.38727634	0.960284679209	79.36984	5	-0.979	1.167	0	
0	1094.878	52.002	1226.87410464	0.955872571885	61.8082	5	1.215	0.898	0	
0	347.366	63.281	1445.43977075	0.954992586021	130.6721	5	-0.297	0.842	0	
0	351.900	68.693	2808.01872812	0.962055219186	129.4363	5	-1.027	1.251	0	
0	371.313	72.367	4157.19120675	0.961169541516	86.15776	5	-1.318	1.862	0	
0	1193.129	78.872	1653.48401217	0.968277856261	58.84188	5	-0.249	0.757	0	
0	370.599	80.706	1868.95997165	0.92811117102	89.44809	5	-2.535	1.764	0	
0	362.161	99.209	3671.13199688	0.985371506859	138.4326	5	-0.132	0.523	0	
0	747.081	109.468	1146.04059114	0.967386449969	60.75396	5	0.610	0.637	0	
0	757.658	120.641	1059.74164188	0.976337566583	61.74888	5	0.107	0.393	0	
0	897.571	134.044	1951.64130029	0.948855326728	104.5053	5	-1.470	1.412	0	
0	805.537	138.715	3159.36643568	0.979039017448	64.77016	5	0.215	0.870	0	
0	101.957	142.038	2185.74754869	0.939290651618	65.80252	5	2.115	2.082	0	
0	1128.047	151.488	2021.15676696	0.946237161366	60.25949	5	1.533	1.780	0	
0	458.376	158.411	2000.78305215	0.92896638678	79.61693	5	-2.576	2.111	0	
0	396.382	161.218	2147.83047413	0.968277856261	159.6065	5	0.677	0.791	0	
0	754.964	165.845	2240.78402679	0.945366045958	58.86292	5	1.588	1.971	0	
0	1112.960	169.389	693.10654515	0.943626220277	61.29015	5	-1.163	0.743	0	
0	862.942	170.632	2759.30685582	0.97543874044	114.2659	5	-0.687	0.809	0	
0	1173.105	182.419	2897.3435877	0.979941161096	62.69303	5	-0.124	0.766	0	
0	833.685	192.852	1134.48824421	0.94710907947	81.37778	5	-1.690	0.931	0	
0	440.314	192.564	2828.78538797	0.969170083947	81.35838	5	-0.995	1.137	0	
0	1171.312	193.041	1106.62378398	0.947981801011	64.51555	5	-1.505	0.934	0	
0	809.048	200.967	2013.72424986	0.947981801011	76.50534	5	-1.757	1.497	0	
0	806.752	208.129	1053.90144507	0.913692373681	74.56026	5	-2.568	1.473	0	
0	811.737	210.313	3293.06270175	0.961169541516	76.44184	5	-1.365	1.629	0	
0	1171.865	201.405	1034.66557584	0.92896638678	64.88298	5	-2.330	1.273	0	
0	472.819	202.922	3064.78490537	0.955872571885	75.99823	5	-1.296	1.593	0	
0	476.878	204.225	1658.05907511	0.917909786057	73.76822	5	-1.429	1.397	0	
0	64.094	216.901	2212.07577646	0.972747223777	80.56116	5	-0.423	0.744	0	
0	826.820	218.260	1887.9913491	0.935836543584	81.50883	5	-2.353	1.752	0	
0	107.158	221.954	604.22682205	0.892894196065	142.1015	5	-1.613	0.952	0	
0	781.963	231.642	615.460237371	0.946237161366	57.71252	5	-1.102	0.654	0	
0	832.099	242.425	2635.11758986	0.944495732508	75.8289	5	-1.988	1.987	0	
0	858.965	243.705	3326.59553294	0.98174794302	99.29976	5	-0.129	0.680	0	
0	100.910	258.440	2412.12605609	0.979039017448	138.0934	5	0.441	0.550	0	
0	1252.270	272.340	1056.81750921	0.950604793656	79.05667	5	0.604	0.831	0	
0	50.901	277.519	2396.62452941	0.980844136031	82.55249	5	-0.378	0.591	0	
0	936.638	292.449	2226.38362955	0.917909786057	94.77703	5	-3.031	2.460	0	
0	22.951	299.620	733.837667334	0.917064749115	150.0375	5	-2.082	0.760	0	
0	1015.506	314.152	2934.94522227	0.979039017448	111.6579	5	0.164	0.719	0	
0	1252.008	314.530	1246.23516049	0.943626220277	77.96996	5	-1.768	1.122	0	
0	1338.220	317.980	1407.34313832	0.943626220277	102.093	5	-1.371	1.189	0	
0	105.365	318.390	623.447661105	0.917064749115	158.283	5	-1.044	0.607	0	
0	126.300	320.212	1462.850687	0.944495732508	161.5623	5	-1.585	0.898	0	
0	973.335	323.533	480.39668293	0.855854621221	74.80252	5	-4.379	1.303	0	
0	963.132	324.656	1984.26649848	0.941889596523	73.54645	5	-2.102	1.705	0	
0	14.966	331.756	1630.79736102	0.965606098542	147.3056	5	-0.759	0.694	0	
0	604.920	333.947	3847.68933894	0.983558056227	64.07005	5	-0.488	0.748	0	
0	1081.264	339.496	2934.94522227	0.98446436398	112.2877	5	0.018	0.484	0	
0	1199.041	342.682	3235.9365693	0.976337566583	72.74187	5	-0.572	0.978	0	
0	1078.090	349.981	651.028498435	0.912851219331	113.823	5	-0.354	0.834	0	
0	657.482	354.246	2255.27756675	0.964717151896	72.97707	5	-1.143	1.121	0	
0	1058.380	356.232	1971.514611	0.921297727669	110.7815	5	-2.840	2.123	0	
0	955.974	359.955	1813.00916702	0.961169541516	62.97972	5	0.951	1.119	0	
0	1334.070	361.790	1094.46026782	0.939290651618	74.30652	5	-1.100	0.972	0	
0	649.082	365.224	2860.22369395	0.97185170294	72.65721	5	-0.831	0.949	0	
0	645.256	368.834	2754.22870334	0.950604793656	75.34885	5	-1.690	1.732	0	
0	657.801	366.705	1770.10895832	0.948855326728	89.99666	5	-1.296	1.117	0	
0	121.642	367.331	1997.10086603	0.924698173938	158.5784	5	-2.400	1.911	0	
0	1272.555	367.430	1978.79133523	0.967386449969	80.85004	5	-0.700	0.910	0	
0	62.202	371.111	2363.74160812	0.944495732508	126.3033	5	-1.608	1.698	0	
0	671.995	372.564	1744.21493156	0.970063133784	91.78701	5	-0.084	0.664	0	
0	293.116	381.348	3070.43565073	0.970063133784	158.378	5	-0.960	0.987	0	
0	315.150	397.525	2383.41682067	0.953235043921	154.1906	5	-1.420	1.311	0	
0	740.948	399.132	3341.95040026	0.977237220956	86.31396	5	0.012	0.927	0	
0	1219.920	408.875	1773.37262454	0.972747223777	63.08788	5	-0.496	0.729	0	
0	92.662	414.968	882.266928218	0.945366045958	156.6893	5	-1.083	0.616	0	
0	1317.816	425.783	490.681856768	0.91453430312	72.48059	5	-1.929	0.818	0	
0	670.414	426.745	2093.14830345	0.970063133784	79.84306	5	-0.922	0.869	0	
0	142.926	432.010	558.727438994	0.911171233043	152.1245	5	-1.893	0.679	0	
0	344.025	434.112	2516.51776161	0.964717151896	80.13176	5	-1.283	1.230	0	
0	297.901	446.620	2661.95065115	0.930679183163	169.28	5	-2.252	2.177	0	
0	1131.587	449.443	2032.35701094	0.94710907947	55.87293	5	-1.942	1.740	0	
0	733.609	453.021	2551.52601091	0.976337566583	81.61208	5	-0.551	0.802	0	
0	757.953	457.621	2216.15432596	0.956753368618	77.79286	5	-1.507	1.318	0	
0	70.502	458.276	851.922326429	0.935836543584	146.7753	5	-0.995	0.731	0	
0	540.853	459.052	3760.10523668	0.952357486192	65.12347	5	-1.777	2.372	0	
0	267.419	469.881	2346.38892446	0.970063133784	136.9593	5	0.187	0.842	0	
0	284.415	485.362	2523.48077248	0.960284679209	110.2443	5	-0.706	1.304	0	
0	546.719	490.131	1403.45987292	0.968277856261	67.39555	5	-0.807	0.706	0	
0	620.831	498.016	3008.84627665	0.977237220956	159.9439	5	-0.605	0.736	0	
0	659.714	501.679	2986.75775503	0.97543874044	155.2732	5	-0.624	0.790	0	
0	983.740	507.822	3448.25996553	0.950604793656	121.0931	5	-0.753	1.244	0	
0	986.001	510.220	1898.45365666	0.936698877952	121.646	5	-0.140	0.902	0	
0	748.994	508.511	3283.9761925	0.98446436398	75.32358	5	-0.253	0.606	0	
0	305.559	513.443	3584.26408044	0.979941161096	148.1448	5	0.340	0.717	0	
0	596.399	525.509	2630.2679919	0.952357486192	98.59565	5	-1.679	1.600	0	
0	157.309	528.293	1010.18287054	0.956753368618	143.9703	5	0.210	0.568	0	
0	793.382	536.328	2381.22262328	0.959400631516	68.10886	5	-1.384	1.350	0	
0	337.305	536.824	2759.30685582	0.980844136031	147.4796	5	-0.120	0.559	0	
0	750.210	541.897	899.49758153	0.917909786057	70.4361	5	-2.509	1.273	0	
0	749.725	547.819	3715.35229097	0.976337566583	69.79333	5	0.139	1.077	0	
0	997.394	546.197	2647.28074002	0.94710907947	107.5581	5	-1.615	1.772	0	
0	1010.605	549.167	2908.03748274	0.97543874044	90.80742	5	-0.615	0.867	0	
0	959.956	553.502	1164.12602941	0.937562006926	96.94325	5	-1.859	1.045	0	
0	1338.887	554.787	1629.29603264	0.962941712972	62.20588	5	-0.096	0.990	0	
0	981.494	568.114	3250.87297385	0.978137704323	108.032	5	-0.466	0.828	0	
0	946.187	571.554	1729.81635922	0.972747223777	108.5147	5	0.442	0.609	0	
0	330.145	584.118	718.455708793	0.902817564966	125.9102	5	0.723	1.050	0	
0	841.453	586.615	3110.28366869	0.979039017448	64.71713	5	-0.568	0.852	0	
0	807.063	592.734	2795.11705399	0.97543874044	68.56192	5	-0.627	0.783	0	
0	147.626	596.444	2010.01824711	0.969170083947	138.2757	5	0.397	0.741	0	
0	1361.756	604.879	2122.2668969	0.934114255736	70.28008	5	2.422	2.043	0	
0	825.861	600.113	1536.03106839	0.962941712972	68.44191	5	0.507	0.903	0	
0	689.643	601.795	4215.02349721	0.978137704323	64.1702	5	0.133	1.096	0	
0	846.402	612.547	2839.22623942	0.949729657362	65.125	5	1.763	2.038	0	
0	645.096	617.031	3314.36245009	0.98446436398	68.64606	5	-0.224	0.590	0	
0	1344.942	636.878	1602.50723888	0.958517397686	69.76273	5	0.610	0.857	0	
0	668.910	637.047	1674.94287603	0.961169541516	93.76952	5	-0.679	0.955	0	
0	1201.978	635.357	1365.21169507	0.934975003089	62.62969	5	-2.177	1.586	0	
0	654.582	641.052	3429.25673298	0.960284679209	69.24446	5	-1.374	1.734	0	
0	1022.489	641.991	25585.8588691	0.973643569799	58.71012	5	-0.978	3.818	0	
0	373.244	706.621	1747.43085527	0.974540741766	137.6716	5	0.184	0.528	0	
0	1245.935	746.390	2544.48561515	0.970957006529	67.783	5	0.016	1.032	0	
0	436.614	756.184	1550.24378887	0.937562006926	72.48656	5	-2.091	1.423	0	
0	463.564	755.098	1875.8581738	0.973643569799	69.75137	5	-0.317	0.714	0	
0	329.959	784.098	1477.74670617	0.962941712972	136.6837	5	0.703	0.699	0	
0	15.027	787.836	1109.68572677	0.941889596523	133.9421	5	-0.833	0.900	0	
0	425.259	787.961	1390.59287547	0.933254300797	78.24619	5	-2.193	1.443	0	
0	427.534	795.223	3139.06276914	0.972747223777	74.8407	5	-0.931	1.081	0	
0	1252.774	788.685	2208.00473302	0.977237220956	70.29364	5	-0.652	0.689	0	
0	405.377	795.458	2754.22870334	0.968277856261	92.43231	5	0.558	0.984	0	
0	401.162	824.725	1367.7288256	0.936698877952	93.73007	5	-2.012	1.247	0	
0	1132.902	828.600	1998.94111124	0.979941161096	70.55884	5	0.051	0.565	0	
0	393.437	837.515	2726.46545853	0.962941712972	95.08249	5	-0.860	1.293	0	
0	705.414	852.519	3299.13433789	0.979039017448	152.425	5	-0.496	0.718	0	
0	694.533	853.863	2004.47202737	0.968277856261	148.0096	5	0.362	0.685	0	
0	423.363	875.490	2934.94522227	0.950604793656	123.9038	5	-1.580	1.716	0	
0	685.724	879.071	4107.71212553	0.966495864314	132.2174	5	1.104	1.532	0	
0	331.707	876.732	2257.35571102	0.955872571885	147.115	5	-1.150	1.191	0	
0	918.890	886.677	1955.23966962	0.964717151896	157.501	5	-0.789	0.812	0	
0	1183.254	888.744	2716.43926884	0.966495864314	83.72357	5	-1.145	1.201	0	
0	1289.160	891.095	1551.67227391	0.963829023624	155.2564	5	-0.896	0.683	0	
0	1266.028	893.448	1501.06673257	0.954113410282	165.1422	5	0.950	0.847	0	
0	323.880	900.058	1275.26370646	0.958517397686	142.0069	5	-0.873	0.676	0	
0	697.242	901.793	2203.94118181	0.917909786057	111.1495	5	-3.015	2.459	0	
0	1185.159	902.435	2062.52869785	0.939290651618	124.7214	5	-1.684	1.529	0	
0	932.358	906.283	2010.01824711	0.940156168804	159.4782	5	-1.995	1.332	0	
0	938.955	907.061	2671.77572712	0.94710907947	158.2364	5	-1.751	1.560	0	
0	1108.575	908.190	1564.58801804	0.962941712972	150.5742	5	-0.576	0.688	0	
0	307.192	916.427	2726.46545853	0.954992586021	140.2552	5	-1.482	1.437	0	
0	1228.855	920.794	1648.92157315	0.962941712972	101.2437	5	0.810	0.851	0	
0	868.640	921.584	1980.61470897	0.956753368618	161.4665	5	-1.247	1.011	0	
0	904.233	922.105	2659.50003272	0.94710907947	162.3342	5	-1.772	1.461	0	
0	274.107	931.806	2280.342072	0.935836543584	139.1039	5	-2.155	1.588	0	
0	1221.544	934.093	5571.85748932	0.980844136031	101.0249	5	0.534	1.027	0	
0	1030.496	935.679	993.573500587	0.908657048958	148.1268	5	-1.839	1.248	0	
0	1278.673	939.197	1446.77168325	0.961169541516	158.9473	5	0.145	0.691	0	
0	1338.186	942.873	940.156168804	0.943626220277	144.33	5	0.393	0.720	0	
0	844.047	942.920	2820.97995366	0.969170083947	158.824	5	-0.881	0.950	0	
0	1233.424	943.771	2299.32308702	0.970957006529	102.4826	5	-0.468	0.773	0	
0	245.755	947.472	2876.07362886	0.958517397686	133.9031	5	-0.673	0.959	0	
0	244.229	952.245	675.460566634	0.89949758153	133.4217	5	-1.670	0.850	0	
0	861.193	948.625	1971.514611	0.968277856261	155.7466	5	-0.064	0.713	0	
0	1038.124	953.810	2290.86765277	0.935836543584	158.5119	5	-2.116	1.753	0	
0	1258.226	954.602	1553.10207523	0.972747223777	82.63068	5	0.132	0.582	0	
0	815.876	959.281	867.760744991	0.940156168804	158.8044	5	-0.892	0.659	0	
0	830.039	966.148	1570.36280433	0.958517397686	145.8997	5	0.809	0.802	0	
0	1280.197	971.643	1982.43976287	0.972747223777	156.5137	5	-0.407	0.602	0	
0	1051.715	973.280	2981.26100817	0.98174794302	157.0592	5	-0.160	0.561	0	
0	1221.203	974.237	2337.76041227	0.97185170294	138.4203	5	-0.047	0.765	0	
0	1024.259	982.534	795.792789897	0.920449571753	149.7204	5	-1.041	0.879	0	
0	1161.556	988.129	988.097953941	0.941022483527	148.8742	5	0.855	0.777	0	
0	1050.492	991.294	1101.53930954	0.934975003089	151.212	5	0.264	0.948	0	
0	1196.404	993.131	1460.15849681	0.949729657362	154.6263	5	-1.405	0.923	0	
0	817.849	1002.687	2491.15069656	0.953235043921	144.4392	5	-1.077	1.374	0	
0	967.136	1005.522	1192.33968789	0.951480736352	153.5277	5	-0.327	0.574	0	
0	369.406	44.831	2147.83047413	0.941022483527	81.10022	6	-2.036	1.572	0	
0	375.333	52.657	2639.97612935	0.94710907947	81.98528	6	-1.864	1.755	0	
0	13.017	87.856	1007.39548481	0.941022483527	126.4242	6	1.053	0.857	0	
0	828.681	152.904	895.36476555	0.916220490122	72.06438	6	-2.555	1.195	0	
0	467.328	160.849	2528.13347983	0.954992586021	75.97823	6	-0.603	0.929	0	
0	465.447	163.596	2587.02127346	0.941022483527	77.13919	6	-1.283	1.293	0	
0	839.079	188.012	1744.21493156	0.962941712972	80.86383	6	0.605	0.950	0	
0	1147.676	190.162	472.063041264	0.90115604434	62.51982	6	-2.740	0.946	0	
0	1245.377	194.133	2284.54648855	0.948855326728	63.81584	6	-1.587	1.390	0	
0	1145.534	205.469	2613.36457619	0.954992586021	65.54594	6	-1.541	1.635	0	
0	477.935	207.581	2141.90399072	0.937562006926	72.97389	6	-1.964	1.613	0	
0	1250.542	217.214	2205.97202175	0.970957006529	66.04652	6	0.297	0.923	0	
0	1229.682	218.110	839.459986519	0.951480736352	67.01773	6	-0.679	0.723	0	
0	838.003	249.132	2414.34872971	0.953235043921	69.85277	6	-1.636	1.520	0	
0	453.006	249.908	1325.56186072	0.936698877952	72.56761	6	1.309	1.441	0	
0	845.016	262.300	1514.95593204	0.973643569799	59.22348	6	-0.321	0.555	0	
0	937.027	272.722	3422.94562316	0.970957006529	107.9458	6	-0.763	1.144	0	
0	1220.922	289.527	457.930953152	0.859805066661	83.045	6	-3.826	1.058	0	
0	1216.512	290.088	1031.81063527	0.922146665124	82.09276	6	-2.211	1.195	0	
0	25.292	290.216	3084.60813776	0.970063133784	136.8838	6	0.889	0.964	0	
0	1336.080	290.855	1105.60501504	0.954992586021	70.88229	6	0.516	0.845	0	
0	980.537	308.097	1407.34313832	0.919602196659	101.7498	6	-2.469	1.564	0	
0	1196.103	318.926	3212.18093399	0.970957006529	69.5125	6	-0.994	1.217	0	
0	1026.655	338.854	823.37940521	0.898669495048	91.99026	6	-3.014	1.267	0	
0	1277.691	342.905	798.730006111	0.89536476555	78.54643	6	-3.432	1.416	0	
0	1000.534	347.439	827.942163712	0.912010839356	93.86618	6	-2.777	1.228	0	
0	116.400	349.674	3039.48496877	0.977237220956	153.7034	6	-0.609	0.716	0	
0	649.352	355.400	2805.43363795	0.957634976969	72.48682	6	-1.536	1.420	0	
0	1244.139	373.225	2831.3919958	0.949729657362	74.84966	6	-1.694	1.950	0	
0	688.107	374.161	1254.2958923	0.949729657362	84.57095	6	-0.056	0.918	0	
0	1331.905	377.970	1526.15976563	0.92299638484	76.21878	6	-2.634	1.670	0	
0	1251.090	381.420	2706.44994904	0.941889596523	76.586	6	-2.132	2.090	0	
0	642.798	385.961	2878.72381084	0.967386449969	80.53195	6	-1.015	1.165	0	
0	1220.566	386.828	1659.58690744	0.948855326728	73.41702	6	-1.356	1.263	0	
0	728.825	418.728	702.748617656	0.908657048958	96.38811	6	-2.762	0.971	0	
0	1178.076	421.241	1456.12949862	0.962055219186	59.94176	6	1.177	0.931	0	
0	121.348	437.997	1641.3454667	0.92299638484	155.2181	6	-0.202	0.590	0	
0	121.535	440.729	1347.72101385	0.904482149048	154.6653	6	-0.659	0.636	0	
0	116.556	445.574	485.735673288	0.884708092871	154.2079	6	-3.352	0.752	0	
0	324.964	441.136	350.267626914	0.655239394016	130.5155	6	-12.228	2.365	0	
0	775.289	446.508	3173.94940856	0.979039017448	67.15979	6	-0.613	0.835	0	
0	555.236	494.112	1224.61619927	0.923846887538	70.5361	6	-2.505	1.488	0	
0	588.015	504.908	1809.67255479	0.948855326728	86.72327	6	-1.560	1.251	0	
0	952.576	505.449	3287.00223969	0.972747223777	104.8838	6	0.659	1.022	0	
0	958.055	513.646	1801.35786467	0.951480736352	114.5976	6	-1.424	0.973	0	
0	573.201	515.126	5561.60319598	0.955872571885	76.81261	6	-1.759	2.683	0	
0	726.547	521.484	3235.9365693	0.970063133784	75.3331	6	-1.058	1.216	0	
0	1009.741	528.591	3268.88769247	0.974540741766	111.4881	6	-0.812	0.898	0	
0	743.257	536.905	3067.60897692	0.960284679209	72.04829	6	-1.385	1.545	0	
0	586.360	555.520	2849.70562734	0.980844136031	66.65157	6	-0.459	0.709	0	
0	1359.177	632.906	811.334605228	0.934975003089	92.25781	6	-0.036	0.681	0	
0	1358.293	640.087	447.095192463	0.800940030533	83.08659	6	-2.423	0.990	0	
0	447.535	753.176	1066.59612123	0.90032643106	74.77013	6	-3.426	1.791	0	
0	410.327	784.495	3244.89015661	0.965606098542	119.4167	6	-0.905	1.154	0	
0	431.980	802.867	2036.10420113	0.949729657362	77.31281	6	-1.594	1.379	0	
0	503.807	808.686	2309.93628017	0.941022483527	60.84547	6	-2.292	2.085	0	
0	1294.195	810.409	2900.01336905	0.970957006529	71.21812	6	0.569	1.128	0	
0	1211.539	814.417	2589.40510574	0.966495864314	80.80769	6	0.277	1.162	0	
0	941.177	886.599	2570.39578277	0.941022483527	157.8582	6	-1.828	1.691	0	
0	1239.125	890.644	3133.28572432	0.953235043921	93.95732	6	1.594	1.896	0	
0	1160.396	891.810	2329.16363021	0.934975003089	80.97504	6	1.266	1.719	0	
0	1231.357	896.116	3363.56635748	0.964717151896	93.94066	6	0.928	1.372	0	
0	879.097	907.740	1874.13123998	0.951480736352	159.5953	6	-1.496	1.020	0	
0	1206.379	915.383	1865.5203891	0.952357486192	89.54033	6	0.885	1.140	0	
0	274.097	920.989	2486.56605131	0.941022483527	140.3092	6	-1.876	1.500	0	
0	1352.904	922.686	2610.95868659	0.961169541516	145.6566	6	-1.248	1.075	0	
0	1184.027	944.463	622.873708944	0.89371696085	159.4244	6	-2.633	0.812	0	
0	1180.912	967.426	703.396171216	0.917064749115	154.9388	6	-1.723	0.708	0	
0	1018.438	1002.883	426.972594048	0.677329514009	141.3401	6	-11.565	2.547	0	
0	364.904	58.742	2008.16780418	0.918755601666	79.14333	7	-3.038	1.989	0	
0	372.363	62.099	476.869998102	0.82337940521	82.98154	7	-5.764	1.371	0	
0	1198.909	78.675	1024.23591412	0.940156168804	58.42509	7	0.773	1.009	0	
0	1157.582	208.765	623.447661105	0.78922348479	66.11462	7	-2.361	0.949	0	
0	439.578	207.883	2134.02744285	0.968277856261	80.92261	7	0.437	0.916	0	
0	61.044	219.995	2468.3116897	0.960284679209	80.64484	7	-1.262	1.165	0	
0	57.680	228.713	2062.52869785	0.943626220277	80.75191	7	-0.992	0.924	0	
0	55.735	231.228	592.106733565	0.819596320482	80.20882	7	-2.675	0.995	0	
0	1168.390	234.385	1120.98551288	0.950604793656	66.39214	7	0.581	0.986	0	
0	116.113	242.715	1048.09343336	0.947981801011	151.0726	7	-0.701	0.679	0	
0	116.379	253.627	1029.91171934	0.937562006926	159.5571	7	-1.468	0.775	0	
0	46.041	290.258	1528.97364669	0.951480736352	88.66769	7	0.701	1.046	0	
0	942.381	292.868	1851.82524364	0.891250938134	97.16359	7	-3.964	2.780	0	
0	975.873	357.289	391.56151484	0.765596606911	80.47191	7	-8.322	1.896	0	
0	1234.125	380.392	2447.9356662	0.946237161366	75.27673	7	-1.907	1.731	0	
0	305.780	408.474	2255.27756675	0.97185170294	159.1062	7	-0.268	0.654	0	
0	320.614	405.816	2329.16363021	0.936698877952	149.1182	7	-2.018	1.555	0	
0	1339.965	415.205	297.029784402	0.769839161929	74.17627	7	-7.267	1.372	0	
0	641.396	450.611	3404.08189701	0.976337566583	76.50618	7	0.463	0.946	0	
0	691.905	454.122	3104.55958813	0.961169541516	81.63306	7	1.089	1.591	0	
0	1358.400	600.020	1914.25592502	0.917909786057	68.34734	7	2.710	2.201	0	
0	1344.156	632.943	1473.66917704	0.950604793656	68.94217	7	1.405	1.039	0	
0	1345.952	641.269	1225.74463205	0.940156168804	70.54189	7	1.033	1.018	0	
0	374.220	847.302	397.740669105	0.672357107234	130.9364	7	-12.294	2.510	0	
0	416.407	879.368	1449.43919129	0.89949758153	131.9658	7	-3.410	1.805	0	
0	325.359	912.431	815.079555612	0.920449571753	139.9418	7	-0.084	0.899	0	
0	247.294	944.070	2779.71326776	0.961169541516	134.4809	7	-1.026	0.904	0	
0	252.562	944.127	2000.78305215	0.962941712972	134.8354	7	-0.727	0.681	0	
0	1039.979	959.455	961.169541516	0.92896638678	158.5033	7	-1.632	0.827	0	
0	1232.324	964.551	246.376907672	0.712524824752	114.7308	7	-8.953	1.373	0	
0	864.252	992.681	2502.64932573	0.952357486192	99.26984	7	1.357	1.517	0	
0	797.972	1000.183	1841.61990352	0.963829023624	154.7937	7	0.022	0.727	0	
0	56.081	73.348	1496.92485676	0.943626220277	66.08678	8	1.524	1.435	0	
0	834.426	148.892	1971.514611	0.962055219186	70.70851	8	0.950	1.037	0	
0	806.689	158.329	1587.81536421	0.924698173938	73.69958	8	-1.882	1.434	0	
0	913.086	275.331	2032.35701094	0.97543874044	100.7185	8	0.204	0.627	0	
0	912.932	287.730	3435.579479	0.968277856261	84.42708	8	-0.826	1.352	0	
0	914.188	295.338	643.279927261	0.91033239968	58.33387	8	-2.393	1.064	0	
0	1023.819	332.186	626.325364758	0.87256944277	92.60861	8	-2.181	0.847	0	
0	1020.672	334.056	3984.74009718	0.970063133784	89.3255	8	-0.465	1.022	0	
0	949.507	332.346	3351.19731968	0.967386449969	64.21283	8	-1.224	1.423	0	
0	993.422	358.984	2167.70410482	0.906984781506	97.27661	8	-1.681	1.614	0	
0	652.542	408.576	1614.35855683	0.92299638484	76.18318	8	-2.505	1.781	0	
0	635.201	406.618	794.328234724	0.937562006926	69.91504	8	-0.206	0.853	0	
0	782.846	444.980	1696.68023235	0.945366045958	63.95171	8	-1.912	1.421	0	
0	769.071	454.178	309.314301095	0.798730006111	72.44368	8	-6.158	1.164	0	
0	661.888	633.539	3045.08906697	0.968277856261	69.77029	8	-1.031	1.176	0	
0	1358.615	636.793	892.072188725	0.941022483527	87.30173	8	-0.790	0.718	0	
0	429.385	754.856	1473.66917704	0.815079555612	74.39526	8	-0.036	0.961	0	
0	430.938	756.702	1507.9953418	0.803156169923	74.39255	8	-1.520	1.056	0	
0	691.494	890.103	2544.48561515	0.957634976969	95.38342	8	-0.910	1.221	0	
0	1158.097	894.809	2394.41817286	0.92299638484	81.11647	8	2.638	2.262	0	
0	15.076	61.918	2102.80983704	0.966495864314	136.5546	9	-0.579	0.857	0	
0	265.835	148.350	753.008710548	0.74199332779	115.4385	9	-4.180	2.047	0	
0	276.872	159.916	438.530697775	0.876597040321	146.2711	9	1.487	0.784	0	
0	665.715	399.770	243.893373028	0.60645698151	81.68637	9	-13.859	1.713	0	
0	325.561	404.391	1696.68023235	0.956753368618	141.1911	9	-0.984	0.775	0	
0	330.844	405.414	3247.88018764	0.970957006529	131.5987	9	-0.759	0.966	0	
0	963.452	515.585	2659.50003272	0.956753368618	120.4038	9	-1.365	1.228	0	
0	927.423	575.733	3203.31760085	0.94710907947	109.2336	9	-0.979	2.122	0	
0	1351.495	652.641	1512.16784879	0.92811117102	66.42598	9	2.084	1.505	0	
0	398.190	786.160	2122.2668969	0.962941712972	123.9188	9	-1.114	0.773	0	
0	415.861	789.936	2327.01937885	0.945366045958	81.68599	9	-1.666	1.411	0	
0	995.302	361.625	2623.01032431	0.959400631516	99.0336	10	-1.106	1.058	0	
0	304.133	403.073	1182.49687038	0.933254300797	166.5283	10	-1.863	0.876	0	
0	1357.077	644.445	783.429642766	0.924698173938	81.13005	10	-0.825	0.859	0	
0	7.330	69.137	1454.78897122	0.948855326728	145.2977	11	0.733	0.900	0	
0	268.176	151.113	734.513868157	0.767714953769	138.8813	11	-4.032	2.019	0	
0	273.035	157.367	964.717151896	0.923846887538	138.6096	11	-0.171	0.903	0	
0	1154.670	209.342	1088.42873794	0.945366045958	66.15826	11	-1.065	0.847	0	
0	946.839	310.480	2532.79476569	0.947981801011	74.91516	11	-1.907	1.799	0	
0	954.583	312.839	2679.16832482	0.943626220277	72.9126	11	-2.024	1.946	0	
0	374.176	319.933	1390.59287547	0.953235043921	150.033	11	0.372	0.624	0	
0	655.694	402.470	2026.7491521	0.633286164452	76.95326	11	-0.896	1.625	0	
0	378.017	320.951	869.360692509	0.80835103739	149.6941	12	-0.589	0.735	0	
0	986.859	360.236	4333.11285212	0.950604793656	95.29935	12	-0.096	2.162	0	
0	338.795	410.518	491.133999647	0.725771650267	123.6563	12	-5.353	2.260	0	
0	464.133	273.176	953.235043921	0.711213513653	112.5989	13	-2.407	1.655	0	
0	377.677	318.363	931.536765239	0.92811117102	149.8638	13	-0.202	0.715	0	
0	657.493	403.459	1821.3776371	0.906984781506	77.46536	13	-3.256	1.644	0	
0	652.128	403.885	2240.78402679	0.952357486192	76.31184	13	-1.319	1.137	0	
0	1351.706	659.972	1152.3913772	0.931536765239	64.9772	13	0.404	1.194	0	
0	1347.800	662.720	1639.83442763	0.946237161366	65.00925	13	1.465	1.180	0	
0	969.228	301.880	2772.04323758	0.946237161366	99.164	14	-1.795	1.865	0	
0	962.863	306.727	2414.34872971	0.944495732508	72.24577	14	-2.013	1.705	0	
0	696.396	887.229	1693.55770869	0.951480736352	98.7448	14	0.518	0.922	0	
0	270.221	154.177	380.539725003	0.739264752656	138.8949	15	-5.421	1.478	0	
0	1156.520	202.039	1993.4254565	0.729793515214	64.62723	15	-1.446	1.171	0	
0	1347.453	654.384	1204.48112857	0.94710907947	66.46349	15	0.872	0.780	0	
0	1346.471	658.544	1181.40825192	0.944495732508	65.9586	15	0.492	0.816	0	
0	464.750	270.569	704.693068967	0.841007754069	109.5598	16	-3.946	1.680	0	
0	1155.255	202.991	1568.91711261	0.937562006926	65.16222	17	-1.290	0.973	0	
0	695.149	882.740	2359.39144304	0.947981801011	92.5193	19	1.559	1.382	0	
0	1227.096	787.000	1204.48112857	0.876597040321	75.57816	49	-0.498	0.773	0	
0	1228.255	789.293	923.846887538	0.851922326429	75.76886	49	-1.072	0.731	0	
0	696.313	871.894	1948.04955329	0.892894196065	92.25343	50	3.780	2.889	0	
0	704.208	873.418	1980.61470897	0.89949758153	94.52725	50	3.629	2.792	0	
