FRAME	XCENTER	YCENTER	BRIGHTNESS	BERR	MSKY	NITER	SHARP	CHI	ERR	
0	352.961	3.338	2132.06283581	0.936698877952	73.82153	4	0.402	0.833	0	
0	353.294	5.970	1803.01774086	0.921297727669	73.92471	4	0.557	0.887	0	
0	378.813	73.098	1587.81536421	0.959400631516	75.59747	4	-0.523	0.911	0	
0	1232.706	77.923	1048.09343336	0.961169541516	78.50121	4	-0.515	0.676	0	
0	37.281	82.523	3277.932453	0.983558056227	73.78795	4	-0.105	0.680	0	
0	393.664	118.665	2967.56335807	0.943626220277	79.73438	4	1.857	2.334	0	
0	73.130	140.094	3544.86744474	0.976337566583	74.849	4	-0.303	1.053	0	
0	811.880	147.825	1336.59551655	0.961169541516	74.45616	4	-0.985	0.822	0	
0	422.010	176.604	3760.10523668	0.98265258283	79.01817	4	-0.369	0.783	0	
0	803.160	178.902	1285.87869263	0.957634976969	75.52905	4	-0.906	0.886	0	
0	19.435	191.237	3637.47485643	0.979039017448	73.90235	4	-0.528	0.938	0	
0	805.183	207.947	1923.09172891	0.976337566583	76.46634	4	-0.259	0.646	0	
0	858.235	225.359	3897.62453098	0.98446436398	79.28818	4	-0.258	0.687	0	
0	115.212	242.201	817.334817978	0.92896638678	76.71864	4	-1.669	1.055	0	
0	1251.674	244.794	2596.56979027	0.979941161096	74.02194	4	-0.368	0.685	0	
0	846.545	253.101	1644.37172321	0.967386449969	78.22015	4	-0.445	0.811	0	
0	49.666	277.096	3064.78490537	0.98174794302	76.51909	4	-0.502	0.707	0	
0	915.133	286.302	2507.26362478	0.973643569799	79.80304	4	-0.648	0.891	0	
0	1223.926	289.233	2736.52865419	0.951480736352	134.416	4	1.525	1.631	0	
0	23.948	289.764	3767.03798984	0.976337566583	77.95258	4	0.449	1.068	0	
0	1309.287	294.357	1995.26231497	0.98265258283	76.41425	4	-0.070	0.473	0	
0	1233.210	306.161	2314.19526151	0.946237161366	131.36	4	1.612	1.574	0	
0	84.947	337.965	3296.09712177	0.878213279898	81.22655	4	4.265	5.518	0	
0	973.440	343.504	4107.71212553	0.983558056227	82.70854	4	-0.311	0.746	0	
0	1012.639	344.995	3317.41649695	0.940156168804	84.43423	4	2.033	2.633	0	
0	1022.641	352.165	2282.44331217	0.968277856261	84.7588	4	0.263	0.965	0	
0	1318.552	356.304	3767.03798984	0.98446436398	77.42926	4	-0.369	0.699	0	
0	1273.964	364.897	3104.55958813	0.983558056227	77.74021	4	-0.118	0.620	0	
0	1217.492	372.366	3438.74522229	0.98174794302	77.39885	4	-0.392	0.779	0	
0	1351.514	377.028	1557.39938908	0.964717151896	79.71204	4	-0.865	0.834	0	
0	297.144	380.413	633.869711257	0.927256742581	79.62701	4	-1.821	0.848	0	
0	1325.216	385.705	3067.60897692	0.973643569799	78.79207	4	-0.761	1.063	0	
0	1219.268	386.661	2126.17985986	0.977237220956	78.58327	4	0.257	0.642	0	
0	723.945	397.386	3003.30887868	0.936698877952	99.98282	4	2.131	2.540	0	
0	1317.486	403.912	3620.76217757	0.973643569799	78.09505	4	-0.785	1.200	0	
0	630.872	429.546	1151.33047416	0.960284679209	78.48154	4	-0.894	0.751	0	
0	141.535	431.348	727.779804537	0.929822390585	79.7245	4	-1.898	0.925	0	
0	120.249	440.136	2026.7491521	0.962941712972	77.79594	4	-0.301	0.535	0	
0	686.945	447.687	3419.79442514	0.972747223777	81.93179	4	-0.811	1.164	0	
0	748.251	493.104	2789.97299741	0.976337566583	80.58684	4	-0.607	0.855	0	
0	747.774	508.157	3815.92649119	0.980844136031	80.54865	4	0.231	0.845	0	
0	571.689	514.692	4790.71130003	0.951480736352	78.67529	4	-1.633	2.735	0	
0	604.566	539.538	2185.74754869	0.976337566583	76.71428	4	-0.431	0.724	0	
0	324.286	563.846	1855.23957555	0.967386449969	81.73494	4	-0.757	0.888	0	
0	626.300	570.742	1948.04955329	0.979039017448	77.94295	4	-0.183	0.565	0	
0	639.966	578.134	3165.19156723	0.97185170294	78.72467	4	-0.865	1.152	0	
0	777.773	591.646	3815.92649119	0.98174794302	77.82545	4	-0.169	0.844	0	
0	644.224	598.076	697.589604333	0.897015608415	78.82982	4	-1.390	0.928	0	
0	1200.845	634.961	1107.64349167	0.958517397686	72.89305	4	-0.908	0.766	0	
0	720.674	657.683	584.520840359	0.939290651618	76.936	4	-0.445	0.648	0	
0	1181.161	677.103	3883.29157005	0.962941712972	71.9912	4	1.134	1.837	0	
0	456.738	728.730	3574.37406264	0.976337566583	78.43713	4	-0.624	1.043	0	
0	443.619	733.513	1419.05752169	0.94710907947	78.56082	4	-1.519	1.163	0	
0	328.883	783.878	1470.9570768	0.962941712972	79.1584	4	0.803	0.843	0	
0	1251.644	788.592	2401.04334357	0.979941161096	71.42703	4	-0.178	0.654	0	
0	1239.434	796.884	826.418441716	0.961169541516	71.87953	4	-0.473	0.525	0	
0	383.422	801.518	3095.99321331	0.970063133784	81.63945	4	-0.903	1.221	0	
0	1274.802	838.807	909.494338555	0.962941712972	71.52434	4	0.383	0.571	0	
0	1209.857	849.139	990.831944893	0.970063133784	73.67731	4	-0.134	0.476	0	
0	759.086	861.492	3014.39388428	0.978137704323	76.66666	4	-0.404	0.840	0	
0	262.689	872.287	775.532495759	0.935836543584	76.86149	4	-1.541	0.900	0	
0	689.878	889.758	3296.09712177	0.97543874044	76.8786	4	-0.315	1.014	0	
0	1244.024	892.072	2102.80983704	0.979039017448	77.17773	4	0.095	0.597	0	
0	1232.481	894.931	848.00809889	0.904482149048	77.46373	4	-0.550	0.563	0	
0	1229.700	895.812	2854.9598169	0.954992586021	76.98013	4	0.014	0.498	0	
0	1221.791	909.055	2100.87396924	0.97185170294	77.98679	4	-0.132	0.806	0	
0	1228.134	919.776	1760.35395362	0.934975003089	86.82349	4	2.003	1.747	0	
0	912.824	926.829	3822.96216566	0.98265258283	72.88329	4	-0.048	0.812	0	
0	247.284	935.462	4164.85609341	0.973643569799	75.31924	4	-0.745	1.308	0	
0	1182.842	944.521	980.844136031	0.969170083947	73.66325	4	0.170	0.489	0	
0	1036.275	954.429	3454.61774906	0.979941161096	74.58757	4	-0.364	0.842	0	
0	881.016	957.112	2507.26362478	0.98174794302	72.91221	4	-0.097	0.605	0	
0	1088.817	968.172	624.022142139	0.935836543584	71.49973	4	-1.380	0.732	0	
0	1207.030	983.891	2826.18117981	0.976337566583	73.80576	4	-0.100	0.903	0	
0	1238.096	987.125	763.484105183	0.949729657362	74.93266	4	0.758	0.679	0	
0	1047.669	991.150	2236.66014947	0.911171233043	76.1674	4	2.951	3.103	0	
0	343.925	47.027	3493.01137564	0.978137704323	74.79965	5	-0.393	0.930	0	
0	363.932	58.293	3419.79442514	0.957634976969	75.94266	5	-1.338	1.839	0	
0	361.099	63.853	4630.2026586	0.959400631516	75.43918	5	-1.330	2.179	0	
0	90.934	131.212	3101.70149948	0.980844136031	74.91451	5	-0.136	0.763	0	
0	804.244	138.419	3995.76556619	0.979039017448	74.6424	5	0.315	0.967	0	
0	1190.062	147.752	2787.40452032	0.977237220956	75.61563	5	-0.473	0.821	0	
0	394.674	161.115	2608.55501187	0.97185170294	79.55603	5	0.309	0.981	0	
0	1201.598	228.916	3610.771451	0.989008445021	74.64725	5	-0.099	0.444	0	
0	1265.238	265.942	1793.08137708	0.973643569799	75.92979	5	-0.234	0.694	0	
0	463.522	268.697	1074.48411664	0.920449571753	77.92245	5	-0.373	0.639	0	
0	463.596	271.658	1891.47236283	0.898669495048	77.86102	5	-0.289	0.705	0	
0	462.422	273.537	957.634976969	0.795060175084	77.83706	5	-0.550	0.717	0	
0	1222.588	311.693	4381.26982022	0.958517397686	79.71445	5	1.375	2.111	0	
0	1159.173	313.549	3056.32828037	0.979941161096	77.68886	5	0.238	0.785	0	
0	1229.516	321.520	4516.47904929	0.970063133784	78.48511	5	0.535	1.474	0	
0	1213.503	326.856	3098.84604201	0.974540741766	77.5558	5	-0.411	0.972	0	
0	1073.707	327.930	748.169500511	0.961169541516	81.6752	5	-0.455	0.469	0	
0	1255.753	329.489	1345.24070515	0.951480736352	76.65605	5	0.483	1.013	0	
0	1258.937	333.501	2647.28074002	0.970063133784	76.63426	5	0.158	1.047	0	
0	1028.917	330.605	1574.70787729	0.961169541516	83.37164	5	0.762	0.937	0	
0	953.512	330.813	3780.94186683	0.98446436398	80.21562	5	-0.323	0.662	0	
0	83.957	353.936	2405.47030499	0.961169541516	173.8404	5	-0.062	1.036	0	
0	681.749	437.505	1678.03107829	0.967386449969	82.78323	5	-0.513	0.786	0	
0	539.572	458.382	609.817663999	0.941022483527	78.81965	5	-1.188	0.636	0	
0	266.045	469.574	2868.13771267	0.968277856261	81.49339	5	0.604	1.217	0	
0	304.076	513.245	3915.6151484	0.983558056227	83.85498	5	0.070	0.711	0	
0	994.761	529.030	771.258564989	0.940156168804	80.85052	5	-1.375	0.790	0	
0	336.024	536.410	3121.76351085	0.980844136031	82.13361	5	-0.129	0.736	0	
0	338.353	562.786	1203.37227118	0.962941712972	81.91994	5	-0.705	0.698	0	
0	950.687	563.604	3253.8685178	0.977237220956	81.61821	5	0.246	0.921	0	
0	647.108	596.105	2986.75775503	0.976337566583	78.63307	5	0.013	0.830	0	
0	643.715	616.665	3691.47558165	0.983558056227	76.61275	5	-0.292	0.717	0	
0	371.963	706.252	2108.62814993	0.98174794302	78.96483	5	0.076	0.527	0	
0	434.577	786.213	1704.51175247	0.954992586021	78.65077	5	-1.280	1.141	0	
0	1212.615	798.991	1928.41277564	0.949729657362	72.99756	5	1.090	1.490	0	
0	1212.073	805.654	811.334605228	0.946237161366	72.832	5	-0.289	0.763	0	
0	433.287	802.109	4277.59831482	0.972747223777	78.92169	5	-0.357	1.372	0	
0	1210.579	813.923	973.643569799	0.944495732508	72.53996	5	0.976	0.931	0	
0	1179.315	831.343	2910.71711807	0.98265258283	73.6664	5	-0.275	0.624	0	
0	1292.017	863.551	1237.08630749	0.965606098542	70.4416	5	-0.456	0.694	0	
0	1114.846	869.988	3224.03687192	0.98265258283	72.88029	5	-0.275	0.679	0	
0	330.486	876.331	2805.43363795	0.970957006529	77.61726	5	-0.628	1.071	0	
0	314.833	880.442	707.294042405	0.946237161366	76.82309	5	-0.045	0.656	0	
0	877.365	911.174	1661.1161476	0.962055219186	72.59456	5	-1.015	0.976	0	
0	261.997	920.368	3837.07245492	0.964717151896	75.59558	5	-1.087	1.635	0	
0	269.066	925.629	4138.09064817	0.979039017448	75.40736	5	0.140	0.966	0	
0	1041.304	928.183	2953.92864296	0.963829023624	71.96382	5	1.099	1.473	0	
0	1232.498	943.669	2236.66014947	0.962055219186	92.46808	5	1.093	1.181	0	
0	1255.064	951.209	2383.41682067	0.97185170294	79.59091	5	0.643	0.936	0	
0	1205.782	957.588	1851.82524364	0.97185170294	79.42603	5	-0.123	0.757	0	
0	1249.993	958.334	1935.53041398	0.977237220956	83.99413	5	0.211	0.567	0	
0	1083.725	964.543	2997.78167158	0.976337566583	71.446	5	-0.471	0.925	0	
0	1057.265	969.744	626.325364758	0.937562006926	75.50049	5	-1.166	0.700	0	
0	1069.714	976.952	1457.47126126	0.954113410282	74.17546	5	-1.134	1.063	0	
0	371.235	61.772	1036.57325677	0.941889596523	76.24632	6	-1.385	0.922	0	
0	1178.307	195.118	2072.04889776	0.967386449969	75.70673	6	-0.874	0.970	0	
0	804.582	201.689	1191.24200803	0.958517397686	76.32297	6	0.140	0.768	0	
0	963.056	296.918	1178.148406	0.954113410282	80.82066	6	-1.181	0.853	0	
0	120.163	437.218	1928.41277564	0.978137704323	78.61179	6	-0.136	0.446	0	
0	155.818	448.094	2726.46545853	0.966495864314	79.84919	6	0.693	1.255	0	
0	688.619	677.701	1715.53664773	0.949729657362	76.00424	6	0.809	1.369	0	
0	1229.065	898.176	480.39668293	0.91033239968	76.69278	6	-1.280	0.475	0	
0	938.362	904.914	2124.22247739	0.973643569799	72.79695	6	-0.533	0.767	0	
0	569.913	973.008	639.145889186	0.926403100736	72.55866	6	-1.811	0.865	0	
0	829.495	997.124	3341.95040026	0.98174794302	73.82484	6	-0.147	0.741	0	
0	670.734	372.208	1841.61990352	0.970063133784	80.07639	7	0.291	0.797	0	
0	385.642	72.986	556.672798151	0.805378441199	76.82051	8	-1.346	0.880	0	
0	383.044	74.042	1570.36280433	0.917909786057	75.53293	8	-0.642	0.976	0	
0	83.996	326.590	4073.80277804	0.965606098542	80.66032	8	0.151	1.099	0	
0	83.054	329.806	3926.449354	0.927256742581	80.81833	8	1.600	2.378	0	
0	343.629	599.456	1429.55214004	0.798730006111	79.79568	8	-0.666	0.803	0	
0	342.941	601.228	1131.35786412	0.755092227665	79.91853	8	-0.910	0.871	0	
0	340.996	602.890	787.771019586	0.796526079784	79.76141	8	-1.164	0.829	0	
0	1021.192	641.674	10120.454111	0.974540741766	74.83067	8	-0.644	2.214	0	
